               ramulator.active_cycles_0             5318498                                      # Total active cycles for level _0
                 ramulator.busy_cycles_0             5318498                                      # (All-bank refresh only. busy cycles only include refresh time in rank level) The sum of cycles that the DRAM part is active or under refresh for level _0
            ramulator.serving_requests_0            10155252                                      # The sum of read and write requests that are served in this DRAM element per memory cycle for level _0
    ramulator.average_serving_requests_0            1.116385                                      # The average of read and write requests that are served in this DRAM element per memory cycle for level _0
             ramulator.active_cycles_0_0             5318498                                      # Total active cycles for level _0_0
               ramulator.busy_cycles_0_0             5533118                                      # (All-bank refresh only. busy cycles only include refresh time in rank level) The sum of cycles that the DRAM part is active or under refresh for level _0_0
          ramulator.serving_requests_0_0            10155252                                      # The sum of read and write requests that are served in this DRAM element per memory cycle for level _0_0
  ramulator.average_serving_requests_0_0            1.116385                                      # The average of read and write requests that are served in this DRAM element per memory cycle for level _0_0
           ramulator.active_cycles_0_0_0             1156724                                      # Total active cycles for level _0_0_0
             ramulator.busy_cycles_0_0_0             1156724                                      # (All-bank refresh only. busy cycles only include refresh time in rank level) The sum of cycles that the DRAM part is active or under refresh for level _0_0_0
        ramulator.serving_requests_0_0_0             1590740                                      # The sum of read and write requests that are served in this DRAM element per memory cycle for level _0_0_0
ramulator.average_serving_requests_0_0_0            0.174873                                      # The average of read and write requests that are served in this DRAM element per memory cycle for level _0_0_0
         ramulator.active_cycles_0_0_0_0              432596                                      # Total active cycles for level _0_0_0_0
           ramulator.busy_cycles_0_0_0_0              432596                                      # (All-bank refresh only. busy cycles only include refresh time in rank level) The sum of cycles that the DRAM part is active or under refresh for level _0_0_0_0
      ramulator.serving_requests_0_0_0_0              504376                                      # The sum of read and write requests that are served in this DRAM element per memory cycle for level _0_0_0_0
ramulator.average_serving_requests_0_0_0_0            0.055447                                      # The average of read and write requests that are served in this DRAM element per memory cycle for level _0_0_0_0
         ramulator.active_cycles_0_0_0_1              288058                                      # Total active cycles for level _0_0_0_1
           ramulator.busy_cycles_0_0_0_1              288058                                      # (All-bank refresh only. busy cycles only include refresh time in rank level) The sum of cycles that the DRAM part is active or under refresh for level _0_0_0_1
      ramulator.serving_requests_0_0_0_1              368811                                      # The sum of read and write requests that are served in this DRAM element per memory cycle for level _0_0_0_1
ramulator.average_serving_requests_0_0_0_1            0.040544                                      # The average of read and write requests that are served in this DRAM element per memory cycle for level _0_0_0_1
         ramulator.active_cycles_0_0_0_2              308961                                      # Total active cycles for level _0_0_0_2
           ramulator.busy_cycles_0_0_0_2              308961                                      # (All-bank refresh only. busy cycles only include refresh time in rank level) The sum of cycles that the DRAM part is active or under refresh for level _0_0_0_2
      ramulator.serving_requests_0_0_0_2              384974                                      # The sum of read and write requests that are served in this DRAM element per memory cycle for level _0_0_0_2
ramulator.average_serving_requests_0_0_0_2            0.042321                                      # The average of read and write requests that are served in this DRAM element per memory cycle for level _0_0_0_2
         ramulator.active_cycles_0_0_0_3              257596                                      # Total active cycles for level _0_0_0_3
           ramulator.busy_cycles_0_0_0_3              257596                                      # (All-bank refresh only. busy cycles only include refresh time in rank level) The sum of cycles that the DRAM part is active or under refresh for level _0_0_0_3
      ramulator.serving_requests_0_0_0_3              332579                                      # The sum of read and write requests that are served in this DRAM element per memory cycle for level _0_0_0_3
ramulator.average_serving_requests_0_0_0_3            0.036561                                      # The average of read and write requests that are served in this DRAM element per memory cycle for level _0_0_0_3
           ramulator.active_cycles_0_0_1             3105996                                      # Total active cycles for level _0_0_1
             ramulator.busy_cycles_0_0_1             3105996                                      # (All-bank refresh only. busy cycles only include refresh time in rank level) The sum of cycles that the DRAM part is active or under refresh for level _0_0_1
        ramulator.serving_requests_0_0_1             3704016                                      # The sum of read and write requests that are served in this DRAM element per memory cycle for level _0_0_1
ramulator.average_serving_requests_0_0_1            0.407189                                      # The average of read and write requests that are served in this DRAM element per memory cycle for level _0_0_1
         ramulator.active_cycles_0_0_1_0              849371                                      # Total active cycles for level _0_0_1_0
           ramulator.busy_cycles_0_0_1_0              849371                                      # (All-bank refresh only. busy cycles only include refresh time in rank level) The sum of cycles that the DRAM part is active or under refresh for level _0_0_1_0
      ramulator.serving_requests_0_0_1_0              925120                                      # The sum of read and write requests that are served in this DRAM element per memory cycle for level _0_0_1_0
ramulator.average_serving_requests_0_0_1_0            0.101700                                      # The average of read and write requests that are served in this DRAM element per memory cycle for level _0_0_1_0
         ramulator.active_cycles_0_0_1_1              502486                                      # Total active cycles for level _0_0_1_1
           ramulator.busy_cycles_0_0_1_1              502486                                      # (All-bank refresh only. busy cycles only include refresh time in rank level) The sum of cycles that the DRAM part is active or under refresh for level _0_0_1_1
      ramulator.serving_requests_0_0_1_1              577387                                      # The sum of read and write requests that are served in this DRAM element per memory cycle for level _0_0_1_1
ramulator.average_serving_requests_0_0_1_1            0.063473                                      # The average of read and write requests that are served in this DRAM element per memory cycle for level _0_0_1_1
         ramulator.active_cycles_0_0_1_2              736684                                      # Total active cycles for level _0_0_1_2
           ramulator.busy_cycles_0_0_1_2              736684                                      # (All-bank refresh only. busy cycles only include refresh time in rank level) The sum of cycles that the DRAM part is active or under refresh for level _0_0_1_2
      ramulator.serving_requests_0_0_1_2              815897                                      # The sum of read and write requests that are served in this DRAM element per memory cycle for level _0_0_1_2
ramulator.average_serving_requests_0_0_1_2            0.089693                                      # The average of read and write requests that are served in this DRAM element per memory cycle for level _0_0_1_2
         ramulator.active_cycles_0_0_1_3             1288985                                      # Total active cycles for level _0_0_1_3
           ramulator.busy_cycles_0_0_1_3             1288985                                      # (All-bank refresh only. busy cycles only include refresh time in rank level) The sum of cycles that the DRAM part is active or under refresh for level _0_0_1_3
      ramulator.serving_requests_0_0_1_3             1385612                                      # The sum of read and write requests that are served in this DRAM element per memory cycle for level _0_0_1_3
ramulator.average_serving_requests_0_0_1_3            0.152323                                      # The average of read and write requests that are served in this DRAM element per memory cycle for level _0_0_1_3
           ramulator.active_cycles_0_0_2             2279425                                      # Total active cycles for level _0_0_2
             ramulator.busy_cycles_0_0_2             2279425                                      # (All-bank refresh only. busy cycles only include refresh time in rank level) The sum of cycles that the DRAM part is active or under refresh for level _0_0_2
        ramulator.serving_requests_0_0_2             2839346                                      # The sum of read and write requests that are served in this DRAM element per memory cycle for level _0_0_2
ramulator.average_serving_requests_0_0_2            0.312134                                      # The average of read and write requests that are served in this DRAM element per memory cycle for level _0_0_2
         ramulator.active_cycles_0_0_2_0              451147                                      # Total active cycles for level _0_0_2_0
           ramulator.busy_cycles_0_0_2_0              451147                                      # (All-bank refresh only. busy cycles only include refresh time in rank level) The sum of cycles that the DRAM part is active or under refresh for level _0_0_2_0
      ramulator.serving_requests_0_0_2_0              524168                                      # The sum of read and write requests that are served in this DRAM element per memory cycle for level _0_0_2_0
ramulator.average_serving_requests_0_0_2_0            0.057623                                      # The average of read and write requests that are served in this DRAM element per memory cycle for level _0_0_2_0
         ramulator.active_cycles_0_0_2_1              589019                                      # Total active cycles for level _0_0_2_1
           ramulator.busy_cycles_0_0_2_1              589019                                      # (All-bank refresh only. busy cycles only include refresh time in rank level) The sum of cycles that the DRAM part is active or under refresh for level _0_0_2_1
      ramulator.serving_requests_0_0_2_1              677827                                      # The sum of read and write requests that are served in this DRAM element per memory cycle for level _0_0_2_1
ramulator.average_serving_requests_0_0_2_1            0.074515                                      # The average of read and write requests that are served in this DRAM element per memory cycle for level _0_0_2_1
         ramulator.active_cycles_0_0_2_2              861300                                      # Total active cycles for level _0_0_2_2
           ramulator.busy_cycles_0_0_2_2              861300                                      # (All-bank refresh only. busy cycles only include refresh time in rank level) The sum of cycles that the DRAM part is active or under refresh for level _0_0_2_2
      ramulator.serving_requests_0_0_2_2              937849                                      # The sum of read and write requests that are served in this DRAM element per memory cycle for level _0_0_2_2
ramulator.average_serving_requests_0_0_2_2            0.103099                                      # The average of read and write requests that are served in this DRAM element per memory cycle for level _0_0_2_2
         ramulator.active_cycles_0_0_2_3              619165                                      # Total active cycles for level _0_0_2_3
           ramulator.busy_cycles_0_0_2_3              619165                                      # (All-bank refresh only. busy cycles only include refresh time in rank level) The sum of cycles that the DRAM part is active or under refresh for level _0_0_2_3
      ramulator.serving_requests_0_0_2_3              699502                                      # The sum of read and write requests that are served in this DRAM element per memory cycle for level _0_0_2_3
ramulator.average_serving_requests_0_0_2_3            0.076898                                      # The average of read and write requests that are served in this DRAM element per memory cycle for level _0_0_2_3
           ramulator.active_cycles_0_0_3             1581167                                      # Total active cycles for level _0_0_3
             ramulator.busy_cycles_0_0_3             1581167                                      # (All-bank refresh only. busy cycles only include refresh time in rank level) The sum of cycles that the DRAM part is active or under refresh for level _0_0_3
        ramulator.serving_requests_0_0_3             2020426                                      # The sum of read and write requests that are served in this DRAM element per memory cycle for level _0_0_3
ramulator.average_serving_requests_0_0_3            0.222109                                      # The average of read and write requests that are served in this DRAM element per memory cycle for level _0_0_3
         ramulator.active_cycles_0_0_3_0              807592                                      # Total active cycles for level _0_0_3_0
           ramulator.busy_cycles_0_0_3_0              807592                                      # (All-bank refresh only. busy cycles only include refresh time in rank level) The sum of cycles that the DRAM part is active or under refresh for level _0_0_3_0
      ramulator.serving_requests_0_0_3_0              897067                                      # The sum of read and write requests that are served in this DRAM element per memory cycle for level _0_0_3_0
ramulator.average_serving_requests_0_0_3_0            0.098616                                      # The average of read and write requests that are served in this DRAM element per memory cycle for level _0_0_3_0
         ramulator.active_cycles_0_0_3_1              262360                                      # Total active cycles for level _0_0_3_1
           ramulator.busy_cycles_0_0_3_1              262360                                      # (All-bank refresh only. busy cycles only include refresh time in rank level) The sum of cycles that the DRAM part is active or under refresh for level _0_0_3_1
      ramulator.serving_requests_0_0_3_1              330439                                      # The sum of read and write requests that are served in this DRAM element per memory cycle for level _0_0_3_1
ramulator.average_serving_requests_0_0_3_1            0.036326                                      # The average of read and write requests that are served in this DRAM element per memory cycle for level _0_0_3_1
         ramulator.active_cycles_0_0_3_2              426517                                      # Total active cycles for level _0_0_3_2
           ramulator.busy_cycles_0_0_3_2              426517                                      # (All-bank refresh only. busy cycles only include refresh time in rank level) The sum of cycles that the DRAM part is active or under refresh for level _0_0_3_2
      ramulator.serving_requests_0_0_3_2              497568                                      # The sum of read and write requests that are served in this DRAM element per memory cycle for level _0_0_3_2
ramulator.average_serving_requests_0_0_3_2            0.054699                                      # The average of read and write requests that are served in this DRAM element per memory cycle for level _0_0_3_2
         ramulator.active_cycles_0_0_3_3              222739                                      # Total active cycles for level _0_0_3_3
           ramulator.busy_cycles_0_0_3_3              222739                                      # (All-bank refresh only. busy cycles only include refresh time in rank level) The sum of cycles that the DRAM part is active or under refresh for level _0_0_3_3
      ramulator.serving_requests_0_0_3_3              289612                                      # The sum of read and write requests that are served in this DRAM element per memory cycle for level _0_0_3_3
ramulator.average_serving_requests_0_0_3_3            0.031838                                      # The average of read and write requests that are served in this DRAM element per memory cycle for level _0_0_3_3
      ramulator.read_transaction_bytes_0            10644352                                      # The total byte of read transaction per channel
     ramulator.write_transaction_bytes_0              194496                                      # The total byte of write transaction per channel
       ramulator.row_hits_channel_0_core              129794                                      # Number of row hits per channel per core
     ramulator.row_misses_channel_0_core                6774                                      # Number of row misses per channel per core
  ramulator.row_conflicts_channel_0_core               32789                                      # Number of row conflicts per channel per core
  ramulator.read_row_hits_channel_0_core              129375                                      # Number of row hits for read requests per channel per core
                                     [0]            129375.0                                      # 
ramulator.read_row_misses_channel_0_core                6441                                      # Number of row misses for read requests per channel per core
                                     [0]              6441.0                                      # 
ramulator.read_row_conflicts_channel_0_core               30502                                      # Number of row conflicts for read requests per channel per core
                                     [0]             30502.0                                      # 
 ramulator.write_row_hits_channel_0_core                 419                                      # Number of row hits for write requests per channel per core
                                     [0]               419.0                                      # 
ramulator.write_row_misses_channel_0_core                 333                                      # Number of row misses for write requests per channel per core
                                     [0]               333.0                                      # 
ramulator.write_row_conflicts_channel_0_core                2287                                      # Number of row conflicts for write requests per channel per core
                                     [0]              2287.0                                      # 
      ramulator.useless_activates_0_core                   3                                      # Number of useless activations. E.g, ACT -> PRE w/o RD or WR
            ramulator.read_latency_avg_0           48.652435                                      # The average memory latency cycles (in memory time domain) per request for all read requests in this channel
            ramulator.read_latency_sum_0             8092700                                      # The memory latency cycles (in memory time domain) sum for all read requests in this channel
        ramulator.req_queue_length_avg_0           13.130640                                      # Average of read and write queue length per memory cycle per channel.
        ramulator.req_queue_length_sum_0           119443481                                      # Sum of read and write queue length per memory cycle per channel.
   ramulator.read_req_queue_length_avg_0            0.823099                                      # Read queue length average per memory cycle per channel.
   ramulator.read_req_queue_length_sum_0             7487361                                      # Read queue length sum per memory cycle per channel.
  ramulator.write_req_queue_length_avg_0           12.307540                                      # Write queue length average per memory cycle per channel.
  ramulator.write_req_queue_length_sum_0           111956120                                      # Write queue length sum per memory cycle per channel.
              ramulator.record_read_hits                 0.0                                      # record read hit count for this core when it reaches request limit or to the end
                                     [0]                 0.0                                      # 
            ramulator.record_read_misses                 0.0                                      # record_read_miss count for this core when it reaches request limit or to the end
                                     [0]                 0.0                                      # 
         ramulator.record_read_conflicts                 0.0                                      # record read conflict count for this core when it reaches request limit or to the end
                                     [0]                 0.0                                      # 
             ramulator.record_write_hits                 0.0                                      # record write hit count for this core when it reaches request limit or to the end
                                     [0]                 0.0                                      # 
           ramulator.record_write_misses                 0.0                                      # record write miss count for this core when it reaches request limit or to the end
                                     [0]                 0.0                                      # 
        ramulator.record_write_conflicts                 0.0                                      # record write conflict for this core when it reaches request limit or to the end
                                     [0]                 0.0                                      # 
                 ramulator.dram_capacity          8589934592                                      # Number of bytes in simulated DRAM
                   ramulator.dram_cycles             9096547                                      # Number of DRAM cycles simulated
             ramulator.incoming_requests              169389                                      # Number of incoming requests to DRAM
                 ramulator.read_requests              166337                                      # Number of incoming read requests to DRAM per core
                                     [0]            166337.0                                      # 
                ramulator.write_requests                3052                                      # Number of incoming write requests to DRAM per core
                                     [0]              3052.0                                      # 
       ramulator.ramulator_active_cycles             5383843                                      # The total number of cycles that the DRAM part is active (serving R/W)
 ramulator.incoming_requests_per_channel            169389.0                                      # Number of incoming requests to each DRAM channel
                                     [0]            169389.0                                      # 
ramulator.incoming_read_reqs_per_channel            166337.0                                      # Number of incoming read requests to each DRAM channel
                                     [0]            166337.0                                      # 
     ramulator.physical_page_replacement                   0                                      # The number of times that physical page replacement happens.
             ramulator.maximum_bandwidth         19200000000                                      # The theoretical maximum bandwidth (Bps)
          ramulator.in_queue_req_num_sum           119443481                                      # Sum of read/write queue length
     ramulator.in_queue_read_req_num_sum             7487361                                      # Sum of read queue length
    ramulator.in_queue_write_req_num_sum           111956120                                      # Sum of write queue length
          ramulator.in_queue_req_num_avg           13.130640                                      # Average of read/write queue length per memory cycle
     ramulator.in_queue_read_req_num_avg            0.823099                                      # Average of read queue length per memory cycle
    ramulator.in_queue_write_req_num_avg           12.307540                                      # Average of write queue length per memory cycle
          ramulator.record_read_requests                 0.0                                      # record read requests for this core when it reaches request limit or to the end
                                     [0]                 0.0                                      # 
         ramulator.record_write_requests                 0.0                                      # record write requests for this core when it reaches request limit or to the end
                                     [0]                 0.0                                      # 
