Scarab gitrev: 3541854
Scarab started at Mon Oct 28 23:40:20 2024

Initialized Ramulator. 
** Heartbeat:   5% -- { 1000004 } -- 0.00 KIPS (40.00 KIPS)
** Heartbeat:  10% -- { 2000007 } -- 41.67 KIPS (40.82 KIPS)
** Heartbeat:  15% -- { 3000010 } -- 55.56 KIPS (44.78 KIPS)
** Heartbeat:  20% -- { 4000011 } -- 71.43 KIPS (49.38 KIPS)
** Heartbeat:  25% -- { 5000011 } -- 38.46 KIPS (46.73 KIPS)
** Heartbeat:  30% -- { 6000011 } -- 38.46 KIPS (45.11 KIPS)
** Heartbeat:  35% -- { 7000011 } -- 45.45 KIPS (45.16 KIPS)
** Heartbeat:  40% -- { 8000014 } -- 52.63 KIPS (45.98 KIPS)
** Heartbeat:  45% -- { 9000015 } -- 62.50 KIPS (47.37 KIPS)
** Heartbeat:  50% -- { 10000015 } -- 45.45 KIPS (47.17 KIPS)
** Heartbeat:  55% -- { 11000020 } -- 33.33 KIPS (45.45 KIPS)
** Heartbeat:  60% -- { 12000020 } -- 38.46 KIPS (44.78 KIPS)
** Heartbeat:  65% -- { 13000022 } -- 50.00 KIPS (45.14 KIPS)
** Heartbeat:  70% -- { 14000024 } -- 66.67 KIPS (46.20 KIPS)
** Heartbeat:  75% -- { 15000029 } -- 50.00 KIPS (46.44 KIPS)
** Heartbeat:  80% -- { 16000031 } -- 31.25 KIPS (45.07 KIPS)
** Heartbeat:  85% -- { 17000031 } -- 50.00 KIPS (45.33 KIPS)
** Heartbeat:  90% -- { 18000032 } -- 50.00 KIPS (45.57 KIPS)
** Heartbeat:  95% -- { 19000032 } -- 71.43 KIPS (46.45 KIPS)
** Core 0 Finished:    insts:20000000    cycles:14750233    time:4609447812500       -- 1.36 IPC (1.36 IPC) --  N/A  KIPS (46.73 KIPS)
Scarab finished at Mon Oct 28 23:47:28 2024

