Scarab gitrev: 3541854
Scarab started at Sun Oct 13 21:50:33 2024

Initialized Ramulator. 
** Heartbeat:   5% -- { 1000000 } -- 0.00 KIPS (23.81 KIPS)
** Heartbeat:  10% -- { 2000000 } -- 25.00 KIPS (24.39 KIPS)
** Heartbeat:  15% -- { 3000000 } -- 23.81 KIPS (24.19 KIPS)
** Heartbeat:  20% -- { 4000000 } -- 24.39 KIPS (24.24 KIPS)
** Heartbeat:  25% -- { 5000000 } -- 22.22 KIPS (23.81 KIPS)
** Heartbeat:  30% -- { 6000000 } -- 23.26 KIPS (23.72 KIPS)
** Heartbeat:  35% -- { 7000000 } -- 23.81 KIPS (23.73 KIPS)
** Heartbeat:  40% -- { 8000000 } -- 23.26 KIPS (23.67 KIPS)
** Heartbeat:  45% -- { 9000000 } -- 22.73 KIPS (23.56 KIPS)
** Heartbeat:  50% -- { 10000000 } -- 23.81 KIPS (23.58 KIPS)
** Heartbeat:  55% -- { 11000000 } -- 22.73 KIPS (23.50 KIPS)
** Heartbeat:  60% -- { 12000000 } -- 22.73 KIPS (23.44 KIPS)
** Heartbeat:  65% -- { 13000000 } -- 22.73 KIPS (23.38 KIPS)
** Heartbeat:  70% -- { 14000000 } -- 20.00 KIPS (23.10 KIPS)
** Heartbeat:  75% -- { 15000000 } -- 20.00 KIPS (22.87 KIPS)
** Heartbeat:  80% -- { 16000000 } -- 23.81 KIPS (22.92 KIPS)
** Heartbeat:  85% -- { 17000000 } -- 23.26 KIPS (22.94 KIPS)
** Heartbeat:  90% -- { 18000000 } -- 25.00 KIPS (23.05 KIPS)
** Heartbeat:  95% -- { 19000000 } -- 25.64 KIPS (23.17 KIPS)
** Heartbeat: 100% -- { 20000000 } -- 21.28 KIPS (23.07 KIPS)
** Core 0 Finished:    insts:20000000    cycles:20337265    time:6355395312500       -- 0.98 IPC (0.98 IPC) --  N/A  KIPS (23.07 KIPS)
Scarab finished at Sun Oct 13 22:05:00 2024

