Scarab gitrev: 3541854
Scarab started at Thu Oct 24 17:56:37 2024

Initialized Ramulator. 
** Heartbeat:   5% -- { 1000000 } -- 0.00 KIPS (34.48 KIPS)
** Heartbeat:  10% -- { 2000000 } -- 34.48 KIPS (34.48 KIPS)
** Heartbeat:  15% -- { 3000003 } -- 34.48 KIPS (34.48 KIPS)
** Heartbeat:  20% -- { 4000004 } -- 35.71 KIPS (34.78 KIPS)
** Heartbeat:  25% -- { 5000008 } -- 41.67 KIPS (35.97 KIPS)
** Heartbeat:  30% -- { 6000008 } -- 33.33 KIPS (35.50 KIPS)
** Heartbeat:  35% -- { 7000011 } -- 35.71 KIPS (35.53 KIPS)
** Heartbeat:  40% -- { 8000013 } -- 50.00 KIPS (36.87 KIPS)
** Heartbeat:  45% -- { 9000017 } -- 37.04 KIPS (36.89 KIPS)
** Heartbeat:  50% -- { 10000018 } -- 43.48 KIPS (37.45 KIPS)
** Heartbeat:  55% -- { 11000018 } -- 30.30 KIPS (36.67 KIPS)
** Heartbeat:  60% -- { 12000018 } -- 50.00 KIPS (37.50 KIPS)
** Heartbeat:  65% -- { 13000018 } -- 40.00 KIPS (37.68 KIPS)
** Heartbeat:  70% -- { 14000019 } -- 37.04 KIPS (37.63 KIPS)
** Heartbeat:  75% -- { 15000023 } -- 43.48 KIPS (37.97 KIPS)
** Heartbeat:  80% -- { 16000026 } -- 35.71 KIPS (37.83 KIPS)
** Heartbeat:  85% -- { 17000026 } -- 47.62 KIPS (38.29 KIPS)
** Heartbeat:  90% -- { 18000026 } -- 38.46 KIPS (38.30 KIPS)
** Heartbeat:  95% -- { 19000026 } -- 35.71 KIPS (38.15 KIPS)
** Core 0 Finished:    insts:20000000    cycles:12164707    time:3801470937500       -- 1.64 IPC (1.64 IPC) --  N/A  KIPS (37.88 KIPS)
Scarab finished at Thu Oct 24 18:05:25 2024

