Scarab gitrev: 3541854
Scarab started at Mon Oct 28 23:49:21 2024

Initialized Ramulator. 
** Heartbeat:   5% -- { 1000000 } -- 0.00 KIPS (25.00 KIPS)
** Heartbeat:  10% -- { 2000001 } -- 28.57 KIPS (26.67 KIPS)
** Heartbeat:  15% -- { 3000006 } -- 30.30 KIPS (27.78 KIPS)
** Heartbeat:  20% -- { 4000010 } -- 29.41 KIPS (28.17 KIPS)
** Heartbeat:  25% -- { 5000013 } -- 29.41 KIPS (28.41 KIPS)
** Heartbeat:  30% -- { 6000013 } -- 25.64 KIPS (27.91 KIPS)
** Heartbeat:  35% -- { 7000017 } -- 27.78 KIPS (27.89 KIPS)
** Heartbeat:  40% -- { 8000021 } -- 28.57 KIPS (27.97 KIPS)
** Heartbeat:  45% -- { 9000024 } -- 28.57 KIPS (28.04 KIPS)
** Heartbeat:  50% -- { 10000025 } -- 29.41 KIPS (28.17 KIPS)
** Heartbeat:  55% -- { 11000027 } -- 30.30 KIPS (28.35 KIPS)
** Heartbeat:  60% -- { 12000027 } -- 28.57 KIPS (28.37 KIPS)
** Heartbeat:  65% -- { 13000028 } -- 30.30 KIPS (28.51 KIPS)
** Heartbeat:  70% -- { 14000030 } -- 25.64 KIPS (28.28 KIPS)
** Heartbeat:  75% -- { 15000030 } -- 27.03 KIPS (28.20 KIPS)
** Heartbeat:  80% -- { 16000032 } -- 25.64 KIPS (28.02 KIPS)
** Heartbeat:  85% -- { 17000034 } -- 27.78 KIPS (28.01 KIPS)
** Heartbeat:  90% -- { 18000039 } -- 28.57 KIPS (28.04 KIPS)
** Heartbeat:  95% -- { 19000042 } -- 27.03 KIPS (27.98 KIPS)
Warning could not fetch inst from frontend
Warning could not fetch inst from frontend
Warning could not fetch inst from frontend
Warning could not fetch inst from frontend
Warning could not fetch inst from frontend
Warning could not fetch inst from frontend
Warning could not fetch inst from frontend
Warning could not fetch inst from frontend
Warning could not fetch inst from frontend
Warning could not fetch inst from frontend
Warning could not fetch inst from frontend
Warning could not fetch inst from frontend
Warning could not fetch inst from frontend
Warning could not fetch inst from frontend
Warning could not fetch inst from frontend
** Core 0 Finished:    insts:20000000    cycles:8675437     time:2711074062500       -- 2.31 IPC (2.31 IPC) --  N/A  KIPS (27.97 KIPS)
Scarab finished at Tue Oct 29 00:01:17 2024

