Scarab gitrev: 3541854
Scarab started at Wed Oct 23 01:27:05 2024

Initialized Ramulator. 
** Heartbeat:   5% -- { 1000000 } -- 0.00 KIPS (19.61 KIPS)
** Heartbeat:  10% -- { 2000000 } -- 23.26 KIPS (21.28 KIPS)
** Heartbeat:  15% -- { 3000000 } -- 17.86 KIPS (20.00 KIPS)
** Heartbeat:  20% -- { 4000000 } -- 21.28 KIPS (20.30 KIPS)
** Heartbeat:  25% -- { 5000000 } -- 21.28 KIPS (20.49 KIPS)
** Heartbeat:  30% -- { 6000000 } -- 21.28 KIPS (20.62 KIPS)
** Heartbeat:  35% -- { 7000000 } -- 18.52 KIPS (20.29 KIPS)
** Heartbeat:  40% -- { 8000000 } -- 21.28 KIPS (20.41 KIPS)
** Heartbeat:  45% -- { 9000000 } -- 21.74 KIPS (20.55 KIPS)
** Heartbeat:  50% -- { 10000000 } -- 23.26 KIPS (20.79 KIPS)
** Heartbeat:  55% -- { 11000000 } -- 24.39 KIPS (21.07 KIPS)
** Heartbeat:  60% -- { 12000000 } -- 21.28 KIPS (21.09 KIPS)
** Heartbeat:  65% -- { 13000000 } -- 19.23 KIPS (20.93 KIPS)
** Heartbeat:  70% -- { 14000000 } -- 15.38 KIPS (20.41 KIPS)
** Heartbeat:  75% -- { 15000000 } -- 21.74 KIPS (20.49 KIPS)
** Heartbeat:  80% -- { 16000000 } -- 23.81 KIPS (20.67 KIPS)
** Heartbeat:  85% -- { 17000000 } -- 24.39 KIPS (20.86 KIPS)
** Heartbeat:  90% -- { 18000000 } -- 21.74 KIPS (20.91 KIPS)
** Heartbeat:  95% -- { 19000000 } -- 0.52 KIPS (6.80 KIPS)
** Heartbeat: 100% -- { 20000000 } -- 15.87 KIPS (7.00 KIPS)
** Core 0 Finished:    insts:20000000    cycles:20338041    time:6355637812500       -- 0.98 IPC (0.98 IPC) --  N/A  KIPS (7.00 KIPS)
Scarab finished at Wed Oct 23 02:14:41 2024

