Scarab gitrev: 3541854
Scarab started at Tue Oct 29 21:54:01 2024

Initialized Ramulator. 
** Heartbeat:   5% -- { 1000001 } -- 0.00 KIPS (52.63 KIPS)
** Heartbeat:  10% -- { 2000004 } -- 34.48 KIPS (41.67 KIPS)
** Heartbeat:  15% -- { 3000008 } -- 30.30 KIPS (37.04 KIPS)
** Heartbeat:  20% -- { 4000011 } -- 38.46 KIPS (37.38 KIPS)
** Heartbeat:  25% -- { 5000011 } -- 24.39 KIPS (33.78 KIPS)
** Heartbeat:  30% -- { 6000015 } -- 32.26 KIPS (33.52 KIPS)
** Heartbeat:  35% -- { 7000016 } -- 41.67 KIPS (34.48 KIPS)
** Heartbeat:  40% -- { 8000016 } -- 43.48 KIPS (35.40 KIPS)
** Heartbeat:  45% -- { 9000016 } -- 41.67 KIPS (36.00 KIPS)
** Heartbeat:  50% -- { 10000017 } -- 0.14 KIPS (1.35 KIPS)
** Heartbeat:  55% -- { 11000021 } -- 27.78 KIPS (1.48 KIPS)
** Heartbeat:  60% -- { 12000022 } -- 45.45 KIPS (1.61 KIPS)
** Heartbeat:  65% -- { 13000025 } -- 32.26 KIPS (1.73 KIPS)
** Heartbeat:  70% -- { 14000029 } -- 50.00 KIPS (1.86 KIPS)
** Heartbeat:  75% -- { 15000032 } -- 52.63 KIPS (1.99 KIPS)
** Heartbeat:  80% -- { 16000037 } -- 50.00 KIPS (2.12 KIPS)
** Heartbeat:  85% -- { 17000042 } -- 47.62 KIPS (2.24 KIPS)
** Heartbeat:  90% -- { 18000044 } -- 50.00 KIPS (2.37 KIPS)
** Heartbeat:  95% -- { 19000047 } -- 50.00 KIPS (2.49 KIPS)
Warning could not fetch inst from frontend
Warning could not fetch inst from frontend
Warning could not fetch inst from frontend
Warning could not fetch inst from frontend
Warning could not fetch inst from frontend
Warning could not fetch inst from frontend
Warning could not fetch inst from frontend
Warning could not fetch inst from frontend
Warning could not fetch inst from frontend
Warning could not fetch inst from frontend
Warning could not fetch inst from frontend
Warning could not fetch inst from frontend
Warning could not fetch inst from frontend
Warning could not fetch inst from frontend
Warning could not fetch inst from frontend
Warning could not fetch inst from frontend
Warning could not fetch inst from frontend
Warning could not fetch inst from frontend
Warning could not fetch inst from frontend
Warning could not fetch inst from frontend
Warning could not fetch inst from frontend
Warning could not fetch inst from frontend
Warning could not fetch inst from frontend
Warning could not fetch inst from frontend
Warning could not fetch inst from frontend
Warning could not fetch inst from frontend
Warning could not fetch inst from frontend
Warning could not fetch inst from frontend
Warning could not fetch inst from frontend
Warning could not fetch inst from frontend
Warning could not fetch inst from frontend
Warning could not fetch inst from frontend
Warning could not fetch inst from frontend
Warning could not fetch inst from frontend
Warning could not fetch inst from frontend
Warning could not fetch inst from frontend
Warning could not fetch inst from frontend
Warning could not fetch inst from frontend
Warning could not fetch inst from frontend
Warning could not fetch inst from frontend
Warning could not fetch inst from frontend
Warning could not fetch inst from frontend
Warning could not fetch inst from frontend
Warning could not fetch inst from frontend
Warning could not fetch inst from frontend
Warning could not fetch inst from frontend
Warning could not fetch inst from frontend
Warning could not fetch inst from frontend
Warning could not fetch inst from frontend
Warning could not fetch inst from frontend
Warning could not fetch inst from frontend
Warning could not fetch inst from frontend
Warning could not fetch inst from frontend
Warning could not fetch inst from frontend
Warning could not fetch inst from frontend
Warning could not fetch inst from frontend
Warning could not fetch inst from frontend
Warning could not fetch inst from frontend
Warning could not fetch inst from frontend
Warning could not fetch inst from frontend
Warning could not fetch inst from frontend
Warning could not fetch inst from frontend
Warning could not fetch inst from frontend
Warning could not fetch inst from frontend
Warning could not fetch inst from frontend
Warning could not fetch inst from frontend
Warning could not fetch inst from frontend
Warning could not fetch inst from frontend
Warning could not fetch inst from frontend
Warning could not fetch inst from frontend
Warning could not fetch inst from frontend
Warning could not fetch inst from frontend
Warning could not fetch inst from frontend
Warning could not fetch inst from frontend
Warning could not fetch inst from frontend
Warning could not fetch inst from frontend
Warning could not fetch inst from frontend
Warning could not fetch inst from frontend
Warning could not fetch inst from frontend
Warning could not fetch inst from frontend
Warning could not fetch inst from frontend
** Core 0 Finished:    insts:20000000    cycles:16773685    time:5241776562500       -- 1.19 IPC (1.19 IPC) --  N/A  KIPS (2.62 KIPS)
Scarab finished at Wed Oct 30 00:01:28 2024

