Scarab gitrev: 3541854
Scarab started at Mon Oct 28 22:57:22 2024

Initialized Ramulator. 
** Heartbeat:   5% -- { 1000005 } -- 0.00 KIPS (23.81 KIPS)
** Heartbeat:  10% -- { 2000008 } -- 28.57 KIPS (25.97 KIPS)
** Heartbeat:  15% -- { 3000009 } -- 29.41 KIPS (27.03 KIPS)
** Heartbeat:  20% -- { 4000013 } -- 27.78 KIPS (27.21 KIPS)
** Heartbeat:  25% -- { 5000014 } -- 30.30 KIPS (27.78 KIPS)
** Heartbeat:  30% -- { 6000016 } -- 30.30 KIPS (28.17 KIPS)
** Heartbeat:  35% -- { 7000019 } -- 29.41 KIPS (28.34 KIPS)
** Heartbeat:  40% -- { 8000019 } -- 27.78 KIPS (28.27 KIPS)
** Heartbeat:  45% -- { 9000023 } -- 28.57 KIPS (28.30 KIPS)
** Heartbeat:  50% -- { 10000028 } -- 28.57 KIPS (28.33 KIPS)
** Heartbeat:  55% -- { 11000032 } -- 29.41 KIPS (28.42 KIPS)
** Heartbeat:  60% -- { 12000033 } -- 30.30 KIPS (28.57 KIPS)
** Heartbeat:  65% -- { 13000033 } -- 30.30 KIPS (28.70 KIPS)
** Heartbeat:  70% -- { 14000037 } -- 30.30 KIPS (28.81 KIPS)
** Heartbeat:  75% -- { 15000040 } -- 29.41 KIPS (28.85 KIPS)
** Heartbeat:  80% -- { 16000042 } -- 31.25 KIPS (28.99 KIPS)
** Heartbeat:  85% -- { 17000043 } -- 29.41 KIPS (29.01 KIPS)
** Heartbeat:  90% -- { 18000043 } -- 28.57 KIPS (28.99 KIPS)
** Heartbeat:  95% -- { 19000046 } -- 30.30 KIPS (29.05 KIPS)
Warning could not fetch inst from frontend
Warning could not fetch inst from frontend
Warning could not fetch inst from frontend
Warning could not fetch inst from frontend
Warning could not fetch inst from frontend
Warning could not fetch inst from frontend
Warning could not fetch inst from frontend
Warning could not fetch inst from frontend
Warning could not fetch inst from frontend
Warning could not fetch inst from frontend
Warning could not fetch inst from frontend
Warning could not fetch inst from frontend
Warning could not fetch inst from frontend
Warning could not fetch inst from frontend
Warning could not fetch inst from frontend
Warning could not fetch inst from frontend
Warning could not fetch inst from frontend
Warning could not fetch inst from frontend
Warning could not fetch inst from frontend
Warning could not fetch inst from frontend
Warning could not fetch inst from frontend
Warning could not fetch inst from frontend
Warning could not fetch inst from frontend
Warning could not fetch inst from frontend
Warning could not fetch inst from frontend
Warning could not fetch inst from frontend
Warning could not fetch inst from frontend
Warning could not fetch inst from frontend
Warning could not fetch inst from frontend
Warning could not fetch inst from frontend
Warning could not fetch inst from frontend
Warning could not fetch inst from frontend
Warning could not fetch inst from frontend
Warning could not fetch inst from frontend
Warning could not fetch inst from frontend
Warning could not fetch inst from frontend
Warning could not fetch inst from frontend
Warning could not fetch inst from frontend
Warning could not fetch inst from frontend
Warning could not fetch inst from frontend
Warning could not fetch inst from frontend
Warning could not fetch inst from frontend
Warning could not fetch inst from frontend
Warning could not fetch inst from frontend
Warning could not fetch inst from frontend
Warning could not fetch inst from frontend
Warning could not fetch inst from frontend
Warning could not fetch inst from frontend
Warning could not fetch inst from frontend
Warning could not fetch inst from frontend
Warning could not fetch inst from frontend
Warning could not fetch inst from frontend
Warning could not fetch inst from frontend
Warning could not fetch inst from frontend
Warning could not fetch inst from frontend
Warning could not fetch inst from frontend
Warning could not fetch inst from frontend
Warning could not fetch inst from frontend
Warning could not fetch inst from frontend
Warning could not fetch inst from frontend
Warning could not fetch inst from frontend
Warning could not fetch inst from frontend
Warning could not fetch inst from frontend
Warning could not fetch inst from frontend
Warning could not fetch inst from frontend
Warning could not fetch inst from frontend
Warning could not fetch inst from frontend
Warning could not fetch inst from frontend
Warning could not fetch inst from frontend
Warning could not fetch inst from frontend
Warning could not fetch inst from frontend
Warning could not fetch inst from frontend
Warning could not fetch inst from frontend
Warning could not fetch inst from frontend
Warning could not fetch inst from frontend
Warning could not fetch inst from frontend
Warning could not fetch inst from frontend
Warning could not fetch inst from frontend
Warning could not fetch inst from frontend
Warning could not fetch inst from frontend
Warning could not fetch inst from frontend
Warning could not fetch inst from frontend
Warning could not fetch inst from frontend
Warning could not fetch inst from frontend
Warning could not fetch inst from frontend
Warning could not fetch inst from frontend
Warning could not fetch inst from frontend
Warning could not fetch inst from frontend
** Core 0 Finished:    insts:20000000    cycles:7067007     time:2208439687500       -- 2.83 IPC (2.83 IPC) --  N/A  KIPS (29.11 KIPS)
Scarab finished at Mon Oct 28 23:08:49 2024

