Scarab gitrev: 3541854
Scarab started at Sun Oct 13 22:46:27 2024

Initialized Ramulator. 
** Heartbeat:   5% -- { 1000001 } -- 0.00 KIPS (58.82 KIPS)
** Heartbeat:  10% -- { 2000001 } -- 83.33 KIPS (68.97 KIPS)
** Heartbeat:  15% -- { 3000001 } -- 66.67 KIPS (68.18 KIPS)
** Heartbeat:  20% -- { 4000001 } -- 66.67 KIPS (67.80 KIPS)
** Heartbeat:  25% -- { 5000001 } -- 83.33 KIPS (70.42 KIPS)
** Heartbeat:  30% -- { 6000001 } -- 83.33 KIPS (72.29 KIPS)
** Heartbeat:  35% -- { 7000002 } -- 90.91 KIPS (74.47 KIPS)
** Heartbeat:  40% -- { 8000002 } -- 83.33 KIPS (75.47 KIPS)
** Heartbeat:  45% -- { 9000003 } -- 83.33 KIPS (76.27 KIPS)
** Heartbeat:  50% -- { 10000003 } -- 100.00 KIPS (78.13 KIPS)
** Heartbeat:  55% -- { 11000004 } -- 100.00 KIPS (79.71 KIPS)
** Heartbeat:  60% -- { 12000005 } -- 111.11 KIPS (81.63 KIPS)
** Heartbeat:  65% -- { 13000005 } -- 111.11 KIPS (83.33 KIPS)
** Heartbeat:  70% -- { 14000005 } -- 125.00 KIPS (85.37 KIPS)
** Heartbeat:  75% -- { 15000005 } -- 125.00 KIPS (87.21 KIPS)
** Heartbeat:  80% -- { 16000005 } -- 125.00 KIPS (88.89 KIPS)
** Heartbeat:  85% -- { 17000005 } -- 111.11 KIPS (89.95 KIPS)
** Heartbeat:  90% -- { 18000005 } -- 125.00 KIPS (91.37 KIPS)
** Heartbeat:  95% -- { 19000005 } -- 125.00 KIPS (92.68 KIPS)
** Core 0 Finished:    insts:20000000    cycles:22989323    time:7184163437500       -- 0.87 IPC (0.87 IPC) --  N/A  KIPS (94.34 KIPS)
Scarab finished at Sun Oct 13 22:49:59 2024

