Scarab gitrev: 3541854
Scarab started at Wed Oct 30 00:22:49 2024

Initialized Ramulator. 
** Heartbeat:   5% -- { 1000004 } -- 0.00 KIPS (20.83 KIPS)
** Heartbeat:  10% -- { 2000007 } -- 21.74 KIPS (21.28 KIPS)
** Heartbeat:  15% -- { 3000010 } -- 24.39 KIPS (22.22 KIPS)
** Heartbeat:  20% -- { 4000011 } -- 29.41 KIPS (23.67 KIPS)
** Heartbeat:  25% -- { 5000011 } -- 19.61 KIPS (22.73 KIPS)
** Heartbeat:  30% -- { 6000011 } -- 14.08 KIPS (20.62 KIPS)
** Heartbeat:  35% -- { 7000011 } -- 14.08 KIPS (19.34 KIPS)
** Heartbeat:  40% -- { 8000014 } -- 25.00 KIPS (19.90 KIPS)
** Heartbeat:  45% -- { 9000015 } -- 41.67 KIPS (21.13 KIPS)
** Heartbeat:  50% -- { 10000015 } -- 25.64 KIPS (21.51 KIPS)
** Heartbeat:  55% -- { 11000020 } -- 18.87 KIPS (21.24 KIPS)
** Heartbeat:  60% -- { 12000020 } -- 25.00 KIPS (21.51 KIPS)
** Heartbeat:  65% -- { 13000022 } -- 26.32 KIPS (21.81 KIPS)
** Heartbeat:  70% -- { 14000024 } -- 41.67 KIPS (22.58 KIPS)
** Heartbeat:  75% -- { 15000029 } -- 27.03 KIPS (22.83 KIPS)
** Heartbeat:  80% -- { 16000031 } -- 12.20 KIPS (21.65 KIPS)
** Heartbeat:  85% -- { 17000031 } -- 25.00 KIPS (21.82 KIPS)
** Heartbeat:  90% -- { 18000032 } -- 27.78 KIPS (22.09 KIPS)
** Heartbeat:  95% -- { 19000035 } -- 40.00 KIPS (22.62 KIPS)
** Core 0 Finished:    insts:20000000    cycles:13994433    time:4373260312500       -- 1.43 IPC (1.43 IPC) --  N/A  KIPS (22.78 KIPS)
Scarab finished at Wed Oct 30 00:37:28 2024

