/* -*- Mode: c -*- */
####################################################################################################
Core 0
####################################################################################################
Cumulative:        Cycles: 5385545               Instructions: 20000000              IPC: 3.71364

Periodic:          Cycles: 2674032               Instructions: 9999999               IPC: 3.73967

ST_OP_INV                                            0        0.000%                0        0.000%
ST_OP_NOP                                        98249        0.773%           472506        1.814%
ST_OP_CF                                        702870        5.527%          1293187        4.965%
ST_OP_MOV                                      1727514       13.584%          3589241       13.779%
ST_OP_CMOV                                       34883        0.274%            59277        0.228%
ST_OP_LDA                                       775821        6.100%          1450019        5.567%
ST_OP_ILD                                      2871600       22.580%          5760457       22.114%
ST_OP_IST                                       779909        6.133%          1609056        6.177%
ST_OP_IADD                                     3047966       23.967%          6326670       24.288%
ST_OP_IMUL                                      270986        2.131%           586704        2.252%
ST_OP_IDIV                                          17        0.000%               21        0.000%
ST_OP_ICMP                                      450249        3.540%           823899        3.163%
ST_OP_LOGIC                                     895996        7.045%          1858092        7.133%
ST_OP_SHIFT                                    1050407        8.260%          2192558        8.417%
ST_OP_FLD                                         5227        0.041%            13278        0.051%
ST_OP_FST                                         5323        0.042%            12305        0.047%
ST_OP_FCVT                                          99        0.001%              163        0.001%
ST_OP_FADD                                         142        0.001%              238        0.001%
ST_OP_FMUL                                           0        0.000%                0        0.000%
ST_OP_FMA                                            0        0.000%                0        0.000%
ST_OP_FDIV                                           0        0.000%                0        0.000%
ST_OP_FCMP                                           0        0.000%                0        0.000%
ST_OP_FCMOV                                          0        0.000%                0        0.000%
ST_OP_GATHER                                         0        0.000%                0        0.000%
ST_OP_SCATTER                                        0        0.000%                0        0.000%
ST_OP_PIPELINED_FAST                               137        0.001%              849        0.003%
ST_OP_PIPELINED_MEDIUM                               0        0.000%                0        0.000%
ST_OP_PIPELINED_SLOW                                 0        0.000%                0        0.000%
ST_OP_NOTPIPELINED_MEDIUM                            0        0.000%                0        0.000%
ST_OP_NOTPIPELINED_SLOW                              0        0.000%                0        0.000%
ST_OP_NOTPIPELINED_VERY_SLOW                         0        0.000%                0        0.000%
                                              12717395      100.000%         26048520      100.000%
                                                  7.06         3.16              7.04         3.21

ST_NOT_CF                                     12014525       94.473%         24755333       95.035%
ST_CF_BR                                         32734        0.257%            64873        0.249%
ST_CF_CBR                                       618436        4.863%          1110521        4.263%
ST_CF_CALL                                       10703        0.084%            24885        0.096%
ST_CF_IBR                                          803        0.006%             1477        0.006%
ST_CF_ICALL                                      15302        0.120%            34775        0.134%
ST_CF_ICO                                            0        0.000%                0        0.000%
ST_CF_RET                                        24892        0.196%            56656        0.218%
ST_CF_SYS                                            0        0.000%                0        0.000%
                                              12717395      100.000%         26048520      100.000%
                                                  0.12         0.55              0.11         0.55

ST_BAR_NONE                                   12717395      100.000%         26048520      100.000%
ST_BAR_FETCH                                         0        0.000%                0        0.000%
ST_BAR_ISSUE                                         0        0.000%                0        0.000%
ST_BAR_BOTH                                          0        0.000%                0        0.000%
                                              12717395      100.000%         26048520      100.000%
                                                  0.00         0.00              0.00         0.00

ST_NOT_MEM                                     9055336       71.204%         18653424       71.610%
ST_MEM_LD                                      2876593       22.619%          5773356       22.164%
ST_MEM_ST                                       785232        6.174%          1621361        6.224%
ST_MEM_PF                                          234        0.002%              379        0.001%
ST_MEM_WH                                            0        0.000%                0        0.000%
ST_MEM_EVICT                                         0        0.000%                0        0.000%
                                              12717395      100.000%         26048520      100.000%
                                                  0.35         0.51              0.35         0.51

ST_NOT_MEM_OFFPATH                             2512966       69.889%          5378963       69.494%
ST_MEM_LD_OFFPATH                               775930       21.580%          1682695       21.740%
ST_MEM_ST_OFFPATH                               306452        8.523%           678039        8.760%
ST_MEM_PF_OFFPATH                                  287        0.008%              527        0.007%
ST_MEM_WH_OFFPATH                                    0        0.000%                0        0.000%
ST_MEM_EVIC_OFFPATHT                                 0        0.000%                0        0.000%
                                               3595635      100.000%          7740224      100.000%
                                                  0.39         0.55              0.39         0.55

ST_OP_ONPATH                                  12717395                       26048520              

ST_OP_OFFPATH                                  3595635                        7740224              

ST_FAKE_OP_OFFPATH                               52676        1.465%           386959        4.999%
ST_NOT_FAKE_OP_OFFPATH                         3542959       98.535%          7353265       95.001%
                                               3595635      100.000%          7740224      100.000%
                                                  0.99         0.98              0.95         0.93

ST_FAKE_REASON_NOT_FAKE                        3542959       98.535%          7353265       95.001%
ST_FAKE_REASON_REDIRECT_TO_NOT_INSTRUMENTED         52676        1.465%           386959        4.999%
ST_FAKE_REASON_RETURN_TO_NOT_INSTRUMENTED             0        0.000%                0        0.000%
ST_FAKE_REASON_NONRET_CF_TO_NOT_INSTRUMENTED             0        0.000%                0        0.000%
ST_FAKE_REASON_NOT_TAKEN_TO_NOT_INSTRUMENTED             0        0.000%                0        0.000%
ST_FAKE_REASON_WRONG_PATH_STORE_TO_NEW_REGION             0        0.000%                0        0.000%
                                               3595635      100.000%          7740224      100.000%
                                                  0.01         0.12              0.05         0.21

ST_INST_ONPATH                                12179416                       24923660              

ST_INST_OFFPATH                                3363653                        7239255              

STATIC_PIN_NOP                                       0                              0              

DYNAMIC_PIN_REP_GREATER_256                          0                              0              

INST_MAP_UPDATE_JITTED                          146010        5.911%           315956        6.578%
INST_MAP_UPDATE_NPC_INV                              0        0.000%                0        0.000%
INST_MAP_UPDATE_NPC_NOP                              0        0.000%                0        0.000%
INST_MAP_UPDATE_NPC_CF                               0        0.000%                0        0.000%
INST_MAP_UPDATE_NPC_MOV                              0        0.000%                0        0.000%
INST_MAP_UPDATE_NPC_CMOV                             0        0.000%                0        0.000%
INST_MAP_UPDATE_NPC_LDA                              0        0.000%                0        0.000%
INST_MAP_UPDATE_NPC_IMEM                             0        0.000%                0        0.000%
INST_MAP_UPDATE_NPC_IADD                             0        0.000%                0        0.000%
INST_MAP_UPDATE_NPC_IMUL                          6183        0.250%            14067        0.293%
INST_MAP_UPDATE_NPC_IDIV                             0        0.000%                0        0.000%
INST_MAP_UPDATE_NPC_ICMP                             0        0.000%                0        0.000%
INST_MAP_UPDATE_NPC_LOGIC                            0        0.000%                0        0.000%
INST_MAP_UPDATE_NPC_SHIFT                            0        0.000%                0        0.000%
INST_MAP_UPDATE_NPC_FMEM                             0        0.000%                0        0.000%
INST_MAP_UPDATE_NPC_FCVT                             0        0.000%                0        0.000%
INST_MAP_UPDATE_NPC_FADD                             0        0.000%                0        0.000%
INST_MAP_UPDATE_NPC_FMUL                             0        0.000%                0        0.000%
INST_MAP_UPDATE_NPC_FMA                              0        0.000%                0        0.000%
INST_MAP_UPDATE_NPC_FDIV                             0        0.000%                0        0.000%
INST_MAP_UPDATE_NPC_FCMP                             0        0.000%                0        0.000%
INST_MAP_UPDATE_NPC_FCMOV                            0        0.000%                0        0.000%
INST_MAP_UPDATE_NPC_GATHER                           0        0.000%                0        0.000%
INST_MAP_UPDATE_NPC_SCATTER                          0        0.000%                0        0.000%
INST_MAP_UPDATE_NPC_PIPELINED_FAST                   0        0.000%                0        0.000%
INST_MAP_UPDATE_NPC_PIPELINED_MEDIUM                 0        0.000%                0        0.000%
INST_MAP_UPDATE_NPC_PIPELINED_SLOW                   0        0.000%                0        0.000%
INST_MAP_UPDATE_NPC_NOTPIPELINED_MEDIUM              0        0.000%                0        0.000%
INST_MAP_UPDATE_NPC_NOTPIPELINED_SLOW                0        0.000%                0        0.000%
INST_MAP_UPDATE_NPC_NOTPIPELINED_VERY_SLOW             0        0.000%                0        0.000%
INST_MAP_UPDATE_MEM_INV                              0        0.000%                0        0.000%
INST_MAP_UPDATE_MEM_NOP                              0        0.000%                0        0.000%
INST_MAP_UPDATE_MEM_CF                               0        0.000%                0        0.000%
INST_MAP_UPDATE_MEM_MOV                        2279903       92.299%          4392036       91.441%
INST_MAP_UPDATE_MEM_CMOV                             0        0.000%                0        0.000%
INST_MAP_UPDATE_MEM_LDA                              0        0.000%                0        0.000%
INST_MAP_UPDATE_MEM_IMEM                             0        0.000%                0        0.000%
INST_MAP_UPDATE_MEM_IADD                             0        0.000%                0        0.000%
INST_MAP_UPDATE_MEM_IMUL                         29719        1.203%            63949        1.331%
INST_MAP_UPDATE_MEM_IDIV                          1187        0.048%             3239        0.067%
INST_MAP_UPDATE_MEM_ICMP                             0        0.000%                0        0.000%
INST_MAP_UPDATE_MEM_LOGIC                         4379        0.177%             8477        0.176%
INST_MAP_UPDATE_MEM_SHIFT                         1721        0.070%             3600        0.075%
INST_MAP_UPDATE_MEM_FMEM                             3        0.000%                3        0.000%
INST_MAP_UPDATE_MEM_FCVT                             0        0.000%                0        0.000%
INST_MAP_UPDATE_MEM_FADD                             0        0.000%                0        0.000%
INST_MAP_UPDATE_MEM_FMUL                             0        0.000%                0        0.000%
INST_MAP_UPDATE_MEM_FMA                              0        0.000%                0        0.000%
INST_MAP_UPDATE_MEM_FDIV                             0        0.000%                0        0.000%
INST_MAP_UPDATE_MEM_FCMP                             0        0.000%                0        0.000%
INST_MAP_UPDATE_MEM_FCMOV                            0        0.000%                0        0.000%
INST_MAP_UPDATE_MEM_GATHER                           0        0.000%                0        0.000%
INST_MAP_UPDATE_MEM_SCATTER                          0        0.000%                0        0.000%
INST_MAP_UPDATE_MEM_PIPELINED_FAST                   0        0.000%                0        0.000%
INST_MAP_UPDATE_MEM_PIPELINED_MEDIUM                 0        0.000%                0        0.000%
INST_MAP_UPDATE_MEM_PIPELINED_SLOW                1028        0.042%             1828        0.038%
INST_MAP_UPDATE_MEM_NOTPIPELINED_MEDIUM              0        0.000%                0        0.000%
INST_MAP_UPDATE_MEM_NOTPIPELINED_SLOW                0        0.000%                0        0.000%
INST_MAP_UPDATE_MEM_NOTPIPELINED_VERY_SLOW             0        0.000%                0        0.000%
                                               2470133      100.000%          4803155      100.000%
                                                 31.08         2.39             30.86         2.61



