Scarab gitrev: 3541854
Scarab started at Mon Oct 28 23:46:11 2024

Initialized Ramulator. 
** Heartbeat:   5% -- { 1000000 } -- 0.00 KIPS (37.04 KIPS)
** Heartbeat:  10% -- { 2000000 } -- 43.48 KIPS (40.00 KIPS)
** Heartbeat:  15% -- { 3000002 } -- 43.48 KIPS (41.10 KIPS)
** Heartbeat:  20% -- { 4000006 } -- 41.67 KIPS (41.24 KIPS)
** Heartbeat:  25% -- { 5000009 } -- 41.67 KIPS (41.32 KIPS)
** Heartbeat:  30% -- { 6000013 } -- 37.04 KIPS (40.54 KIPS)
** Heartbeat:  35% -- { 7000013 } -- 38.46 KIPS (40.23 KIPS)
** Heartbeat:  40% -- { 8000015 } -- 38.46 KIPS (40.00 KIPS)
** Heartbeat:  45% -- { 9000018 } -- 40.00 KIPS (40.00 KIPS)
** Heartbeat:  50% -- { 10000020 } -- 41.67 KIPS (40.16 KIPS)
** Heartbeat:  55% -- { 11000020 } -- 41.67 KIPS (40.29 KIPS)
** Heartbeat:  60% -- { 12000022 } -- 40.00 KIPS (40.27 KIPS)
** Heartbeat:  65% -- { 13000025 } -- 40.00 KIPS (40.25 KIPS)
** Heartbeat:  70% -- { 14000025 } -- 40.00 KIPS (40.23 KIPS)
** Heartbeat:  75% -- { 15000027 } -- 40.00 KIPS (40.21 KIPS)
** Heartbeat:  80% -- { 16000028 } -- 40.00 KIPS (40.20 KIPS)
** Heartbeat:  85% -- { 17000028 } -- 41.67 KIPS (40.28 KIPS)
** Heartbeat:  90% -- { 18000029 } -- 40.00 KIPS (40.27 KIPS)
** Heartbeat:  95% -- { 19000033 } -- 41.67 KIPS (40.34 KIPS)
Warning could not fetch inst from frontend
Warning could not fetch inst from frontend
Warning could not fetch inst from frontend
Warning could not fetch inst from frontend
Warning could not fetch inst from frontend
Warning could not fetch inst from frontend
Warning could not fetch inst from frontend
Warning could not fetch inst from frontend
Warning could not fetch inst from frontend
Warning could not fetch inst from frontend
Warning could not fetch inst from frontend
Warning could not fetch inst from frontend
Warning could not fetch inst from frontend
Warning could not fetch inst from frontend
Warning could not fetch inst from frontend
Warning could not fetch inst from frontend
Warning could not fetch inst from frontend
Warning could not fetch inst from frontend
Warning could not fetch inst from frontend
Warning could not fetch inst from frontend
Warning could not fetch inst from frontend
Warning could not fetch inst from frontend
Warning could not fetch inst from frontend
Warning could not fetch inst from frontend
Warning could not fetch inst from frontend
Warning could not fetch inst from frontend
Warning could not fetch inst from frontend
Warning could not fetch inst from frontend
Warning could not fetch inst from frontend
Warning could not fetch inst from frontend
** Core 0 Finished:    insts:20000000    cycles:9363323     time:2926038437500       -- 2.14 IPC (2.14 IPC) --  N/A  KIPS (40.49 KIPS)
Scarab finished at Mon Oct 28 23:54:26 2024

