Scarab gitrev: 3541854
Scarab started at Mon Oct 28 22:47:27 2024

Initialized Ramulator. 
** Heartbeat:   5% -- { 1000000 } -- 0.00 KIPS (34.48 KIPS)
** Heartbeat:  10% -- { 2000000 } -- 35.71 KIPS (35.09 KIPS)
** Heartbeat:  15% -- { 3000003 } -- 33.33 KIPS (34.48 KIPS)
** Heartbeat:  20% -- { 4000007 } -- 33.33 KIPS (34.19 KIPS)
** Heartbeat:  25% -- { 5000008 } -- 34.48 KIPS (34.25 KIPS)
** Heartbeat:  30% -- { 6000008 } -- 30.30 KIPS (33.52 KIPS)
** Heartbeat:  35% -- { 7000011 } -- 29.41 KIPS (32.86 KIPS)
** Heartbeat:  40% -- { 8000013 } -- 41.67 KIPS (33.76 KIPS)
** Heartbeat:  45% -- { 9000017 } -- 34.48 KIPS (33.83 KIPS)
** Heartbeat:  50% -- { 10000018 } -- 31.25 KIPS (33.56 KIPS)
** Heartbeat:  55% -- { 11000018 } -- 29.41 KIPS (33.13 KIPS)
** Heartbeat:  60% -- { 12000018 } -- 43.48 KIPS (33.80 KIPS)
** Heartbeat:  65% -- { 13000018 } -- 32.26 KIPS (33.68 KIPS)
** Heartbeat:  70% -- { 14000019 } -- 34.48 KIPS (33.73 KIPS)
** Heartbeat:  75% -- { 15000023 } -- 35.71 KIPS (33.86 KIPS)
** Heartbeat:  80% -- { 16000026 } -- 32.26 KIPS (33.76 KIPS)
** Heartbeat:  85% -- { 17000026 } -- 41.67 KIPS (34.14 KIPS)
** Heartbeat:  90% -- { 18000026 } -- 32.26 KIPS (34.03 KIPS)
** Heartbeat:  95% -- { 19000026 } -- 33.33 KIPS (33.99 KIPS)
** Core 0 Finished:    insts:20000000    cycles:12137772    time:3793053750000       -- 1.65 IPC (1.65 IPC) --  N/A  KIPS (33.61 KIPS)
Scarab finished at Mon Oct 28 22:57:22 2024

