Scarab gitrev: 3541854
Scarab started at Wed Oct 23 00:58:08 2024

Initialized Ramulator. 
** Heartbeat:   5% -- { 1000000 } -- 0.00 KIPS (23.81 KIPS)
** Heartbeat:  10% -- { 2000000 } -- 27.03 KIPS (25.32 KIPS)
** Heartbeat:  15% -- { 3000000 } -- 24.39 KIPS (25.00 KIPS)
** Heartbeat:  20% -- { 4000000 } -- 21.28 KIPS (23.95 KIPS)
** Heartbeat:  25% -- { 5000000 } -- 18.87 KIPS (22.73 KIPS)
** Heartbeat:  30% -- { 6000000 } -- 21.28 KIPS (22.47 KIPS)
** Heartbeat:  35% -- { 7000000 } -- 22.73 KIPS (22.51 KIPS)
** Heartbeat:  40% -- { 8000000 } -- 22.73 KIPS (22.54 KIPS)
** Heartbeat:  45% -- { 9000000 } -- 26.32 KIPS (22.90 KIPS)
** Heartbeat:  50% -- { 10000000 } -- 23.26 KIPS (22.94 KIPS)
** Heartbeat:  55% -- { 11000000 } -- 24.39 KIPS (23.06 KIPS)
** Heartbeat:  60% -- { 12000000 } -- 24.39 KIPS (23.17 KIPS)
** Heartbeat:  65% -- { 13000000 } -- 22.73 KIPS (23.13 KIPS)
** Heartbeat:  70% -- { 14000000 } -- 27.78 KIPS (23.41 KIPS)
** Heartbeat:  75% -- { 15000000 } -- 27.03 KIPS (23.62 KIPS)
** Heartbeat:  80% -- { 16000000 } -- 25.64 KIPS (23.74 KIPS)
** Heartbeat:  85% -- { 17000000 } -- 24.39 KIPS (23.78 KIPS)
** Heartbeat:  90% -- { 18000004 } -- 19.23 KIPS (23.47 KIPS)
** Heartbeat:  95% -- { 19000004 } -- 25.00 KIPS (23.54 KIPS)
** Core 0 Finished:    insts:20000000    cycles:20794707    time:6498345937500       -- 0.96 IPC (0.96 IPC) --  N/A  KIPS (23.26 KIPS)
Scarab finished at Wed Oct 23 01:12:28 2024

