/* -*- Mode: c -*- */
####################################################################################################
Core 0
####################################################################################################
Cumulative:        Cycles: 8744901               Instructions: 20000000              IPC: 2.28705

Periodic:          Cycles: 4280609               Instructions: 9999999               IPC: 2.33612

MISS_WAIT_TIME                              9956329022                    13259795447              

ICACHE_STAGE_MISS                                 1496                           3230              

ICACHE_CYCLE                                   4280609                        8744901              

TCACHE_CYCLE                                         0                              0              

ICACHE_CYCLE_ONPATH                            2787001       65.108%          5624413       64.316%
ICACHE_CYCLE_OFFPATH                           1493608       34.892%          3120488       35.684%
                                               4280609      100.000%          8744901      100.000%
                                                  0.35         0.44              0.36         0.44

FETCH_ON_PATH                                  2713676       68.290%          5442069       67.547%
FETCH_OFF_PATH                                 1260101       31.710%          2614702       32.453%
                                               3973777      100.000%          8056771      100.000%
                                                  0.32         0.42              0.32         0.43

FETCHED_OPS_ON_PATH                                  0         -nan%                0         -nan%
FETCHED_OPS_OFF_PATH                                 0         -nan%                0         -nan%
                                                     0         -nan%                0         -nan%
                                                  -nan         -nan              -nan         -nan

INST_LOST_FETCH                               12112178       50.418%         24244625       49.471%
INST_LOST_OFF_PATH                             5710621       23.771%         11868409       24.217%
INST_LOST_FULL_WINDOW                            16482        0.069%            35634        0.073%
INST_LOST_ROB_STALL_OTHER                        48912        0.204%           115488        0.236%
INST_LOST_ROB_STALL_WAIT_FOR_RECOVERY             5364        0.022%            12762        0.026%
INST_LOST_ROB_STALL_WAIT_FOR_REDIRECT                0        0.000%                0        0.000%
INST_LOST_ROB_STALL_WAIT_FOR_GAP_FILL                0        0.000%                0        0.000%
INST_LOST_ROB_STALL_WAIT_FOR_L1_MISS                 0        0.000%                0        0.000%
INST_LOST_ROB_STALL_WAIT_FOR_MEMORY                  0        0.000%               48        0.000%
INST_LOST_ROB_STALL_WAIT_FOR_DC_MISS           1770234        7.369%          3964848        8.090%
INST_LOST_ROB_BLOCK_ISSUE_FULL                       0        0.000%                0        0.000%
INST_LOST_ROB_BLOCK_ISSUE_GAP_TOO_LARGE              0        0.000%                0        0.000%
INST_LOST_BREAK_DONT                                 0        0.000%                0        0.000%
INST_LOST_BREAK_RENAME                               0        0.000%                0        0.000%
INST_LOST_BREAK_FT_UNAVAILABLE                      60        0.000%               60        0.000%
INST_LOST_BREAK_ICACHE_TO_UOP_CACHE_SWITCH        334907        1.394%           692548        1.413%
INST_LOST_BREAK_ICACHE_MISS_REQ_SUCCESS           6052        0.025%            13060        0.027%
INST_LOST_BREAK_ICACHE_MISS_REQ_FAILURE              0        0.000%              195        0.000%
INST_LOST_BREAK_WAIT_FOR_MISS                    65635        0.273%           195690        0.399%
INST_LOST_BREAK_UOP_CACHE_READ_LIMIT           3567407       14.850%          7065137       14.416%
INST_LOST_BREAK_UOP_CACHE_READ_LIMIT_AND_ISSUE_WIDTH             0        0.000%                0        0.000%
INST_LOST_BREAK_ICACHE_READ_LIMIT               385882        1.606%           799405        1.631%
INST_LOST_BREAK_ICACHE_READ_LIMIT_AND_ISSUE_WIDTH             0        0.000%                0        0.000%
INST_LOST_BREAK_ISSUE_WIDTH                          0        0.000%                0        0.000%
INST_LOST_BREAK_BARRIERT                             0        0.000%                0        0.000%
INST_LOST_BREAK_WAIT_FOR_EMPTY_ROB                   0        0.000%                0        0.000%
INST_LOST_BREAK_APP_EXIT                             3        0.000%                3        0.000%
INST_LOST_BREAK_STALL                                0        0.000%                0        0.000%
                                              24023737      100.000%         49007912      100.000%
                                                  4.33         6.54              4.35         6.51

INST_LOST_TOTAL                               24023737                       49007912              

INST_LOST_WAIT_FOR_ICACHE_MISS_NOT_PREFETCHED             0        0.000%            15755        9.382%
INST_LOST_WAIT_FOR_ICACHE_MISS_PREFETCHED_AND_EVICTED_BY_IFETCH             0        0.000%                0        0.000%
INST_LOST_WAIT_FOR_ICACHE_MISS_PREFETCHED_AND_EVICTED_BY_FDIP             0        0.000%                0        0.000%
INST_LOST_WAIT_FOR_ICACHE_MISS_MSHR_HIT_PREF_OFFPATH          1005        1.835%             1925        1.146%
INST_LOST_WAIT_FOR_ICACHE_MISS_MSHR_HIT_PREF_ONPATH         53775       98.165%           150255       89.472%
                                                 54780      100.000%           167935      100.000%
                                                  3.98         3.95              3.61         3.44

FETCH_0_OPS                                     335481        7.811%           771602        8.781%
FETCH_1_OPS                                     241073        5.613%           482194        5.487%
FETCH_2_OPS                                     325830        7.586%           650643        7.404%
FETCH_3_OPS                                     402316        9.367%           805693        9.169%
FETCH_4_OPS                                     324019        7.544%           650045        7.398%
FETCH_5_OPS                                    1572036       36.600%          3250491       36.991%
FETCH_6_OPS                                    1094477       25.481%          2176640       24.770%
FETCH_7_OPS                                          0        0.000%                0        0.000%
FETCH_8_OPS                                          0        0.000%                0        0.000%
FETCH_9_OPS                                          0        0.000%                0        0.000%
FETCH_10_OPS                                         0        0.000%                0        0.000%
FETCH_11_OPS                                         0        0.000%                0        0.000%
FETCH_12_OPS                                         0        0.000%                0        0.000%
FETCH_13_OPS                                         0        0.000%                0        0.000%
FETCH_14_OPS                                         0        0.000%                0        0.000%
FETCH_15_OPS                                         0        0.000%                0        0.000%
FETCH_16_OPS                                         0        0.000%                0        0.000%
                                               4295232      100.000%          8787308      100.000%
                                                  4.15         1.47              4.11         1.47

ST_BREAK_DONT                                        0        0.000%                0        0.000%
ST_BREAK_RENAME                                      0        0.000%                0        0.000%
ST_BREAK_FT_UNAVAILABLE                             12        0.000%               12        0.000%
ST_BREAK_ICACHE_TO_UOP_CACHE_SWITCH             125038        3.147%           257548        3.197%
ST_BREAK_ICACHE_MISS_REQ_SUCCESS                  1496        0.038%             3230        0.040%
ST_BREAK_ICACHE_MISS_REQ_FAILURE                     0        0.000%               39        0.000%
ST_BREAK_WAIT_FOR_MISS                           13127        0.330%            39138        0.486%
ST_BREAK_UOP_CACHE_READ_LIMIT                  1219382       30.686%          2418636       30.020%
ST_BREAK_UOP_CACHE_READ_LIMIT_AND_ISSUE_WIDTH        140199        3.528%           282895        3.511%
ST_BREAK_ICACHE_READ_LIMIT                      191529        4.820%           397211        4.930%
ST_BREAK_ICACHE_READ_LIMIT_AND_ISSUE_WIDTH         68097        1.714%           141415        1.755%
ST_BREAK_ISSUE_WIDTH                           2214896       55.738%          4516646       56.060%
ST_BREAK_BARRIERT                                    0        0.000%                0        0.000%
ST_BREAK_WAIT_FOR_EMPTY_ROB                          0        0.000%                0        0.000%
ST_BREAK_APP_EXIT                                    1        0.000%                1        0.000%
ST_BREAK_STALL                                       0        0.000%                0        0.000%
                                               3973777      100.000%          8056771      100.000%
                                                  9.28         2.15              9.29         2.15

ORACLE_ON_PATH_INST                           12112178       67.959%         24244625       67.135%
ORACLE_OFF_PATH_INST                           5710621       32.041%         11868409       32.865%
                                              17822799      100.000%         36113034      100.000%
                                                  0.32         0.43              0.33         0.43

ORACLE_ON_PATH_INST_MEM                        3699838       20.759%          7419471       20.545%
ORACLE_ON_PATH_INST_NOTMEM                     8412340       47.200%         16825154       46.590%
ORACLE_OFF_PATH_INST_MEM                       1755144        9.848%          3663378       10.144%
ORACLE_OFF_PATH_INST_NOTMEM                    3955477       22.193%          8205031       22.720%
                                              17822799      100.000%         36113034      100.000%
                                                  1.33         1.05              1.35         1.06

ICACHE_CYCLE_NONRA_ONPATH                            0         -nan%                0         -nan%
ICACHE_CYCLE_NONRA_OFFPATH                           0         -nan%                0         -nan%
ICACHE_CYCLE_RA_ONPATH                               0         -nan%                0         -nan%
ICACHE_CYCLE_RA_OFFPATH                              0         -nan%                0         -nan%
                                                     0         -nan%                0         -nan%
                                                  -nan         -nan              -nan         -nan

ICACHE_CYCLE_ONPATH_NONRA                            0         -nan%                0         -nan%
ICACHE_CYCLE_OFFPATH_NONRA                           0         -nan%                0         -nan%
                                                     0         -nan%                0         -nan%
                                                  -nan         -nan              -nan         -nan

ICACHE_CYCLE_ONPATH_RA                               0         -nan%                0         -nan%
ICACHE_CYCLE_OFFPATH_RA                              0         -nan%                0         -nan%
                                                     0         -nan%                0         -nan%
                                                  -nan         -nan              -nan         -nan

INACCURATE_OFFPATH_CYCLES                            0        0.0000                0        0.0000

FETCH_ALL_INST                                17822799                       36113034              

EXEC_ALL_INST                                 13778003                       27700653              

RET_ALL_INST                                  12112394                       24244625              

EXEC_ON_PATH_INST                             12112301       87.910%         24244625       87.524%
EXEC_OFF_PATH_INST                             1665702       12.090%          3456028       12.476%
                                              13778003      100.000%         27700653      100.000%
                                                  0.12         0.31              0.12         0.31

EXEC_ON_PATH_INST_MEM                          3699863       26.853%          7419471       26.784%
EXEC_ON_PATH_INST_NOTMEM                       8412438       61.057%         16825154       60.739%
EXEC_OFF_PATH_INST_MEM                          569817        4.136%          1186351        4.283%
EXEC_OFF_PATH_INST_NOTMEM                      1095885        7.954%          2269677        8.194%
                                              13778003      100.000%         27700653      100.000%
                                                  0.93         0.68              0.94         0.69

EXEC_RA_INST                                         0         -nan%                0         -nan%
EXEC_NONRA_INST                                      0         -nan%                0         -nan%
                                                     0         -nan%                0         -nan%
                                                  -nan         -nan              -nan         -nan

EXEC_ON_PATH_INST_RA                                 0         -nan%                0         -nan%
EXEC_OFF_PATH_INST_RA                                0         -nan%                0         -nan%
                                                     0         -nan%                0         -nan%
                                                  -nan         -nan              -nan         -nan

EXEC_ON_PATH_INST_NONRA                              0         -nan%                0         -nan%
EXEC_OFF_PATH_INST_NONRA                             0         -nan%                0         -nan%
                                                     0         -nan%                0         -nan%
                                                  -nan         -nan              -nan         -nan

EXEC_RA_ON_PATH_INST                                 0         -nan%                0         -nan%
EXEC_RA_OFF_PATH_INST                                0         -nan%                0         -nan%
EXEC_NONRA_ON_PATH_INST                              0         -nan%                0         -nan%
EXEC_NONRA_OFF_PATH_INST                             0         -nan%                0         -nan%
                                                     0         -nan%                0         -nan%
                                                  -nan         -nan              -nan         -nan

ICACHE_THROTTLE_CYCLE                                0                              0              

FETCH_ENABLE_THROTTLE_OFF_PATH                       0         -nan%                0         -nan%
FETCH_ENABLE_THROTTLE_ON_PATH                        0         -nan%                0         -nan%
                                                     0         -nan%                0         -nan%
                                                  -nan         -nan              -nan         -nan

FETCH_DISABLE_THROTTLE_OFF_PATH                      0         -nan%                0         -nan%
FETCH_DISABLE_THROTTLE_ON_PATH                       0         -nan%                0         -nan%
                                                     0         -nan%                0         -nan%
                                                  -nan         -nan              -nan         -nan

FETCH_TH_ADJUST__0                                   0         -nan%                0         -nan%
FETCH_TH_ADJUST__1                                   0         -nan%                0         -nan%
FETCH_TH_ADJUST__2                                   0         -nan%                0         -nan%
FETCH_TH_ADJUST__3                                   0         -nan%                0         -nan%
FETCH_TH_ADJUST__4                                   0         -nan%                0         -nan%
FETCH_TH_ADJUST__5                                   0         -nan%                0         -nan%
FETCH_TH_ADJUST__6                                   0         -nan%                0         -nan%
FETCH_TH_ADJUST__7                                   0         -nan%                0         -nan%
FETCH_TH_ADJUST__8                                   0         -nan%                0         -nan%
FETCH_TH_ADJUST__9                                   0         -nan%                0         -nan%
FETCH_TH_ADJUST__MAX                                 0         -nan%                0         -nan%
                                                     0         -nan%                0         -nan%
                                                  -nan         -nan              -nan         -nan

FETCH_TH_ADJUST_UP                                   0         -nan%                0         -nan%
FETCH_TH_ADJUST_DOWN                                 0         -nan%                0         -nan%
FETCH_TH_ADJUST_SAME                                 0         -nan%                0         -nan%
                                                     0         -nan%                0         -nan%
                                                  -nan         -nan              -nan         -nan

THROTTLE_ADJUST_CACHE_MISS_INFO                      0                              0              

LOW_CONF_COUNT_BP_MIS_0                              0         -nan%                0         -nan%
LOW_CONF_COUNT_BP_MIS_1                              0         -nan%                0         -nan%
LOW_CONF_COUNT_BP_MIS_2                              0         -nan%                0         -nan%
LOW_CONF_COUNT_BP_MIS_3                              0         -nan%                0         -nan%
LOW_CONF_COUNT_BP_MIS_4                              0         -nan%                0         -nan%
LOW_CONF_COUNT_BP_MIS_5                              0         -nan%                0         -nan%
LOW_CONF_COUNT_BP_MIS_6                              0         -nan%                0         -nan%
LOW_CONF_COUNT_BP_MIS_7                              0         -nan%                0         -nan%
LOW_CONF_COUNT_BP_MIS_8                              0         -nan%                0         -nan%
LOW_CONF_COUNT_BP_MIS_9                              0         -nan%                0         -nan%
LOW_CONF_COUNT_BP_MIS_10                             0         -nan%                0         -nan%
LOW_CONF_COUNT_BP_MIS_11                             0         -nan%                0         -nan%
LOW_CONF_COUNT_BP_MIS_12                             0         -nan%                0         -nan%
LOW_CONF_COUNT_BP_MIS_13                             0         -nan%                0         -nan%
LOW_CONF_COUNT_BP_MIS_14                             0         -nan%                0         -nan%
LOW_CONF_COUNT_BP_MIS_15                             0         -nan%                0         -nan%
LOW_CONF_COUNT_BP_MIS_16                             0         -nan%                0         -nan%
LOW_CONF_COUNT_BP_MIS_17                             0         -nan%                0         -nan%
LOW_CONF_COUNT_BP_MIS_18                             0         -nan%                0         -nan%
LOW_CONF_COUNT_BP_MIS_19                             0         -nan%                0         -nan%
LOW_CONF_COUNT_BP_MIS_20                             0         -nan%                0         -nan%
                                                     0         -nan%                0         -nan%
                                                  -nan         -nan              -nan         -nan

LOW_CONF_COUNT_RET_0                                 0         -nan%                0         -nan%
LOW_CONF_COUNT_RET_1                                 0         -nan%                0         -nan%
LOW_CONF_COUNT_RET_2                                 0         -nan%                0         -nan%
LOW_CONF_COUNT_RET_3                                 0         -nan%                0         -nan%
LOW_CONF_COUNT_RET_4                                 0         -nan%                0         -nan%
LOW_CONF_COUNT_RET_5                                 0         -nan%                0         -nan%
LOW_CONF_COUNT_RET_6                                 0         -nan%                0         -nan%
LOW_CONF_COUNT_RET_7                                 0         -nan%                0         -nan%
LOW_CONF_COUNT_RET_8                                 0         -nan%                0         -nan%
LOW_CONF_COUNT_RET_9                                 0         -nan%                0         -nan%
LOW_CONF_COUNT_RET_10                                0         -nan%                0         -nan%
LOW_CONF_COUNT_RET_11                                0         -nan%                0         -nan%
LOW_CONF_COUNT_RET_12                                0         -nan%                0         -nan%
LOW_CONF_COUNT_RET_13                                0         -nan%                0         -nan%
LOW_CONF_COUNT_RET_14                                0         -nan%                0         -nan%
LOW_CONF_COUNT_RET_15                                0         -nan%                0         -nan%
LOW_CONF_COUNT_RET_16                                0         -nan%                0         -nan%
LOW_CONF_COUNT_RET_17                                0         -nan%                0         -nan%
LOW_CONF_COUNT_RET_18                                0         -nan%                0         -nan%
LOW_CONF_COUNT_RET_19                                0         -nan%                0         -nan%
LOW_CONF_COUNT_RET_20                                0         -nan%                0         -nan%
                                                     0         -nan%                0         -nan%
                                                  -nan         -nan              -nan         -nan

CYCLES_RESTEER_MISPRED                               0         -nan%                0         -nan%
CYCLES_RESTEER_MISFETCH                              0         -nan%                0         -nan%
CYCLES_RESTEER_BTB_MISS                              0         -nan%                0         -nan%
                                                     0         -nan%                0         -nan%
                                                  -nan         -nan              -nan         -nan

CYCLES_RESTEER_MISPRED_SAVED_UC_FETCH                0         -nan%                0         -nan%
CYCLES_RESTEER_MISPRED_COULD_BE_SAVED_UC_FETCH             0         -nan%                0         -nan%
CYCLES_RESTEER_MISFETCH_SAVED_UC_FETCH               0         -nan%                0         -nan%
CYCLES_RESTEER_MISFETCH_COULD_BE_SAVED_UC_FETCH             0         -nan%                0         -nan%
CYCLES_RESTEER_BTB_MISS_SAVED_UC_FETCH               0         -nan%                0         -nan%
CYCLES_RESTEER_BTB_MISS_COULD_BE_SAVED_UC_FETCH             0         -nan%                0         -nan%
                                                     0         -nan%                0         -nan%
                                                  -nan         -nan              -nan         -nan

CYCLES_UOC_IC_SWITCH                                 0                              0              



