/* -*- Mode: c -*- */
####################################################################################################
Core 0
####################################################################################################
Cumulative:        Cycles: 12244912              Instructions: 20000000              IPC: 1.63333

Periodic:          Cycles: 5993112               Instructions: 9999995               IPC: 1.66858

MISS_WAIT_TIME                               503691742                      750126556              

ICACHE_STAGE_MISS                                   56                            446              

ICACHE_CYCLE                                   5993112                       12244912              

TCACHE_CYCLE                                         0                              0              

ICACHE_CYCLE_ONPATH                            2955416       49.314%          5881825       48.035%
ICACHE_CYCLE_OFFPATH                           3037696       50.686%          6363087       51.965%
                                               5993112      100.000%         12244912      100.000%
                                                  0.51         0.50              0.52         0.51

FETCH_ON_PATH                                  2747139       49.015%          5513983       48.485%
FETCH_OFF_PATH                                 2857514       50.985%          5858561       51.515%
                                               5604653      100.000%         11372544      100.000%
                                                  0.51         0.50              0.52         0.51

FETCHED_OPS_ON_PATH                                  0         -nan%                0         -nan%
FETCHED_OPS_OFF_PATH                                 0         -nan%                0         -nan%
                                                     0         -nan%                0         -nan%
                                                  -nan         -nan              -nan         -nan

INST_LOST_FETCH                               12242840       35.212%         24482518       34.444%
INST_LOST_OFF_PATH                            12797395       36.807%         26199200       36.859%
INST_LOST_FULL_WINDOW                             4560        0.013%            17064        0.024%
INST_LOST_ROB_STALL_OTHER                      2138622        6.151%          3962598        5.575%
INST_LOST_ROB_STALL_WAIT_FOR_RECOVERY              288        0.001%             1440        0.002%
INST_LOST_ROB_STALL_WAIT_FOR_REDIRECT                0        0.000%                0        0.000%
INST_LOST_ROB_STALL_WAIT_FOR_GAP_FILL                0        0.000%                0        0.000%
INST_LOST_ROB_STALL_WAIT_FOR_L1_MISS                 0        0.000%                0        0.000%
INST_LOST_ROB_STALL_WAIT_FOR_MEMORY                  0        0.000%             1896        0.003%
INST_LOST_ROB_STALL_WAIT_FOR_DC_MISS            187284        0.539%          1251210        1.760%
INST_LOST_ROB_BLOCK_ISSUE_FULL                       0        0.000%                0        0.000%
INST_LOST_ROB_BLOCK_ISSUE_GAP_TOO_LARGE              0        0.000%                0        0.000%
INST_LOST_BREAK_DONT                                 0        0.000%                0        0.000%
INST_LOST_BREAK_RENAME                               0        0.000%                0        0.000%
INST_LOST_BREAK_FT_UNAVAILABLE                     245        0.001%              245        0.000%
INST_LOST_BREAK_ICACHE_TO_UOP_CACHE_SWITCH        554613        1.595%          1107556        1.558%
INST_LOST_BREAK_ICACHE_MISS_REQ_SUCCESS            219        0.001%             1729        0.002%
INST_LOST_BREAK_ICACHE_MISS_REQ_FAILURE              0        0.000%             1020        0.001%
INST_LOST_BREAK_WAIT_FOR_MISS                     2395        0.007%            95875        0.135%
INST_LOST_BREAK_UOP_CACHE_READ_LIMIT           6453299       18.561%         13189442       18.556%
INST_LOST_BREAK_UOP_CACHE_READ_LIMIT_AND_ISSUE_WIDTH             0        0.000%                0        0.000%
INST_LOST_BREAK_ICACHE_READ_LIMIT               386976        1.113%           768275        1.081%
INST_LOST_BREAK_ICACHE_READ_LIMIT_AND_ISSUE_WIDTH             0        0.000%                0        0.000%
INST_LOST_BREAK_ISSUE_WIDTH                          0        0.000%                0        0.000%
INST_LOST_BREAK_BARRIERT                             0        0.000%                0        0.000%
INST_LOST_BREAK_WAIT_FOR_EMPTY_ROB                   0        0.000%                0        0.000%
INST_LOST_BREAK_APP_EXIT                             1        0.000%                1        0.000%
INST_LOST_BREAK_STALL                                0        0.000%                0        0.000%
                                              34768737      100.000%         71080069      100.000%
                                                  4.60         6.95              4.71         6.94

INST_LOST_TOTAL                               34768737                       71080069              

INST_LOST_WAIT_FOR_ICACHE_MISS_NOT_PREFETCHED             0        0.000%            17960       23.064%
INST_LOST_WAIT_FOR_ICACHE_MISS_PREFETCHED_AND_EVICTED_BY_IFETCH             0        0.000%                0        0.000%
INST_LOST_WAIT_FOR_ICACHE_MISS_PREFETCHED_AND_EVICTED_BY_FDIP             0        0.000%                0        0.000%
INST_LOST_WAIT_FOR_ICACHE_MISS_MSHR_HIT_PREF_OFFPATH            55        2.865%             3370        4.328%
INST_LOST_WAIT_FOR_ICACHE_MISS_MSHR_HIT_PREF_ONPATH          1865       97.135%            56540       72.608%
                                                  1920      100.000%            77870      100.000%
                                                  3.97         3.92              3.03         2.71

FETCH_0_OPS                                     389549        6.499%           911818        7.434%
FETCH_1_OPS                                     619948       10.343%          1263192       10.299%
FETCH_2_OPS                                     360227        6.010%           753637        6.145%
FETCH_3_OPS                                     712880       11.894%          1428298       11.646%
FETCH_4_OPS                                     371009        6.190%           753832        6.146%
FETCH_5_OPS                                    1163047       19.405%          2312730       18.857%
FETCH_6_OPS                                    2376987       39.658%          4841230       39.473%
FETCH_7_OPS                                          0        0.000%                0        0.000%
FETCH_8_OPS                                          0        0.000%                0        0.000%
FETCH_9_OPS                                          0        0.000%                0        0.000%
FETCH_10_OPS                                         0        0.000%                0        0.000%
FETCH_11_OPS                                         0        0.000%                0        0.000%
FETCH_12_OPS                                         0        0.000%                0        0.000%
FETCH_13_OPS                                         0        0.000%                0        0.000%
FETCH_14_OPS                                         0        0.000%                0        0.000%
FETCH_15_OPS                                         0        0.000%                0        0.000%
FETCH_16_OPS                                         0        0.000%                0        0.000%
                                               5993647      100.000%         12264737      100.000%
                                                  4.18         1.72              4.13         1.72

ST_BREAK_DONT                                        0        0.000%                0        0.000%
ST_BREAK_RENAME                                      0        0.000%                0        0.000%
ST_BREAK_FT_UNAVAILABLE                             49        0.001%               49        0.000%
ST_BREAK_ICACHE_TO_UOP_CACHE_SWITCH             201366        3.593%           402538        3.540%
ST_BREAK_ICACHE_MISS_REQ_SUCCESS                    56        0.001%              446        0.004%
ST_BREAK_ICACHE_MISS_REQ_FAILURE                     0        0.000%              204        0.002%
ST_BREAK_WAIT_FOR_MISS                             479        0.009%            19175        0.169%
ST_BREAK_UOP_CACHE_READ_LIMIT                  2037731       36.358%          4141911       36.420%
ST_BREAK_UOP_CACHE_READ_LIMIT_AND_ISSUE_WIDTH        459639        8.201%           922651        8.113%
ST_BREAK_ICACHE_READ_LIMIT                      163526        2.918%           324502        2.853%
ST_BREAK_ICACHE_READ_LIMIT_AND_ISSUE_WIDTH         48948        0.873%            96648        0.850%
ST_BREAK_ISSUE_WIDTH                           2692858       48.047%          5464419       48.049%
ST_BREAK_BARRIERT                                    0        0.000%                0        0.000%
ST_BREAK_WAIT_FOR_EMPTY_ROB                          0        0.000%                0        0.000%
ST_BREAK_APP_EXIT                                    1        0.000%                1        0.000%
ST_BREAK_STALL                                       0        0.000%                0        0.000%
                                               5604653      100.000%         11372544      100.000%
                                                  8.94         2.18              8.94         2.18

ORACLE_ON_PATH_INST                           12242840       48.893%         24482518       48.306%
ORACLE_OFF_PATH_INST                          12797395       51.107%         26199200       51.694%
                                              25040235      100.000%         50681718      100.000%
                                                  0.51         0.51              0.52         0.51

ORACLE_ON_PATH_INST_MEM                        3641301       14.542%          7298490       14.401%
ORACLE_ON_PATH_INST_NOTMEM                     8601539       34.351%         17184028       33.906%
ORACLE_OFF_PATH_INST_MEM                       4042026       16.142%          8254752       16.287%
ORACLE_OFF_PATH_INST_NOTMEM                    8755369       34.965%         17944448       35.406%
                                              25040235      100.000%         50681718      100.000%
                                                  1.72         1.34              1.73         1.35

ICACHE_CYCLE_NONRA_ONPATH                            0         -nan%                0         -nan%
ICACHE_CYCLE_NONRA_OFFPATH                           0         -nan%                0         -nan%
ICACHE_CYCLE_RA_ONPATH                               0         -nan%                0         -nan%
ICACHE_CYCLE_RA_OFFPATH                              0         -nan%                0         -nan%
                                                     0         -nan%                0         -nan%
                                                  -nan         -nan              -nan         -nan

ICACHE_CYCLE_ONPATH_NONRA                            0         -nan%                0         -nan%
ICACHE_CYCLE_OFFPATH_NONRA                           0         -nan%                0         -nan%
                                                     0         -nan%                0         -nan%
                                                  -nan         -nan              -nan         -nan

ICACHE_CYCLE_ONPATH_RA                               0         -nan%                0         -nan%
ICACHE_CYCLE_OFFPATH_RA                              0         -nan%                0         -nan%
                                                     0         -nan%                0         -nan%
                                                  -nan         -nan              -nan         -nan

INACCURATE_OFFPATH_CYCLES                            0        0.0000                0        0.0000

FETCH_ALL_INST                                25040235                       50681718              

EXEC_ALL_INST                                 15885962                       32000088              

RET_ALL_INST                                  12243018                       24482518              

EXEC_ON_PATH_INST                             12242957       77.068%         24482518       76.508%
EXEC_OFF_PATH_INST                             3643005       22.932%          7517570       23.492%
                                              15885962      100.000%         32000088      100.000%
                                                  0.23         0.39              0.23         0.39

EXEC_ON_PATH_INST_MEM                          3641332       22.922%          7298490       22.808%
EXEC_ON_PATH_INST_NOTMEM                       8601625       54.146%         17184028       53.700%
EXEC_OFF_PATH_INST_MEM                         1335274        8.405%          2743369        8.573%
EXEC_OFF_PATH_INST_NOTMEM                      2307731       14.527%          4774201       14.919%
                                              15885962      100.000%         32000088      100.000%
                                                  1.15         0.87              1.16         0.88

EXEC_RA_INST                                         0         -nan%                0         -nan%
EXEC_NONRA_INST                                      0         -nan%                0         -nan%
                                                     0         -nan%                0         -nan%
                                                  -nan         -nan              -nan         -nan

EXEC_ON_PATH_INST_RA                                 0         -nan%                0         -nan%
EXEC_OFF_PATH_INST_RA                                0         -nan%                0         -nan%
                                                     0         -nan%                0         -nan%
                                                  -nan         -nan              -nan         -nan

EXEC_ON_PATH_INST_NONRA                              0         -nan%                0         -nan%
EXEC_OFF_PATH_INST_NONRA                             0         -nan%                0         -nan%
                                                     0         -nan%                0         -nan%
                                                  -nan         -nan              -nan         -nan

EXEC_RA_ON_PATH_INST                                 0         -nan%                0         -nan%
EXEC_RA_OFF_PATH_INST                                0         -nan%                0         -nan%
EXEC_NONRA_ON_PATH_INST                              0         -nan%                0         -nan%
EXEC_NONRA_OFF_PATH_INST                             0         -nan%                0         -nan%
                                                     0         -nan%                0         -nan%
                                                  -nan         -nan              -nan         -nan

ICACHE_THROTTLE_CYCLE                                0                              0              

FETCH_ENABLE_THROTTLE_OFF_PATH                       0         -nan%                0         -nan%
FETCH_ENABLE_THROTTLE_ON_PATH                        0         -nan%                0         -nan%
                                                     0         -nan%                0         -nan%
                                                  -nan         -nan              -nan         -nan

FETCH_DISABLE_THROTTLE_OFF_PATH                      0         -nan%                0         -nan%
FETCH_DISABLE_THROTTLE_ON_PATH                       0         -nan%                0         -nan%
                                                     0         -nan%                0         -nan%
                                                  -nan         -nan              -nan         -nan

FETCH_TH_ADJUST__0                                   0         -nan%                0         -nan%
FETCH_TH_ADJUST__1                                   0         -nan%                0         -nan%
FETCH_TH_ADJUST__2                                   0         -nan%                0         -nan%
FETCH_TH_ADJUST__3                                   0         -nan%                0         -nan%
FETCH_TH_ADJUST__4                                   0         -nan%                0         -nan%
FETCH_TH_ADJUST__5                                   0         -nan%                0         -nan%
FETCH_TH_ADJUST__6                                   0         -nan%                0         -nan%
FETCH_TH_ADJUST__7                                   0         -nan%                0         -nan%
FETCH_TH_ADJUST__8                                   0         -nan%                0         -nan%
FETCH_TH_ADJUST__9                                   0         -nan%                0         -nan%
FETCH_TH_ADJUST__MAX                                 0         -nan%                0         -nan%
                                                     0         -nan%                0         -nan%
                                                  -nan         -nan              -nan         -nan

FETCH_TH_ADJUST_UP                                   0         -nan%                0         -nan%
FETCH_TH_ADJUST_DOWN                                 0         -nan%                0         -nan%
FETCH_TH_ADJUST_SAME                                 0         -nan%                0         -nan%
                                                     0         -nan%                0         -nan%
                                                  -nan         -nan              -nan         -nan

THROTTLE_ADJUST_CACHE_MISS_INFO                      0                              0              

LOW_CONF_COUNT_BP_MIS_0                              0         -nan%                0         -nan%
LOW_CONF_COUNT_BP_MIS_1                              0         -nan%                0         -nan%
LOW_CONF_COUNT_BP_MIS_2                              0         -nan%                0         -nan%
LOW_CONF_COUNT_BP_MIS_3                              0         -nan%                0         -nan%
LOW_CONF_COUNT_BP_MIS_4                              0         -nan%                0         -nan%
LOW_CONF_COUNT_BP_MIS_5                              0         -nan%                0         -nan%
LOW_CONF_COUNT_BP_MIS_6                              0         -nan%                0         -nan%
LOW_CONF_COUNT_BP_MIS_7                              0         -nan%                0         -nan%
LOW_CONF_COUNT_BP_MIS_8                              0         -nan%                0         -nan%
LOW_CONF_COUNT_BP_MIS_9                              0         -nan%                0         -nan%
LOW_CONF_COUNT_BP_MIS_10                             0         -nan%                0         -nan%
LOW_CONF_COUNT_BP_MIS_11                             0         -nan%                0         -nan%
LOW_CONF_COUNT_BP_MIS_12                             0         -nan%                0         -nan%
LOW_CONF_COUNT_BP_MIS_13                             0         -nan%                0         -nan%
LOW_CONF_COUNT_BP_MIS_14                             0         -nan%                0         -nan%
LOW_CONF_COUNT_BP_MIS_15                             0         -nan%                0         -nan%
LOW_CONF_COUNT_BP_MIS_16                             0         -nan%                0         -nan%
LOW_CONF_COUNT_BP_MIS_17                             0         -nan%                0         -nan%
LOW_CONF_COUNT_BP_MIS_18                             0         -nan%                0         -nan%
LOW_CONF_COUNT_BP_MIS_19                             0         -nan%                0         -nan%
LOW_CONF_COUNT_BP_MIS_20                             0         -nan%                0         -nan%
                                                     0         -nan%                0         -nan%
                                                  -nan         -nan              -nan         -nan

LOW_CONF_COUNT_RET_0                                 0         -nan%                0         -nan%
LOW_CONF_COUNT_RET_1                                 0         -nan%                0         -nan%
LOW_CONF_COUNT_RET_2                                 0         -nan%                0         -nan%
LOW_CONF_COUNT_RET_3                                 0         -nan%                0         -nan%
LOW_CONF_COUNT_RET_4                                 0         -nan%                0         -nan%
LOW_CONF_COUNT_RET_5                                 0         -nan%                0         -nan%
LOW_CONF_COUNT_RET_6                                 0         -nan%                0         -nan%
LOW_CONF_COUNT_RET_7                                 0         -nan%                0         -nan%
LOW_CONF_COUNT_RET_8                                 0         -nan%                0         -nan%
LOW_CONF_COUNT_RET_9                                 0         -nan%                0         -nan%
LOW_CONF_COUNT_RET_10                                0         -nan%                0         -nan%
LOW_CONF_COUNT_RET_11                                0         -nan%                0         -nan%
LOW_CONF_COUNT_RET_12                                0         -nan%                0         -nan%
LOW_CONF_COUNT_RET_13                                0         -nan%                0         -nan%
LOW_CONF_COUNT_RET_14                                0         -nan%                0         -nan%
LOW_CONF_COUNT_RET_15                                0         -nan%                0         -nan%
LOW_CONF_COUNT_RET_16                                0         -nan%                0         -nan%
LOW_CONF_COUNT_RET_17                                0         -nan%                0         -nan%
LOW_CONF_COUNT_RET_18                                0         -nan%                0         -nan%
LOW_CONF_COUNT_RET_19                                0         -nan%                0         -nan%
LOW_CONF_COUNT_RET_20                                0         -nan%                0         -nan%
                                                     0         -nan%                0         -nan%
                                                  -nan         -nan              -nan         -nan

CYCLES_RESTEER_MISPRED                               0         -nan%                0         -nan%
CYCLES_RESTEER_MISFETCH                              0         -nan%                0         -nan%
CYCLES_RESTEER_BTB_MISS                              0         -nan%                0         -nan%
                                                     0         -nan%                0         -nan%
                                                  -nan         -nan              -nan         -nan

CYCLES_RESTEER_MISPRED_SAVED_UC_FETCH                0         -nan%                0         -nan%
CYCLES_RESTEER_MISPRED_COULD_BE_SAVED_UC_FETCH             0         -nan%                0         -nan%
CYCLES_RESTEER_MISFETCH_SAVED_UC_FETCH               0         -nan%                0         -nan%
CYCLES_RESTEER_MISFETCH_COULD_BE_SAVED_UC_FETCH             0         -nan%                0         -nan%
CYCLES_RESTEER_BTB_MISS_SAVED_UC_FETCH               0         -nan%                0         -nan%
CYCLES_RESTEER_BTB_MISS_COULD_BE_SAVED_UC_FETCH             0         -nan%                0         -nan%
                                                     0         -nan%                0         -nan%
                                                  -nan         -nan              -nan         -nan

CYCLES_UOC_IC_SWITCH                                 0                              0              



