/* -*- Mode: c -*- */
####################################################################################################
Core 0
####################################################################################################
Cumulative:        Cycles: 17188142              Instructions: 20000000              IPC: 1.16359

Periodic:          Cycles: 8638713               Instructions: 9999997               IPC: 1.15758

EXECUTION_TIME                           2699597812500                  5371294375000              

NODE_CYCLE                                     8638713                       17188142              

NODE_INST_COUNT                                9999997                       20000000              

NODE_INST_COUNT_FETCHED                        9999997                       20000000              

NODE_UOP_COUNT                                11371087                       22729224              

FULL_WINDOW_STALL                              4819498       55.790%          9528011       55.434%

FULL_WINDOW_MEM_OP                              604436       14.744%          1223044       15.084%
FULL_WINDOW_FP_OP                              3364320       82.067%          6622945       81.685%
FULL_WINDOW_OTHER_OP                            130699        3.188%           261963        3.231%
                                               4099455      100.000%          8107952      100.000%
                                                  0.88         0.27              0.88         0.28

RET_BLOCKED_DC_MISS                              70575        0.817%           203263        1.183%

RET_BLOCKED_L1_MISS                              11850        0.137%            77704        0.452%

RET_BLOCKED_L1_MISS_BW_PREF                       5480        0.063%            12681        0.074%

RET_BLOCKED_L1_ACCESS                            58753        0.680%           127577        0.742%

RET_BLOCKED_MEM_STALL                            12245        0.142%            78952        0.459%

RET_BLOCKED_OFFCHIP_DEMAND                           0        0.000%                0        0.000%

OP_ISSUED                                     12362795                       24710619              

OP_RETIRED                                    11371087                       22729224              

REPLAY_SIGNALED                                      0                              0              

REPLAY_COUNTED                                       0                              0              

OFF_CRITICAL_PATH                                    0         -nan%                0         -nan%
ON_CRITICAL_PATH                                     0         -nan%                0         -nan%
                                                     0         -nan%                0         -nan%
                                                  -nan         -nan              -nan         -nan

LD_NO_DEPENDENTS                                 22332        0.746%            45381        0.760%
LD_DEPENDENTS                                  2969519       99.254%          5929704       99.240%
                                               2991851      100.000%          5975085      100.000%
                                                  0.99         0.99              0.99         0.99

LD_EXEC_CYCLES_0                                     0        0.000%                0        0.000%
LD_EXEC_CYCLES_1                                     0        0.000%                0        0.000%
LD_EXEC_CYCLES_2                                     0        0.000%                0        0.000%
LD_EXEC_CYCLES_3                                  1712       56.991%             3333       57.150%
LD_EXEC_CYCLES_4                                  1292       43.009%             2499       42.850%
                                                  3004      100.000%             5832      100.000%
                                                  3.43         2.30              3.43         2.30

ICACHE_STAGE_STARVED                              3771        0.109%            20857        0.299%
ICACHE_STAGE_NOT_STARVED                       3471443       99.891%          6943352       99.701%
                                               3475214      100.000%          6964209      100.000%
                                                  1.00         1.00              1.00         1.00

ICACHE_STAGE_STALLED                           4056349       46.955%          8061129       46.899%
ICACHE_STAGE_NOT_STALLED                       3473370       40.207%          6953858       40.457%
ICACHE_STAGE_OFF_PATH                          1108994       12.837%          2173155       12.643%
                                               8638713      100.000%         17188142      100.000%
                                                  0.66         0.58              0.66         0.57

DECODE_STAGE_STARVED                           7741747       95.355%         15422642       95.252%
DECODE_STAGE_NOT_STARVED                        377112        4.645%           768786        4.748%
                                               8118859      100.000%         16191428      100.000%
                                                  0.05         0.21              0.05         0.21

DECODE_STAGE_STALLED                            568652        6.583%          1161414        6.757%
DECODE_STAGE_NOT_STALLED                       7550207       87.400%         15030014       87.444%
DECODE_STAGE_OFF_PATH                           519854        6.018%           996714        5.799%
                                               8638713      100.000%         17188142      100.000%
                                                  0.99         0.35              0.99         0.34

UOPQ_STAGE_STARVED                              846685       22.644%          1769567       23.540%
UOPQ_STAGE_NOT_STARVED                         2892503       77.356%          5747727       76.460%
                                               3739188      100.000%          7517294      100.000%
                                                  0.77         0.71              0.76         0.70

UOPQ_STAGE_STALLED                             3931916       45.515%          7805586       45.413%
UOPQ_STAGE_NOT_STALLED                         3739188       43.284%          7517294       43.735%
UOPQ_STAGE_OFF_PATH                             967609       11.201%          1865262       10.852%
                                               8638713      100.000%         17188142      100.000%
                                                  0.66         0.55              0.65         0.54

MAP_STAGE_STARVED                                57719        0.747%           129547        0.841%
MAP_STAGE_NOT_STARVED                          7664599       99.253%         15280769       99.159%
                                               7722318      100.000%         15410316      100.000%
                                                  0.99         0.99              0.99         0.99

MAP_STAGE_STALLED                              4175397       48.334%          8300064       48.289%
MAP_STAGE_NOT_STALLED                          3546921       41.058%          7110252       41.367%
MAP_STAGE_OFF_PATH                              916395       10.608%          1777826       10.343%
                                               8638713      100.000%         17188142      100.000%
                                                  0.62         0.55              0.62         0.54

EXEC_STAGE_STARVED                             1314853       15.220%          2690188       15.651%
EXEC_STAGE_NOT_STARVED                         6793431       78.639%         13491847       78.495%
EXEC_STAGE_OFF_PATH                             530429        6.140%          1006107        5.853%
                                               8638713      100.000%         17188142      100.000%
                                                  0.91         0.36              0.90         0.35

FU_BUSY_0                                      8251361                       16365453              

FU_BUSY_1                                      2999372                        5988526              

FU_BUSY_2                                      1725445                        3436721              

FU_BUSY_3                                      1374973                        2755459              

FU_BUSY_4                                      1313384                        2622633              

FU_BUSY_5                                      1435467                        2876751              

FU_BUSY_6                                       605749                        1208602              

FU_BUSY_7                                       653046                        1305584              

FU_BUSY_8                                            0                              0              

FU_BUSY_9                                            0                              0              

FU_BUSY_10                                           0                              0              

FU_BUSY_11                                           0                              0              

FU_BUSY_12                                           0                              0              

FU_BUSY_13                                           0                              0              

FU_BUSY_14                                           0                              0              

FU_BUSY_15                                           0                              0              

FU_BUSY_16                                           0                              0              

FU_BUSY_17                                           0                              0              

FU_BUSY_18                                           0                              0              

FU_BUSY_19                                           0                              0              

FU_BUSY_20                                           0                              0              

FU_BUSY_21                                           0                              0              

FU_BUSY_22                                           0                              0              

FU_BUSY_23                                           0                              0              

FU_BUSY_24                                           0                              0              

FU_BUSY_25                                           0                              0              

FU_BUSY_26                                           0                              0              

FU_BUSY_27                                           0                              0              

FU_BUSY_28                                           0                              0              

FU_BUSY_29                                           0                              0              

FU_BUSY_30                                           0                              0              

FU_BUSY_31                                           0                              0              

FU_REJECTED_OP_INV_NOT_SIMD                          0        0.000%                0        0.000%
FU_REJECTED_OP_NOP_NOT_SIMD                      42155        0.644%            82500        0.637%
FU_REJECTED_OP_CF_NOT_SIMD                      215262        3.288%           429181        3.316%
FU_REJECTED_OP_MOV_NOT_SIMD                      44445        0.679%            90008        0.695%
FU_REJECTED_OP_CMOV_NOT_SIMD                         0        0.000%                3        0.000%
FU_REJECTED_OP_LDA_NOT_SIMD                      25595        0.391%            50834        0.393%
FU_REJECTED_OP_IMEM_NOT_SIMD                       624        0.010%             1331        0.010%
FU_REJECTED_OP_IADD_NOT_SIMD                     27995        0.428%            55880        0.432%
FU_REJECTED_OP_IMUL_NOT_SIMD                    121750        1.860%           241977        1.870%
FU_REJECTED_OP_IDIV_NOT_SIMD                         0        0.000%                0        0.000%
FU_REJECTED_OP_ICMP_NOT_SIMD                         0        0.000%                0        0.000%
FU_REJECTED_OP_LOGIC_NOT_SIMD                    40387        0.617%            81061        0.626%
FU_REJECTED_OP_SHIFT_NOT_SIMD                    29189        0.446%            59829        0.462%
FU_REJECTED_OP_FMEM_NOT_SIMD                     60268        0.921%           119594        0.924%
FU_REJECTED_OP_FCVT_NOT_SIMD                         0        0.000%                0        0.000%
FU_REJECTED_OP_FADD_NOT_SIMD                         0        0.000%                0        0.000%
FU_REJECTED_OP_FMUL_NOT_SIMD                         0        0.000%                0        0.000%
FU_REJECTED_OP_FMA_NOT_SIMD                          0        0.000%                0        0.000%
FU_REJECTED_OP_FDIV_NOT_SIMD                         0        0.000%                0        0.000%
FU_REJECTED_OP_FCMP_NOT_SIMD                         0        0.000%                0        0.000%
FU_REJECTED_OP_FCMOV_NOT_SIMD                        0        0.000%                0        0.000%
FU_REJECTED_OP_GATHER_NOT_SIMD                       0        0.000%                0        0.000%
FU_REJECTED_OP_SCATTER_NOT_SIMD                      0        0.000%                0        0.000%
FU_REJECTED_OP_PIPELINED_FAST_NOT_SIMD               0        0.000%                0        0.000%
FU_REJECTED_OP_PIPELINED_MEDIUM_NOT_SIMD             0        0.000%                0        0.000%
FU_REJECTED_OP_PIPELINED_SLOW_NOT_SIMD               0        0.000%                0        0.000%
FU_REJECTED_OP_NOTPIPELINED_MEDIUM_NOT_SIMD             0        0.000%                0        0.000%
FU_REJECTED_OP_NOTPIPELINED_SLOW_NOT_SIMD             0        0.000%                0        0.000%
FU_REJECTED_OP_NOTPIPELINED_VERY_SLOW_NOT_SIMD             0        0.000%                0        0.000%
FU_REJECTED_OP_INV_SIMD                              0        0.000%                0        0.000%
FU_REJECTED_OP_NOP_SIMD                              0        0.000%                0        0.000%
FU_REJECTED_OP_CF_SIMD                               0        0.000%                0        0.000%
FU_REJECTED_OP_MOV_SIMD                          61904        0.946%           120092        0.928%
FU_REJECTED_OP_CMOV_SIMD                             0        0.000%                0        0.000%
FU_REJECTED_OP_LDA_SIMD                              0        0.000%                0        0.000%
FU_REJECTED_OP_IMEM_SIMD                             0        0.000%                0        0.000%
FU_REJECTED_OP_IADD_SIMD                             0        0.000%                0        0.000%
FU_REJECTED_OP_IMUL_SIMD                             0        0.000%                0        0.000%
FU_REJECTED_OP_IDIV_SIMD                             0        0.000%                0        0.000%
FU_REJECTED_OP_ICMP_SIMD                             0        0.000%                0        0.000%
FU_REJECTED_OP_LOGIC_SIMD                        44503        0.680%            87007        0.672%
FU_REJECTED_OP_SHIFT_SIMD                        42777        0.653%            80792        0.624%
FU_REJECTED_OP_FMEM_SIMD                             0        0.000%                0        0.000%
FU_REJECTED_OP_FCVT_SIMD                          3094        0.047%             6924        0.053%
FU_REJECTED_OP_FADD_SIMD                         97746        1.493%           191343        1.478%
FU_REJECTED_OP_FMUL_SIMD                         72876        1.113%           140479        1.085%
FU_REJECTED_OP_FMA_SIMD                         153750        2.348%           304933        2.356%
FU_REJECTED_OP_FDIV_SIMD                        229879        3.511%           448436        3.465%
FU_REJECTED_OP_FCMP_SIMD                        216367        3.305%           424133        3.277%
FU_REJECTED_OP_FCMOV_SIMD                      4944761       75.527%          9780127       75.566%
FU_REJECTED_OP_GATHER_SIMD                       71716        1.095%           146028        1.128%
FU_REJECTED_OP_SCATTER_SIMD                          0        0.000%                0        0.000%
FU_REJECTED_OP_PIPELINED_FAST_SIMD                   0        0.000%                0        0.000%
FU_REJECTED_OP_PIPELINED_MEDIUM_SIMD                 0        0.000%                0        0.000%
FU_REJECTED_OP_PIPELINED_SLOW_SIMD                   0        0.000%                0        0.000%
FU_REJECTED_OP_NOTPIPELINED_MEDIUM_SIMD              0        0.000%                0        0.000%
FU_REJECTED_OP_NOTPIPELINED_SLOW_SIMD                0        0.000%                0        0.000%
FU_REJECTED_OP_NOTPIPELINED_VERY_SLOW_SIMD             0        0.000%                0        0.000%
                                               6547043      100.000%         12942492      100.000%
                                                 44.43        12.61             44.40        12.66

OP_WAIT_0                                      5669214                       11333803              

OP_WAIT_1                                      2461806                        4959356              

OP_WAIT_2                                       924810                        1855353              

OP_WAIT_3                                       358596                         716915              

OP_WAIT_4                                       195129                         388762              

OP_WAIT_5                                       154526                         308580              

OP_WAIT_6                                       117847                         232387              

OP_WAIT_7                                        45947                          92811              

OP_WAIT_8                                        35747                          70470              

OP_WAIT_9                                        22962                          46407              

OP_WAIT_10                                       34274                          68002              

OP_WAIT_11                                       24610                          49514              

OP_WAIT_12                                       23855                          45515              

OP_WAIT_13                                       19911                          39679              

OP_WAIT_14                                       15753                          31444              

OP_WAIT_15                                       16047                          32029              

OP_WAIT_16                                       21691                          42777              

OP_WAIT_17                                       20672                          41481              

OP_WAIT_18                                       25198                          50074              

OP_WAIT_19                                       27817                          53116              

OP_WAIT_20                                       13432                          26562              

OP_WAIT_21                                        8960                          17551              

OP_WAIT_22                                        8944                          17651              

OP_WAIT_23                                       14666                          29004              

OP_WAIT_24                                       10180                          20107              

OP_WAIT_25                                       12776                          25062              

OP_WAIT_26                                       11773                          23049              

OP_WAIT_27                                        9204                          17993              

OP_WAIT_28                                        8442                          16400              

OP_WAIT_29                                        8812                          16897              

OP_WAIT_30                                       20183                          40031              

OP_WAIT_31                                     1027303                        2020442              

ROW_SIZE_0                                     5968789                       11857015              

ROW_SIZE_1                                      564475                        1120153              

ROW_SIZE_2                                      234339                         463021              

ROW_SIZE_3                                      161770                         317488              

ROW_SIZE_4                                      101134                         202280              

ROW_SIZE_5                                       91264                         181697              

ROW_SIZE_6                                     1498628                        3002160              

ROW_SIZE_7                                           0                              0              

ROW_SIZE_8                                           0                              0              

ROW_SIZE_9                                           0                              0              

ROW_SIZE_10                                          0                              0              

ROW_SIZE_11                                          0                              0              

ROW_SIZE_12                                          0                              0              

ROW_SIZE_13                                          0                              0              

ROW_SIZE_14                                          0                              0              

ROW_SIZE_15                                          0                              0              

ROW_SIZE_16                                          0                              0              

ROW_SIZE_17                                          0                              0              

ROW_SIZE_18                                          0                              0              

ROW_SIZE_19                                          0                              0              

ROW_SIZE_20                                          0                              0              

ROW_SIZE_21                                          0                              0              

ROW_SIZE_22                                          0                              0              

ROW_SIZE_23                                          0                              0              

ROW_SIZE_24                                          0                              0              

ROW_SIZE_25                                          0                              0              

ROW_SIZE_26                                          0                              0              

ROW_SIZE_27                                          0                              0              

ROW_SIZE_28                                          0                              0              

ROW_SIZE_29                                          0                              0              

ROW_SIZE_30                                          0                              0              

ROW_SIZE_31                                          0                              0              

RET_OP_EXEC_COUNT_0                                  0        0.000%                0        0.000%
RET_OP_EXEC_COUNT_1                           11371087      100.000%         22729224      100.000%
RET_OP_EXEC_COUNT_2                                  0        0.000%                0        0.000%
RET_OP_EXEC_COUNT_3                                  0        0.000%                0        0.000%
RET_OP_EXEC_COUNT_4                                  0        0.000%                0        0.000%
RET_OP_EXEC_COUNT_5                                  0        0.000%                0        0.000%
RET_OP_EXEC_COUNT_6                                  0        0.000%                0        0.000%
RET_OP_EXEC_COUNT_7                                  0        0.000%                0        0.000%
RET_OP_EXEC_COUNT_8                                  0        0.000%                0        0.000%
RET_OP_EXEC_COUNT_9                                  0        0.000%                0        0.000%
RET_OP_EXEC_COUNT_10                                 0        0.000%                0        0.000%
RET_OP_EXEC_COUNT_11                                 0        0.000%                0        0.000%
RET_OP_EXEC_COUNT_12                                 0        0.000%                0        0.000%
RET_OP_EXEC_COUNT_13                                 0        0.000%                0        0.000%
RET_OP_EXEC_COUNT_14                                 0        0.000%                0        0.000%
RET_OP_EXEC_COUNT_15                                 0        0.000%                0        0.000%
RET_OP_EXEC_COUNT_16                                 0        0.000%                0        0.000%
RET_OP_EXEC_COUNT_17                                 0        0.000%                0        0.000%
RET_OP_EXEC_COUNT_18                                 0        0.000%                0        0.000%
RET_OP_EXEC_COUNT_19                                 0        0.000%                0        0.000%
RET_OP_EXEC_COUNT_20                                 0        0.000%                0        0.000%
RET_OP_EXEC_COUNT_21                                 0        0.000%                0        0.000%
RET_OP_EXEC_COUNT_22                                 0        0.000%                0        0.000%
RET_OP_EXEC_COUNT_23                                 0        0.000%                0        0.000%
RET_OP_EXEC_COUNT_24                                 0        0.000%                0        0.000%
RET_OP_EXEC_COUNT_25                                 0        0.000%                0        0.000%
RET_OP_EXEC_COUNT_26                                 0        0.000%                0        0.000%
RET_OP_EXEC_COUNT_27                                 0        0.000%                0        0.000%
RET_OP_EXEC_COUNT_28                                 0        0.000%                0        0.000%
RET_OP_EXEC_COUNT_29                                 0        0.000%                0        0.000%
RET_OP_EXEC_COUNT_30                                 0        0.000%                0        0.000%
RET_OP_EXEC_COUNT_31                                 0        0.000%                0        0.000%
RET_OP_EXEC_COUNT_32                                 0        0.000%                0        0.000%
                                              11371087      100.000%         22729224      100.000%
                                                  1.00         0.00              1.00         0.00

RET_STALL_LENGTH_0                            11371056      100.000%         22728953       99.999%
RET_STALL_LENGTH_100                                23        0.000%              232        0.001%
RET_STALL_LENGTH_200                                 6        0.000%               19        0.000%
RET_STALL_LENGTH_300                                 0        0.000%                5        0.000%
RET_STALL_LENGTH_400                                 1        0.000%                2        0.000%
RET_STALL_LENGTH_500                                 0        0.000%                0        0.000%
RET_STALL_LENGTH_600                                 0        0.000%                0        0.000%
RET_STALL_LENGTH_700                                 1        0.000%                3        0.000%
RET_STALL_LENGTH_800                                 0        0.000%                1        0.000%
RET_STALL_LENGTH_900                                 0        0.000%                3        0.000%
RET_STALL_LENGTH_1000                                0        0.000%                2        0.000%
RET_STALL_LENGTH_1100                                0        0.000%                2        0.000%
RET_STALL_LENGTH_1200                                0        0.000%                1        0.000%
RET_STALL_LENGTH_1300                                0        0.000%                1        0.000%
RET_STALL_LENGTH_1400                                0        0.000%                0        0.000%
RET_STALL_LENGTH_1500                                0        0.000%                0        0.000%
RET_STALL_LENGTH_1600                                0        0.000%                0        0.000%
RET_STALL_LENGTH_1700                                0        0.000%                0        0.000%
RET_STALL_LENGTH_1800                                0        0.000%                0        0.000%
RET_STALL_LENGTH_1900                                0        0.000%                0        0.000%
RET_STALL_LENGTH_2000                                0        0.000%                0        0.000%
RET_STALL_LENGTH_2100                                0        0.000%                0        0.000%
RET_STALL_LENGTH_2200                                0        0.000%                0        0.000%
RET_STALL_LENGTH_2300                                0        0.000%                0        0.000%
RET_STALL_LENGTH_2400                                0        0.000%                0        0.000%
RET_STALL_LENGTH_2500                                0        0.000%                0        0.000%
RET_STALL_LENGTH_2600                                0        0.000%                0        0.000%
RET_STALL_LENGTH_2700                                0        0.000%                0        0.000%
RET_STALL_LENGTH_2800                                0        0.000%                0        0.000%
RET_STALL_LENGTH_2900                                0        0.000%                0        0.000%
RET_STALL_LENGTH_3000                                0        0.000%                0        0.000%
RET_STALL_LENGTH_3100                                0        0.000%                0        0.000%
RET_STALL_LENGTH_3200                                0        0.000%                0        0.000%
RET_STALL_LENGTH_3300                                0        0.000%                0        0.000%
RET_STALL_LENGTH_3400                                0        0.000%                0        0.000%
RET_STALL_LENGTH_3500                                0        0.000%                0        0.000%
RET_STALL_LENGTH_3600                                0        0.000%                0        0.000%
RET_STALL_LENGTH_3700                                0        0.000%                0        0.000%
RET_STALL_LENGTH_3800                                0        0.000%                0        0.000%
RET_STALL_LENGTH_3900                                0        0.000%                0        0.000%
RET_STALL_LENGTH_4000                                0        0.000%                0        0.000%
RET_STALL_LENGTH_4100                                0        0.000%                0        0.000%
RET_STALL_LENGTH_4200                                0        0.000%                0        0.000%
RET_STALL_LENGTH_4300                                0        0.000%                0        0.000%
RET_STALL_LENGTH_4400                                0        0.000%                0        0.000%
RET_STALL_LENGTH_4500                                0        0.000%                0        0.000%
RET_STALL_LENGTH_4600                                0        0.000%                0        0.000%
RET_STALL_LENGTH_4700                                0        0.000%                0        0.000%
RET_STALL_LENGTH_4800                                0        0.000%                0        0.000%
RET_STALL_LENGTH_4900                                0        0.000%                0        0.000%
RET_STALL_LENGTH_5000                                0        0.000%                0        0.000%
                                              11371087      100.000%         22729224      100.000%
                                                  0.00         0.00              0.00         0.01

MEM_BLOCK_LENGTH_0                                 248       98.413%              445       96.950%
MEM_BLOCK_LENGTH_100                                 4        1.587%                9        1.961%
MEM_BLOCK_LENGTH_200                                 0        0.000%                2        0.436%
MEM_BLOCK_LENGTH_300                                 0        0.000%                1        0.218%
MEM_BLOCK_LENGTH_400                                 0        0.000%                2        0.436%
MEM_BLOCK_LENGTH_500                                 0        0.000%                0        0.000%
MEM_BLOCK_LENGTH_600                                 0        0.000%                0        0.000%
MEM_BLOCK_LENGTH_700                                 0        0.000%                0        0.000%
MEM_BLOCK_LENGTH_800                                 0        0.000%                0        0.000%
MEM_BLOCK_LENGTH_900                                 0        0.000%                0        0.000%
MEM_BLOCK_LENGTH_1000                                0        0.000%                0        0.000%
MEM_BLOCK_LENGTH_1100                                0        0.000%                0        0.000%
MEM_BLOCK_LENGTH_1200                                0        0.000%                0        0.000%
MEM_BLOCK_LENGTH_1300                                0        0.000%                0        0.000%
MEM_BLOCK_LENGTH_1400                                0        0.000%                0        0.000%
MEM_BLOCK_LENGTH_1500                                0        0.000%                0        0.000%
MEM_BLOCK_LENGTH_1600                                0        0.000%                0        0.000%
MEM_BLOCK_LENGTH_1700                                0        0.000%                0        0.000%
MEM_BLOCK_LENGTH_1800                                0        0.000%                0        0.000%
MEM_BLOCK_LENGTH_1900                                0        0.000%                0        0.000%
MEM_BLOCK_LENGTH_2000                                0        0.000%                0        0.000%
MEM_BLOCK_LENGTH_2100                                0        0.000%                0        0.000%
MEM_BLOCK_LENGTH_2200                                0        0.000%                0        0.000%
MEM_BLOCK_LENGTH_2300                                0        0.000%                0        0.000%
MEM_BLOCK_LENGTH_2400                                0        0.000%                0        0.000%
MEM_BLOCK_LENGTH_2500                                0        0.000%                0        0.000%
MEM_BLOCK_LENGTH_2600                                0        0.000%                0        0.000%
MEM_BLOCK_LENGTH_2700                                0        0.000%                0        0.000%
MEM_BLOCK_LENGTH_2800                                0        0.000%                0        0.000%
MEM_BLOCK_LENGTH_2900                                0        0.000%                0        0.000%
MEM_BLOCK_LENGTH_3000                                0        0.000%                0        0.000%
MEM_BLOCK_LENGTH_3100                                0        0.000%                0        0.000%
MEM_BLOCK_LENGTH_3200                                0        0.000%                0        0.000%
MEM_BLOCK_LENGTH_3300                                0        0.000%                0        0.000%
MEM_BLOCK_LENGTH_3400                                0        0.000%                0        0.000%
MEM_BLOCK_LENGTH_3500                                0        0.000%                0        0.000%
MEM_BLOCK_LENGTH_3600                                0        0.000%                0        0.000%
MEM_BLOCK_LENGTH_3700                                0        0.000%                0        0.000%
MEM_BLOCK_LENGTH_3800                                0        0.000%                0        0.000%
MEM_BLOCK_LENGTH_3900                                0        0.000%                0        0.000%
MEM_BLOCK_LENGTH_4000                                0        0.000%                0        0.000%
MEM_BLOCK_LENGTH_4100                                0        0.000%                0        0.000%
MEM_BLOCK_LENGTH_4200                                0        0.000%                0        0.000%
MEM_BLOCK_LENGTH_4300                                0        0.000%                0        0.000%
MEM_BLOCK_LENGTH_4400                                0        0.000%                0        0.000%
MEM_BLOCK_LENGTH_4500                                0        0.000%                0        0.000%
MEM_BLOCK_LENGTH_4600                                0        0.000%                0        0.000%
MEM_BLOCK_LENGTH_4700                                0        0.000%                0        0.000%
MEM_BLOCK_LENGTH_4800                                0        0.000%                0        0.000%
MEM_BLOCK_LENGTH_4900                                0        0.000%                0        0.000%
MEM_BLOCK_LENGTH_5000                                0        0.000%                0        0.000%
                                                   252      100.000%              459      100.000%
                                                  0.02         0.12              0.05         0.35

FUS_BUSY_ON_PATH                              17959315        2.0789         35755558        2.0802

FUS_BUSY_OFF_PATH                               399482        0.0462           804171        0.0468

FU_BUSY_MEM_STALL                               164949        0.0191           327228        0.0190

FUS_EMPTY                                     50750907        5.8748        100945407        5.8730

FU_UNAVAILABLE                                 6417671        0.7429         12687184        0.7381

FU_MEM_UNAVAILABLE                              129372        0.0150           255308        0.0149

FU_REPLAY                                            0        0.0000                0        0.0000

FU_STARVED                                    50727283        5.8721        100895802        5.8701

CHIP_UTILIZATION                                     0        0.0000                0        0.0000

CYCLES_UNDER_MEM_REQ                                 0                              0              

CYCLES_UNDER_NO_MEM_REQ                              0                              0              

CYCLES_UNDER_CRITICAL_MEM_REQ                        0                              0              

CYCLES_UNDER_NONCRITICAL_MEM_REQ                     0                              0              

CHIP_UTILIZATION_UNDER_MEM_REQ                       0          -nan                0          -nan

CHIP_UTILIZATION_UNDER_NO_MEM_REQ                    0          -nan                0          -nan

CHIP_UTILIZATION_UNDER_CRITICAL_MEM_REQ              0          -nan                0          -nan

CHIP_UTILIZATION_UNDER_NONCRITICAL_MEM_REQ             0          -nan                0          -nan

CYCLES_NOT_WAITING_FOR_OFF_CHIP                      0        0.0000                0        0.0000

FUS_BUSY_NOT_WAITING_FOR_OFF_CHIP                    0          -nan                0          -nan

CYCLES_WAITING_FOR_OFF_CHIP                          0        0.0000                0        0.0000

FUS_BUSY_WAITING_FOR_OFF_CHIP                        0          -nan                0          -nan

TOTAL_OFF_CHIP_DELAYS_LEFT                           0                              0              

WRONG_IO_SCHED                                       0                              0              

DVFS_CONFIG_SWITCH                                   0                              0              

MAP_STAGE_RECEIVED_OPS_0                             0        0.000%                0        0.000%
MAP_STAGE_RECEIVED_OPS_1                        347602        9.992%           697667       10.026%
MAP_STAGE_RECEIVED_OPS_2                        449944       12.934%           904863       13.003%
MAP_STAGE_RECEIVED_OPS_3                        608002       17.477%          1216959       17.488%
MAP_STAGE_RECEIVED_OPS_4                       2073226       59.596%          4139280       59.483%
MAP_STAGE_RECEIVED_OPS_5                             0        0.000%                0        0.000%
MAP_STAGE_RECEIVED_OPS_6                             0        0.000%                0        0.000%
MAP_STAGE_RECEIVED_OPS_7                             0        0.000%                0        0.000%
MAP_STAGE_RECEIVED_OPS_8                             0        0.000%                0        0.000%
MAP_STAGE_RECEIVED_OPS_MAX                           0        0.000%                0        0.000%
                                               3478774      100.000%          6958769      100.000%
                                                  3.27         1.03              3.26         1.03

MAP_STAGE_WAIT_FOR_DECODE                            0         -nan%                0         -nan%
MAP_STAGE_CONSUME_DECODE                             0         -nan%                0         -nan%
                                                     0         -nan%                0         -nan%
                                                  -nan         -nan              -nan         -nan

MAP_STAGE_WAIT_FOR_DECODE2                           0         -nan%                0         -nan%
MAP_STAGE_CONSUME_DECODE2                            0         -nan%                0         -nan%
                                                     0         -nan%                0         -nan%
                                                  -nan         -nan              -nan         -nan

FTQ_RECOVER_EXEC                                 11040                          23040              

FTQ_RECOVER_DECODE                                   0                            290              

FTQ_OFFPATH_CYCLES                             1892398                        3788836              

FTQ_CYCLES_OFFPATH                             2044339                        4096223              

FTQ_CYCLES_ONPATH                              6594374                       13091919              

FTQ_FETCHED_INS_OFFPATH                        4004951                        8549577              

FTQ_FETCHED_INS_ONPATH                        11359745                       22705894              

FTQ_BREAK_FULL_FT_ONPATH                       6496946       98.689%         12892146       98.650%
FTQ_BREAK_MAX_CFS_TAKEN_ONPATH                   58207        0.884%           120953        0.926%
FTQ_BREAK_MAX_BYTES_ONPATH                       28100        0.427%            55409        0.424%
FTQ_BREAK_PRED_BR_ONPATH                             0        0.000%                0        0.000%
FTQ_BREAK_BAR_FETCH_ONPATH                           0        0.000%                0        0.000%
                                               6583253      100.000%         13068508      100.000%
                                                  0.02         0.16              0.02         0.16

FTQ_BREAK_FULL_FT_OFFPATH                      1992661       96.949%          3980629       96.628%
FTQ_BREAK_MAX_CFS_TAKEN_OFFPATH                  39571        1.925%            85109        2.066%
FTQ_BREAK_MAX_BYTES_OFFPATH                      23147        1.126%            53815        1.306%
FTQ_BREAK_PRED_BR_OFFPATH                            0        0.000%                0        0.000%
FTQ_BREAK_BAR_FETCH_OFFPATH                          0        0.000%                0        0.000%
                                               2055379      100.000%          4119553      100.000%
                                                  0.04         0.25              0.05         0.26



