/* -*- Mode: c -*- */
####################################################################################################
Core 0
####################################################################################################
Cumulative:        Cycles: 17188142              Instructions: 20000000              IPC: 1.16359

Periodic:          Cycles: 8638713               Instructions: 9999997               IPC: 1.15758

ST_OP_INV                                            0        0.000%                0        0.000%
ST_OP_NOP                                        99930        0.743%           399364        1.469%
ST_OP_CF                                       1637678       12.169%          3301013       12.145%
ST_OP_MOV                                      1163974        8.649%          2329821        8.572%
ST_OP_CMOV                                       31667        0.235%            63392        0.233%
ST_OP_LDA                                       212081        1.576%           426393        1.569%
ST_OP_ILD                                       803775        5.973%          1622894        5.971%
ST_OP_IST                                       224662        1.669%           459425        1.690%
ST_OP_IADD                                      836886        6.219%          1699304        6.252%
ST_OP_IMUL                                         543        0.004%              868        0.003%
ST_OP_IDIV                                           0        0.000%                0        0.000%
ST_OP_ICMP                                     1162610        8.639%          2344201        8.625%
ST_OP_LOGIC                                     359522        2.671%           722415        2.658%
ST_OP_SHIFT                                     198340        1.474%           395290        1.454%
ST_OP_FLD                                      2721370       20.222%          5441816       20.022%
ST_OP_FST                                      1041296        7.737%          2087855        7.682%
ST_OP_FCVT                                      189119        1.405%           375115        1.380%
ST_OP_FADD                                      632117        4.697%          1258505        4.630%
ST_OP_FMUL                                      834515        6.201%          1659698        6.106%
ST_OP_FMA                                       627591        4.663%          1247531        4.590%
ST_OP_FDIV                                      395950        2.942%           782368        2.879%
ST_OP_FCMP                                      284155        2.111%           562029        2.068%
ST_OP_FCMOV                                          0        0.000%                0        0.000%
ST_OP_GATHER                                         0        0.000%                0        0.000%
ST_OP_SCATTER                                        0        0.000%                0        0.000%
ST_OP_PIPELINED_FAST                                 6        0.000%                9        0.000%
ST_OP_PIPELINED_MEDIUM                               0        0.000%                0        0.000%
ST_OP_PIPELINED_SLOW                                 0        0.000%                0        0.000%
ST_OP_NOTPIPELINED_MEDIUM                            0        0.000%                0        0.000%
ST_OP_NOTPIPELINED_SLOW                              0        0.000%                0        0.000%
ST_OP_NOTPIPELINED_VERY_SLOW                         0        0.000%                0        0.000%
                                              13457787      100.000%         27179306      100.000%
                                                 11.08         5.90             10.98         5.94

ST_NOT_CF                                     11820109       87.831%         23878293       87.855%
ST_CF_BR                                         98785        0.734%           199338        0.733%
ST_CF_CBR                                      1281094        9.519%          2587821        9.521%
ST_CF_CALL                                       85965        0.639%           171510        0.631%
ST_CF_IBR                                        85002        0.632%           169142        0.622%
ST_CF_ICALL                                          0        0.000%                0        0.000%
ST_CF_ICO                                            0        0.000%                0        0.000%
ST_CF_RET                                        86832        0.645%           173202        0.637%
ST_CF_SYS                                            0        0.000%                0        0.000%
                                              13457787      100.000%         27179306      100.000%
                                                  0.29         0.84              0.29         0.84

ST_BAR_NONE                                   13457787      100.000%         27179306      100.000%
ST_BAR_FETCH                                         0        0.000%                0        0.000%
ST_BAR_ISSUE                                         0        0.000%                0        0.000%
ST_BAR_BOTH                                          0        0.000%                0        0.000%
                                              13457787      100.000%         27179306      100.000%
                                                  0.00         0.00              0.00         0.00

ST_NOT_MEM                                     8666684       64.399%         17567316       64.635%
ST_MEM_LD                                      3525145       26.194%          7064710       25.993%
ST_MEM_ST                                      1265958        9.407%          2547280        9.372%
ST_MEM_PF                                            0        0.000%                0        0.000%
ST_MEM_WH                                            0        0.000%                0        0.000%
ST_MEM_EVICT                                         0        0.000%                0        0.000%
                                              13457787      100.000%         27179306      100.000%
                                                  0.45         0.55              0.45         0.55

ST_NOT_MEM_OFFPATH                             1315912       69.008%          2850502       69.931%
ST_MEM_LD_OFFPATH                               393252       20.622%           816714       20.036%
ST_MEM_ST_OFFPATH                               197745       10.370%           408949       10.033%
ST_MEM_PF_OFFPATH                                    0        0.000%                0        0.000%
ST_MEM_WH_OFFPATH                                    0        0.000%                0        0.000%
ST_MEM_EVIC_OFFPATHT                                 0        0.000%                0        0.000%
                                               1906909      100.000%          4076165      100.000%
                                                  0.41         0.58              0.40         0.57

ST_OP_ONPATH                                  13457787                       27179306              

ST_OP_OFFPATH                                  1906909                        4076165              

ST_FAKE_OP_OFFPATH                                 296        0.016%           161360        3.959%
ST_NOT_FAKE_OP_OFFPATH                         1906613       99.984%          3914805       96.041%
                                               1906909      100.000%          4076165      100.000%
                                                  1.00         1.00              0.96         0.94

ST_FAKE_REASON_NOT_FAKE                        1906613       99.984%          3914805       96.041%
ST_FAKE_REASON_REDIRECT_TO_NOT_INSTRUMENTED           296        0.016%           161360        3.959%
ST_FAKE_REASON_RETURN_TO_NOT_INSTRUMENTED             0        0.000%                0        0.000%
ST_FAKE_REASON_NONRET_CF_TO_NOT_INSTRUMENTED             0        0.000%                0        0.000%
ST_FAKE_REASON_NOT_TAKEN_TO_NOT_INSTRUMENTED             0        0.000%                0        0.000%
ST_FAKE_REASON_WRONG_PATH_STORE_TO_NEW_REGION             0        0.000%                0        0.000%
                                               1906909      100.000%          4076165      100.000%
                                                  0.00         0.01              0.04         0.19

ST_INST_ONPATH                                11883310                       24028829              

ST_INST_OFFPATH                                1765996                        3777804              

STATIC_PIN_NOP                                       0                              0              

DYNAMIC_PIN_REP_GREATER_256                          0                              0              

INST_MAP_UPDATE_JITTED                          247512       10.742%           495031       10.727%
INST_MAP_UPDATE_NPC_INV                              0        0.000%                0        0.000%
INST_MAP_UPDATE_NPC_NOP                              0        0.000%                0        0.000%
INST_MAP_UPDATE_NPC_CF                               0        0.000%                0        0.000%
INST_MAP_UPDATE_NPC_MOV                              0        0.000%                0        0.000%
INST_MAP_UPDATE_NPC_CMOV                             0        0.000%                0        0.000%
INST_MAP_UPDATE_NPC_LDA                              0        0.000%                0        0.000%
INST_MAP_UPDATE_NPC_IMEM                             0        0.000%                0        0.000%
INST_MAP_UPDATE_NPC_IADD                             0        0.000%                0        0.000%
INST_MAP_UPDATE_NPC_IMUL                          1428        0.062%             2804        0.061%
INST_MAP_UPDATE_NPC_IDIV                             0        0.000%                0        0.000%
INST_MAP_UPDATE_NPC_ICMP                             0        0.000%                0        0.000%
INST_MAP_UPDATE_NPC_LOGIC                            0        0.000%                0        0.000%
INST_MAP_UPDATE_NPC_SHIFT                            0        0.000%                0        0.000%
INST_MAP_UPDATE_NPC_FMEM                             0        0.000%                0        0.000%
INST_MAP_UPDATE_NPC_FCVT                             0        0.000%                0        0.000%
INST_MAP_UPDATE_NPC_FADD                             0        0.000%                0        0.000%
INST_MAP_UPDATE_NPC_FMUL                             0        0.000%                0        0.000%
INST_MAP_UPDATE_NPC_FMA                              0        0.000%                0        0.000%
INST_MAP_UPDATE_NPC_FDIV                             0        0.000%                0        0.000%
INST_MAP_UPDATE_NPC_FCMP                             0        0.000%                0        0.000%
INST_MAP_UPDATE_NPC_FCMOV                            0        0.000%                0        0.000%
INST_MAP_UPDATE_NPC_GATHER                           0        0.000%                0        0.000%
INST_MAP_UPDATE_NPC_SCATTER                          0        0.000%                0        0.000%
INST_MAP_UPDATE_NPC_PIPELINED_FAST                   0        0.000%                0        0.000%
INST_MAP_UPDATE_NPC_PIPELINED_MEDIUM                 0        0.000%                0        0.000%
INST_MAP_UPDATE_NPC_PIPELINED_SLOW                   0        0.000%                0        0.000%
INST_MAP_UPDATE_NPC_NOTPIPELINED_MEDIUM              0        0.000%                0        0.000%
INST_MAP_UPDATE_NPC_NOTPIPELINED_SLOW                0        0.000%                0        0.000%
INST_MAP_UPDATE_NPC_NOTPIPELINED_VERY_SLOW             0        0.000%                0        0.000%
INST_MAP_UPDATE_MEM_INV                              0        0.000%                0        0.000%
INST_MAP_UPDATE_MEM_NOP                              0        0.000%                0        0.000%
INST_MAP_UPDATE_MEM_CF                               0        0.000%                0        0.000%
INST_MAP_UPDATE_MEM_MOV                        1658803       71.991%          3325256       72.056%
INST_MAP_UPDATE_MEM_CMOV                             0        0.000%                0        0.000%
INST_MAP_UPDATE_MEM_LDA                              0        0.000%                0        0.000%
INST_MAP_UPDATE_MEM_IMEM                             0        0.000%                0        0.000%
INST_MAP_UPDATE_MEM_IADD                             0        0.000%                0        0.000%
INST_MAP_UPDATE_MEM_IMUL                         42518        1.845%            83988        1.820%
INST_MAP_UPDATE_MEM_IDIV                             0        0.000%                0        0.000%
INST_MAP_UPDATE_MEM_ICMP                             0        0.000%                0        0.000%
INST_MAP_UPDATE_MEM_LOGIC                        12372        0.537%            24747        0.536%
INST_MAP_UPDATE_MEM_SHIFT                          335        0.015%              671        0.015%
INST_MAP_UPDATE_MEM_FMEM                             0        0.000%                0        0.000%
INST_MAP_UPDATE_MEM_FCVT                             0        0.000%                0        0.000%
INST_MAP_UPDATE_MEM_FADD                             0        0.000%                0        0.000%
INST_MAP_UPDATE_MEM_FMUL                           357        0.015%              610        0.013%
INST_MAP_UPDATE_MEM_FMA                         100911        4.379%           204298        4.427%
INST_MAP_UPDATE_MEM_FDIV                         87561        3.800%           171643        3.719%
INST_MAP_UPDATE_MEM_FCMP                         51114        2.218%           102283        2.216%
INST_MAP_UPDATE_MEM_FCMOV                        71265        3.093%           143596        3.112%
INST_MAP_UPDATE_MEM_GATHER                       29279        1.271%            58487        1.267%
INST_MAP_UPDATE_MEM_SCATTER                          0        0.000%                0        0.000%
INST_MAP_UPDATE_MEM_PIPELINED_FAST                   0        0.000%                0        0.000%
INST_MAP_UPDATE_MEM_PIPELINED_MEDIUM                 0        0.000%                0        0.000%
INST_MAP_UPDATE_MEM_PIPELINED_SLOW                 715        0.031%             1422        0.031%
INST_MAP_UPDATE_MEM_NOTPIPELINED_MEDIUM              0        0.000%                0        0.000%
INST_MAP_UPDATE_MEM_NOTPIPELINED_SLOW                0        0.000%                0        0.000%
INST_MAP_UPDATE_MEM_NOTPIPELINED_VERY_SLOW             0        0.000%                0        0.000%
                                               2304170      100.000%          4614836      100.000%
                                                 31.88         6.62             31.88         6.61



