Scarab gitrev: 3541854
Scarab started at Thu Oct 24 17:56:37 2024

Initialized Ramulator. 
** Heartbeat:   5% -- { 1000001 } -- 0.00 KIPS (30.30 KIPS)
** Heartbeat:  10% -- { 2000001 } -- 28.57 KIPS (29.41 KIPS)
** Heartbeat:  15% -- { 3000004 } -- 34.48 KIPS (30.93 KIPS)
** Heartbeat:  20% -- { 4000006 } -- 34.48 KIPS (31.75 KIPS)
** Heartbeat:  25% -- { 5000009 } -- 40.00 KIPS (33.11 KIPS)
** Heartbeat:  30% -- { 6000011 } -- 34.48 KIPS (33.33 KIPS)
** Heartbeat:  35% -- { 7000014 } -- 37.04 KIPS (33.82 KIPS)
** Heartbeat:  40% -- { 8000015 } -- 35.71 KIPS (34.04 KIPS)
** Heartbeat:  45% -- { 9000019 } -- 37.04 KIPS (34.35 KIPS)
** Heartbeat:  50% -- { 10000022 } -- 40.00 KIPS (34.84 KIPS)
** Heartbeat:  55% -- { 11000022 } -- 41.67 KIPS (35.37 KIPS)
** Heartbeat:  60% -- { 12000025 } -- 37.04 KIPS (35.50 KIPS)
** Heartbeat:  65% -- { 13000028 } -- 41.67 KIPS (35.91 KIPS)
** Heartbeat:  70% -- { 14000032 } -- 37.04 KIPS (35.99 KIPS)
** Heartbeat:  75% -- { 15000035 } -- 35.71 KIPS (35.97 KIPS)
** Heartbeat:  80% -- { 16000038 } -- 38.46 KIPS (36.12 KIPS)
** Heartbeat:  85% -- { 17000038 } -- 37.04 KIPS (36.17 KIPS)
** Heartbeat:  90% -- { 18000043 } -- 38.46 KIPS (36.29 KIPS)
** Heartbeat:  95% -- { 19000047 } -- 40.00 KIPS (36.47 KIPS)
Warning could not fetch inst from frontend
Warning could not fetch inst from frontend
Warning could not fetch inst from frontend
Warning could not fetch inst from frontend
Warning could not fetch inst from frontend
Warning could not fetch inst from frontend
Warning could not fetch inst from frontend
Warning could not fetch inst from frontend
Warning could not fetch inst from frontend
Warning could not fetch inst from frontend
Warning could not fetch inst from frontend
Warning could not fetch inst from frontend
Warning could not fetch inst from frontend
Warning could not fetch inst from frontend
Warning could not fetch inst from frontend
Warning could not fetch inst from frontend
Warning could not fetch inst from frontend
Warning could not fetch inst from frontend
Warning could not fetch inst from frontend
Warning could not fetch inst from frontend
Warning could not fetch inst from frontend
Warning could not fetch inst from frontend
** Core 0 Finished:    insts:20000000    cycles:21708401    time:6783875312500       -- 0.92 IPC (0.92 IPC) --  N/A  KIPS (36.43 KIPS)
Scarab finished at Thu Oct 24 18:05:46 2024

