Scarab gitrev: 3541854
Scarab started at Mon Oct 28 23:41:29 2024

Initialized Ramulator. 
** Heartbeat:   5% -- { 1000004 } -- 0.00 KIPS (41.67 KIPS)
** Heartbeat:  10% -- { 2000007 } -- 43.48 KIPS (42.55 KIPS)
** Heartbeat:  15% -- { 3000010 } -- 50.00 KIPS (44.78 KIPS)
** Heartbeat:  20% -- { 4000011 } -- 71.43 KIPS (49.38 KIPS)
** Heartbeat:  25% -- { 5000011 } -- 40.00 KIPS (47.17 KIPS)
** Heartbeat:  30% -- { 6000011 } -- 37.04 KIPS (45.11 KIPS)
** Heartbeat:  35% -- { 7000011 } -- 47.62 KIPS (45.45 KIPS)
** Heartbeat:  40% -- { 8000014 } -- 52.63 KIPS (46.24 KIPS)
** Heartbeat:  45% -- { 9000015 } -- 62.50 KIPS (47.62 KIPS)
** Heartbeat:  50% -- { 10000015 } -- 43.48 KIPS (47.17 KIPS)
** Heartbeat:  55% -- { 11000020 } -- 31.25 KIPS (45.08 KIPS)
** Heartbeat:  60% -- { 12000022 } -- 43.48 KIPS (44.94 KIPS)
** Heartbeat:  65% -- { 13000022 } -- 52.63 KIPS (45.45 KIPS)
** Heartbeat:  70% -- { 14000024 } -- 76.92 KIPS (46.82 KIPS)
** Heartbeat:  75% -- { 15000029 } -- 50.00 KIPS (47.02 KIPS)
** Heartbeat:  80% -- { 16000033 } -- 32.26 KIPS (45.71 KIPS)
** Heartbeat:  85% -- { 17000037 } -- 50.00 KIPS (45.95 KIPS)
** Heartbeat:  90% -- { 18000037 } -- 50.00 KIPS (46.15 KIPS)
** Heartbeat:  95% -- { 19000037 } -- 76.92 KIPS (47.15 KIPS)
** Core 0 Finished:    insts:20000000    cycles:14717545    time:4599232812500       -- 1.36 IPC (1.36 IPC) --  N/A  KIPS (47.28 KIPS)
Scarab finished at Mon Oct 28 23:48:32 2024

