/* -*- Mode: c -*- */
####################################################################################################
Core 0
####################################################################################################
Cumulative:        Cycles: 7997741               Instructions: 20000000              IPC: 2.50071

Periodic:          Cycles: 3907918               Instructions: 10000000              IPC: 2.55891

EXECUTION_TIME                           1221224375000                  2499294062500              

NODE_CYCLE                                     3907918                        7997741              

NODE_INST_COUNT                               10000000                       20000000              

NODE_INST_COUNT_FETCHED                       10000000                       20000000              

NODE_UOP_COUNT                                12112395                       24244625              

FULL_WINDOW_STALL                               489790       12.533%          1069154       13.368%

FULL_WINDOW_MEM_OP                              412156       97.499%           911121       97.653%
FULL_WINDOW_FP_OP                                    0        0.000%                0        0.000%
FULL_WINDOW_OTHER_OP                             10572        2.501%            21899        2.347%
                                                422728      100.000%           933020      100.000%
                                                  0.05         0.31              0.05         0.30

RET_BLOCKED_DC_MISS                             489352       12.522%          1082186       13.531%

RET_BLOCKED_L1_MISS                             345823        8.849%           770392        9.633%

RET_BLOCKED_L1_MISS_BW_PREF                         47        0.001%               56        0.001%

RET_BLOCKED_L1_ACCESS                           143832        3.681%           312719        3.910%

RET_BLOCKED_MEM_STALL                           345823        8.849%           770392        9.633%

RET_BLOCKED_OFFCHIP_DEMAND                           0        0.000%                0        0.000%

OP_ISSUED                                     17652330                       35540555              

OP_RETIRED                                    12112395                       24244625              

REPLAY_SIGNALED                                      0                              0              

REPLAY_COUNTED                                       0                              0              

OFF_CRITICAL_PATH                                    0         -nan%                0         -nan%
ON_CRITICAL_PATH                                     0         -nan%                0         -nan%
                                                     0         -nan%                0         -nan%
                                                  -nan         -nan              -nan         -nan

LD_NO_DEPENDENTS                                108817        4.359%           219573        4.394%
LD_DEPENDENTS                                  2387523       95.641%          4777426       95.606%
                                               2496340      100.000%          4996999      100.000%
                                                  0.96         0.94              0.96         0.94

LD_EXEC_CYCLES_0                                     0        0.000%                0        0.000%
LD_EXEC_CYCLES_1                                     0        0.000%                0        0.000%
LD_EXEC_CYCLES_2                                     0        0.000%                0        0.000%
LD_EXEC_CYCLES_3                                    36       48.649%               66       46.809%
LD_EXEC_CYCLES_4                                    38       51.351%               75       53.191%
                                                    74      100.000%              141      100.000%
                                                  3.51         2.58              3.53         2.63

ICACHE_STAGE_STARVED                             26223        1.328%            74226        1.871%
ICACHE_STAGE_NOT_STARVED                       1948938       98.672%          3892748       98.129%
                                               1975161      100.000%          3966974      100.000%
                                                  0.99         0.98              0.98         0.97

ICACHE_STAGE_STALLED                            178432        4.566%           398952        4.988%
ICACHE_STAGE_NOT_STALLED                       1962567       50.220%          3930950       49.151%
ICACHE_STAGE_OFF_PATH                          1766919       45.214%          3667839       45.861%
                                               3907918      100.000%          7997741      100.000%
                                                  1.41         1.07              1.41         1.07

DECODE_STAGE_STARVED                           2056884       75.487%          4110337       74.675%
DECODE_STAGE_NOT_STARVED                        667931       24.513%          1393954       25.325%
                                               2724815      100.000%          5504291      100.000%
                                                  0.25         0.39              0.25         0.40

DECODE_STAGE_STALLED                            157496        4.030%           355624        4.447%
DECODE_STAGE_NOT_STALLED                       2567319       65.695%          5148667       64.377%
DECODE_STAGE_OFF_PATH                          1183103       30.275%          2493450       31.177%
                                               3907918      100.000%          7997741      100.000%
                                                  1.26         0.83              1.27         0.85

UOPQ_STAGE_STARVED                             1231549       51.874%          2545028       52.878%
UOPQ_STAGE_NOT_STARVED                         1142552       48.126%          2268025       47.122%
                                               2374101      100.000%          4813053      100.000%
                                                  0.48         0.49              0.47         0.49

UOPQ_STAGE_STALLED                              137777        3.526%           298185        3.728%
UOPQ_STAGE_NOT_STALLED                         2374101       60.751%          4813053       60.180%
UOPQ_STAGE_OFF_PATH                            1396040       35.723%          2886503       36.091%
                                               3907918      100.000%          7997741      100.000%
                                                  1.32         0.92              1.32         0.93

MAP_STAGE_STARVED                               329318       12.763%           700584       13.376%
MAP_STAGE_NOT_STARVED                          2250981       87.237%          4537042       86.624%
                                               2580299      100.000%          5237626      100.000%
                                                  0.87         0.82              0.87         0.82

MAP_STAGE_STALLED                               229659        5.877%           493495        6.170%
MAP_STAGE_NOT_STALLED                          2350640       60.151%          4744131       59.318%
MAP_STAGE_OFF_PATH                             1327619       33.973%          2760115       34.511%
                                               3907918      100.000%          7997741      100.000%
                                                  1.28         0.88              1.28         0.89

EXEC_STAGE_STARVED                             2644267       67.664%          5391310       67.410%
EXEC_STAGE_NOT_STARVED                          439647       11.250%           881093       11.017%
EXEC_STAGE_OFF_PATH                             824004       21.085%          1725338       21.573%
                                               3907918      100.000%          7997741      100.000%
                                                  0.53         0.73              0.54         0.74

FU_BUSY_0                                      3043137                        6132840              

FU_BUSY_1                                      2597870                        5220810              

FU_BUSY_2                                      1596672                        3217200              

FU_BUSY_3                                      1408920                        2836304              

FU_BUSY_4                                      2049524                        4112959              

FU_BUSY_5                                      2117100                        4244331              

FU_BUSY_6                                       854277                        1719645              

FU_BUSY_7                                       883756                        1781423              

FU_BUSY_8                                            0                              0              

FU_BUSY_9                                            0                              0              

FU_BUSY_10                                           0                              0              

FU_BUSY_11                                           0                              0              

FU_BUSY_12                                           0                              0              

FU_BUSY_13                                           0                              0              

FU_BUSY_14                                           0                              0              

FU_BUSY_15                                           0                              0              

FU_BUSY_16                                           0                              0              

FU_BUSY_17                                           0                              0              

FU_BUSY_18                                           0                              0              

FU_BUSY_19                                           0                              0              

FU_BUSY_20                                           0                              0              

FU_BUSY_21                                           0                              0              

FU_BUSY_22                                           0                              0              

FU_BUSY_23                                           0                              0              

FU_BUSY_24                                           0                              0              

FU_BUSY_25                                           0                              0              

FU_BUSY_26                                           0                              0              

FU_BUSY_27                                           0                              0              

FU_BUSY_28                                           0                              0              

FU_BUSY_29                                           0                              0              

FU_BUSY_30                                           0                              0              

FU_BUSY_31                                           0                              0              

FU_REJECTED_OP_INV_NOT_SIMD                          0        0.000%                0        0.000%
FU_REJECTED_OP_NOP_NOT_SIMD                       1902        0.610%             4168        0.656%
FU_REJECTED_OP_CF_NOT_SIMD                        1269        0.407%             2568        0.404%
FU_REJECTED_OP_MOV_NOT_SIMD                       9797        3.144%            21166        3.333%
FU_REJECTED_OP_CMOV_NOT_SIMD                       803        0.258%             2038        0.321%
FU_REJECTED_OP_LDA_NOT_SIMD                       5017        1.610%            10243        1.613%
FU_REJECTED_OP_IMEM_NOT_SIMD                       762        0.245%             1523        0.240%
FU_REJECTED_OP_IADD_NOT_SIMD                    234935       75.396%           472164       74.340%
FU_REJECTED_OP_IMUL_NOT_SIMD                     27114        8.701%            57709        9.086%
FU_REJECTED_OP_IDIV_NOT_SIMD                       282        0.091%              473        0.074%
FU_REJECTED_OP_ICMP_NOT_SIMD                      2060        0.661%             4576        0.720%
FU_REJECTED_OP_LOGIC_NOT_SIMD                     7822        2.510%            16641        2.620%
FU_REJECTED_OP_SHIFT_NOT_SIMD                    11990        3.848%            25601        4.031%
FU_REJECTED_OP_FMEM_NOT_SIMD                      1235        0.396%             2537        0.399%
FU_REJECTED_OP_FCVT_NOT_SIMD                         0        0.000%                0        0.000%
FU_REJECTED_OP_FADD_NOT_SIMD                         0        0.000%                0        0.000%
FU_REJECTED_OP_FMUL_NOT_SIMD                         0        0.000%                0        0.000%
FU_REJECTED_OP_FMA_NOT_SIMD                          0        0.000%                0        0.000%
FU_REJECTED_OP_FDIV_NOT_SIMD                         0        0.000%                0        0.000%
FU_REJECTED_OP_FCMP_NOT_SIMD                         0        0.000%                0        0.000%
FU_REJECTED_OP_FCMOV_NOT_SIMD                        0        0.000%                0        0.000%
FU_REJECTED_OP_GATHER_NOT_SIMD                       0        0.000%                0        0.000%
FU_REJECTED_OP_SCATTER_NOT_SIMD                      0        0.000%                0        0.000%
FU_REJECTED_OP_PIPELINED_FAST_NOT_SIMD               0        0.000%                0        0.000%
FU_REJECTED_OP_PIPELINED_MEDIUM_NOT_SIMD             0        0.000%                0        0.000%
FU_REJECTED_OP_PIPELINED_SLOW_NOT_SIMD               0        0.000%                0        0.000%
FU_REJECTED_OP_NOTPIPELINED_MEDIUM_NOT_SIMD            14        0.004%               26        0.004%
FU_REJECTED_OP_NOTPIPELINED_SLOW_NOT_SIMD             0        0.000%                0        0.000%
FU_REJECTED_OP_NOTPIPELINED_VERY_SLOW_NOT_SIMD             0        0.000%                0        0.000%
FU_REJECTED_OP_INV_SIMD                              0        0.000%                0        0.000%
FU_REJECTED_OP_NOP_SIMD                              0        0.000%                0        0.000%
FU_REJECTED_OP_CF_SIMD                               0        0.000%                0        0.000%
FU_REJECTED_OP_MOV_SIMD                              0        0.000%                0        0.000%
FU_REJECTED_OP_CMOV_SIMD                             0        0.000%                0        0.000%
FU_REJECTED_OP_LDA_SIMD                              0        0.000%                0        0.000%
FU_REJECTED_OP_IMEM_SIMD                             0        0.000%                0        0.000%
FU_REJECTED_OP_IADD_SIMD                             0        0.000%                0        0.000%
FU_REJECTED_OP_IMUL_SIMD                             0        0.000%                0        0.000%
FU_REJECTED_OP_IDIV_SIMD                             0        0.000%                0        0.000%
FU_REJECTED_OP_ICMP_SIMD                             0        0.000%                0        0.000%
FU_REJECTED_OP_LOGIC_SIMD                            0        0.000%                0        0.000%
FU_REJECTED_OP_SHIFT_SIMD                            0        0.000%                0        0.000%
FU_REJECTED_OP_FMEM_SIMD                             0        0.000%                0        0.000%
FU_REJECTED_OP_FCVT_SIMD                             0        0.000%                0        0.000%
FU_REJECTED_OP_FADD_SIMD                          6600        2.118%            13704        2.158%
FU_REJECTED_OP_FMUL_SIMD                             0        0.000%                0        0.000%
FU_REJECTED_OP_FMA_SIMD                              0        0.000%                0        0.000%
FU_REJECTED_OP_FDIV_SIMD                             0        0.000%                0        0.000%
FU_REJECTED_OP_FCMP_SIMD                             0        0.000%                0        0.000%
FU_REJECTED_OP_FCMOV_SIMD                            0        0.000%                0        0.000%
FU_REJECTED_OP_GATHER_SIMD                           0        0.000%                0        0.000%
FU_REJECTED_OP_SCATTER_SIMD                          0        0.000%                0        0.000%
FU_REJECTED_OP_PIPELINED_FAST_SIMD                   0        0.000%                0        0.000%
FU_REJECTED_OP_PIPELINED_MEDIUM_SIMD                 0        0.000%                0        0.000%
FU_REJECTED_OP_PIPELINED_SLOW_SIMD                   0        0.000%                0        0.000%
FU_REJECTED_OP_NOTPIPELINED_MEDIUM_SIMD              0        0.000%                0        0.000%
FU_REJECTED_OP_NOTPIPELINED_SLOW_SIMD                0        0.000%                0        0.000%
FU_REJECTED_OP_NOTPIPELINED_VERY_SLOW_SIMD             0        0.000%                0        0.000%
                                                311602      100.000%           635137      100.000%
                                                  7.98         5.53              8.01         5.59

OP_WAIT_0                                      7778645                       15566957              

OP_WAIT_1                                      1875857                        3777016              

OP_WAIT_2                                       626250                        1252758              

OP_WAIT_3                                       349606                         695716              

OP_WAIT_4                                       248241                         491240              

OP_WAIT_5                                       176612                         350100              

OP_WAIT_6                                       130786                         260299              

OP_WAIT_7                                        93859                         187258              

OP_WAIT_8                                        68998                         138539              

OP_WAIT_9                                        55300                         110976              

OP_WAIT_10                                       46471                          94426              

OP_WAIT_11                                       39548                          79617              

OP_WAIT_12                                       35895                          72023              

OP_WAIT_13                                       31523                          63318              

OP_WAIT_14                                       28556                          58052              

OP_WAIT_15                                       28572                          58100              

OP_WAIT_16                                       26440                          55255              

OP_WAIT_17                                       25948                          53445              

OP_WAIT_18                                       24449                          50986              

OP_WAIT_19                                       23654                          48817              

OP_WAIT_20                                       24230                          48699              

OP_WAIT_21                                       26620                          50489              

OP_WAIT_22                                       26870                          50817              

OP_WAIT_23                                       23984                          45932              

OP_WAIT_24                                       22583                          43443              

OP_WAIT_25                                       22735                          42930              

OP_WAIT_26                                       23302                          43643              

OP_WAIT_27                                       22661                          42771              

OP_WAIT_28                                       20375                          39265              

OP_WAIT_29                                       17263                          33413              

OP_WAIT_30                                       15260                          29982              

OP_WAIT_31                                      151302                         308343              

ROW_SIZE_0                                     1509786                        3163113              

ROW_SIZE_1                                      492758                         989079              

ROW_SIZE_2                                      266528                         538756              

ROW_SIZE_3                                      156500                         314837              

ROW_SIZE_4                                      118786                         238869              

ROW_SIZE_5                                      120417                         235788              

ROW_SIZE_6                                       59225                         118348              

ROW_SIZE_7                                       46513                          93519              

ROW_SIZE_8                                       36273                          72070              

ROW_SIZE_9                                       28983                          57714              

ROW_SIZE_10                                     830788                        1663840              

ROW_SIZE_11                                          0                              0              

ROW_SIZE_12                                          0                              0              

ROW_SIZE_13                                          0                              0              

ROW_SIZE_14                                          0                              0              

ROW_SIZE_15                                          0                              0              

ROW_SIZE_16                                          0                              0              

ROW_SIZE_17                                          0                              0              

ROW_SIZE_18                                          0                              0              

ROW_SIZE_19                                          0                              0              

ROW_SIZE_20                                          0                              0              

ROW_SIZE_21                                          0                              0              

ROW_SIZE_22                                          0                              0              

ROW_SIZE_23                                          0                              0              

ROW_SIZE_24                                          0                              0              

ROW_SIZE_25                                          0                              0              

ROW_SIZE_26                                          0                              0              

ROW_SIZE_27                                          0                              0              

ROW_SIZE_28                                          0                              0              

ROW_SIZE_29                                          0                              0              

ROW_SIZE_30                                          0                              0              

ROW_SIZE_31                                          0                              0              

RET_OP_EXEC_COUNT_0                                  0        0.000%                0        0.000%
RET_OP_EXEC_COUNT_1                           12112395      100.000%         24244625      100.000%
RET_OP_EXEC_COUNT_2                                  0        0.000%                0        0.000%
RET_OP_EXEC_COUNT_3                                  0        0.000%                0        0.000%
RET_OP_EXEC_COUNT_4                                  0        0.000%                0        0.000%
RET_OP_EXEC_COUNT_5                                  0        0.000%                0        0.000%
RET_OP_EXEC_COUNT_6                                  0        0.000%                0        0.000%
RET_OP_EXEC_COUNT_7                                  0        0.000%                0        0.000%
RET_OP_EXEC_COUNT_8                                  0        0.000%                0        0.000%
RET_OP_EXEC_COUNT_9                                  0        0.000%                0        0.000%
RET_OP_EXEC_COUNT_10                                 0        0.000%                0        0.000%
RET_OP_EXEC_COUNT_11                                 0        0.000%                0        0.000%
RET_OP_EXEC_COUNT_12                                 0        0.000%                0        0.000%
RET_OP_EXEC_COUNT_13                                 0        0.000%                0        0.000%
RET_OP_EXEC_COUNT_14                                 0        0.000%                0        0.000%
RET_OP_EXEC_COUNT_15                                 0        0.000%                0        0.000%
RET_OP_EXEC_COUNT_16                                 0        0.000%                0        0.000%
RET_OP_EXEC_COUNT_17                                 0        0.000%                0        0.000%
RET_OP_EXEC_COUNT_18                                 0        0.000%                0        0.000%
RET_OP_EXEC_COUNT_19                                 0        0.000%                0        0.000%
RET_OP_EXEC_COUNT_20                                 0        0.000%                0        0.000%
RET_OP_EXEC_COUNT_21                                 0        0.000%                0        0.000%
RET_OP_EXEC_COUNT_22                                 0        0.000%                0        0.000%
RET_OP_EXEC_COUNT_23                                 0        0.000%                0        0.000%
RET_OP_EXEC_COUNT_24                                 0        0.000%                0        0.000%
RET_OP_EXEC_COUNT_25                                 0        0.000%                0        0.000%
RET_OP_EXEC_COUNT_26                                 0        0.000%                0        0.000%
RET_OP_EXEC_COUNT_27                                 0        0.000%                0        0.000%
RET_OP_EXEC_COUNT_28                                 0        0.000%                0        0.000%
RET_OP_EXEC_COUNT_29                                 0        0.000%                0        0.000%
RET_OP_EXEC_COUNT_30                                 0        0.000%                0        0.000%
RET_OP_EXEC_COUNT_31                                 0        0.000%                0        0.000%
RET_OP_EXEC_COUNT_32                                 0        0.000%                0        0.000%
                                              12112395      100.000%         24244625      100.000%
                                                  1.00         0.00              1.00         0.00

RET_STALL_LENGTH_0                            12109964       99.980%         24239195       99.978%
RET_STALL_LENGTH_100                              2256        0.019%             5027        0.021%
RET_STALL_LENGTH_200                                86        0.001%              211        0.001%
RET_STALL_LENGTH_300                                 4        0.000%               12        0.000%
RET_STALL_LENGTH_400                                 8        0.000%               16        0.000%
RET_STALL_LENGTH_500                                 8        0.000%               14        0.000%
RET_STALL_LENGTH_600                                 8        0.000%               17        0.000%
RET_STALL_LENGTH_700                                 6        0.000%               19        0.000%
RET_STALL_LENGTH_800                                11        0.000%               19        0.000%
RET_STALL_LENGTH_900                                 5        0.000%               17        0.000%
RET_STALL_LENGTH_1000                               12        0.000%               24        0.000%
RET_STALL_LENGTH_1100                               13        0.000%               22        0.000%
RET_STALL_LENGTH_1200                               11        0.000%               26        0.000%
RET_STALL_LENGTH_1300                                3        0.000%                6        0.000%
RET_STALL_LENGTH_1400                                0        0.000%                0        0.000%
RET_STALL_LENGTH_1500                                0        0.000%                0        0.000%
RET_STALL_LENGTH_1600                                0        0.000%                0        0.000%
RET_STALL_LENGTH_1700                                0        0.000%                0        0.000%
RET_STALL_LENGTH_1800                                0        0.000%                0        0.000%
RET_STALL_LENGTH_1900                                0        0.000%                0        0.000%
RET_STALL_LENGTH_2000                                0        0.000%                0        0.000%
RET_STALL_LENGTH_2100                                0        0.000%                0        0.000%
RET_STALL_LENGTH_2200                                0        0.000%                0        0.000%
RET_STALL_LENGTH_2300                                0        0.000%                0        0.000%
RET_STALL_LENGTH_2400                                0        0.000%                0        0.000%
RET_STALL_LENGTH_2500                                0        0.000%                0        0.000%
RET_STALL_LENGTH_2600                                0        0.000%                0        0.000%
RET_STALL_LENGTH_2700                                0        0.000%                0        0.000%
RET_STALL_LENGTH_2800                                0        0.000%                0        0.000%
RET_STALL_LENGTH_2900                                0        0.000%                0        0.000%
RET_STALL_LENGTH_3000                                0        0.000%                0        0.000%
RET_STALL_LENGTH_3100                                0        0.000%                0        0.000%
RET_STALL_LENGTH_3200                                0        0.000%                0        0.000%
RET_STALL_LENGTH_3300                                0        0.000%                0        0.000%
RET_STALL_LENGTH_3400                                0        0.000%                0        0.000%
RET_STALL_LENGTH_3500                                0        0.000%                0        0.000%
RET_STALL_LENGTH_3600                                0        0.000%                0        0.000%
RET_STALL_LENGTH_3700                                0        0.000%                0        0.000%
RET_STALL_LENGTH_3800                                0        0.000%                0        0.000%
RET_STALL_LENGTH_3900                                0        0.000%                0        0.000%
RET_STALL_LENGTH_4000                                0        0.000%                0        0.000%
RET_STALL_LENGTH_4100                                0        0.000%                0        0.000%
RET_STALL_LENGTH_4200                                0        0.000%                0        0.000%
RET_STALL_LENGTH_4300                                0        0.000%                0        0.000%
RET_STALL_LENGTH_4400                                0        0.000%                0        0.000%
RET_STALL_LENGTH_4500                                0        0.000%                0        0.000%
RET_STALL_LENGTH_4600                                0        0.000%                0        0.000%
RET_STALL_LENGTH_4700                                0        0.000%                0        0.000%
RET_STALL_LENGTH_4800                                0        0.000%                0        0.000%
RET_STALL_LENGTH_4900                                0        0.000%                0        0.000%
RET_STALL_LENGTH_5000                                0        0.000%                0        0.000%
                                              12112395      100.000%         24244625      100.000%
                                                  0.00         0.03              0.00         0.03

MEM_BLOCK_LENGTH_0                                   0         -nan%                3      100.000%
MEM_BLOCK_LENGTH_100                                 0         -nan%                0        0.000%
MEM_BLOCK_LENGTH_200                                 0         -nan%                0        0.000%
MEM_BLOCK_LENGTH_300                                 0         -nan%                0        0.000%
MEM_BLOCK_LENGTH_400                                 0         -nan%                0        0.000%
MEM_BLOCK_LENGTH_500                                 0         -nan%                0        0.000%
MEM_BLOCK_LENGTH_600                                 0         -nan%                0        0.000%
MEM_BLOCK_LENGTH_700                                 0         -nan%                0        0.000%
MEM_BLOCK_LENGTH_800                                 0         -nan%                0        0.000%
MEM_BLOCK_LENGTH_900                                 0         -nan%                0        0.000%
MEM_BLOCK_LENGTH_1000                                0         -nan%                0        0.000%
MEM_BLOCK_LENGTH_1100                                0         -nan%                0        0.000%
MEM_BLOCK_LENGTH_1200                                0         -nan%                0        0.000%
MEM_BLOCK_LENGTH_1300                                0         -nan%                0        0.000%
MEM_BLOCK_LENGTH_1400                                0         -nan%                0        0.000%
MEM_BLOCK_LENGTH_1500                                0         -nan%                0        0.000%
MEM_BLOCK_LENGTH_1600                                0         -nan%                0        0.000%
MEM_BLOCK_LENGTH_1700                                0         -nan%                0        0.000%
MEM_BLOCK_LENGTH_1800                                0         -nan%                0        0.000%
MEM_BLOCK_LENGTH_1900                                0         -nan%                0        0.000%
MEM_BLOCK_LENGTH_2000                                0         -nan%                0        0.000%
MEM_BLOCK_LENGTH_2100                                0         -nan%                0        0.000%
MEM_BLOCK_LENGTH_2200                                0         -nan%                0        0.000%
MEM_BLOCK_LENGTH_2300                                0         -nan%                0        0.000%
MEM_BLOCK_LENGTH_2400                                0         -nan%                0        0.000%
MEM_BLOCK_LENGTH_2500                                0         -nan%                0        0.000%
MEM_BLOCK_LENGTH_2600                                0         -nan%                0        0.000%
MEM_BLOCK_LENGTH_2700                                0         -nan%                0        0.000%
MEM_BLOCK_LENGTH_2800                                0         -nan%                0        0.000%
MEM_BLOCK_LENGTH_2900                                0         -nan%                0        0.000%
MEM_BLOCK_LENGTH_3000                                0         -nan%                0        0.000%
MEM_BLOCK_LENGTH_3100                                0         -nan%                0        0.000%
MEM_BLOCK_LENGTH_3200                                0         -nan%                0        0.000%
MEM_BLOCK_LENGTH_3300                                0         -nan%                0        0.000%
MEM_BLOCK_LENGTH_3400                                0         -nan%                0        0.000%
MEM_BLOCK_LENGTH_3500                                0         -nan%                0        0.000%
MEM_BLOCK_LENGTH_3600                                0         -nan%                0        0.000%
MEM_BLOCK_LENGTH_3700                                0         -nan%                0        0.000%
MEM_BLOCK_LENGTH_3800                                0         -nan%                0        0.000%
MEM_BLOCK_LENGTH_3900                                0         -nan%                0        0.000%
MEM_BLOCK_LENGTH_4000                                0         -nan%                0        0.000%
MEM_BLOCK_LENGTH_4100                                0         -nan%                0        0.000%
MEM_BLOCK_LENGTH_4200                                0         -nan%                0        0.000%
MEM_BLOCK_LENGTH_4300                                0         -nan%                0        0.000%
MEM_BLOCK_LENGTH_4400                                0         -nan%                0        0.000%
MEM_BLOCK_LENGTH_4500                                0         -nan%                0        0.000%
MEM_BLOCK_LENGTH_4600                                0         -nan%                0        0.000%
MEM_BLOCK_LENGTH_4700                                0         -nan%                0        0.000%
MEM_BLOCK_LENGTH_4800                                0         -nan%                0        0.000%
MEM_BLOCK_LENGTH_4900                                0         -nan%                0        0.000%
MEM_BLOCK_LENGTH_5000                                0         -nan%                0        0.000%
                                                     0         -nan%                3      100.000%
                                                  -nan         -nan              0.00         0.00

FUS_BUSY_ON_PATH                              12526690        3.2055         25085416        3.1366

FUS_BUSY_OFF_PATH                              2024566        0.5181          4180096        0.5227

FU_BUSY_MEM_STALL                               351328        0.0899           703817        0.0880

FUS_EMPTY                                     16712088        4.2765         34716416        4.3408

FU_UNAVAILABLE                                   70433        0.0180           150018        0.0188

FU_MEM_UNAVAILABLE                              241169        0.0617           485119        0.0607

FU_REPLAY                                            0        0.0000                0        0.0000

FU_STARVED                                    16523127        4.2281         34324007        4.2917

CHIP_UTILIZATION                                     0        0.0000                0        0.0000

CYCLES_UNDER_MEM_REQ                                 0                              0              

CYCLES_UNDER_NO_MEM_REQ                              0                              0              

CYCLES_UNDER_CRITICAL_MEM_REQ                        0                              0              

CYCLES_UNDER_NONCRITICAL_MEM_REQ                     0                              0              

CHIP_UTILIZATION_UNDER_MEM_REQ                       0          -nan                0          -nan

CHIP_UTILIZATION_UNDER_NO_MEM_REQ                    0          -nan                0          -nan

CHIP_UTILIZATION_UNDER_CRITICAL_MEM_REQ              0          -nan                0          -nan

CHIP_UTILIZATION_UNDER_NONCRITICAL_MEM_REQ             0          -nan                0          -nan

CYCLES_NOT_WAITING_FOR_OFF_CHIP                      0        0.0000                0        0.0000

FUS_BUSY_NOT_WAITING_FOR_OFF_CHIP                    0          -nan                0          -nan

CYCLES_WAITING_FOR_OFF_CHIP                          0        0.0000                0        0.0000

FUS_BUSY_WAITING_FOR_OFF_CHIP                        0          -nan                0          -nan

TOTAL_OFF_CHIP_DELAYS_LEFT                           0                              0              

WRONG_IO_SCHED                                       0                              0              

DVFS_CONFIG_SWITCH                                   0                              0              

MAP_STAGE_RECEIVED_OPS_0                             0        0.000%                0        0.000%
MAP_STAGE_RECEIVED_OPS_1                        119648        7.540%           241681        7.598%
MAP_STAGE_RECEIVED_OPS_2                        108446        6.834%           215153        6.764%
MAP_STAGE_RECEIVED_OPS_3                        315305       19.870%           618699       19.449%
MAP_STAGE_RECEIVED_OPS_4                        216249       13.628%           432395       13.593%
MAP_STAGE_RECEIVED_OPS_5                        195395       12.314%           391608       12.311%
MAP_STAGE_RECEIVED_OPS_6                        138812        8.748%           281359        8.845%
MAP_STAGE_RECEIVED_OPS_7                         71292        4.493%           143507        4.511%
MAP_STAGE_RECEIVED_OPS_8                        109081        6.874%           218957        6.883%
MAP_STAGE_RECEIVED_OPS_MAX                      312573       19.698%           637699       20.047%
                                               1586801      100.000%          3181058      100.000%
                                                  5.13         3.46              5.16         3.48

MAP_STAGE_WAIT_FOR_DECODE                       388059      100.000%           765662      100.000%
MAP_STAGE_CONSUME_DECODE                             0        0.000%                0        0.000%
                                                388059      100.000%           765662      100.000%
                                                  0.00         0.00              0.00         0.00

MAP_STAGE_WAIT_FOR_DECODE2                           0         -nan%                0         -nan%
MAP_STAGE_CONSUME_DECODE2                            0         -nan%                0         -nan%
                                                     0         -nan%                0         -nan%
                                                  -nan         -nan              -nan         -nan

FTQ_RECOVER_EXEC                                 46717                          97329              

FTQ_RECOVER_DECODE                                 192                            953              

FTQ_OFFPATH_CYCLES                             1640575                        3327176              

FTQ_CYCLES_OFFPATH                             2646215                        5448416              

FTQ_CYCLES_ONPATH                              1261703                        2549325              

FTQ_FETCHED_INS_OFFPATH                       21940850                       45749259              

FTQ_FETCHED_INS_ONPATH                        12064969                       24146343              

FTQ_BREAK_FULL_FT_ONPATH                        913636       75.210%          1852672       75.587%
FTQ_BREAK_MAX_CFS_TAKEN_ONPATH                  235471       19.384%           467493       19.073%
FTQ_BREAK_MAX_BYTES_ONPATH                       65676        5.406%           130867        5.339%
FTQ_BREAK_PRED_BR_ONPATH                             0        0.000%                0        0.000%
FTQ_BREAK_BAR_FETCH_ONPATH                           0        0.000%                0        0.000%
                                               1214783      100.000%          2451032      100.000%
                                                  0.30         0.50              0.30         0.50

FTQ_BREAK_FULL_FT_OFFPATH                      2262620       84.015%          4624319       83.371%
FTQ_BREAK_MAX_CFS_TAKEN_OFFPATH                 333377       12.379%           707204       12.750%
FTQ_BREAK_MAX_BYTES_OFFPATH                      97123        3.606%           215171        3.879%
FTQ_BREAK_PRED_BR_OFFPATH                            0        0.000%                0        0.000%
FTQ_BREAK_BAR_FETCH_OFFPATH                          0        0.000%                0        0.000%
                                               2693120      100.000%          5546694      100.000%
                                                  0.20         0.44              0.21         0.45



