               ramulator.active_cycles_0              242755                                      # Total active cycles for level _0
                 ramulator.busy_cycles_0              242755                                      # (All-bank refresh only. busy cycles only include refresh time in rank level) The sum of cycles that the DRAM part is active or under refresh for level _0
            ramulator.serving_requests_0              294448                                      # The sum of read and write requests that are served in this DRAM element per memory cycle for level _0
    ramulator.average_serving_requests_0            0.098177                                      # The average of read and write requests that are served in this DRAM element per memory cycle for level _0
             ramulator.active_cycles_0_0              242755                                      # Total active cycles for level _0_0
               ramulator.busy_cycles_0_0              375475                                      # (All-bank refresh only. busy cycles only include refresh time in rank level) The sum of cycles that the DRAM part is active or under refresh for level _0_0
          ramulator.serving_requests_0_0              294448                                      # The sum of read and write requests that are served in this DRAM element per memory cycle for level _0_0
  ramulator.average_serving_requests_0_0            0.098177                                      # The average of read and write requests that are served in this DRAM element per memory cycle for level _0_0
           ramulator.active_cycles_0_0_0               61937                                      # Total active cycles for level _0_0_0
             ramulator.busy_cycles_0_0_0               61937                                      # (All-bank refresh only. busy cycles only include refresh time in rank level) The sum of cycles that the DRAM part is active or under refresh for level _0_0_0
        ramulator.serving_requests_0_0_0               72291                                      # The sum of read and write requests that are served in this DRAM element per memory cycle for level _0_0_0
ramulator.average_serving_requests_0_0_0            0.024104                                      # The average of read and write requests that are served in this DRAM element per memory cycle for level _0_0_0
         ramulator.active_cycles_0_0_0_0               16010                                      # Total active cycles for level _0_0_0_0
           ramulator.busy_cycles_0_0_0_0               16010                                      # (All-bank refresh only. busy cycles only include refresh time in rank level) The sum of cycles that the DRAM part is active or under refresh for level _0_0_0_0
      ramulator.serving_requests_0_0_0_0               18849                                      # The sum of read and write requests that are served in this DRAM element per memory cycle for level _0_0_0_0
ramulator.average_serving_requests_0_0_0_0            0.006285                                      # The average of read and write requests that are served in this DRAM element per memory cycle for level _0_0_0_0
         ramulator.active_cycles_0_0_0_1               14523                                      # Total active cycles for level _0_0_0_1
           ramulator.busy_cycles_0_0_0_1               14523                                      # (All-bank refresh only. busy cycles only include refresh time in rank level) The sum of cycles that the DRAM part is active or under refresh for level _0_0_0_1
      ramulator.serving_requests_0_0_0_1               16441                                      # The sum of read and write requests that are served in this DRAM element per memory cycle for level _0_0_0_1
ramulator.average_serving_requests_0_0_0_1            0.005482                                      # The average of read and write requests that are served in this DRAM element per memory cycle for level _0_0_0_1
         ramulator.active_cycles_0_0_0_2               14308                                      # Total active cycles for level _0_0_0_2
           ramulator.busy_cycles_0_0_0_2               14308                                      # (All-bank refresh only. busy cycles only include refresh time in rank level) The sum of cycles that the DRAM part is active or under refresh for level _0_0_0_2
      ramulator.serving_requests_0_0_0_2               16686                                      # The sum of read and write requests that are served in this DRAM element per memory cycle for level _0_0_0_2
ramulator.average_serving_requests_0_0_0_2            0.005564                                      # The average of read and write requests that are served in this DRAM element per memory cycle for level _0_0_0_2
         ramulator.active_cycles_0_0_0_3               17306                                      # Total active cycles for level _0_0_0_3
           ramulator.busy_cycles_0_0_0_3               17306                                      # (All-bank refresh only. busy cycles only include refresh time in rank level) The sum of cycles that the DRAM part is active or under refresh for level _0_0_0_3
      ramulator.serving_requests_0_0_0_3               20315                                      # The sum of read and write requests that are served in this DRAM element per memory cycle for level _0_0_0_3
ramulator.average_serving_requests_0_0_0_3            0.006774                                      # The average of read and write requests that are served in this DRAM element per memory cycle for level _0_0_0_3
           ramulator.active_cycles_0_0_1               61871                                      # Total active cycles for level _0_0_1
             ramulator.busy_cycles_0_0_1               61871                                      # (All-bank refresh only. busy cycles only include refresh time in rank level) The sum of cycles that the DRAM part is active or under refresh for level _0_0_1
        ramulator.serving_requests_0_0_1               71956                                      # The sum of read and write requests that are served in this DRAM element per memory cycle for level _0_0_1
ramulator.average_serving_requests_0_0_1            0.023992                                      # The average of read and write requests that are served in this DRAM element per memory cycle for level _0_0_1
         ramulator.active_cycles_0_0_1_0               15064                                      # Total active cycles for level _0_0_1_0
           ramulator.busy_cycles_0_0_1_0               15064                                      # (All-bank refresh only. busy cycles only include refresh time in rank level) The sum of cycles that the DRAM part is active or under refresh for level _0_0_1_0
      ramulator.serving_requests_0_0_1_0               17772                                      # The sum of read and write requests that are served in this DRAM element per memory cycle for level _0_0_1_0
ramulator.average_serving_requests_0_0_1_0            0.005926                                      # The average of read and write requests that are served in this DRAM element per memory cycle for level _0_0_1_0
         ramulator.active_cycles_0_0_1_1               18559                                      # Total active cycles for level _0_0_1_1
           ramulator.busy_cycles_0_0_1_1               18559                                      # (All-bank refresh only. busy cycles only include refresh time in rank level) The sum of cycles that the DRAM part is active or under refresh for level _0_0_1_1
      ramulator.serving_requests_0_0_1_1               22152                                      # The sum of read and write requests that are served in this DRAM element per memory cycle for level _0_0_1_1
ramulator.average_serving_requests_0_0_1_1            0.007386                                      # The average of read and write requests that are served in this DRAM element per memory cycle for level _0_0_1_1
         ramulator.active_cycles_0_0_1_2               14373                                      # Total active cycles for level _0_0_1_2
           ramulator.busy_cycles_0_0_1_2               14373                                      # (All-bank refresh only. busy cycles only include refresh time in rank level) The sum of cycles that the DRAM part is active or under refresh for level _0_0_1_2
      ramulator.serving_requests_0_0_1_2               15926                                      # The sum of read and write requests that are served in this DRAM element per memory cycle for level _0_0_1_2
ramulator.average_serving_requests_0_0_1_2            0.005310                                      # The average of read and write requests that are served in this DRAM element per memory cycle for level _0_0_1_2
         ramulator.active_cycles_0_0_1_3               14424                                      # Total active cycles for level _0_0_1_3
           ramulator.busy_cycles_0_0_1_3               14424                                      # (All-bank refresh only. busy cycles only include refresh time in rank level) The sum of cycles that the DRAM part is active or under refresh for level _0_0_1_3
      ramulator.serving_requests_0_0_1_3               16106                                      # The sum of read and write requests that are served in this DRAM element per memory cycle for level _0_0_1_3
ramulator.average_serving_requests_0_0_1_3            0.005370                                      # The average of read and write requests that are served in this DRAM element per memory cycle for level _0_0_1_3
           ramulator.active_cycles_0_0_2               61214                                      # Total active cycles for level _0_0_2
             ramulator.busy_cycles_0_0_2               61214                                      # (All-bank refresh only. busy cycles only include refresh time in rank level) The sum of cycles that the DRAM part is active or under refresh for level _0_0_2
        ramulator.serving_requests_0_0_2               71659                                      # The sum of read and write requests that are served in this DRAM element per memory cycle for level _0_0_2
ramulator.average_serving_requests_0_0_2            0.023893                                      # The average of read and write requests that are served in this DRAM element per memory cycle for level _0_0_2
         ramulator.active_cycles_0_0_2_0               13882                                      # Total active cycles for level _0_0_2_0
           ramulator.busy_cycles_0_0_2_0               13882                                      # (All-bank refresh only. busy cycles only include refresh time in rank level) The sum of cycles that the DRAM part is active or under refresh for level _0_0_2_0
      ramulator.serving_requests_0_0_2_0               16173                                      # The sum of read and write requests that are served in this DRAM element per memory cycle for level _0_0_2_0
ramulator.average_serving_requests_0_0_2_0            0.005393                                      # The average of read and write requests that are served in this DRAM element per memory cycle for level _0_0_2_0
         ramulator.active_cycles_0_0_2_1               15101                                      # Total active cycles for level _0_0_2_1
           ramulator.busy_cycles_0_0_2_1               15101                                      # (All-bank refresh only. busy cycles only include refresh time in rank level) The sum of cycles that the DRAM part is active or under refresh for level _0_0_2_1
      ramulator.serving_requests_0_0_2_1               17759                                      # The sum of read and write requests that are served in this DRAM element per memory cycle for level _0_0_2_1
ramulator.average_serving_requests_0_0_2_1            0.005921                                      # The average of read and write requests that are served in this DRAM element per memory cycle for level _0_0_2_1
         ramulator.active_cycles_0_0_2_2               17754                                      # Total active cycles for level _0_0_2_2
           ramulator.busy_cycles_0_0_2_2               17754                                      # (All-bank refresh only. busy cycles only include refresh time in rank level) The sum of cycles that the DRAM part is active or under refresh for level _0_0_2_2
      ramulator.serving_requests_0_0_2_2               20777                                      # The sum of read and write requests that are served in this DRAM element per memory cycle for level _0_0_2_2
ramulator.average_serving_requests_0_0_2_2            0.006928                                      # The average of read and write requests that are served in this DRAM element per memory cycle for level _0_0_2_2
         ramulator.active_cycles_0_0_2_3               14843                                      # Total active cycles for level _0_0_2_3
           ramulator.busy_cycles_0_0_2_3               14843                                      # (All-bank refresh only. busy cycles only include refresh time in rank level) The sum of cycles that the DRAM part is active or under refresh for level _0_0_2_3
      ramulator.serving_requests_0_0_2_3               16950                                      # The sum of read and write requests that are served in this DRAM element per memory cycle for level _0_0_2_3
ramulator.average_serving_requests_0_0_2_3            0.005652                                      # The average of read and write requests that are served in this DRAM element per memory cycle for level _0_0_2_3
           ramulator.active_cycles_0_0_3               66085                                      # Total active cycles for level _0_0_3
             ramulator.busy_cycles_0_0_3               66085                                      # (All-bank refresh only. busy cycles only include refresh time in rank level) The sum of cycles that the DRAM part is active or under refresh for level _0_0_3
        ramulator.serving_requests_0_0_3               78542                                      # The sum of read and write requests that are served in this DRAM element per memory cycle for level _0_0_3
ramulator.average_serving_requests_0_0_3            0.026188                                      # The average of read and write requests that are served in this DRAM element per memory cycle for level _0_0_3
         ramulator.active_cycles_0_0_3_0               12975                                      # Total active cycles for level _0_0_3_0
           ramulator.busy_cycles_0_0_3_0               12975                                      # (All-bank refresh only. busy cycles only include refresh time in rank level) The sum of cycles that the DRAM part is active or under refresh for level _0_0_3_0
      ramulator.serving_requests_0_0_3_0               15460                                      # The sum of read and write requests that are served in this DRAM element per memory cycle for level _0_0_3_0
ramulator.average_serving_requests_0_0_3_0            0.005155                                      # The average of read and write requests that are served in this DRAM element per memory cycle for level _0_0_3_0
         ramulator.active_cycles_0_0_3_1               16065                                      # Total active cycles for level _0_0_3_1
           ramulator.busy_cycles_0_0_3_1               16065                                      # (All-bank refresh only. busy cycles only include refresh time in rank level) The sum of cycles that the DRAM part is active or under refresh for level _0_0_3_1
      ramulator.serving_requests_0_0_3_1               19095                                      # The sum of read and write requests that are served in this DRAM element per memory cycle for level _0_0_3_1
ramulator.average_serving_requests_0_0_3_1            0.006367                                      # The average of read and write requests that are served in this DRAM element per memory cycle for level _0_0_3_1
         ramulator.active_cycles_0_0_3_2               20707                                      # Total active cycles for level _0_0_3_2
           ramulator.busy_cycles_0_0_3_2               20707                                      # (All-bank refresh only. busy cycles only include refresh time in rank level) The sum of cycles that the DRAM part is active or under refresh for level _0_0_3_2
      ramulator.serving_requests_0_0_3_2               25168                                      # The sum of read and write requests that are served in this DRAM element per memory cycle for level _0_0_3_2
ramulator.average_serving_requests_0_0_3_2            0.008392                                      # The average of read and write requests that are served in this DRAM element per memory cycle for level _0_0_3_2
         ramulator.active_cycles_0_0_3_3               17077                                      # Total active cycles for level _0_0_3_3
           ramulator.busy_cycles_0_0_3_3               17077                                      # (All-bank refresh only. busy cycles only include refresh time in rank level) The sum of cycles that the DRAM part is active or under refresh for level _0_0_3_3
      ramulator.serving_requests_0_0_3_3               18819                                      # The sum of read and write requests that are served in this DRAM element per memory cycle for level _0_0_3_3
ramulator.average_serving_requests_0_0_3_3            0.006275                                      # The average of read and write requests that are served in this DRAM element per memory cycle for level _0_0_3_3
      ramulator.read_transaction_bytes_0              578752                                      # The total byte of read transaction per channel
     ramulator.write_transaction_bytes_0                   0                                      # The total byte of write transaction per channel
       ramulator.row_hits_channel_0_core                3996                                      # Number of row hits per channel per core
     ramulator.row_misses_channel_0_core                3123                                      # Number of row misses per channel per core
  ramulator.row_conflicts_channel_0_core                1924                                      # Number of row conflicts per channel per core
  ramulator.read_row_hits_channel_0_core                3996                                      # Number of row hits for read requests per channel per core
                                     [0]              3996.0                                      # 
ramulator.read_row_misses_channel_0_core                3123                                      # Number of row misses for read requests per channel per core
                                     [0]              3123.0                                      # 
ramulator.read_row_conflicts_channel_0_core                1924                                      # Number of row conflicts for read requests per channel per core
                                     [0]              1924.0                                      # 
 ramulator.write_row_hits_channel_0_core                   0                                      # Number of row hits for write requests per channel per core
                                     [0]                 0.0                                      # 
ramulator.write_row_misses_channel_0_core                   0                                      # Number of row misses for write requests per channel per core
                                     [0]                 0.0                                      # 
ramulator.write_row_conflicts_channel_0_core                   0                                      # Number of row conflicts for write requests per channel per core
                                     [0]                 0.0                                      # 
      ramulator.useless_activates_0_core                   0                                      # Number of useless activations. E.g, ACT -> PRE w/o RD or WR
            ramulator.read_latency_avg_0           56.236205                                      # The average memory latency cycles (in memory time domain) per request for all read requests in this channel
            ramulator.read_latency_sum_0              508544                                      # The memory latency cycles (in memory time domain) sum for all read requests in this channel
        ramulator.req_queue_length_avg_0            0.142610                                      # Average of read and write queue length per memory cycle per channel.
        ramulator.req_queue_length_sum_0              427708                                      # Sum of read and write queue length per memory cycle per channel.
   ramulator.read_req_queue_length_avg_0            0.142610                                      # Read queue length average per memory cycle per channel.
   ramulator.read_req_queue_length_sum_0              427708                                      # Read queue length sum per memory cycle per channel.
  ramulator.write_req_queue_length_avg_0            0.000000                                      # Write queue length average per memory cycle per channel.
  ramulator.write_req_queue_length_sum_0                   0                                      # Write queue length sum per memory cycle per channel.
              ramulator.record_read_hits                 0.0                                      # record read hit count for this core when it reaches request limit or to the end
                                     [0]                 0.0                                      # 
            ramulator.record_read_misses                 0.0                                      # record_read_miss count for this core when it reaches request limit or to the end
                                     [0]                 0.0                                      # 
         ramulator.record_read_conflicts                 0.0                                      # record read conflict count for this core when it reaches request limit or to the end
                                     [0]                 0.0                                      # 
             ramulator.record_write_hits                 0.0                                      # record write hit count for this core when it reaches request limit or to the end
                                     [0]                 0.0                                      # 
           ramulator.record_write_misses                 0.0                                      # record write miss count for this core when it reaches request limit or to the end
                                     [0]                 0.0                                      # 
        ramulator.record_write_conflicts                 0.0                                      # record write conflict for this core when it reaches request limit or to the end
                                     [0]                 0.0                                      # 
                 ramulator.dram_capacity          8589934592                                      # Number of bytes in simulated DRAM
                   ramulator.dram_cycles             2999154                                      # Number of DRAM cycles simulated
             ramulator.incoming_requests                9043                                      # Number of incoming requests to DRAM
                 ramulator.read_requests                9043                                      # Number of incoming read requests to DRAM per core
                                     [0]              9043.0                                      # 
                ramulator.write_requests                   0                                      # Number of incoming write requests to DRAM per core
                                     [0]                 0.0                                      # 
       ramulator.ramulator_active_cycles              242755                                      # The total number of cycles that the DRAM part is active (serving R/W)
 ramulator.incoming_requests_per_channel              9043.0                                      # Number of incoming requests to each DRAM channel
                                     [0]              9043.0                                      # 
ramulator.incoming_read_reqs_per_channel              9043.0                                      # Number of incoming read requests to each DRAM channel
                                     [0]              9043.0                                      # 
     ramulator.physical_page_replacement                   0                                      # The number of times that physical page replacement happens.
             ramulator.maximum_bandwidth         19200000000                                      # The theoretical maximum bandwidth (Bps)
          ramulator.in_queue_req_num_sum              427708                                      # Sum of read/write queue length
     ramulator.in_queue_read_req_num_sum              427708                                      # Sum of read queue length
    ramulator.in_queue_write_req_num_sum                   0                                      # Sum of write queue length
          ramulator.in_queue_req_num_avg            0.142610                                      # Average of read/write queue length per memory cycle
     ramulator.in_queue_read_req_num_avg            0.142610                                      # Average of read queue length per memory cycle
    ramulator.in_queue_write_req_num_avg            0.000000                                      # Average of write queue length per memory cycle
          ramulator.record_read_requests                 0.0                                      # record read requests for this core when it reaches request limit or to the end
                                     [0]                 0.0                                      # 
         ramulator.record_write_requests                 0.0                                      # record write requests for this core when it reaches request limit or to the end
                                     [0]                 0.0                                      # 
