               ramulator.active_cycles_0             4385865                                      # Total active cycles for level _0
                 ramulator.busy_cycles_0             4385865                                      # (All-bank refresh only. busy cycles only include refresh time in rank level) The sum of cycles that the DRAM part is active or under refresh for level _0
            ramulator.serving_requests_0            23489104                                      # The sum of read and write requests that are served in this DRAM element per memory cycle for level _0
    ramulator.average_serving_requests_0            5.183786                                      # The average of read and write requests that are served in this DRAM element per memory cycle for level _0
             ramulator.active_cycles_0_0             4385865                                      # Total active cycles for level _0_0
               ramulator.busy_cycles_0_0             4431645                                      # (All-bank refresh only. busy cycles only include refresh time in rank level) The sum of cycles that the DRAM part is active or under refresh for level _0_0
          ramulator.serving_requests_0_0            23489104                                      # The sum of read and write requests that are served in this DRAM element per memory cycle for level _0_0
  ramulator.average_serving_requests_0_0            5.183786                                      # The average of read and write requests that are served in this DRAM element per memory cycle for level _0_0
           ramulator.active_cycles_0_0_0             3191459                                      # Total active cycles for level _0_0_0
             ramulator.busy_cycles_0_0_0             3191459                                      # (All-bank refresh only. busy cycles only include refresh time in rank level) The sum of cycles that the DRAM part is active or under refresh for level _0_0_0
        ramulator.serving_requests_0_0_0             5896957                                      # The sum of read and write requests that are served in this DRAM element per memory cycle for level _0_0_0
ramulator.average_serving_requests_0_0_0            1.301393                                      # The average of read and write requests that are served in this DRAM element per memory cycle for level _0_0_0
         ramulator.active_cycles_0_0_0_0             1253565                                      # Total active cycles for level _0_0_0_0
           ramulator.busy_cycles_0_0_0_0             1253565                                      # (All-bank refresh only. busy cycles only include refresh time in rank level) The sum of cycles that the DRAM part is active or under refresh for level _0_0_0_0
      ramulator.serving_requests_0_0_0_0             1516536                                      # The sum of read and write requests that are served in this DRAM element per memory cycle for level _0_0_0_0
ramulator.average_serving_requests_0_0_0_0            0.334683                                      # The average of read and write requests that are served in this DRAM element per memory cycle for level _0_0_0_0
         ramulator.active_cycles_0_0_0_1             1293432                                      # Total active cycles for level _0_0_0_1
           ramulator.busy_cycles_0_0_0_1             1293432                                      # (All-bank refresh only. busy cycles only include refresh time in rank level) The sum of cycles that the DRAM part is active or under refresh for level _0_0_0_1
      ramulator.serving_requests_0_0_0_1             1558562                                      # The sum of read and write requests that are served in this DRAM element per memory cycle for level _0_0_0_1
ramulator.average_serving_requests_0_0_0_1            0.343957                                      # The average of read and write requests that are served in this DRAM element per memory cycle for level _0_0_0_1
         ramulator.active_cycles_0_0_0_2             1199488                                      # Total active cycles for level _0_0_0_2
           ramulator.busy_cycles_0_0_0_2             1199488                                      # (All-bank refresh only. busy cycles only include refresh time in rank level) The sum of cycles that the DRAM part is active or under refresh for level _0_0_0_2
      ramulator.serving_requests_0_0_0_2             1443127                                      # The sum of read and write requests that are served in this DRAM element per memory cycle for level _0_0_0_2
ramulator.average_serving_requests_0_0_0_2            0.318482                                      # The average of read and write requests that are served in this DRAM element per memory cycle for level _0_0_0_2
         ramulator.active_cycles_0_0_0_3             1155646                                      # Total active cycles for level _0_0_0_3
           ramulator.busy_cycles_0_0_0_3             1155646                                      # (All-bank refresh only. busy cycles only include refresh time in rank level) The sum of cycles that the DRAM part is active or under refresh for level _0_0_0_3
      ramulator.serving_requests_0_0_0_3             1378719                                      # The sum of read and write requests that are served in this DRAM element per memory cycle for level _0_0_0_3
ramulator.average_serving_requests_0_0_0_3            0.304268                                      # The average of read and write requests that are served in this DRAM element per memory cycle for level _0_0_0_3
           ramulator.active_cycles_0_0_1             3143694                                      # Total active cycles for level _0_0_1
             ramulator.busy_cycles_0_0_1             3143694                                      # (All-bank refresh only. busy cycles only include refresh time in rank level) The sum of cycles that the DRAM part is active or under refresh for level _0_0_1
        ramulator.serving_requests_0_0_1             5828262                                      # The sum of read and write requests that are served in this DRAM element per memory cycle for level _0_0_1
ramulator.average_serving_requests_0_0_1            1.286233                                      # The average of read and write requests that are served in this DRAM element per memory cycle for level _0_0_1
         ramulator.active_cycles_0_0_1_0             1263972                                      # Total active cycles for level _0_0_1_0
           ramulator.busy_cycles_0_0_1_0             1263972                                      # (All-bank refresh only. busy cycles only include refresh time in rank level) The sum of cycles that the DRAM part is active or under refresh for level _0_0_1_0
      ramulator.serving_requests_0_0_1_0             1527241                                      # The sum of read and write requests that are served in this DRAM element per memory cycle for level _0_0_1_0
ramulator.average_serving_requests_0_0_1_0            0.337045                                      # The average of read and write requests that are served in this DRAM element per memory cycle for level _0_0_1_0
         ramulator.active_cycles_0_0_1_1             1123665                                      # Total active cycles for level _0_0_1_1
           ramulator.busy_cycles_0_0_1_1             1123665                                      # (All-bank refresh only. busy cycles only include refresh time in rank level) The sum of cycles that the DRAM part is active or under refresh for level _0_0_1_1
      ramulator.serving_requests_0_0_1_1             1341153                                      # The sum of read and write requests that are served in this DRAM element per memory cycle for level _0_0_1_1
ramulator.average_serving_requests_0_0_1_1            0.295978                                      # The average of read and write requests that are served in this DRAM element per memory cycle for level _0_0_1_1
         ramulator.active_cycles_0_0_1_2             1342295                                      # Total active cycles for level _0_0_1_2
           ramulator.busy_cycles_0_0_1_2             1342295                                      # (All-bank refresh only. busy cycles only include refresh time in rank level) The sum of cycles that the DRAM part is active or under refresh for level _0_0_1_2
      ramulator.serving_requests_0_0_1_2             1613420                                      # The sum of read and write requests that are served in this DRAM element per memory cycle for level _0_0_1_2
ramulator.average_serving_requests_0_0_1_2            0.356064                                      # The average of read and write requests that are served in this DRAM element per memory cycle for level _0_0_1_2
         ramulator.active_cycles_0_0_1_3             1127359                                      # Total active cycles for level _0_0_1_3
           ramulator.busy_cycles_0_0_1_3             1127359                                      # (All-bank refresh only. busy cycles only include refresh time in rank level) The sum of cycles that the DRAM part is active or under refresh for level _0_0_1_3
      ramulator.serving_requests_0_0_1_3             1346424                                      # The sum of read and write requests that are served in this DRAM element per memory cycle for level _0_0_1_3
ramulator.average_serving_requests_0_0_1_3            0.297141                                      # The average of read and write requests that are served in this DRAM element per memory cycle for level _0_0_1_3
           ramulator.active_cycles_0_0_2             3114100                                      # Total active cycles for level _0_0_2
             ramulator.busy_cycles_0_0_2             3114100                                      # (All-bank refresh only. busy cycles only include refresh time in rank level) The sum of cycles that the DRAM part is active or under refresh for level _0_0_2
        ramulator.serving_requests_0_0_2             5682862                                      # The sum of read and write requests that are served in this DRAM element per memory cycle for level _0_0_2
ramulator.average_serving_requests_0_0_2            1.254145                                      # The average of read and write requests that are served in this DRAM element per memory cycle for level _0_0_2
         ramulator.active_cycles_0_0_2_0             1095327                                      # Total active cycles for level _0_0_2_0
           ramulator.busy_cycles_0_0_2_0             1095327                                      # (All-bank refresh only. busy cycles only include refresh time in rank level) The sum of cycles that the DRAM part is active or under refresh for level _0_0_2_0
      ramulator.serving_requests_0_0_2_0             1310945                                      # The sum of read and write requests that are served in this DRAM element per memory cycle for level _0_0_2_0
ramulator.average_serving_requests_0_0_2_0            0.289311                                      # The average of read and write requests that are served in this DRAM element per memory cycle for level _0_0_2_0
         ramulator.active_cycles_0_0_2_1             1327400                                      # Total active cycles for level _0_0_2_1
           ramulator.busy_cycles_0_0_2_1             1327400                                      # (All-bank refresh only. busy cycles only include refresh time in rank level) The sum of cycles that the DRAM part is active or under refresh for level _0_0_2_1
      ramulator.serving_requests_0_0_2_1             1604266                                      # The sum of read and write requests that are served in this DRAM element per memory cycle for level _0_0_2_1
ramulator.average_serving_requests_0_0_2_1            0.354044                                      # The average of read and write requests that are served in this DRAM element per memory cycle for level _0_0_2_1
         ramulator.active_cycles_0_0_2_2             1155566                                      # Total active cycles for level _0_0_2_2
           ramulator.busy_cycles_0_0_2_2             1155566                                      # (All-bank refresh only. busy cycles only include refresh time in rank level) The sum of cycles that the DRAM part is active or under refresh for level _0_0_2_2
      ramulator.serving_requests_0_0_2_2             1373334                                      # The sum of read and write requests that are served in this DRAM element per memory cycle for level _0_0_2_2
ramulator.average_serving_requests_0_0_2_2            0.303080                                      # The average of read and write requests that are served in this DRAM element per memory cycle for level _0_0_2_2
         ramulator.active_cycles_0_0_2_3             1157357                                      # Total active cycles for level _0_0_2_3
           ramulator.busy_cycles_0_0_2_3             1157357                                      # (All-bank refresh only. busy cycles only include refresh time in rank level) The sum of cycles that the DRAM part is active or under refresh for level _0_0_2_3
      ramulator.serving_requests_0_0_2_3             1394317                                      # The sum of read and write requests that are served in this DRAM element per memory cycle for level _0_0_2_3
ramulator.average_serving_requests_0_0_2_3            0.307710                                      # The average of read and write requests that are served in this DRAM element per memory cycle for level _0_0_2_3
           ramulator.active_cycles_0_0_3             3206339                                      # Total active cycles for level _0_0_3
             ramulator.busy_cycles_0_0_3             3206339                                      # (All-bank refresh only. busy cycles only include refresh time in rank level) The sum of cycles that the DRAM part is active or under refresh for level _0_0_3
        ramulator.serving_requests_0_0_3             6080994                                      # The sum of read and write requests that are served in this DRAM element per memory cycle for level _0_0_3
ramulator.average_serving_requests_0_0_3            1.342008                                      # The average of read and write requests that are served in this DRAM element per memory cycle for level _0_0_3
         ramulator.active_cycles_0_0_3_0             1261145                                      # Total active cycles for level _0_0_3_0
           ramulator.busy_cycles_0_0_3_0             1261145                                      # (All-bank refresh only. busy cycles only include refresh time in rank level) The sum of cycles that the DRAM part is active or under refresh for level _0_0_3_0
      ramulator.serving_requests_0_0_3_0             1521174                                      # The sum of read and write requests that are served in this DRAM element per memory cycle for level _0_0_3_0
ramulator.average_serving_requests_0_0_3_0            0.335706                                      # The average of read and write requests that are served in this DRAM element per memory cycle for level _0_0_3_0
         ramulator.active_cycles_0_0_3_1             1191340                                      # Total active cycles for level _0_0_3_1
           ramulator.busy_cycles_0_0_3_1             1191340                                      # (All-bank refresh only. busy cycles only include refresh time in rank level) The sum of cycles that the DRAM part is active or under refresh for level _0_0_3_1
      ramulator.serving_requests_0_0_3_1             1429821                                      # The sum of read and write requests that are served in this DRAM element per memory cycle for level _0_0_3_1
ramulator.average_serving_requests_0_0_3_1            0.315546                                      # The average of read and write requests that are served in this DRAM element per memory cycle for level _0_0_3_1
         ramulator.active_cycles_0_0_3_2             1335264                                      # Total active cycles for level _0_0_3_2
           ramulator.busy_cycles_0_0_3_2             1335264                                      # (All-bank refresh only. busy cycles only include refresh time in rank level) The sum of cycles that the DRAM part is active or under refresh for level _0_0_3_2
      ramulator.serving_requests_0_0_3_2             1609438                                      # The sum of read and write requests that are served in this DRAM element per memory cycle for level _0_0_3_2
ramulator.average_serving_requests_0_0_3_2            0.355185                                      # The average of read and write requests that are served in this DRAM element per memory cycle for level _0_0_3_2
         ramulator.active_cycles_0_0_3_3             1269080                                      # Total active cycles for level _0_0_3_3
           ramulator.busy_cycles_0_0_3_3             1269080                                      # (All-bank refresh only. busy cycles only include refresh time in rank level) The sum of cycles that the DRAM part is active or under refresh for level _0_0_3_3
      ramulator.serving_requests_0_0_3_3             1520533                                      # The sum of read and write requests that are served in this DRAM element per memory cycle for level _0_0_3_3
ramulator.average_serving_requests_0_0_3_3            0.335565                                      # The average of read and write requests that are served in this DRAM element per memory cycle for level _0_0_3_3
      ramulator.read_transaction_bytes_0            39070720                                      # The total byte of read transaction per channel
     ramulator.write_transaction_bytes_0            10842880                                      # The total byte of write transaction per channel
       ramulator.row_hits_channel_0_core              544482                                      # Number of row hits per channel per core
     ramulator.row_misses_channel_0_core               22554                                      # Number of row misses per channel per core
  ramulator.row_conflicts_channel_0_core              212864                                      # Number of row conflicts per channel per core
  ramulator.read_row_hits_channel_0_core              419310                                      # Number of row hits for read requests per channel per core
                                     [0]            419310.0                                      # 
ramulator.read_row_misses_channel_0_core               16144                                      # Number of row misses for read requests per channel per core
                                     [0]             16144.0                                      # 
ramulator.read_row_conflicts_channel_0_core              175026                                      # Number of row conflicts for read requests per channel per core
                                     [0]            175026.0                                      # 
 ramulator.write_row_hits_channel_0_core              125172                                      # Number of row hits for write requests per channel per core
                                     [0]            125172.0                                      # 
ramulator.write_row_misses_channel_0_core                6410                                      # Number of row misses for write requests per channel per core
                                     [0]              6410.0                                      # 
ramulator.write_row_conflicts_channel_0_core               37838                                      # Number of row conflicts for write requests per channel per core
                                     [0]             37838.0                                      # 
      ramulator.useless_activates_0_core                2314                                      # Number of useless activations. E.g, ACT -> PRE w/o RD or WR
            ramulator.read_latency_avg_0          139.257109                                      # The average memory latency cycles (in memory time domain) per request for all read requests in this channel
            ramulator.read_latency_sum_0            85016047                                      # The memory latency cycles (in memory time domain) sum for all read requests in this channel
        ramulator.req_queue_length_avg_0           31.995644                                      # Average of read and write queue length per memory cycle per channel.
        ramulator.req_queue_length_sum_0           144980711                                      # Sum of read and write queue length per memory cycle per channel.
   ramulator.read_req_queue_length_avg_0           17.977473                                      # Read queue length average per memory cycle per channel.
   ramulator.read_req_queue_length_sum_0            81460677                                      # Read queue length sum per memory cycle per channel.
  ramulator.write_req_queue_length_avg_0           14.018171                                      # Write queue length average per memory cycle per channel.
  ramulator.write_req_queue_length_sum_0            63520034                                      # Write queue length sum per memory cycle per channel.
              ramulator.record_read_hits                 0.0                                      # record read hit count for this core when it reaches request limit or to the end
                                     [0]                 0.0                                      # 
            ramulator.record_read_misses                 0.0                                      # record_read_miss count for this core when it reaches request limit or to the end
                                     [0]                 0.0                                      # 
         ramulator.record_read_conflicts                 0.0                                      # record read conflict count for this core when it reaches request limit or to the end
                                     [0]                 0.0                                      # 
             ramulator.record_write_hits                 0.0                                      # record write hit count for this core when it reaches request limit or to the end
                                     [0]                 0.0                                      # 
           ramulator.record_write_misses                 0.0                                      # record write miss count for this core when it reaches request limit or to the end
                                     [0]                 0.0                                      # 
        ramulator.record_write_conflicts                 0.0                                      # record write conflict for this core when it reaches request limit or to the end
                                     [0]                 0.0                                      # 
                 ramulator.dram_capacity          8589934592                                      # Number of bytes in simulated DRAM
                   ramulator.dram_cycles             4531264                                      # Number of DRAM cycles simulated
             ramulator.incoming_requests              779934                                      # Number of incoming requests to DRAM
                 ramulator.read_requests              610497                                      # Number of incoming read requests to DRAM per core
                                     [0]            610497.0                                      # 
                ramulator.write_requests              169437                                      # Number of incoming write requests to DRAM per core
                                     [0]            169437.0                                      # 
       ramulator.ramulator_active_cycles             4385866                                      # The total number of cycles that the DRAM part is active (serving R/W)
 ramulator.incoming_requests_per_channel            779934.0                                      # Number of incoming requests to each DRAM channel
                                     [0]            779934.0                                      # 
ramulator.incoming_read_reqs_per_channel            610497.0                                      # Number of incoming read requests to each DRAM channel
                                     [0]            610497.0                                      # 
     ramulator.physical_page_replacement                   0                                      # The number of times that physical page replacement happens.
             ramulator.maximum_bandwidth         19200000000                                      # The theoretical maximum bandwidth (Bps)
          ramulator.in_queue_req_num_sum           144980711                                      # Sum of read/write queue length
     ramulator.in_queue_read_req_num_sum            81460677                                      # Sum of read queue length
    ramulator.in_queue_write_req_num_sum            63520034                                      # Sum of write queue length
          ramulator.in_queue_req_num_avg           31.995644                                      # Average of read/write queue length per memory cycle
     ramulator.in_queue_read_req_num_avg           17.977473                                      # Average of read queue length per memory cycle
    ramulator.in_queue_write_req_num_avg           14.018171                                      # Average of write queue length per memory cycle
          ramulator.record_read_requests                 0.0                                      # record read requests for this core when it reaches request limit or to the end
                                     [0]                 0.0                                      # 
         ramulator.record_write_requests                 0.0                                      # record write requests for this core when it reaches request limit or to the end
                                     [0]                 0.0                                      # 
