Scarab gitrev: 3541854
Scarab started at Sat Oct 12 01:53:32 2024

Initialized Ramulator. 
** Heartbeat:   5% -- { 1000001 } -- 0.00 KIPS (58.82 KIPS)
** Heartbeat:  10% -- { 2000005 } -- 62.50 KIPS (60.61 KIPS)
** Heartbeat:  15% -- { 3000008 } -- 58.82 KIPS (60.00 KIPS)
** Heartbeat:  20% -- { 4000008 } -- 58.82 KIPS (59.70 KIPS)
** Heartbeat:  25% -- { 5000012 } -- 71.43 KIPS (61.73 KIPS)
** Heartbeat:  30% -- { 6000015 } -- 62.50 KIPS (61.86 KIPS)
** Heartbeat:  35% -- { 7000017 } -- 66.67 KIPS (62.50 KIPS)
** Heartbeat:  40% -- { 8000022 } -- 71.43 KIPS (63.49 KIPS)
** Heartbeat:  45% -- { 9000025 } -- 71.43 KIPS (64.29 KIPS)
** Heartbeat:  50% -- { 10000027 } -- 66.67 KIPS (64.52 KIPS)
** Heartbeat:  55% -- { 11000030 } -- 62.50 KIPS (64.33 KIPS)
** Heartbeat:  60% -- { 12000031 } -- 71.43 KIPS (64.87 KIPS)
** Heartbeat:  65% -- { 13000035 } -- 66.67 KIPS (65.00 KIPS)
** Heartbeat:  70% -- { 14000035 } -- 62.50 KIPS (64.81 KIPS)
** Heartbeat:  75% -- { 15000036 } -- 71.43 KIPS (65.22 KIPS)
** Heartbeat:  80% -- { 16000036 } -- 66.67 KIPS (65.31 KIPS)
** Heartbeat:  85% -- { 17000037 } -- 71.43 KIPS (65.64 KIPS)
** Heartbeat:  90% -- { 18000041 } -- 62.50 KIPS (65.45 KIPS)
** Heartbeat:  95% -- { 19000041 } -- 66.67 KIPS (65.52 KIPS)
Warning could not fetch inst from frontend
Warning could not fetch inst from frontend
Warning could not fetch inst from frontend
Warning could not fetch inst from frontend
Warning could not fetch inst from frontend
Warning could not fetch inst from frontend
Warning could not fetch inst from frontend
Warning could not fetch inst from frontend
Warning could not fetch inst from frontend
Warning could not fetch inst from frontend
Warning could not fetch inst from frontend
Warning could not fetch inst from frontend
Warning could not fetch inst from frontend
Warning could not fetch inst from frontend
Warning could not fetch inst from frontend
Warning could not fetch inst from frontend
Warning could not fetch inst from frontend
Warning could not fetch inst from frontend
Warning could not fetch inst from frontend
Warning could not fetch inst from frontend
Warning could not fetch inst from frontend
Warning could not fetch inst from frontend
Warning could not fetch inst from frontend
Warning could not fetch inst from frontend
Warning could not fetch inst from frontend
Warning could not fetch inst from frontend
Warning could not fetch inst from frontend
Warning could not fetch inst from frontend
Warning could not fetch inst from frontend
Warning could not fetch inst from frontend
Warning could not fetch inst from frontend
Warning could not fetch inst from frontend
Warning could not fetch inst from frontend
Warning could not fetch inst from frontend
Warning could not fetch inst from frontend
Warning could not fetch inst from frontend
Warning could not fetch inst from frontend
Warning could not fetch inst from frontend
Warning could not fetch inst from frontend
Warning could not fetch inst from frontend
Warning could not fetch inst from frontend
Warning could not fetch inst from frontend
Warning could not fetch inst from frontend
Warning could not fetch inst from frontend
Warning could not fetch inst from frontend
Warning could not fetch inst from frontend
Warning could not fetch inst from frontend
Warning could not fetch inst from frontend
Warning could not fetch inst from frontend
Warning could not fetch inst from frontend
Warning could not fetch inst from frontend
Warning could not fetch inst from frontend
Warning could not fetch inst from frontend
Warning could not fetch inst from frontend
Warning could not fetch inst from frontend
Warning could not fetch inst from frontend
Warning could not fetch inst from frontend
Warning could not fetch inst from frontend
Warning could not fetch inst from frontend
Warning could not fetch inst from frontend
Warning could not fetch inst from frontend
Warning could not fetch inst from frontend
Warning could not fetch inst from frontend
Warning could not fetch inst from frontend
Warning could not fetch inst from frontend
Warning could not fetch inst from frontend
Warning could not fetch inst from frontend
Warning could not fetch inst from frontend
Warning could not fetch inst from frontend
Warning could not fetch inst from frontend
Warning could not fetch inst from frontend
Warning could not fetch inst from frontend
Warning could not fetch inst from frontend
Warning could not fetch inst from frontend
Warning could not fetch inst from frontend
Warning could not fetch inst from frontend
Warning could not fetch inst from frontend
Warning could not fetch inst from frontend
Warning could not fetch inst from frontend
Warning could not fetch inst from frontend
Warning could not fetch inst from frontend
Warning could not fetch inst from frontend
Warning could not fetch inst from frontend
Warning could not fetch inst from frontend
Warning could not fetch inst from frontend
Warning could not fetch inst from frontend
Warning could not fetch inst from frontend
Warning could not fetch inst from frontend
Warning could not fetch inst from frontend
Warning could not fetch inst from frontend
Warning could not fetch inst from frontend
Warning could not fetch inst from frontend
Warning could not fetch inst from frontend
Warning could not fetch inst from frontend
Warning could not fetch inst from frontend
Warning could not fetch inst from frontend
Warning could not fetch inst from frontend
Warning could not fetch inst from frontend
Warning could not fetch inst from frontend
Warning could not fetch inst from frontend
Warning could not fetch inst from frontend
Warning could not fetch inst from frontend
Warning could not fetch inst from frontend
Warning could not fetch inst from frontend
Warning could not fetch inst from frontend
Warning could not fetch inst from frontend
Warning could not fetch inst from frontend
Warning could not fetch inst from frontend
Warning could not fetch inst from frontend
** Core 0 Finished:    insts:20000000    cycles:8684653     time:2713954062500       -- 2.30 IPC (2.30 IPC) --  N/A  KIPS (65.57 KIPS)
Scarab finished at Sat Oct 12 01:58:37 2024

