/* -*- Mode: c -*- */
####################################################################################################
Core 0
####################################################################################################
Cumulative:        Cycles: 16732331              Instructions: 20000000              IPC: 1.19529

Periodic:          Cycles: 8411284               Instructions: 9999996               IPC: 1.18888

DCACHE_PREF_HIT                                      0                              0              

IFETCH_WB_FIRST_SCHEDULE                             0         -nan%                0         -nan%
PREFETCH_LAST_SCHEDULE                               0         -nan%                0         -nan%
DEMAND_PASS_PREF_SCHEDULE                            0         -nan%                0         -nan%
DEMAND_PASS_LOW_OP_SCHEDULE                          0         -nan%                0         -nan%
DEMAND_LAST_SCHEDULE                                 0         -nan%                0         -nan%
                                                     0         -nan%                0         -nan%
                                                  -nan         -nan              -nan         -nan

SEND_MISS_REQ_QUEUE                               3001                          15400              

L1_DATA_EVICT                                        0                              0              

STREAM_BUFFER_REQ                                    0                              0              

PREF_SEND_TO_MEM_REQ                                 0         -nan%                0         -nan%
PREF_SEND_TO_MEM_REQ_FAIL                            0         -nan%                0         -nan%
                                                     0         -nan%                0         -nan%
                                                  -nan         -nan              -nan         -nan

HIT_TRAIN_STREAM                                  2487       92.419%            11091       85.237%
MISS_TRAIN_STREAM                                  204        7.581%             1921       14.763%
                                                  2691      100.000%            13012      100.000%
                                                  0.08         0.26              0.15         0.33

STREAM_TRAIN_CREATE                                 55                            969              

MEM_REQ_MISS_HWP_PREF_Q                              0         -nan%                0         -nan%
MEM_REQ_MISS_SW_PREF_Q                               0         -nan%                0         -nan%
MEM_REQ_MISS_IFETCH_Q                                0         -nan%                0         -nan%
MEM_REQ_MISS_DFETCH_Q                                0         -nan%                0         -nan%
MEM_REQ_MISS_DSTORE_Q                                0         -nan%                0         -nan%
MEM_REQ_MISS_DPRF_Q                                  0         -nan%                0         -nan%
MEM_REQ_MISS_WB_Q                                    0         -nan%                0         -nan%
                                                     0         -nan%                0         -nan%
                                                  -nan         -nan              -nan         -nan

PREF_HIT_BY_DEMAND_IFETCH                            0         -nan%                0         -nan%
PREF_HIT_BY_DEMAND_DFETCH                            0         -nan%                0         -nan%
PREF_HIT_BY_DEMAND_DSTORE                            0         -nan%                0         -nan%
PREF_HIT_BY_DEMAND_IPREF                             0         -nan%                0         -nan%
PREF_HIT_BY_DEMAND_DPRF                              0         -nan%                0         -nan%
PREF_HIT_BY_DEMAND_WB                                0         -nan%                0         -nan%
PREF_HIT_BY_PREF                                     0         -nan%                0         -nan%
                                                     0         -nan%                0         -nan%
                                                  -nan         -nan              -nan         -nan

PREF_HIT_DEMAND_IFETCH                               0         -nan%                0         -nan%
PREF_HIT_DEMAND_DFETCH                               0         -nan%                0         -nan%
PREF_HIT_DEMAND_DSTORE                               0         -nan%                0         -nan%
PREF_HIT_DEMAND_IPREF                                0         -nan%                0         -nan%
PREF_HIT_DEMAND_DPRF                                 0         -nan%                0         -nan%
PREF_HIT_DEMAND_WB                                   0         -nan%                0         -nan%
                                                     0         -nan%                0         -nan%
                                                  -nan         -nan              -nan         -nan

PREF_L1_FILL                                         0         -nan%                0         -nan%
DEMAND_L1_FILL                                       0         -nan%                0         -nan%
                                                     0         -nan%                0         -nan%
                                                  -nan         -nan              -nan         -nan

TOUCH_L1_REPLACE                                     0         -nan%                0         -nan%
NO_TOUCH_L1_REPLACE                                  0         -nan%                0         -nan%
                                                     0         -nan%                0         -nan%
                                                  -nan         -nan              -nan         -nan

PREF_REQ_QUE_FULL                                    0                              0              

STREAM_REQ_QUEUE_HIT_BY_DEMAND                       0                              0              

L2HIT_STREAM_PREF_REQ_QUE_FULL                       0                              0              

L2HIT_HIT_TRAIN_STREAM                               0         -nan%                0         -nan%
L2HIT_MISS_TRAIN_STREAM                              0         -nan%                0         -nan%
                                                     0         -nan%                0         -nan%
                                                  -nan         -nan              -nan         -nan

L2HIT_STREAM_TRAIN_CREATE                            0                              0              

L2HIT_STREAM_BUFFER_REQ                              0                              0              

L2HIT_STREAM_PREF_DCACHE_HIT                         0         -nan%                0         -nan%
L2HIT_STREAM_PREF_DCACHE_INSERT                      0         -nan%                0         -nan%
L2HIT_STREAM_L2_MISS                                 0         -nan%                0         -nan%
                                                     0         -nan%                0         -nan%
                                                  -nan         -nan              -nan         -nan

L2HIT_STREAM_DCACHE_PORT_FULL                        0                              0              

L2HIT_STREAM_PREF_L1_PORT_FULL                       0                              0              

L2HIT_TRAIN_HIT_DEMAND                               0         -nan%                0         -nan%
L2HIT_TRAIN_MISS_REQ                                 0         -nan%                0         -nan%
                                                     0         -nan%                0         -nan%
                                                  -nan         -nan              -nan         -nan

L2HIT_TRAIN_FILTER_MISS                              0         -nan%                0         -nan%
L2HIT_TRAIN_FILTER_HIT                               0         -nan%                0         -nan%
                                                     0         -nan%                0         -nan%
                                                  -nan         -nan              -nan         -nan

L2HIT_PREF_REQ_DCACHE_HIT                            0         -nan%                0         -nan%
L2HIT_PREF_REQ_DCACHE_MISS                           0         -nan%                0         -nan%
                                                     0         -nan%                0         -nan%
                                                  -nan         -nan              -nan         -nan

L2HIT_L2SEND_Q_FULL                                  0         -nan%                0         -nan%
L2HIT_L2SEND_Q_ENTER                                 0         -nan%                0         -nan%
                                                     0         -nan%                0         -nan%
                                                  -nan         -nan              -nan         -nan

L2HIT_MEM_REQ                                        0                              0              

REMOVE_REDUNDANT_STREAM_STAT                         0                              0              

REPLACE_OLD_STREAM                                  55                            953              

REQ_SEND_QUEUE_STALL                                 0                              0              

STREAM_ENTER_RA                                      0                              0              

CORE_STREAM_LENGTH_0                                 9       16.071%               34       16.038%
CORE_STREAM_LENGTH_10                                8       14.286%               45       21.226%
CORE_STREAM_LENGTH_20                               13       23.214%               27       12.736%
CORE_STREAM_LENGTH_30                                2        3.571%                6        2.830%
CORE_STREAM_LENGTH_40                                0        0.000%                2        0.943%
CORE_STREAM_LENGTH_50                                0        0.000%                5        2.358%
CORE_STREAM_LENGTH_60                                2        3.571%                5        2.358%
CORE_STREAM_LENGTH_70                                0        0.000%                3        1.415%
CORE_STREAM_LENGTH_80                                0        0.000%                3        1.415%
CORE_STREAM_LENGTH_90                                0        0.000%                2        0.943%
CORE_STREAM_LENGTH_100_P                            22       39.286%               80       37.736%
                                                    56      100.000%              212      100.000%
                                                  4.86         4.93              4.92         4.88

CORE_CUM_STREAM_LENGTH_0                            57        1.442%              223        1.451%
CORE_CUM_STREAM_LENGTH_10                          109        2.757%              640        4.165%
CORE_CUM_STREAM_LENGTH_20                          284        7.183%              612        3.983%
CORE_CUM_STREAM_LENGTH_30                           70        1.770%              196        1.276%
CORE_CUM_STREAM_LENGTH_40                            0        0.000%               92        0.599%
CORE_CUM_STREAM_LENGTH_50                            0        0.000%              268        1.744%
CORE_CUM_STREAM_LENGTH_60                          125        3.161%              311        2.024%
CORE_CUM_STREAM_LENGTH_70                            0        0.000%              221        1.438%
CORE_CUM_STREAM_LENGTH_80                            0        0.000%              255        1.660%
CORE_CUM_STREAM_LENGTH_90                            0        0.000%              193        1.256%
CORE_CUM_STREAM_LENGTH_100_P                      3309       83.687%            12355       80.405%
                                                  3954      100.000%            15366      100.000%
                                                  8.78         8.46              8.78         8.28

CORE_STREAM_TRAIN_HITS_0                            27       48.214%               95       44.811%
CORE_STREAM_TRAIN_HITS_10                            4        7.143%               16        7.547%
CORE_STREAM_TRAIN_HITS_20                            1        1.786%                7        3.302%
CORE_STREAM_TRAIN_HITS_30                            2        3.571%                3        1.415%
CORE_STREAM_TRAIN_HITS_40                            0        0.000%                4        1.887%
CORE_STREAM_TRAIN_HITS_50                            1        1.786%                5        2.358%
CORE_STREAM_TRAIN_HITS_60                            1        1.786%                4        1.887%
CORE_STREAM_TRAIN_HITS_70                            0        0.000%                4        1.887%
CORE_STREAM_TRAIN_HITS_80                            0        0.000%                6        2.830%
CORE_STREAM_TRAIN_HITS_90                            1        1.786%                1        0.472%
CORE_STREAM_TRAIN_HITS_100_P                        19       33.929%               67       31.604%
                                                    56      100.000%              212      100.000%
                                                  3.96         4.39              4.05         4.26

CORE_CUM_STREAM_TRAIN_HITS_0                       154        5.057%              551        4.615%
CORE_CUM_STREAM_TRAIN_HITS_10                       43        1.412%              184        1.541%
CORE_CUM_STREAM_TRAIN_HITS_20                       21        0.690%              190        1.591%
CORE_CUM_STREAM_TRAIN_HITS_30                       66        2.167%               97        0.812%
CORE_CUM_STREAM_TRAIN_HITS_40                        0        0.000%              173        1.449%
CORE_CUM_STREAM_TRAIN_HITS_50                       58        1.905%              277        2.320%
CORE_CUM_STREAM_TRAIN_HITS_60                       69        2.266%              252        2.111%
CORE_CUM_STREAM_TRAIN_HITS_70                        0        0.000%              309        2.588%
CORE_CUM_STREAM_TRAIN_HITS_80                        0        0.000%              496        4.154%
CORE_CUM_STREAM_TRAIN_HITS_90                       93        3.054%               93        0.779%
CORE_CUM_STREAM_TRAIN_HITS_100_P                  2541       83.448%             9317       78.038%
                                                  3045      100.000%            11939      100.000%
                                                  8.94         8.38              8.76         8.00

CORE_STREAM_TRAIN_CREATE                            55                            969              



