Scarab gitrev: 3541854
Scarab started at Wed Oct 30 00:22:23 2024

Initialized Ramulator. 
** Heartbeat:   5% -- { 1000004 } -- 0.00 KIPS (16.39 KIPS)
** Heartbeat:  10% -- { 2000007 } -- 20.00 KIPS (18.02 KIPS)
** Heartbeat:  15% -- { 3000010 } -- 27.78 KIPS (20.41 KIPS)
** Heartbeat:  20% -- { 4000011 } -- 26.32 KIPS (21.62 KIPS)
** Heartbeat:  25% -- { 5000011 } -- 18.87 KIPS (21.01 KIPS)
** Heartbeat:  30% -- { 6000011 } -- 16.67 KIPS (20.13 KIPS)
** Heartbeat:  35% -- { 7000011 } -- 15.87 KIPS (19.39 KIPS)
** Heartbeat:  40% -- { 8000014 } -- 17.86 KIPS (19.18 KIPS)
** Heartbeat:  45% -- { 9000015 } -- 38.46 KIPS (20.32 KIPS)
** Heartbeat:  50% -- { 10000015 } -- 26.32 KIPS (20.79 KIPS)
** Heartbeat:  55% -- { 11000020 } -- 18.87 KIPS (20.60 KIPS)
** Heartbeat:  60% -- { 12000020 } -- 26.32 KIPS (20.98 KIPS)
** Heartbeat:  65% -- { 13000022 } -- 28.57 KIPS (21.42 KIPS)
** Heartbeat:  70% -- { 14000024 } -- 41.67 KIPS (22.19 KIPS)
** Heartbeat:  75% -- { 15000029 } -- 32.26 KIPS (22.66 KIPS)
** Heartbeat:  80% -- { 16000031 } -- 16.13 KIPS (22.10 KIPS)
** Heartbeat:  85% -- { 17000031 } -- 20.41 KIPS (21.99 KIPS)
** Heartbeat:  90% -- { 18000032 } -- 28.57 KIPS (22.28 KIPS)
** Heartbeat:  95% -- { 19000035 } -- 40.00 KIPS (22.81 KIPS)
** Core 0 Finished:    insts:20000000    cycles:14010252    time:4378203750000       -- 1.43 IPC (1.43 IPC) --  N/A  KIPS (23.15 KIPS)
Scarab finished at Wed Oct 30 00:36:48 2024

