               ramulator.active_cycles_0             4956647                                      # Total active cycles for level _0
                 ramulator.busy_cycles_0             4956647                                      # (All-bank refresh only. busy cycles only include refresh time in rank level) The sum of cycles that the DRAM part is active or under refresh for level _0
            ramulator.serving_requests_0            21711825                                      # The sum of read and write requests that are served in this DRAM element per memory cycle for level _0
    ramulator.average_serving_requests_0            4.095122                                      # The average of read and write requests that are served in this DRAM element per memory cycle for level _0
             ramulator.active_cycles_0_0             4956647                                      # Total active cycles for level _0_0
               ramulator.busy_cycles_0_0             5079287                                      # (All-bank refresh only. busy cycles only include refresh time in rank level) The sum of cycles that the DRAM part is active or under refresh for level _0_0
          ramulator.serving_requests_0_0            21711825                                      # The sum of read and write requests that are served in this DRAM element per memory cycle for level _0_0
  ramulator.average_serving_requests_0_0            4.095122                                      # The average of read and write requests that are served in this DRAM element per memory cycle for level _0_0
           ramulator.active_cycles_0_0_0             2879787                                      # Total active cycles for level _0_0_0
             ramulator.busy_cycles_0_0_0             2879787                                      # (All-bank refresh only. busy cycles only include refresh time in rank level) The sum of cycles that the DRAM part is active or under refresh for level _0_0_0
        ramulator.serving_requests_0_0_0             5361915                                      # The sum of read and write requests that are served in this DRAM element per memory cycle for level _0_0_0
ramulator.average_serving_requests_0_0_0            1.011324                                      # The average of read and write requests that are served in this DRAM element per memory cycle for level _0_0_0
         ramulator.active_cycles_0_0_0_0              607139                                      # Total active cycles for level _0_0_0_0
           ramulator.busy_cycles_0_0_0_0              607139                                      # (All-bank refresh only. busy cycles only include refresh time in rank level) The sum of cycles that the DRAM part is active or under refresh for level _0_0_0_0
      ramulator.serving_requests_0_0_0_0              890898                                      # The sum of read and write requests that are served in this DRAM element per memory cycle for level _0_0_0_0
ramulator.average_serving_requests_0_0_0_0            0.168035                                      # The average of read and write requests that are served in this DRAM element per memory cycle for level _0_0_0_0
         ramulator.active_cycles_0_0_0_1             1071089                                      # Total active cycles for level _0_0_0_1
           ramulator.busy_cycles_0_0_0_1             1071089                                      # (All-bank refresh only. busy cycles only include refresh time in rank level) The sum of cycles that the DRAM part is active or under refresh for level _0_0_0_1
      ramulator.serving_requests_0_0_0_1             1514733                                      # The sum of read and write requests that are served in this DRAM element per memory cycle for level _0_0_0_1
ramulator.average_serving_requests_0_0_0_1            0.285698                                      # The average of read and write requests that are served in this DRAM element per memory cycle for level _0_0_0_1
         ramulator.active_cycles_0_0_0_2             1191519                                      # Total active cycles for level _0_0_0_2
           ramulator.busy_cycles_0_0_0_2             1191519                                      # (All-bank refresh only. busy cycles only include refresh time in rank level) The sum of cycles that the DRAM part is active or under refresh for level _0_0_0_2
      ramulator.serving_requests_0_0_0_2             1634308                                      # The sum of read and write requests that are served in this DRAM element per memory cycle for level _0_0_0_2
ramulator.average_serving_requests_0_0_0_2            0.308251                                      # The average of read and write requests that are served in this DRAM element per memory cycle for level _0_0_0_2
         ramulator.active_cycles_0_0_0_3              937747                                      # Total active cycles for level _0_0_0_3
           ramulator.busy_cycles_0_0_0_3              937747                                      # (All-bank refresh only. busy cycles only include refresh time in rank level) The sum of cycles that the DRAM part is active or under refresh for level _0_0_0_3
      ramulator.serving_requests_0_0_0_3             1321976                                      # The sum of read and write requests that are served in this DRAM element per memory cycle for level _0_0_0_3
ramulator.average_serving_requests_0_0_0_3            0.249341                                      # The average of read and write requests that are served in this DRAM element per memory cycle for level _0_0_0_3
           ramulator.active_cycles_0_0_1             2922419                                      # Total active cycles for level _0_0_1
             ramulator.busy_cycles_0_0_1             2922419                                      # (All-bank refresh only. busy cycles only include refresh time in rank level) The sum of cycles that the DRAM part is active or under refresh for level _0_0_1
        ramulator.serving_requests_0_0_1             5469097                                      # The sum of read and write requests that are served in this DRAM element per memory cycle for level _0_0_1
ramulator.average_serving_requests_0_0_1            1.031540                                      # The average of read and write requests that are served in this DRAM element per memory cycle for level _0_0_1
         ramulator.active_cycles_0_0_1_0              940914                                      # Total active cycles for level _0_0_1_0
           ramulator.busy_cycles_0_0_1_0              940914                                      # (All-bank refresh only. busy cycles only include refresh time in rank level) The sum of cycles that the DRAM part is active or under refresh for level _0_0_1_0
      ramulator.serving_requests_0_0_1_0             1307084                                      # The sum of read and write requests that are served in this DRAM element per memory cycle for level _0_0_1_0
ramulator.average_serving_requests_0_0_1_0            0.246532                                      # The average of read and write requests that are served in this DRAM element per memory cycle for level _0_0_1_0
         ramulator.active_cycles_0_0_1_1             1030501                                      # Total active cycles for level _0_0_1_1
           ramulator.busy_cycles_0_0_1_1             1030501                                      # (All-bank refresh only. busy cycles only include refresh time in rank level) The sum of cycles that the DRAM part is active or under refresh for level _0_0_1_1
      ramulator.serving_requests_0_0_1_1             1425497                                      # The sum of read and write requests that are served in this DRAM element per memory cycle for level _0_0_1_1
ramulator.average_serving_requests_0_0_1_1            0.268867                                      # The average of read and write requests that are served in this DRAM element per memory cycle for level _0_0_1_1
         ramulator.active_cycles_0_0_1_2              886893                                      # Total active cycles for level _0_0_1_2
           ramulator.busy_cycles_0_0_1_2              886893                                      # (All-bank refresh only. busy cycles only include refresh time in rank level) The sum of cycles that the DRAM part is active or under refresh for level _0_0_1_2
      ramulator.serving_requests_0_0_1_2             1232874                                      # The sum of read and write requests that are served in this DRAM element per memory cycle for level _0_0_1_2
ramulator.average_serving_requests_0_0_1_2            0.232535                                      # The average of read and write requests that are served in this DRAM element per memory cycle for level _0_0_1_2
         ramulator.active_cycles_0_0_1_3             1064929                                      # Total active cycles for level _0_0_1_3
           ramulator.busy_cycles_0_0_1_3             1064929                                      # (All-bank refresh only. busy cycles only include refresh time in rank level) The sum of cycles that the DRAM part is active or under refresh for level _0_0_1_3
      ramulator.serving_requests_0_0_1_3             1503620                                      # The sum of read and write requests that are served in this DRAM element per memory cycle for level _0_0_1_3
ramulator.average_serving_requests_0_0_1_3            0.283602                                      # The average of read and write requests that are served in this DRAM element per memory cycle for level _0_0_1_3
           ramulator.active_cycles_0_0_2             2932849                                      # Total active cycles for level _0_0_2
             ramulator.busy_cycles_0_0_2             2932849                                      # (All-bank refresh only. busy cycles only include refresh time in rank level) The sum of cycles that the DRAM part is active or under refresh for level _0_0_2
        ramulator.serving_requests_0_0_2             5425212                                      # The sum of read and write requests that are served in this DRAM element per memory cycle for level _0_0_2
ramulator.average_serving_requests_0_0_2            1.023263                                      # The average of read and write requests that are served in this DRAM element per memory cycle for level _0_0_2
         ramulator.active_cycles_0_0_2_0              927950                                      # Total active cycles for level _0_0_2_0
           ramulator.busy_cycles_0_0_2_0              927950                                      # (All-bank refresh only. busy cycles only include refresh time in rank level) The sum of cycles that the DRAM part is active or under refresh for level _0_0_2_0
      ramulator.serving_requests_0_0_2_0             1303370                                      # The sum of read and write requests that are served in this DRAM element per memory cycle for level _0_0_2_0
ramulator.average_serving_requests_0_0_2_0            0.245832                                      # The average of read and write requests that are served in this DRAM element per memory cycle for level _0_0_2_0
         ramulator.active_cycles_0_0_2_1             1278960                                      # Total active cycles for level _0_0_2_1
           ramulator.busy_cycles_0_0_2_1             1278960                                      # (All-bank refresh only. busy cycles only include refresh time in rank level) The sum of cycles that the DRAM part is active or under refresh for level _0_0_2_1
      ramulator.serving_requests_0_0_2_1             1824973                                      # The sum of read and write requests that are served in this DRAM element per memory cycle for level _0_0_2_1
ramulator.average_serving_requests_0_0_2_1            0.344213                                      # The average of read and write requests that are served in this DRAM element per memory cycle for level _0_0_2_1
         ramulator.active_cycles_0_0_2_2              882418                                      # Total active cycles for level _0_0_2_2
           ramulator.busy_cycles_0_0_2_2              882418                                      # (All-bank refresh only. busy cycles only include refresh time in rank level) The sum of cycles that the DRAM part is active or under refresh for level _0_0_2_2
      ramulator.serving_requests_0_0_2_2             1227301                                      # The sum of read and write requests that are served in this DRAM element per memory cycle for level _0_0_2_2
ramulator.average_serving_requests_0_0_2_2            0.231484                                      # The average of read and write requests that are served in this DRAM element per memory cycle for level _0_0_2_2
         ramulator.active_cycles_0_0_2_3              770985                                      # Total active cycles for level _0_0_2_3
           ramulator.busy_cycles_0_0_2_3              770985                                      # (All-bank refresh only. busy cycles only include refresh time in rank level) The sum of cycles that the DRAM part is active or under refresh for level _0_0_2_3
      ramulator.serving_requests_0_0_2_3             1069560                                      # The sum of read and write requests that are served in this DRAM element per memory cycle for level _0_0_2_3
ramulator.average_serving_requests_0_0_2_3            0.201732                                      # The average of read and write requests that are served in this DRAM element per memory cycle for level _0_0_2_3
           ramulator.active_cycles_0_0_3             2889349                                      # Total active cycles for level _0_0_3
             ramulator.busy_cycles_0_0_3             2889349                                      # (All-bank refresh only. busy cycles only include refresh time in rank level) The sum of cycles that the DRAM part is active or under refresh for level _0_0_3
        ramulator.serving_requests_0_0_3             5455569                                      # The sum of read and write requests that are served in this DRAM element per memory cycle for level _0_0_3
ramulator.average_serving_requests_0_0_3            1.028989                                      # The average of read and write requests that are served in this DRAM element per memory cycle for level _0_0_3
         ramulator.active_cycles_0_0_3_0              845769                                      # Total active cycles for level _0_0_3_0
           ramulator.busy_cycles_0_0_3_0              845769                                      # (All-bank refresh only. busy cycles only include refresh time in rank level) The sum of cycles that the DRAM part is active or under refresh for level _0_0_3_0
      ramulator.serving_requests_0_0_3_0             1226170                                      # The sum of read and write requests that are served in this DRAM element per memory cycle for level _0_0_3_0
ramulator.average_serving_requests_0_0_3_0            0.231271                                      # The average of read and write requests that are served in this DRAM element per memory cycle for level _0_0_3_0
         ramulator.active_cycles_0_0_3_1             1026584                                      # Total active cycles for level _0_0_3_1
           ramulator.busy_cycles_0_0_3_1             1026584                                      # (All-bank refresh only. busy cycles only include refresh time in rank level) The sum of cycles that the DRAM part is active or under refresh for level _0_0_3_1
      ramulator.serving_requests_0_0_3_1             1464524                                      # The sum of read and write requests that are served in this DRAM element per memory cycle for level _0_0_3_1
ramulator.average_serving_requests_0_0_3_1            0.276228                                      # The average of read and write requests that are served in this DRAM element per memory cycle for level _0_0_3_1
         ramulator.active_cycles_0_0_3_2              882291                                      # Total active cycles for level _0_0_3_2
           ramulator.busy_cycles_0_0_3_2              882291                                      # (All-bank refresh only. busy cycles only include refresh time in rank level) The sum of cycles that the DRAM part is active or under refresh for level _0_0_3_2
      ramulator.serving_requests_0_0_3_2             1241332                                      # The sum of read and write requests that are served in this DRAM element per memory cycle for level _0_0_3_2
ramulator.average_serving_requests_0_0_3_2            0.234131                                      # The average of read and write requests that are served in this DRAM element per memory cycle for level _0_0_3_2
         ramulator.active_cycles_0_0_3_3             1073831                                      # Total active cycles for level _0_0_3_3
           ramulator.busy_cycles_0_0_3_3             1073831                                      # (All-bank refresh only. busy cycles only include refresh time in rank level) The sum of cycles that the DRAM part is active or under refresh for level _0_0_3_3
      ramulator.serving_requests_0_0_3_3             1523543                                      # The sum of read and write requests that are served in this DRAM element per memory cycle for level _0_0_3_3
ramulator.average_serving_requests_0_0_3_3            0.287359                                      # The average of read and write requests that are served in this DRAM element per memory cycle for level _0_0_3_3
      ramulator.read_transaction_bytes_0            49983488                                      # The total byte of read transaction per channel
     ramulator.write_transaction_bytes_0             8246784                                      # The total byte of write transaction per channel
       ramulator.row_hits_channel_0_core              788895                                      # Number of row hits per channel per core
     ramulator.row_misses_channel_0_core               19175                                      # Number of row misses per channel per core
  ramulator.row_conflicts_channel_0_core              101778                                      # Number of row conflicts per channel per core
  ramulator.read_row_hits_channel_0_core              690095                                      # Number of row hits for read requests per channel per core
                                     [0]            690095.0                                      # 
ramulator.read_row_misses_channel_0_core               13754                                      # Number of row misses for read requests per channel per core
                                     [0]             13754.0                                      # 
ramulator.read_row_conflicts_channel_0_core               77143                                      # Number of row conflicts for read requests per channel per core
                                     [0]             77143.0                                      # 
 ramulator.write_row_hits_channel_0_core               98800                                      # Number of row hits for write requests per channel per core
                                     [0]             98800.0                                      # 
ramulator.write_row_misses_channel_0_core                5421                                      # Number of row misses for write requests per channel per core
                                     [0]              5421.0                                      # 
ramulator.write_row_conflicts_channel_0_core               24635                                      # Number of row conflicts for write requests per channel per core
                                     [0]             24635.0                                      # 
      ramulator.useless_activates_0_core                 881                                      # Number of useless activations. E.g, ACT -> PRE w/o RD or WR
            ramulator.read_latency_avg_0          121.505043                                      # The average memory latency cycles (in memory time domain) per request for all read requests in this channel
            ramulator.read_latency_sum_0            94910870                                      # The memory latency cycles (in memory time domain) sum for all read requests in this channel
        ramulator.req_queue_length_avg_0           31.920186                                      # Average of read and write queue length per memory cycle per channel.
        ramulator.req_queue_length_sum_0           169236834                                      # Sum of read and write queue length per memory cycle per channel.
   ramulator.read_req_queue_length_avg_0           17.586081                                      # Read queue length average per memory cycle per channel.
   ramulator.read_req_queue_length_sum_0            93239204                                      # Read queue length sum per memory cycle per channel.
  ramulator.write_req_queue_length_avg_0           14.334104                                      # Write queue length average per memory cycle per channel.
  ramulator.write_req_queue_length_sum_0            75997630                                      # Write queue length sum per memory cycle per channel.
              ramulator.record_read_hits                 0.0                                      # record read hit count for this core when it reaches request limit or to the end
                                     [0]                 0.0                                      # 
            ramulator.record_read_misses                 0.0                                      # record_read_miss count for this core when it reaches request limit or to the end
                                     [0]                 0.0                                      # 
         ramulator.record_read_conflicts                 0.0                                      # record read conflict count for this core when it reaches request limit or to the end
                                     [0]                 0.0                                      # 
             ramulator.record_write_hits                 0.0                                      # record write hit count for this core when it reaches request limit or to the end
                                     [0]                 0.0                                      # 
           ramulator.record_write_misses                 0.0                                      # record write miss count for this core when it reaches request limit or to the end
                                     [0]                 0.0                                      # 
        ramulator.record_write_conflicts                 0.0                                      # record write conflict for this core when it reaches request limit or to the end
                                     [0]                 0.0                                      # 
                 ramulator.dram_capacity          8589934592                                      # Number of bytes in simulated DRAM
                   ramulator.dram_cycles             5301875                                      # Number of DRAM cycles simulated
             ramulator.incoming_requests              909992                                      # Number of incoming requests to DRAM
                 ramulator.read_requests              781127                                      # Number of incoming read requests to DRAM per core
                                     [0]            781127.0                                      # 
                ramulator.write_requests              128865                                      # Number of incoming write requests to DRAM per core
                                     [0]            128865.0                                      # 
       ramulator.ramulator_active_cycles             4956648                                      # The total number of cycles that the DRAM part is active (serving R/W)
 ramulator.incoming_requests_per_channel            909992.0                                      # Number of incoming requests to each DRAM channel
                                     [0]            909992.0                                      # 
ramulator.incoming_read_reqs_per_channel            781127.0                                      # Number of incoming read requests to each DRAM channel
                                     [0]            781127.0                                      # 
     ramulator.physical_page_replacement                   0                                      # The number of times that physical page replacement happens.
             ramulator.maximum_bandwidth         19200000000                                      # The theoretical maximum bandwidth (Bps)
          ramulator.in_queue_req_num_sum           169236834                                      # Sum of read/write queue length
     ramulator.in_queue_read_req_num_sum            93239204                                      # Sum of read queue length
    ramulator.in_queue_write_req_num_sum            75997630                                      # Sum of write queue length
          ramulator.in_queue_req_num_avg           31.920186                                      # Average of read/write queue length per memory cycle
     ramulator.in_queue_read_req_num_avg           17.586081                                      # Average of read queue length per memory cycle
    ramulator.in_queue_write_req_num_avg           14.334104                                      # Average of write queue length per memory cycle
          ramulator.record_read_requests                 0.0                                      # record read requests for this core when it reaches request limit or to the end
                                     [0]                 0.0                                      # 
         ramulator.record_write_requests                 0.0                                      # record write requests for this core when it reaches request limit or to the end
                                     [0]                 0.0                                      # 
