/* -*- Mode: c -*- */
####################################################################################################
Core 0
####################################################################################################
Cumulative:        Cycles: 5264107               Instructions: 20000000              IPC: 3.79931

Periodic:          Cycles: 2613016               Instructions: 9999999               IPC: 3.82699

EXECUTION_TIME                            816567500000                  1645033437500              

NODE_CYCLE                                     2613016                        5264107              

NODE_INST_COUNT                                9999999                       20000000              

NODE_INST_COUNT_FETCHED                        9999999                       20000000              

NODE_UOP_COUNT                                10374252                       20763750              

FULL_WINDOW_STALL                               197009        7.540%           375009        7.124%

FULL_WINDOW_MEM_OP                              144107       99.663%           270990       99.644%
FULL_WINDOW_FP_OP                                    8        0.006%               15        0.006%
FULL_WINDOW_OTHER_OP                               479        0.331%              952        0.350%
                                                144594      100.000%           271957      100.000%
                                                  0.01         0.11              0.01         0.12

RET_BLOCKED_DC_MISS                             182161        6.971%           357461        6.791%

RET_BLOCKED_L1_MISS                             125365        4.798%           240162        4.562%

RET_BLOCKED_L1_MISS_BW_PREF                          0        0.000%              165        0.003%

RET_BLOCKED_L1_ACCESS                            57032        2.183%           117687        2.236%

RET_BLOCKED_MEM_STALL                           125436        4.800%           240361        4.566%

RET_BLOCKED_OFFCHIP_DEMAND                           0        0.000%                0        0.000%

OP_ISSUED                                     11225040                       22534809              

OP_RETIRED                                    10374252                       20763750              

REPLAY_SIGNALED                                      0                              0              

REPLAY_COUNTED                                       0                              0              

OFF_CRITICAL_PATH                                    0         -nan%                0         -nan%
ON_CRITICAL_PATH                                     0         -nan%                0         -nan%
                                                     0         -nan%                0         -nan%
                                                  -nan         -nan              -nan         -nan

LD_NO_DEPENDENTS                                 22433        0.938%            51375        1.096%
LD_DEPENDENTS                                  2369887       99.062%          4637989       98.904%
                                               2392320      100.000%          4689364      100.000%
                                                  0.99         0.99              0.99         0.98

LD_EXEC_CYCLES_0                                     0        0.000%                0        0.000%
LD_EXEC_CYCLES_1                                     0        0.000%                0        0.000%
LD_EXEC_CYCLES_2                                     0        0.000%                0        0.000%
LD_EXEC_CYCLES_3                                   829       57.331%             1548       50.195%
LD_EXEC_CYCLES_4                                   617       42.669%             1536       49.805%
                                                  1446      100.000%             3084      100.000%
                                                  3.43         2.29              3.50         2.52

ICACHE_STAGE_STARVED                             21754        1.029%           118532        2.768%
ICACHE_STAGE_NOT_STARVED                       2091860       98.971%          4163169       97.232%
                                               2113614      100.000%          4281701      100.000%
                                                  0.99         0.98              0.97         0.96

ICACHE_STAGE_STALLED                            164036        6.278%           311760        5.922%
ICACHE_STAGE_NOT_STALLED                       2102983       80.481%          4223076       80.224%
ICACHE_STAGE_OFF_PATH                           345997       13.241%           729271       13.854%
                                               2613016      100.000%          5264107      100.000%
                                                  1.07         0.52              1.08         0.53

DECODE_STAGE_STARVED                           2221411       91.508%          4393950       90.553%
DECODE_STAGE_NOT_STARVED                        206160        8.492%           458408        9.447%
                                               2427571      100.000%          4852358      100.000%
                                                  0.08         0.27              0.09         0.28

DECODE_STAGE_STALLED                             15657        0.599%            30009        0.570%
DECODE_STAGE_NOT_STALLED                       2411914       92.304%          4822349       91.608%
DECODE_STAGE_OFF_PATH                           185445        7.097%           411749        7.822%
                                               2613016      100.000%          5264107      100.000%
                                                  1.06         0.38              1.07         0.40

UOPQ_STAGE_STARVED                              638417       28.625%          1216686       26.985%
UOPQ_STAGE_NOT_STARVED                         1591873       71.375%          3292007       73.015%
                                               2230290      100.000%          4508693      100.000%
                                                  0.71         0.65              0.73         0.67

UOPQ_STAGE_STALLED                              156067        5.973%           296177        5.626%
UOPQ_STAGE_NOT_STALLED                         2230290       85.353%          4508693       85.650%
UOPQ_STAGE_OFF_PATH                             226659        8.674%           459237        8.724%
                                               2613016      100.000%          5264107      100.000%
                                                  1.03         0.42              1.03         0.42

MAP_STAGE_STARVED                                80533        3.416%           213991        4.519%
MAP_STAGE_NOT_STARVED                          2276882       96.584%          4521829       95.481%
                                               2357415      100.000%          4735820      100.000%
                                                  0.97         0.95              0.95         0.93

MAP_STAGE_STALLED                               166078        6.356%           317813        6.037%
MAP_STAGE_NOT_STALLED                          2191337       83.862%          4418007       83.927%
MAP_STAGE_OFF_PATH                              255601        9.782%           528287       10.036%
                                               2613016      100.000%          5264107      100.000%
                                                  1.03         0.44              1.04         0.45

EXEC_STAGE_STARVED                             2246570       85.976%          4493812       85.367%
EXEC_STAGE_NOT_STARVED                          246929        9.450%           530213       10.072%
EXEC_STAGE_OFF_PATH                             119517        4.574%           240082        4.561%
                                               2613016      100.000%          5264107      100.000%
                                                  0.19         0.46              0.19         0.47

FU_BUSY_0                                      2270111                        4539355              

FU_BUSY_1                                      2026993                        4067714              

FU_BUSY_2                                      1289657                        2521587              

FU_BUSY_3                                      1192044                        2351531              

FU_BUSY_4                                      1625913                        3319898              

FU_BUSY_5                                      1619731                        3289148              

FU_BUSY_6                                       319993                         652727              

FU_BUSY_7                                       374954                         758188              

FU_BUSY_8                                            0                              0              

FU_BUSY_9                                            0                              0              

FU_BUSY_10                                           0                              0              

FU_BUSY_11                                           0                              0              

FU_BUSY_12                                           0                              0              

FU_BUSY_13                                           0                              0              

FU_BUSY_14                                           0                              0              

FU_BUSY_15                                           0                              0              

FU_BUSY_16                                           0                              0              

FU_BUSY_17                                           0                              0              

FU_BUSY_18                                           0                              0              

FU_BUSY_19                                           0                              0              

FU_BUSY_20                                           0                              0              

FU_BUSY_21                                           0                              0              

FU_BUSY_22                                           0                              0              

FU_BUSY_23                                           0                              0              

FU_BUSY_24                                           0                              0              

FU_BUSY_25                                           0                              0              

FU_BUSY_26                                           0                              0              

FU_BUSY_27                                           0                              0              

FU_BUSY_28                                           0                              0              

FU_BUSY_29                                           0                              0              

FU_BUSY_30                                           0                              0              

FU_BUSY_31                                           0                              0              

FU_REJECTED_OP_INV_NOT_SIMD                          0        0.000%                0        0.000%
FU_REJECTED_OP_NOP_NOT_SIMD                          0        0.000%                1        0.001%
FU_REJECTED_OP_CF_NOT_SIMD                         149        0.265%              311        0.252%
FU_REJECTED_OP_MOV_NOT_SIMD                        273        0.485%              704        0.569%
FU_REJECTED_OP_CMOV_NOT_SIMD                         4        0.007%                7        0.006%
FU_REJECTED_OP_LDA_NOT_SIMD                         96        0.171%              337        0.273%
FU_REJECTED_OP_IMEM_NOT_SIMD                       282        0.501%              430        0.348%
FU_REJECTED_OP_IADD_NOT_SIMD                     52971       94.087%           116320       94.087%
FU_REJECTED_OP_IMUL_NOT_SIMD                       607        1.078%             1356        1.097%
FU_REJECTED_OP_IDIV_NOT_SIMD                        22        0.039%               66        0.053%
FU_REJECTED_OP_ICMP_NOT_SIMD                         0        0.000%                0        0.000%
FU_REJECTED_OP_LOGIC_NOT_SIMD                      149        0.265%              277        0.224%
FU_REJECTED_OP_SHIFT_NOT_SIMD                      570        1.012%             1231        0.996%
FU_REJECTED_OP_FMEM_NOT_SIMD                       186        0.330%              503        0.407%
FU_REJECTED_OP_FCVT_NOT_SIMD                         0        0.000%                0        0.000%
FU_REJECTED_OP_FADD_NOT_SIMD                         0        0.000%                0        0.000%
FU_REJECTED_OP_FMUL_NOT_SIMD                         0        0.000%                0        0.000%
FU_REJECTED_OP_FMA_NOT_SIMD                          0        0.000%                0        0.000%
FU_REJECTED_OP_FDIV_NOT_SIMD                         0        0.000%                0        0.000%
FU_REJECTED_OP_FCMP_NOT_SIMD                         0        0.000%                0        0.000%
FU_REJECTED_OP_FCMOV_NOT_SIMD                        0        0.000%                0        0.000%
FU_REJECTED_OP_GATHER_NOT_SIMD                       0        0.000%                0        0.000%
FU_REJECTED_OP_SCATTER_NOT_SIMD                      0        0.000%                0        0.000%
FU_REJECTED_OP_PIPELINED_FAST_NOT_SIMD               0        0.000%                0        0.000%
FU_REJECTED_OP_PIPELINED_MEDIUM_NOT_SIMD             0        0.000%                0        0.000%
FU_REJECTED_OP_PIPELINED_SLOW_NOT_SIMD               0        0.000%                0        0.000%
FU_REJECTED_OP_NOTPIPELINED_MEDIUM_NOT_SIMD             0        0.000%                0        0.000%
FU_REJECTED_OP_NOTPIPELINED_SLOW_NOT_SIMD             0        0.000%                0        0.000%
FU_REJECTED_OP_NOTPIPELINED_VERY_SLOW_NOT_SIMD             0        0.000%                0        0.000%
FU_REJECTED_OP_INV_SIMD                              0        0.000%                0        0.000%
FU_REJECTED_OP_NOP_SIMD                              0        0.000%                0        0.000%
FU_REJECTED_OP_CF_SIMD                               0        0.000%                0        0.000%
FU_REJECTED_OP_MOV_SIMD                              0        0.000%                0        0.000%
FU_REJECTED_OP_CMOV_SIMD                             0        0.000%                0        0.000%
FU_REJECTED_OP_LDA_SIMD                              0        0.000%                0        0.000%
FU_REJECTED_OP_IMEM_SIMD                             0        0.000%                0        0.000%
FU_REJECTED_OP_IADD_SIMD                             0        0.000%                0        0.000%
FU_REJECTED_OP_IMUL_SIMD                             0        0.000%                0        0.000%
FU_REJECTED_OP_IDIV_SIMD                             0        0.000%                0        0.000%
FU_REJECTED_OP_ICMP_SIMD                             0        0.000%                0        0.000%
FU_REJECTED_OP_LOGIC_SIMD                            0        0.000%                0        0.000%
FU_REJECTED_OP_SHIFT_SIMD                            0        0.000%                0        0.000%
FU_REJECTED_OP_FMEM_SIMD                             0        0.000%                0        0.000%
FU_REJECTED_OP_FCVT_SIMD                            51        0.091%               51        0.041%
FU_REJECTED_OP_FADD_SIMD                           940        1.670%             2036        1.647%
FU_REJECTED_OP_FMUL_SIMD                             0        0.000%                0        0.000%
FU_REJECTED_OP_FMA_SIMD                              0        0.000%                0        0.000%
FU_REJECTED_OP_FDIV_SIMD                             0        0.000%                0        0.000%
FU_REJECTED_OP_FCMP_SIMD                             0        0.000%                0        0.000%
FU_REJECTED_OP_FCMOV_SIMD                            0        0.000%                0        0.000%
FU_REJECTED_OP_GATHER_SIMD                           0        0.000%                0        0.000%
FU_REJECTED_OP_SCATTER_SIMD                          0        0.000%                0        0.000%
FU_REJECTED_OP_PIPELINED_FAST_SIMD                   0        0.000%                0        0.000%
FU_REJECTED_OP_PIPELINED_MEDIUM_SIMD                 0        0.000%                0        0.000%
FU_REJECTED_OP_PIPELINED_SLOW_SIMD                   0        0.000%                0        0.000%
FU_REJECTED_OP_NOTPIPELINED_MEDIUM_SIMD              0        0.000%                0        0.000%
FU_REJECTED_OP_NOTPIPELINED_SLOW_SIMD                0        0.000%                0        0.000%
FU_REJECTED_OP_NOTPIPELINED_VERY_SLOW_SIMD             0        0.000%                0        0.000%
                                                 56300      100.000%           123630      100.000%
                                                  7.70         4.91              7.67         4.82

OP_WAIT_0                                      6964308                       13873870              

OP_WAIT_1                                      1206018                        2296376              

OP_WAIT_2                                       557748                        1048798              

OP_WAIT_3                                       231224                         492873              

OP_WAIT_4                                       186135                         398302              

OP_WAIT_5                                       160720                         352366              

OP_WAIT_6                                       161457                         350232              

OP_WAIT_7                                       138836                         306944              

OP_WAIT_8                                       109766                         237910              

OP_WAIT_9                                        92906                         202794              

OP_WAIT_10                                       97314                         209868              

OP_WAIT_11                                       73953                         158273              

OP_WAIT_12                                       58892                         123521              

OP_WAIT_13                                       61823                         128626              

OP_WAIT_14                                       48976                          99011              

OP_WAIT_15                                       27194                          56650              

OP_WAIT_16                                       18305                          38531              

OP_WAIT_17                                       15101                          33371              

OP_WAIT_18                                       11908                          26903              

OP_WAIT_19                                       12797                          28601              

OP_WAIT_20                                        7773                          17716              

OP_WAIT_21                                        6893                          15767              

OP_WAIT_22                                        4464                          10587              

OP_WAIT_23                                        4128                           9763              

OP_WAIT_24                                        5633                          12965              

OP_WAIT_25                                        6752                          17426              

OP_WAIT_26                                       16043                          32111              

OP_WAIT_27                                       11600                          25531              

OP_WAIT_28                                        3773                           8283              

OP_WAIT_29                                       11167                          20308              

OP_WAIT_30                                        2121                           4757              

OP_WAIT_31                                       58524                         124716              

ROW_SIZE_0                                      495611                         979229              

ROW_SIZE_1                                      204452                         419825              

ROW_SIZE_2                                      103813                         229119              

ROW_SIZE_3                                       88862                         177470              

ROW_SIZE_4                                       91139                         170474              

ROW_SIZE_5                                       82014                         159841              

ROW_SIZE_6                                     1486827                        2978696              

ROW_SIZE_7                                           0                              0              

ROW_SIZE_8                                           0                              0              

ROW_SIZE_9                                           0                              0              

ROW_SIZE_10                                          0                              0              

ROW_SIZE_11                                          0                              0              

ROW_SIZE_12                                          0                              0              

ROW_SIZE_13                                          0                              0              

ROW_SIZE_14                                          0                              0              

ROW_SIZE_15                                          0                              0              

ROW_SIZE_16                                          0                              0              

ROW_SIZE_17                                          0                              0              

ROW_SIZE_18                                          0                              0              

ROW_SIZE_19                                          0                              0              

ROW_SIZE_20                                          0                              0              

ROW_SIZE_21                                          0                              0              

ROW_SIZE_22                                          0                              0              

ROW_SIZE_23                                          0                              0              

ROW_SIZE_24                                          0                              0              

ROW_SIZE_25                                          0                              0              

ROW_SIZE_26                                          0                              0              

ROW_SIZE_27                                          0                              0              

ROW_SIZE_28                                          0                              0              

ROW_SIZE_29                                          0                              0              

ROW_SIZE_30                                          0                              0              

ROW_SIZE_31                                          0                              0              

RET_OP_EXEC_COUNT_0                                  0        0.000%                0        0.000%
RET_OP_EXEC_COUNT_1                           10374252      100.000%         20763750      100.000%
RET_OP_EXEC_COUNT_2                                  0        0.000%                0        0.000%
RET_OP_EXEC_COUNT_3                                  0        0.000%                0        0.000%
RET_OP_EXEC_COUNT_4                                  0        0.000%                0        0.000%
RET_OP_EXEC_COUNT_5                                  0        0.000%                0        0.000%
RET_OP_EXEC_COUNT_6                                  0        0.000%                0        0.000%
RET_OP_EXEC_COUNT_7                                  0        0.000%                0        0.000%
RET_OP_EXEC_COUNT_8                                  0        0.000%                0        0.000%
RET_OP_EXEC_COUNT_9                                  0        0.000%                0        0.000%
RET_OP_EXEC_COUNT_10                                 0        0.000%                0        0.000%
RET_OP_EXEC_COUNT_11                                 0        0.000%                0        0.000%
RET_OP_EXEC_COUNT_12                                 0        0.000%                0        0.000%
RET_OP_EXEC_COUNT_13                                 0        0.000%                0        0.000%
RET_OP_EXEC_COUNT_14                                 0        0.000%                0        0.000%
RET_OP_EXEC_COUNT_15                                 0        0.000%                0        0.000%
RET_OP_EXEC_COUNT_16                                 0        0.000%                0        0.000%
RET_OP_EXEC_COUNT_17                                 0        0.000%                0        0.000%
RET_OP_EXEC_COUNT_18                                 0        0.000%                0        0.000%
RET_OP_EXEC_COUNT_19                                 0        0.000%                0        0.000%
RET_OP_EXEC_COUNT_20                                 0        0.000%                0        0.000%
RET_OP_EXEC_COUNT_21                                 0        0.000%                0        0.000%
RET_OP_EXEC_COUNT_22                                 0        0.000%                0        0.000%
RET_OP_EXEC_COUNT_23                                 0        0.000%                0        0.000%
RET_OP_EXEC_COUNT_24                                 0        0.000%                0        0.000%
RET_OP_EXEC_COUNT_25                                 0        0.000%                0        0.000%
RET_OP_EXEC_COUNT_26                                 0        0.000%                0        0.000%
RET_OP_EXEC_COUNT_27                                 0        0.000%                0        0.000%
RET_OP_EXEC_COUNT_28                                 0        0.000%                0        0.000%
RET_OP_EXEC_COUNT_29                                 0        0.000%                0        0.000%
RET_OP_EXEC_COUNT_30                                 0        0.000%                0        0.000%
RET_OP_EXEC_COUNT_31                                 0        0.000%                0        0.000%
RET_OP_EXEC_COUNT_32                                 0        0.000%                0        0.000%
                                              10374252      100.000%         20763750      100.000%
                                                  1.00         0.00              1.00         0.00

RET_STALL_LENGTH_0                            10373440       99.992%         20762154       99.992%
RET_STALL_LENGTH_100                               791        0.008%             1530        0.007%
RET_STALL_LENGTH_200                                 3        0.000%               21        0.000%
RET_STALL_LENGTH_300                                 2        0.000%                5        0.000%
RET_STALL_LENGTH_400                                 1        0.000%                3        0.000%
RET_STALL_LENGTH_500                                 0        0.000%                6        0.000%
RET_STALL_LENGTH_600                                 0        0.000%                1        0.000%
RET_STALL_LENGTH_700                                 0        0.000%                3        0.000%
RET_STALL_LENGTH_800                                 1        0.000%                1        0.000%
RET_STALL_LENGTH_900                                 2        0.000%                4        0.000%
RET_STALL_LENGTH_1000                                2        0.000%                2        0.000%
RET_STALL_LENGTH_1100                                1        0.000%                2        0.000%
RET_STALL_LENGTH_1200                                9        0.000%               18        0.000%
RET_STALL_LENGTH_1300                                0        0.000%                0        0.000%
RET_STALL_LENGTH_1400                                0        0.000%                0        0.000%
RET_STALL_LENGTH_1500                                0        0.000%                0        0.000%
RET_STALL_LENGTH_1600                                0        0.000%                0        0.000%
RET_STALL_LENGTH_1700                                0        0.000%                0        0.000%
RET_STALL_LENGTH_1800                                0        0.000%                0        0.000%
RET_STALL_LENGTH_1900                                0        0.000%                0        0.000%
RET_STALL_LENGTH_2000                                0        0.000%                0        0.000%
RET_STALL_LENGTH_2100                                0        0.000%                0        0.000%
RET_STALL_LENGTH_2200                                0        0.000%                0        0.000%
RET_STALL_LENGTH_2300                                0        0.000%                0        0.000%
RET_STALL_LENGTH_2400                                0        0.000%                0        0.000%
RET_STALL_LENGTH_2500                                0        0.000%                0        0.000%
RET_STALL_LENGTH_2600                                0        0.000%                0        0.000%
RET_STALL_LENGTH_2700                                0        0.000%                0        0.000%
RET_STALL_LENGTH_2800                                0        0.000%                0        0.000%
RET_STALL_LENGTH_2900                                0        0.000%                0        0.000%
RET_STALL_LENGTH_3000                                0        0.000%                0        0.000%
RET_STALL_LENGTH_3100                                0        0.000%                0        0.000%
RET_STALL_LENGTH_3200                                0        0.000%                0        0.000%
RET_STALL_LENGTH_3300                                0        0.000%                0        0.000%
RET_STALL_LENGTH_3400                                0        0.000%                0        0.000%
RET_STALL_LENGTH_3500                                0        0.000%                0        0.000%
RET_STALL_LENGTH_3600                                0        0.000%                0        0.000%
RET_STALL_LENGTH_3700                                0        0.000%                0        0.000%
RET_STALL_LENGTH_3800                                0        0.000%                0        0.000%
RET_STALL_LENGTH_3900                                0        0.000%                0        0.000%
RET_STALL_LENGTH_4000                                0        0.000%                0        0.000%
RET_STALL_LENGTH_4100                                0        0.000%                0        0.000%
RET_STALL_LENGTH_4200                                0        0.000%                0        0.000%
RET_STALL_LENGTH_4300                                0        0.000%                0        0.000%
RET_STALL_LENGTH_4400                                0        0.000%                0        0.000%
RET_STALL_LENGTH_4500                                0        0.000%                0        0.000%
RET_STALL_LENGTH_4600                                0        0.000%                0        0.000%
RET_STALL_LENGTH_4700                                0        0.000%                0        0.000%
RET_STALL_LENGTH_4800                                0        0.000%                0        0.000%
RET_STALL_LENGTH_4900                                0        0.000%                0        0.000%
RET_STALL_LENGTH_5000                                0        0.000%                0        0.000%
                                              10374252      100.000%         20763750      100.000%
                                                  0.00         0.02              0.00         0.02

MEM_BLOCK_LENGTH_0                                  10       90.909%               20       90.909%
MEM_BLOCK_LENGTH_100                                 1        9.091%                2        9.091%
MEM_BLOCK_LENGTH_200                                 0        0.000%                0        0.000%
MEM_BLOCK_LENGTH_300                                 0        0.000%                0        0.000%
MEM_BLOCK_LENGTH_400                                 0        0.000%                0        0.000%
MEM_BLOCK_LENGTH_500                                 0        0.000%                0        0.000%
MEM_BLOCK_LENGTH_600                                 0        0.000%                0        0.000%
MEM_BLOCK_LENGTH_700                                 0        0.000%                0        0.000%
MEM_BLOCK_LENGTH_800                                 0        0.000%                0        0.000%
MEM_BLOCK_LENGTH_900                                 0        0.000%                0        0.000%
MEM_BLOCK_LENGTH_1000                                0        0.000%                0        0.000%
MEM_BLOCK_LENGTH_1100                                0        0.000%                0        0.000%
MEM_BLOCK_LENGTH_1200                                0        0.000%                0        0.000%
MEM_BLOCK_LENGTH_1300                                0        0.000%                0        0.000%
MEM_BLOCK_LENGTH_1400                                0        0.000%                0        0.000%
MEM_BLOCK_LENGTH_1500                                0        0.000%                0        0.000%
MEM_BLOCK_LENGTH_1600                                0        0.000%                0        0.000%
MEM_BLOCK_LENGTH_1700                                0        0.000%                0        0.000%
MEM_BLOCK_LENGTH_1800                                0        0.000%                0        0.000%
MEM_BLOCK_LENGTH_1900                                0        0.000%                0        0.000%
MEM_BLOCK_LENGTH_2000                                0        0.000%                0        0.000%
MEM_BLOCK_LENGTH_2100                                0        0.000%                0        0.000%
MEM_BLOCK_LENGTH_2200                                0        0.000%                0        0.000%
MEM_BLOCK_LENGTH_2300                                0        0.000%                0        0.000%
MEM_BLOCK_LENGTH_2400                                0        0.000%                0        0.000%
MEM_BLOCK_LENGTH_2500                                0        0.000%                0        0.000%
MEM_BLOCK_LENGTH_2600                                0        0.000%                0        0.000%
MEM_BLOCK_LENGTH_2700                                0        0.000%                0        0.000%
MEM_BLOCK_LENGTH_2800                                0        0.000%                0        0.000%
MEM_BLOCK_LENGTH_2900                                0        0.000%                0        0.000%
MEM_BLOCK_LENGTH_3000                                0        0.000%                0        0.000%
MEM_BLOCK_LENGTH_3100                                0        0.000%                0        0.000%
MEM_BLOCK_LENGTH_3200                                0        0.000%                0        0.000%
MEM_BLOCK_LENGTH_3300                                0        0.000%                0        0.000%
MEM_BLOCK_LENGTH_3400                                0        0.000%                0        0.000%
MEM_BLOCK_LENGTH_3500                                0        0.000%                0        0.000%
MEM_BLOCK_LENGTH_3600                                0        0.000%                0        0.000%
MEM_BLOCK_LENGTH_3700                                0        0.000%                0        0.000%
MEM_BLOCK_LENGTH_3800                                0        0.000%                0        0.000%
MEM_BLOCK_LENGTH_3900                                0        0.000%                0        0.000%
MEM_BLOCK_LENGTH_4000                                0        0.000%                0        0.000%
MEM_BLOCK_LENGTH_4100                                0        0.000%                0        0.000%
MEM_BLOCK_LENGTH_4200                                0        0.000%                0        0.000%
MEM_BLOCK_LENGTH_4300                                0        0.000%                0        0.000%
MEM_BLOCK_LENGTH_4400                                0        0.000%                0        0.000%
MEM_BLOCK_LENGTH_4500                                0        0.000%                0        0.000%
MEM_BLOCK_LENGTH_4600                                0        0.000%                0        0.000%
MEM_BLOCK_LENGTH_4700                                0        0.000%                0        0.000%
MEM_BLOCK_LENGTH_4800                                0        0.000%                0        0.000%
MEM_BLOCK_LENGTH_4900                                0        0.000%                0        0.000%
MEM_BLOCK_LENGTH_5000                                0        0.000%                0        0.000%
                                                    11      100.000%               22      100.000%
                                                  0.09         0.29              0.09         0.28

FUS_BUSY_ON_PATH                              10455817        4.0014         20942924        3.9784

FUS_BUSY_OFF_PATH                               263579        0.1009           557224        0.1059

FU_BUSY_MEM_STALL                                85466        0.0327           187038        0.0355

FUS_EMPTY                                     10184732        3.8977         20612708        3.9157

FU_UNAVAILABLE                                    2181        0.0008             5054        0.0010

FU_MEM_UNAVAILABLE                               54119        0.0207           118576        0.0225

FU_REPLAY                                            0        0.0000                0        0.0000

FU_STARVED                                    10147513        3.8834         20534505        3.9009

CHIP_UTILIZATION                                     0        0.0000                0        0.0000

CYCLES_UNDER_MEM_REQ                                 0                              0              

CYCLES_UNDER_NO_MEM_REQ                              0                              0              

CYCLES_UNDER_CRITICAL_MEM_REQ                        0                              0              

CYCLES_UNDER_NONCRITICAL_MEM_REQ                     0                              0              

CHIP_UTILIZATION_UNDER_MEM_REQ                       0          -nan                0          -nan

CHIP_UTILIZATION_UNDER_NO_MEM_REQ                    0          -nan                0          -nan

CHIP_UTILIZATION_UNDER_CRITICAL_MEM_REQ              0          -nan                0          -nan

CHIP_UTILIZATION_UNDER_NONCRITICAL_MEM_REQ             0          -nan                0          -nan

CYCLES_NOT_WAITING_FOR_OFF_CHIP                      0        0.0000                0        0.0000

FUS_BUSY_NOT_WAITING_FOR_OFF_CHIP                    0          -nan                0          -nan

CYCLES_WAITING_FOR_OFF_CHIP                          0        0.0000                0        0.0000

FUS_BUSY_WAITING_FOR_OFF_CHIP                        0          -nan                0          -nan

TOTAL_OFF_CHIP_DELAYS_LEFT                           0                              0              

WRONG_IO_SCHED                                       0                              0              

DVFS_CONFIG_SWITCH                                   0                              0              

MAP_STAGE_RECEIVED_OPS_0                             0        0.000%                0        0.000%
MAP_STAGE_RECEIVED_OPS_1                        172406        8.214%           341079        8.162%
MAP_STAGE_RECEIVED_OPS_2                         72350        3.447%           131190        3.139%
MAP_STAGE_RECEIVED_OPS_3                        183469        8.741%           345146        8.259%
MAP_STAGE_RECEIVED_OPS_4                        116777        5.564%           242451        5.802%
MAP_STAGE_RECEIVED_OPS_5                        298221       14.208%           587520       14.060%
MAP_STAGE_RECEIVED_OPS_6                       1255748       59.827%          2531394       60.577%
MAP_STAGE_RECEIVED_OPS_7                             0        0.000%                0        0.000%
MAP_STAGE_RECEIVED_OPS_8                             0        0.000%                0        0.000%
MAP_STAGE_RECEIVED_OPS_MAX                           0        0.000%                0        0.000%
                                               2098971      100.000%          4178780      100.000%
                                                  4.94         1.62              4.96         1.61

MAP_STAGE_WAIT_FOR_DECODE                            0         -nan%                0         -nan%
MAP_STAGE_CONSUME_DECODE                             0         -nan%                0         -nan%
                                                     0         -nan%                0         -nan%
                                                  -nan         -nan              -nan         -nan

MAP_STAGE_WAIT_FOR_DECODE2                           0         -nan%                0         -nan%
MAP_STAGE_CONSUME_DECODE2                            0         -nan%                0         -nan%
                                                     0         -nan%                0         -nan%
                                                  -nan         -nan              -nan         -nan

FTQ_RECOVER_EXEC                                 11875                          25300              

FTQ_RECOVER_DECODE                                 102                            701              

FTQ_OFFPATH_CYCLES                              408662                         893991              

FTQ_CYCLES_OFFPATH                              627925                        1404822              

FTQ_CYCLES_ONPATH                              1985091                        3859285              

FTQ_FETCHED_INS_OFFPATH                        5627790                       12358296              

FTQ_FETCHED_INS_ONPATH                        10361444                       20737749              

FTQ_BREAK_FULL_FT_ONPATH                       1924820       97.560%          3721516       97.088%
FTQ_BREAK_MAX_CFS_TAKEN_ONPATH                   24508        1.242%            55062        1.436%
FTQ_BREAK_MAX_BYTES_ONPATH                       23641        1.198%            56561        1.476%
FTQ_BREAK_PRED_BR_ONPATH                             0        0.000%                0        0.000%
FTQ_BREAK_BAR_FETCH_ONPATH                           0        0.000%                0        0.000%
                                               1972969      100.000%          3833139      100.000%
                                                  0.04         0.24              0.04         0.26

FTQ_BREAK_FULL_FT_OFFPATH                       517569       80.883%          1168611       81.674%
FTQ_BREAK_MAX_CFS_TAKEN_OFFPATH                  77024       12.037%           160339       11.206%
FTQ_BREAK_MAX_BYTES_OFFPATH                      45309        7.081%           101873        7.120%
FTQ_BREAK_PRED_BR_OFFPATH                            0        0.000%                0        0.000%
FTQ_BREAK_BAR_FETCH_OFFPATH                          0        0.000%                0        0.000%
                                                639902      100.000%          1430823      100.000%
                                                  0.26         0.53              0.25         0.53



