/* -*- Mode: c -*- */
####################################################################################################
Core 0
####################################################################################################
Cumulative:        Cycles: 6177566               Instructions: 20000000              IPC: 3.23752

Periodic:          Cycles: 3000415               Instructions: 10000000              IPC: 3.33287

ST_OP_INV                                            0        0.000%                0        0.000%
ST_OP_NOP                                       179426        1.184%           394447        1.233%
ST_OP_CF                                       1961976       12.952%          4101600       12.825%
ST_OP_MOV                                      1438358        9.495%          2993538        9.360%
ST_OP_CMOV                                           0        0.000%                0        0.000%
ST_OP_LDA                                       863236        5.699%          1859644        5.815%
ST_OP_ILD                                      3586924       23.679%          7623370       23.837%
ST_OP_IST                                      2085801       13.769%          4450870       13.917%
ST_OP_IADD                                     3068850       20.259%          6458240       20.194%
ST_OP_IMUL                                      101918        0.673%           218230        0.682%
ST_OP_IDIV                                           0        0.000%                0        0.000%
ST_OP_ICMP                                     1290662        8.520%          2701165        8.446%
ST_OP_LOGIC                                     561491        3.707%          1161863        3.633%
ST_OP_SHIFT                                       9347        0.062%            18804        0.059%
ST_OP_FLD                                            0        0.000%                0        0.000%
ST_OP_FST                                            0        0.000%                0        0.000%
ST_OP_FCVT                                           0        0.000%                0        0.000%
ST_OP_FADD                                           0        0.000%                0        0.000%
ST_OP_FMUL                                           0        0.000%                0        0.000%
ST_OP_FMA                                            0        0.000%                0        0.000%
ST_OP_FDIV                                           0        0.000%                0        0.000%
ST_OP_FCMP                                           0        0.000%                0        0.000%
ST_OP_FCMOV                                          0        0.000%                0        0.000%
ST_OP_GATHER                                         0        0.000%                0        0.000%
ST_OP_SCATTER                                        0        0.000%                0        0.000%
ST_OP_PIPELINED_FAST                                 0        0.000%                0        0.000%
ST_OP_PIPELINED_MEDIUM                               0        0.000%                0        0.000%
ST_OP_PIPELINED_SLOW                                 0        0.000%                0        0.000%
ST_OP_NOTPIPELINED_MEDIUM                            0        0.000%                0        0.000%
ST_OP_NOTPIPELINED_SLOW                              0        0.000%                0        0.000%
ST_OP_NOTPIPELINED_VERY_SLOW                         0        0.000%                0        0.000%
                                              15147989      100.000%         31981771      100.000%
                                                  6.30         2.77              6.29         2.76

ST_NOT_CF                                     13186013       87.048%         27880171       87.175%
ST_CF_BR                                        111031        0.733%           241246        0.754%
ST_CF_CBR                                      1845150       12.181%          3847620       12.031%
ST_CF_CALL                                        2870        0.019%             6332        0.020%
ST_CF_IBR                                            0        0.000%                0        0.000%
ST_CF_ICALL                                          0        0.000%                0        0.000%
ST_CF_ICO                                            0        0.000%                0        0.000%
ST_CF_RET                                         2925        0.019%             6402        0.020%
ST_CF_SYS                                            0        0.000%                0        0.000%
                                              15147989      100.000%         31981771      100.000%
                                                  0.25         0.62              0.25         0.62

ST_BAR_NONE                                   15147989      100.000%         31981771      100.000%
ST_BAR_FETCH                                         0        0.000%                0        0.000%
ST_BAR_ISSUE                                         0        0.000%                0        0.000%
ST_BAR_BOTH                                          0        0.000%                0        0.000%
                                              15147989      100.000%         31981771      100.000%
                                                  0.00         0.00              0.00         0.00

ST_NOT_MEM                                     9475264       62.551%         19907531       62.246%
ST_MEM_LD                                      3586924       23.679%          7623370       23.837%
ST_MEM_ST                                      2085801       13.769%          4450870       13.917%
ST_MEM_PF                                            0        0.000%                0        0.000%
ST_MEM_WH                                            0        0.000%                0        0.000%
ST_MEM_EVICT                                         0        0.000%                0        0.000%
                                              15147989      100.000%         31981771      100.000%
                                                  0.51         0.60              0.52         0.60

ST_NOT_MEM_OFFPATH                              676386       61.479%          2131068       60.688%
ST_MEM_LD_OFFPATH                               260574       23.684%           847780       24.143%
ST_MEM_ST_OFFPATH                               163237       14.837%           532659       15.169%
ST_MEM_PF_OFFPATH                                    0        0.000%                0        0.000%
ST_MEM_WH_OFFPATH                                    0        0.000%                0        0.000%
ST_MEM_EVIC_OFFPATHT                                 0        0.000%                0        0.000%
                                               1100197      100.000%          3511507      100.000%
                                                  0.53         0.61              0.54         0.61

ST_OP_ONPATH                                  15147989                       31981771              

ST_OP_OFFPATH                                  1100197                        3511507              

ST_FAKE_OP_OFFPATH                                   7        0.001%            30990        0.883%
ST_NOT_FAKE_OP_OFFPATH                         1100190       99.999%          3480517       99.117%
                                               1100197      100.000%          3511507      100.000%
                                                  1.00         1.00              0.99         0.99

ST_FAKE_REASON_NOT_FAKE                        1100190       99.999%          3480517       99.117%
ST_FAKE_REASON_REDIRECT_TO_NOT_INSTRUMENTED             7        0.001%            30990        0.883%
ST_FAKE_REASON_RETURN_TO_NOT_INSTRUMENTED             0        0.000%                0        0.000%
ST_FAKE_REASON_NONRET_CF_TO_NOT_INSTRUMENTED             0        0.000%                0        0.000%
ST_FAKE_REASON_NOT_TAKEN_TO_NOT_INSTRUMENTED             0        0.000%                0        0.000%
ST_FAKE_REASON_WRONG_PATH_STORE_TO_NEW_REGION             0        0.000%                0        0.000%
                                               1100197      100.000%          3511507      100.000%
                                                  0.00         0.00              0.01         0.09

ST_INST_ONPATH                                11467166                       24140022              

ST_INST_OFFPATH                                 832960                        2631321              

STATIC_PIN_NOP                                       0                              0              

DYNAMIC_PIN_REP_GREATER_256                          0                              0              

INST_MAP_UPDATE_JITTED                          910684       35.073%          1821867       35.021%
INST_MAP_UPDATE_NPC_INV                              0        0.000%                0        0.000%
INST_MAP_UPDATE_NPC_NOP                              0        0.000%                0        0.000%
INST_MAP_UPDATE_NPC_CF                               0        0.000%                0        0.000%
INST_MAP_UPDATE_NPC_MOV                              0        0.000%                0        0.000%
INST_MAP_UPDATE_NPC_CMOV                             0        0.000%                0        0.000%
INST_MAP_UPDATE_NPC_LDA                              0        0.000%                0        0.000%
INST_MAP_UPDATE_NPC_IMEM                             0        0.000%                0        0.000%
INST_MAP_UPDATE_NPC_IADD                             0        0.000%                0        0.000%
INST_MAP_UPDATE_NPC_IMUL                          3050        0.117%             5899        0.113%
INST_MAP_UPDATE_NPC_IDIV                             0        0.000%                0        0.000%
INST_MAP_UPDATE_NPC_ICMP                             0        0.000%                0        0.000%
INST_MAP_UPDATE_NPC_LOGIC                            0        0.000%                0        0.000%
INST_MAP_UPDATE_NPC_SHIFT                            0        0.000%                0        0.000%
INST_MAP_UPDATE_NPC_FMEM                             0        0.000%                0        0.000%
INST_MAP_UPDATE_NPC_FCVT                             0        0.000%                0        0.000%
INST_MAP_UPDATE_NPC_FADD                             0        0.000%                0        0.000%
INST_MAP_UPDATE_NPC_FMUL                             0        0.000%                0        0.000%
INST_MAP_UPDATE_NPC_FMA                              0        0.000%                0        0.000%
INST_MAP_UPDATE_NPC_FDIV                             0        0.000%                0        0.000%
INST_MAP_UPDATE_NPC_FCMP                             0        0.000%                0        0.000%
INST_MAP_UPDATE_NPC_FCMOV                            0        0.000%                0        0.000%
INST_MAP_UPDATE_NPC_GATHER                           0        0.000%                0        0.000%
INST_MAP_UPDATE_NPC_SCATTER                          0        0.000%                0        0.000%
INST_MAP_UPDATE_NPC_PIPELINED_FAST                   0        0.000%                0        0.000%
INST_MAP_UPDATE_NPC_PIPELINED_MEDIUM                 0        0.000%                0        0.000%
INST_MAP_UPDATE_NPC_PIPELINED_SLOW                   0        0.000%                0        0.000%
INST_MAP_UPDATE_NPC_NOTPIPELINED_MEDIUM              0        0.000%                0        0.000%
INST_MAP_UPDATE_NPC_NOTPIPELINED_SLOW                0        0.000%                0        0.000%
INST_MAP_UPDATE_NPC_NOTPIPELINED_VERY_SLOW             0        0.000%                0        0.000%
INST_MAP_UPDATE_MEM_INV                              0        0.000%                0        0.000%
INST_MAP_UPDATE_MEM_NOP                              0        0.000%                0        0.000%
INST_MAP_UPDATE_MEM_CF                               0        0.000%                0        0.000%
INST_MAP_UPDATE_MEM_MOV                         690178       26.581%          1382010       26.566%
INST_MAP_UPDATE_MEM_CMOV                             0        0.000%                0        0.000%
INST_MAP_UPDATE_MEM_LDA                              0        0.000%                0        0.000%
INST_MAP_UPDATE_MEM_IMEM                             0        0.000%                0        0.000%
INST_MAP_UPDATE_MEM_IADD                             0        0.000%                0        0.000%
INST_MAP_UPDATE_MEM_IMUL                        960864       37.005%          1929246       37.085%
INST_MAP_UPDATE_MEM_IDIV                             0        0.000%                0        0.000%
INST_MAP_UPDATE_MEM_ICMP                             0        0.000%                0        0.000%
INST_MAP_UPDATE_MEM_LOGIC                        31769        1.224%            63180        1.214%
INST_MAP_UPDATE_MEM_SHIFT                            0        0.000%                0        0.000%
INST_MAP_UPDATE_MEM_FMEM                             0        0.000%                0        0.000%
INST_MAP_UPDATE_MEM_FCVT                             0        0.000%                0        0.000%
INST_MAP_UPDATE_MEM_FADD                             0        0.000%                0        0.000%
INST_MAP_UPDATE_MEM_FMUL                             0        0.000%                0        0.000%
INST_MAP_UPDATE_MEM_FMA                              0        0.000%                0        0.000%
INST_MAP_UPDATE_MEM_FDIV                             0        0.000%                0        0.000%
INST_MAP_UPDATE_MEM_FCMP                             0        0.000%                0        0.000%
INST_MAP_UPDATE_MEM_FCMOV                            0        0.000%                0        0.000%
INST_MAP_UPDATE_MEM_GATHER                           0        0.000%                0        0.000%
INST_MAP_UPDATE_MEM_SCATTER                          0        0.000%                0        0.000%
INST_MAP_UPDATE_MEM_PIPELINED_FAST                   0        0.000%                0        0.000%
INST_MAP_UPDATE_MEM_PIPELINED_MEDIUM                 0        0.000%                0        0.000%
INST_MAP_UPDATE_MEM_PIPELINED_SLOW                   0        0.000%                0        0.000%
INST_MAP_UPDATE_MEM_NOTPIPELINED_MEDIUM              0        0.000%                0        0.000%
INST_MAP_UPDATE_MEM_NOTPIPELINED_SLOW                0        0.000%                0        0.000%
INST_MAP_UPDATE_MEM_NOTPIPELINED_VERY_SLOW             0        0.000%                0        0.000%
                                               2596545      100.000%          5202202      100.000%
                                                 23.35        10.41             23.37        10.40



