/* -*- Mode: c -*- */
####################################################################################################
Core 0
####################################################################################################
Cumulative:        Cycles: 20588316              Instructions: 20000000              IPC: 0.97142

Periodic:          Cycles: 10298080              Instructions: 9999999               IPC: 0.97105

EXECUTION_TIME                           3218150000000                  6433848750000              

NODE_CYCLE                                    10298080                       20588316              

NODE_INST_COUNT                                9999999                       20000000              

NODE_INST_COUNT_FETCHED                        9999999                       20000000              

NODE_UOP_COUNT                                12906867                       25810997              

FULL_WINDOW_STALL                              5982360       58.092%         11853995       57.576%

FULL_WINDOW_MEM_OP                             5785545       99.874%         11453321       99.868%
FULL_WINDOW_FP_OP                                   64        0.001%              118        0.001%
FULL_WINDOW_OTHER_OP                              7234        0.125%            14964        0.130%
                                               5792843      100.000%         11468403      100.000%
                                                  0.00         0.07              0.00         0.07

RET_BLOCKED_DC_MISS                            7246677       70.369%         14452506       70.198%

RET_BLOCKED_L1_MISS                            5543282       53.828%         11060065       53.720%

RET_BLOCKED_L1_MISS_BW_PREF                      90940        0.883%           158716        0.771%

RET_BLOCKED_L1_ACCESS                          1705670       16.563%          3397824       16.504%

RET_BLOCKED_MEM_STALL                          5543282       53.828%         11060065       53.720%

RET_BLOCKED_OFFCHIP_DEMAND                           0        0.000%                0        0.000%

OP_ISSUED                                     17407937                       35070051              

OP_RETIRED                                    12906867                       25810997              

REPLAY_SIGNALED                                      0                              0              

REPLAY_COUNTED                                       0                              0              

OFF_CRITICAL_PATH                                    0         -nan%                0         -nan%
ON_CRITICAL_PATH                                     0         -nan%                0         -nan%
                                                     0         -nan%                0         -nan%
                                                  -nan         -nan              -nan         -nan

LD_NO_DEPENDENTS                                267270        8.584%           534828        8.587%
LD_DEPENDENTS                                  2846194       91.416%          5693622       91.413%
                                               3113464      100.000%          6228450      100.000%
                                                  0.91         0.88              0.91         0.88

LD_EXEC_CYCLES_0                                     0        0.000%                0        0.000%
LD_EXEC_CYCLES_1                                     0        0.000%                0        0.000%
LD_EXEC_CYCLES_2                                     0        0.000%                0        0.000%
LD_EXEC_CYCLES_3                                   495       48.434%              958       49.612%
LD_EXEC_CYCLES_4                                   527       51.566%              973       50.388%
                                                  1022      100.000%             1931      100.000%
                                                  3.52         2.57              3.50         2.54

ICACHE_STAGE_STARVED                             62575        2.131%           157492        2.667%
ICACHE_STAGE_NOT_STARVED                       2874032       97.869%          5748548       97.333%
                                               2936607      100.000%          5906040      100.000%
                                                  0.98         0.97              0.97         0.96

ICACHE_STAGE_STALLED                           3423044       33.240%          6679610       32.444%
ICACHE_STAGE_NOT_STALLED                       2905468       28.214%          5827644       28.306%
ICACHE_STAGE_OFF_PATH                          3969568       38.547%          8081062       39.251%
                                              10298080      100.000%         20588316      100.000%
                                                  1.05         0.88              1.07         0.89

DECODE_STAGE_STARVED                           4833916       60.058%          9695519       60.404%
DECODE_STAGE_NOT_STARVED                       3214796       39.942%          6355555       39.596%
                                               8048712      100.000%         16051074      100.000%
                                                  0.40         0.46              0.40         0.45

DECODE_STAGE_STALLED                           2679002       26.015%          5232043       25.413%
DECODE_STAGE_NOT_STALLED                       5369710       52.143%         10819031       52.549%
DECODE_STAGE_OFF_PATH                          2249368       21.843%          4537242       22.038%
                                              10298080      100.000%         20588316      100.000%
                                                  0.96         0.66              0.97         0.66

UOPQ_STAGE_STARVED                             3909818       74.160%          7763073       74.012%
UOPQ_STAGE_NOT_STARVED                         1362299       25.840%          2725867       25.988%
                                               5272117      100.000%         10488940      100.000%
                                                  0.26         0.40              0.26         0.40

UOPQ_STAGE_STALLED                             1642878       15.953%          3199837       15.542%
UOPQ_STAGE_NOT_STALLED                         5272117       51.195%         10488940       50.946%
UOPQ_STAGE_OFF_PATH                            3383085       32.852%          6899539       33.512%
                                              10298080      100.000%         20588316      100.000%
                                                  1.17         0.83              1.18         0.84

MAP_STAGE_STARVED                               223811        3.281%           478229        3.541%
MAP_STAGE_NOT_STARVED                          6597293       96.719%         13025562       96.459%
                                               6821104      100.000%         13503791      100.000%
                                                  0.97         0.95              0.96         0.95

MAP_STAGE_STALLED                              3671110       35.648%          7171409       34.832%
MAP_STAGE_NOT_STALLED                          3149994       30.588%          6332382       30.757%
MAP_STAGE_OFF_PATH                             3476976       33.763%          7084525       34.410%
                                              10298080      100.000%         20588316      100.000%
                                                  0.98         0.82              1.00         0.83

EXEC_STAGE_STARVED                             6820868       66.234%         13447725       65.317%
EXEC_STAGE_NOT_STARVED                          539810        5.242%          1072179        5.208%
EXEC_STAGE_OFF_PATH                            2937402       28.524%          6068412       29.475%
                                              10298080      100.000%         20588316      100.000%
                                                  0.62         0.81              0.64         0.82

FU_BUSY_0                                      4266660                        8601572              

FU_BUSY_1                                      2613028                        5251536              

FU_BUSY_2                                      2005461                        4036091              

FU_BUSY_3                                      1821640                        3663605              

FU_BUSY_4                                      1424136                        2860698              

FU_BUSY_5                                      1965509                        3955812              

FU_BUSY_6                                      1281463                        2575323              

FU_BUSY_7                                      1341666                        2692063              

FU_BUSY_8                                            0                              0              

FU_BUSY_9                                            0                              0              

FU_BUSY_10                                           0                              0              

FU_BUSY_11                                           0                              0              

FU_BUSY_12                                           0                              0              

FU_BUSY_13                                           0                              0              

FU_BUSY_14                                           0                              0              

FU_BUSY_15                                           0                              0              

FU_BUSY_16                                           0                              0              

FU_BUSY_17                                           0                              0              

FU_BUSY_18                                           0                              0              

FU_BUSY_19                                           0                              0              

FU_BUSY_20                                           0                              0              

FU_BUSY_21                                           0                              0              

FU_BUSY_22                                           0                              0              

FU_BUSY_23                                           0                              0              

FU_BUSY_24                                           0                              0              

FU_BUSY_25                                           0                              0              

FU_BUSY_26                                           0                              0              

FU_BUSY_27                                           0                              0              

FU_BUSY_28                                           0                              0              

FU_BUSY_29                                           0                              0              

FU_BUSY_30                                           0                              0              

FU_BUSY_31                                           0                              0              

FU_REJECTED_OP_INV_NOT_SIMD                          0        0.000%                0        0.000%
FU_REJECTED_OP_NOP_NOT_SIMD                       3654        0.780%             7582        0.812%
FU_REJECTED_OP_CF_NOT_SIMD                       55542       11.849%           110712       11.853%
FU_REJECTED_OP_MOV_NOT_SIMD                       8539        1.822%            17064        1.827%
FU_REJECTED_OP_CMOV_NOT_SIMD                        24        0.005%               45        0.005%
FU_REJECTED_OP_LDA_NOT_SIMD                        396        0.084%              864        0.093%
FU_REJECTED_OP_IMEM_NOT_SIMD                        42        0.009%              998        0.107%
FU_REJECTED_OP_IADD_NOT_SIMD                    342625       73.096%           681397       72.952%
FU_REJECTED_OP_IMUL_NOT_SIMD                     30097        6.421%            59497        6.370%
FU_REJECTED_OP_IDIV_NOT_SIMD                         0        0.000%                0        0.000%
FU_REJECTED_OP_ICMP_NOT_SIMD                         0        0.000%                0        0.000%
FU_REJECTED_OP_LOGIC_NOT_SIMD                     4056        0.865%             8076        0.865%
FU_REJECTED_OP_SHIFT_NOT_SIMD                    11332        2.418%            22510        2.410%
FU_REJECTED_OP_FMEM_NOT_SIMD                        47        0.010%              103        0.011%
FU_REJECTED_OP_FCVT_NOT_SIMD                         0        0.000%                0        0.000%
FU_REJECTED_OP_FADD_NOT_SIMD                         0        0.000%                0        0.000%
FU_REJECTED_OP_FMUL_NOT_SIMD                         0        0.000%                0        0.000%
FU_REJECTED_OP_FMA_NOT_SIMD                          0        0.000%                0        0.000%
FU_REJECTED_OP_FDIV_NOT_SIMD                         0        0.000%                0        0.000%
FU_REJECTED_OP_FCMP_NOT_SIMD                         0        0.000%                0        0.000%
FU_REJECTED_OP_FCMOV_NOT_SIMD                        0        0.000%                0        0.000%
FU_REJECTED_OP_GATHER_NOT_SIMD                       0        0.000%                0        0.000%
FU_REJECTED_OP_SCATTER_NOT_SIMD                      0        0.000%                0        0.000%
FU_REJECTED_OP_PIPELINED_FAST_NOT_SIMD               0        0.000%                0        0.000%
FU_REJECTED_OP_PIPELINED_MEDIUM_NOT_SIMD             0        0.000%                0        0.000%
FU_REJECTED_OP_PIPELINED_SLOW_NOT_SIMD               0        0.000%                0        0.000%
FU_REJECTED_OP_NOTPIPELINED_MEDIUM_NOT_SIMD             0        0.000%                0        0.000%
FU_REJECTED_OP_NOTPIPELINED_SLOW_NOT_SIMD             0        0.000%                0        0.000%
FU_REJECTED_OP_NOTPIPELINED_VERY_SLOW_NOT_SIMD          2005        0.428%             4278        0.458%
FU_REJECTED_OP_INV_SIMD                              0        0.000%                0        0.000%
FU_REJECTED_OP_NOP_SIMD                              0        0.000%                0        0.000%
FU_REJECTED_OP_CF_SIMD                               0        0.000%                0        0.000%
FU_REJECTED_OP_MOV_SIMD                              2        0.000%                4        0.000%
FU_REJECTED_OP_CMOV_SIMD                             0        0.000%                0        0.000%
FU_REJECTED_OP_LDA_SIMD                              0        0.000%                0        0.000%
FU_REJECTED_OP_IMEM_SIMD                             0        0.000%                0        0.000%
FU_REJECTED_OP_IADD_SIMD                             0        0.000%                0        0.000%
FU_REJECTED_OP_IMUL_SIMD                             0        0.000%                0        0.000%
FU_REJECTED_OP_IDIV_SIMD                             0        0.000%                0        0.000%
FU_REJECTED_OP_ICMP_SIMD                             0        0.000%                0        0.000%
FU_REJECTED_OP_LOGIC_SIMD                         3058        0.652%             6215        0.665%
FU_REJECTED_OP_SHIFT_SIMD                          538        0.115%             1101        0.118%
FU_REJECTED_OP_FMEM_SIMD                             0        0.000%                0        0.000%
FU_REJECTED_OP_FCVT_SIMD                             6        0.001%               10        0.001%
FU_REJECTED_OP_FADD_SIMD                          1326        0.283%             2584        0.277%
FU_REJECTED_OP_FMUL_SIMD                            15        0.003%               27        0.003%
FU_REJECTED_OP_FMA_SIMD                              0        0.000%                0        0.000%
FU_REJECTED_OP_FDIV_SIMD                             3        0.001%                3        0.000%
FU_REJECTED_OP_FCMP_SIMD                             0        0.000%                0        0.000%
FU_REJECTED_OP_FCMOV_SIMD                            0        0.000%                0        0.000%
FU_REJECTED_OP_GATHER_SIMD                           0        0.000%                0        0.000%
FU_REJECTED_OP_SCATTER_SIMD                          0        0.000%                0        0.000%
FU_REJECTED_OP_PIPELINED_FAST_SIMD                   0        0.000%                0        0.000%
FU_REJECTED_OP_PIPELINED_MEDIUM_SIMD                 0        0.000%                0        0.000%
FU_REJECTED_OP_PIPELINED_SLOW_SIMD                5426        1.158%            10965        1.174%
FU_REJECTED_OP_NOTPIPELINED_MEDIUM_SIMD              0        0.000%                0        0.000%
FU_REJECTED_OP_NOTPIPELINED_SLOW_SIMD                0        0.000%                0        0.000%
FU_REJECTED_OP_NOTPIPELINED_VERY_SLOW_SIMD             0        0.000%                0        0.000%
                                                468733      100.000%           934035      100.000%
                                                  7.50         6.63              7.51         6.67

OP_WAIT_0                                      8899974                       17807058              

OP_WAIT_1                                      2710804                        5428542              

OP_WAIT_2                                       633402                        1261217              

OP_WAIT_3                                       253156                         503836              

OP_WAIT_4                                       119632                         236969              

OP_WAIT_5                                        64756                         128026              

OP_WAIT_6                                        37636                          74100              

OP_WAIT_7                                        19967                          38602              

OP_WAIT_8                                        11110                          21318              

OP_WAIT_9                                         6865                          13414              

OP_WAIT_10                                        5847                          11370              

OP_WAIT_11                                        5441                          10603              

OP_WAIT_12                                        4897                           9723              

OP_WAIT_13                                        4564                           9021              

OP_WAIT_14                                        4854                           9461              

OP_WAIT_15                                        4120                           8305              

OP_WAIT_16                                        4217                           8476              

OP_WAIT_17                                        5035                          10113              

OP_WAIT_18                                        5078                          10430              

OP_WAIT_19                                        6681                          13652              

OP_WAIT_20                                        6556                          13255              

OP_WAIT_21                                        6163                          12410              

OP_WAIT_22                                        5412                          11005              

OP_WAIT_23                                        5487                          10927              

OP_WAIT_24                                        4641                           9398              

OP_WAIT_25                                        3663                           7538              

OP_WAIT_26                                        3800                           7442              

OP_WAIT_27                                        3490                           6900              

OP_WAIT_28                                        1805                           3620              

OP_WAIT_29                                        1393                           2765              

OP_WAIT_30                                        1153                           2206              

OP_WAIT_31                                       55268                         109295              

ROW_SIZE_0                                     7625751                       15219831              

ROW_SIZE_1                                      310610                         627060              

ROW_SIZE_2                                       84568                         171906              

ROW_SIZE_3                                       65660                         132178              

ROW_SIZE_4                                       62621                         125719              

ROW_SIZE_5                                       54129                         108191              

ROW_SIZE_6                                     1951502                        3899960              

ROW_SIZE_7                                           0                              0              

ROW_SIZE_8                                           0                              0              

ROW_SIZE_9                                           0                              0              

ROW_SIZE_10                                          0                              0              

ROW_SIZE_11                                          0                              0              

ROW_SIZE_12                                          0                              0              

ROW_SIZE_13                                          0                              0              

ROW_SIZE_14                                          0                              0              

ROW_SIZE_15                                          0                              0              

ROW_SIZE_16                                          0                              0              

ROW_SIZE_17                                          0                              0              

ROW_SIZE_18                                          0                              0              

ROW_SIZE_19                                          0                              0              

ROW_SIZE_20                                          0                              0              

ROW_SIZE_21                                          0                              0              

ROW_SIZE_22                                          0                              0              

ROW_SIZE_23                                          0                              0              

ROW_SIZE_24                                          0                              0              

ROW_SIZE_25                                          0                              0              

ROW_SIZE_26                                          0                              0              

ROW_SIZE_27                                          0                              0              

ROW_SIZE_28                                          0                              0              

ROW_SIZE_29                                          0                              0              

ROW_SIZE_30                                          0                              0              

ROW_SIZE_31                                          0                              0              

RET_OP_EXEC_COUNT_0                                  0        0.000%                0        0.000%
RET_OP_EXEC_COUNT_1                           12906867      100.000%         25810997      100.000%
RET_OP_EXEC_COUNT_2                                  0        0.000%                0        0.000%
RET_OP_EXEC_COUNT_3                                  0        0.000%                0        0.000%
RET_OP_EXEC_COUNT_4                                  0        0.000%                0        0.000%
RET_OP_EXEC_COUNT_5                                  0        0.000%                0        0.000%
RET_OP_EXEC_COUNT_6                                  0        0.000%                0        0.000%
RET_OP_EXEC_COUNT_7                                  0        0.000%                0        0.000%
RET_OP_EXEC_COUNT_8                                  0        0.000%                0        0.000%
RET_OP_EXEC_COUNT_9                                  0        0.000%                0        0.000%
RET_OP_EXEC_COUNT_10                                 0        0.000%                0        0.000%
RET_OP_EXEC_COUNT_11                                 0        0.000%                0        0.000%
RET_OP_EXEC_COUNT_12                                 0        0.000%                0        0.000%
RET_OP_EXEC_COUNT_13                                 0        0.000%                0        0.000%
RET_OP_EXEC_COUNT_14                                 0        0.000%                0        0.000%
RET_OP_EXEC_COUNT_15                                 0        0.000%                0        0.000%
RET_OP_EXEC_COUNT_16                                 0        0.000%                0        0.000%
RET_OP_EXEC_COUNT_17                                 0        0.000%                0        0.000%
RET_OP_EXEC_COUNT_18                                 0        0.000%                0        0.000%
RET_OP_EXEC_COUNT_19                                 0        0.000%                0        0.000%
RET_OP_EXEC_COUNT_20                                 0        0.000%                0        0.000%
RET_OP_EXEC_COUNT_21                                 0        0.000%                0        0.000%
RET_OP_EXEC_COUNT_22                                 0        0.000%                0        0.000%
RET_OP_EXEC_COUNT_23                                 0        0.000%                0        0.000%
RET_OP_EXEC_COUNT_24                                 0        0.000%                0        0.000%
RET_OP_EXEC_COUNT_25                                 0        0.000%                0        0.000%
RET_OP_EXEC_COUNT_26                                 0        0.000%                0        0.000%
RET_OP_EXEC_COUNT_27                                 0        0.000%                0        0.000%
RET_OP_EXEC_COUNT_28                                 0        0.000%                0        0.000%
RET_OP_EXEC_COUNT_29                                 0        0.000%                0        0.000%
RET_OP_EXEC_COUNT_30                                 0        0.000%                0        0.000%
RET_OP_EXEC_COUNT_31                                 0        0.000%                0        0.000%
RET_OP_EXEC_COUNT_32                                 0        0.000%                0        0.000%
                                              12906867      100.000%         25810997      100.000%
                                                  1.00         0.00              1.00         0.00

RET_STALL_LENGTH_0                            12878205       99.778%         25752522       99.773%
RET_STALL_LENGTH_100                             25439        0.197%            52455        0.203%
RET_STALL_LENGTH_200                               998        0.008%             2131        0.008%
RET_STALL_LENGTH_300                               200        0.002%              379        0.001%
RET_STALL_LENGTH_400                               491        0.004%              840        0.003%
RET_STALL_LENGTH_500                               817        0.006%             1365        0.005%
RET_STALL_LENGTH_600                               264        0.002%              422        0.002%
RET_STALL_LENGTH_700                                56        0.000%               96        0.000%
RET_STALL_LENGTH_800                                22        0.000%               36        0.000%
RET_STALL_LENGTH_900                                19        0.000%               31        0.000%
RET_STALL_LENGTH_1000                               18        0.000%               38        0.000%
RET_STALL_LENGTH_1100                               46        0.000%               90        0.000%
RET_STALL_LENGTH_1200                              203        0.002%              423        0.002%
RET_STALL_LENGTH_1300                               48        0.000%               99        0.000%
RET_STALL_LENGTH_1400                                3        0.000%                5        0.000%
RET_STALL_LENGTH_1500                                1        0.000%                2        0.000%
RET_STALL_LENGTH_1600                                9        0.000%               14        0.000%
RET_STALL_LENGTH_1700                               19        0.000%               28        0.000%
RET_STALL_LENGTH_1800                                6        0.000%               16        0.000%
RET_STALL_LENGTH_1900                                3        0.000%                5        0.000%
RET_STALL_LENGTH_2000                                0        0.000%                0        0.000%
RET_STALL_LENGTH_2100                                0        0.000%                0        0.000%
RET_STALL_LENGTH_2200                                0        0.000%                0        0.000%
RET_STALL_LENGTH_2300                                0        0.000%                0        0.000%
RET_STALL_LENGTH_2400                                0        0.000%                0        0.000%
RET_STALL_LENGTH_2500                                0        0.000%                0        0.000%
RET_STALL_LENGTH_2600                                0        0.000%                0        0.000%
RET_STALL_LENGTH_2700                                0        0.000%                0        0.000%
RET_STALL_LENGTH_2800                                0        0.000%                0        0.000%
RET_STALL_LENGTH_2900                                0        0.000%                0        0.000%
RET_STALL_LENGTH_3000                                0        0.000%                0        0.000%
RET_STALL_LENGTH_3100                                0        0.000%                0        0.000%
RET_STALL_LENGTH_3200                                0        0.000%                0        0.000%
RET_STALL_LENGTH_3300                                0        0.000%                0        0.000%
RET_STALL_LENGTH_3400                                0        0.000%                0        0.000%
RET_STALL_LENGTH_3500                                0        0.000%                0        0.000%
RET_STALL_LENGTH_3600                                0        0.000%                0        0.000%
RET_STALL_LENGTH_3700                                0        0.000%                0        0.000%
RET_STALL_LENGTH_3800                                0        0.000%                0        0.000%
RET_STALL_LENGTH_3900                                0        0.000%                0        0.000%
RET_STALL_LENGTH_4000                                0        0.000%                0        0.000%
RET_STALL_LENGTH_4100                                0        0.000%                0        0.000%
RET_STALL_LENGTH_4200                                0        0.000%                0        0.000%
RET_STALL_LENGTH_4300                                0        0.000%                0        0.000%
RET_STALL_LENGTH_4400                                0        0.000%                0        0.000%
RET_STALL_LENGTH_4500                                0        0.000%                0        0.000%
RET_STALL_LENGTH_4600                                0        0.000%                0        0.000%
RET_STALL_LENGTH_4700                                0        0.000%                0        0.000%
RET_STALL_LENGTH_4800                                0        0.000%                0        0.000%
RET_STALL_LENGTH_4900                                0        0.000%                0        0.000%
RET_STALL_LENGTH_5000                                0        0.000%                0        0.000%
                                              12906867      100.000%         25810997      100.000%
                                                  0.00         0.10              0.00         0.10

MEM_BLOCK_LENGTH_0                                   0         -nan%                3       50.000%
MEM_BLOCK_LENGTH_100                                 0         -nan%                2       33.333%
MEM_BLOCK_LENGTH_200                                 0         -nan%                0        0.000%
MEM_BLOCK_LENGTH_300                                 0         -nan%                0        0.000%
MEM_BLOCK_LENGTH_400                                 0         -nan%                0        0.000%
MEM_BLOCK_LENGTH_500                                 0         -nan%                1       16.667%
MEM_BLOCK_LENGTH_600                                 0         -nan%                0        0.000%
MEM_BLOCK_LENGTH_700                                 0         -nan%                0        0.000%
MEM_BLOCK_LENGTH_800                                 0         -nan%                0        0.000%
MEM_BLOCK_LENGTH_900                                 0         -nan%                0        0.000%
MEM_BLOCK_LENGTH_1000                                0         -nan%                0        0.000%
MEM_BLOCK_LENGTH_1100                                0         -nan%                0        0.000%
MEM_BLOCK_LENGTH_1200                                0         -nan%                0        0.000%
MEM_BLOCK_LENGTH_1300                                0         -nan%                0        0.000%
MEM_BLOCK_LENGTH_1400                                0         -nan%                0        0.000%
MEM_BLOCK_LENGTH_1500                                0         -nan%                0        0.000%
MEM_BLOCK_LENGTH_1600                                0         -nan%                0        0.000%
MEM_BLOCK_LENGTH_1700                                0         -nan%                0        0.000%
MEM_BLOCK_LENGTH_1800                                0         -nan%                0        0.000%
MEM_BLOCK_LENGTH_1900                                0         -nan%                0        0.000%
MEM_BLOCK_LENGTH_2000                                0         -nan%                0        0.000%
MEM_BLOCK_LENGTH_2100                                0         -nan%                0        0.000%
MEM_BLOCK_LENGTH_2200                                0         -nan%                0        0.000%
MEM_BLOCK_LENGTH_2300                                0         -nan%                0        0.000%
MEM_BLOCK_LENGTH_2400                                0         -nan%                0        0.000%
MEM_BLOCK_LENGTH_2500                                0         -nan%                0        0.000%
MEM_BLOCK_LENGTH_2600                                0         -nan%                0        0.000%
MEM_BLOCK_LENGTH_2700                                0         -nan%                0        0.000%
MEM_BLOCK_LENGTH_2800                                0         -nan%                0        0.000%
MEM_BLOCK_LENGTH_2900                                0         -nan%                0        0.000%
MEM_BLOCK_LENGTH_3000                                0         -nan%                0        0.000%
MEM_BLOCK_LENGTH_3100                                0         -nan%                0        0.000%
MEM_BLOCK_LENGTH_3200                                0         -nan%                0        0.000%
MEM_BLOCK_LENGTH_3300                                0         -nan%                0        0.000%
MEM_BLOCK_LENGTH_3400                                0         -nan%                0        0.000%
MEM_BLOCK_LENGTH_3500                                0         -nan%                0        0.000%
MEM_BLOCK_LENGTH_3600                                0         -nan%                0        0.000%
MEM_BLOCK_LENGTH_3700                                0         -nan%                0        0.000%
MEM_BLOCK_LENGTH_3800                                0         -nan%                0        0.000%
MEM_BLOCK_LENGTH_3900                                0         -nan%                0        0.000%
MEM_BLOCK_LENGTH_4000                                0         -nan%                0        0.000%
MEM_BLOCK_LENGTH_4100                                0         -nan%                0        0.000%
MEM_BLOCK_LENGTH_4200                                0         -nan%                0        0.000%
MEM_BLOCK_LENGTH_4300                                0         -nan%                0        0.000%
MEM_BLOCK_LENGTH_4400                                0         -nan%                0        0.000%
MEM_BLOCK_LENGTH_4500                                0         -nan%                0        0.000%
MEM_BLOCK_LENGTH_4600                                0         -nan%                0        0.000%
MEM_BLOCK_LENGTH_4700                                0         -nan%                0        0.000%
MEM_BLOCK_LENGTH_4800                                0         -nan%                0        0.000%
MEM_BLOCK_LENGTH_4900                                0         -nan%                0        0.000%
MEM_BLOCK_LENGTH_5000                                0         -nan%                0        0.000%
                                                     0         -nan%                6      100.000%
                                                  -nan         -nan              1.17         1.72

FUS_BUSY_ON_PATH                              13420122        1.3032         26828803        1.3031

FUS_BUSY_OFF_PATH                              3299441        0.3204          6807897        0.3307

FU_BUSY_MEM_STALL                               526470        0.0511          1049078        0.0510

FUS_EMPTY                                     65665077        6.3764        131069828        6.3662

FU_UNAVAILABLE                                  124865        0.0121           249319        0.0121

FU_MEM_UNAVAILABLE                              343868        0.0334           684716        0.0333

FU_REPLAY                                            0        0.0000                0        0.0000

FU_STARVED                                    65526198        6.3630        130788638        6.3526

CHIP_UTILIZATION                                     0        0.0000                0        0.0000

CYCLES_UNDER_MEM_REQ                                 0                              0              

CYCLES_UNDER_NO_MEM_REQ                              0                              0              

CYCLES_UNDER_CRITICAL_MEM_REQ                        0                              0              

CYCLES_UNDER_NONCRITICAL_MEM_REQ                     0                              0              

CHIP_UTILIZATION_UNDER_MEM_REQ                       0          -nan                0          -nan

CHIP_UTILIZATION_UNDER_NO_MEM_REQ                    0          -nan                0          -nan

CHIP_UTILIZATION_UNDER_CRITICAL_MEM_REQ              0          -nan                0          -nan

CHIP_UTILIZATION_UNDER_NONCRITICAL_MEM_REQ             0          -nan                0          -nan

CYCLES_NOT_WAITING_FOR_OFF_CHIP                      0        0.0000                0        0.0000

FUS_BUSY_NOT_WAITING_FOR_OFF_CHIP                    0          -nan                0          -nan

CYCLES_WAITING_FOR_OFF_CHIP                          0        0.0000                0        0.0000

FUS_BUSY_WAITING_FOR_OFF_CHIP                        0          -nan                0          -nan

TOTAL_OFF_CHIP_DELAYS_LEFT                           0                              0              

WRONG_IO_SCHED                                       0                              0              

DVFS_CONFIG_SWITCH                                   0                              0              

MAP_STAGE_RECEIVED_OPS_0                             0        0.000%                0        0.000%
MAP_STAGE_RECEIVED_OPS_1                        217137        7.506%           437350        7.557%
MAP_STAGE_RECEIVED_OPS_2                        211638        7.316%           423478        7.317%
MAP_STAGE_RECEIVED_OPS_3                        283374        9.796%           566729        9.792%
MAP_STAGE_RECEIVED_OPS_4                        277722        9.600%           554054        9.573%
MAP_STAGE_RECEIVED_OPS_5                       1154029       39.892%          2308814       39.894%
MAP_STAGE_RECEIVED_OPS_6                        748989       25.891%          1497001       25.866%
MAP_STAGE_RECEIVED_OPS_7                             0        0.000%                0        0.000%
MAP_STAGE_RECEIVED_OPS_8                             0        0.000%                0        0.000%
MAP_STAGE_RECEIVED_OPS_MAX                           0        0.000%                0        0.000%
                                               2892889      100.000%          5787426      100.000%
                                                  4.45         1.52              4.45         1.52

MAP_STAGE_WAIT_FOR_DECODE                            0         -nan%                0         -nan%
MAP_STAGE_CONSUME_DECODE                             0         -nan%                0         -nan%
                                                     0         -nan%                0         -nan%
                                                  -nan         -nan              -nan         -nan

MAP_STAGE_WAIT_FOR_DECODE2                           0         -nan%                0         -nan%
MAP_STAGE_CONSUME_DECODE2                            0         -nan%                0         -nan%
                                                     0         -nan%                0         -nan%
                                                  -nan         -nan              -nan         -nan

FTQ_RECOVER_EXEC                                 35992                          73664              

FTQ_RECOVER_DECODE                                  46                            224              

FTQ_OFFPATH_CYCLES                             4245959                        8544489              

FTQ_CYCLES_OFFPATH                             5467068                       11054796              

FTQ_CYCLES_ONPATH                              4831012                        9533520              

FTQ_FETCHED_INS_OFFPATH                       15546013                       31974414              

FTQ_FETCHED_INS_ONPATH                        12870776                       25737109              

FTQ_BREAK_FULL_FT_ONPATH                       4599869       95.931%          9062757       95.805%
FTQ_BREAK_MAX_CFS_TAKEN_ONPATH                  183586        3.829%           373579        3.949%
FTQ_BREAK_MAX_BYTES_ONPATH                       11501        0.240%            23277        0.246%
FTQ_BREAK_PRED_BR_ONPATH                             0        0.000%                0        0.000%
FTQ_BREAK_BAR_FETCH_ONPATH                           0        0.000%                0        0.000%
                                               4794956      100.000%          9459613      100.000%
                                                  0.04         0.21              0.04         0.21

FTQ_BREAK_FULL_FT_OFFPATH                      5153209       93.642%         10405753       93.504%
FTQ_BREAK_MAX_CFS_TAKEN_OFFPATH                 320887        5.831%           661788        5.947%
FTQ_BREAK_MAX_BYTES_OFFPATH                      29006        0.527%            61140        0.549%
FTQ_BREAK_PRED_BR_OFFPATH                            0        0.000%                0        0.000%
FTQ_BREAK_BAR_FETCH_OFFPATH                          0        0.000%                0        0.000%
                                               5503102      100.000%         11128681      100.000%
                                                  0.07         0.26              0.07         0.27



