Scarab gitrev: 3541854
Scarab started at Tue Oct 29 20:06:16 2024

Initialized Ramulator. 
** Heartbeat:   5% -- { 1000000 } -- 0.00 KIPS (16.13 KIPS)
** Heartbeat:  10% -- { 2000000 } -- 15.62 KIPS (15.87 KIPS)
** Heartbeat:  15% -- { 3000003 } -- 17.24 KIPS (16.30 KIPS)
** Heartbeat:  20% -- { 4000007 } -- 15.87 KIPS (16.19 KIPS)
** Heartbeat:  25% -- { 5000008 } -- 17.54 KIPS (16.45 KIPS)
** Heartbeat:  30% -- { 6000008 } -- 16.67 KIPS (16.48 KIPS)
** Heartbeat:  35% -- { 7000011 } -- 15.63 KIPS (16.36 KIPS)
** Heartbeat:  40% -- { 8000013 } -- 23.26 KIPS (16.99 KIPS)
** Heartbeat:  45% -- { 9000017 } -- 17.54 KIPS (17.05 KIPS)
** Heartbeat:  50% -- { 10000018 } -- 20.00 KIPS (17.30 KIPS)
** Heartbeat:  55% -- { 11000018 } -- 0.21 KIPS (2.03 KIPS)
** Heartbeat:  60% -- { 12000021 } -- 25.00 KIPS (2.20 KIPS)
** Heartbeat:  65% -- { 13000021 } -- 18.18 KIPS (2.36 KIPS)
** Heartbeat:  70% -- { 14000021 } -- 16.95 KIPS (2.52 KIPS)
** Heartbeat:  75% -- { 15000023 } -- 18.87 KIPS (2.67 KIPS)
** Heartbeat:  80% -- { 16000026 } -- 18.52 KIPS (2.82 KIPS)
** Heartbeat:  85% -- { 17000026 } -- 24.39 KIPS (2.98 KIPS)
** Heartbeat:  90% -- { 18000026 } -- 20.41 KIPS (3.12 KIPS)
** Heartbeat:  95% -- { 19000026 } -- 18.52 KIPS (3.27 KIPS)
** Core 0 Finished:    insts:20000000    cycles:12115296    time:3786030000000       -- 1.65 IPC (1.65 IPC) --  N/A  KIPS (3.40 KIPS)
Scarab finished at Tue Oct 29 21:44:17 2024

