Scarab gitrev: 3541854
Scarab started at Tue Oct 29 00:32:22 2024

Initialized Ramulator. 
** Heartbeat:   5% -- { 1000005 } -- 0.00 KIPS (40.00 KIPS)
** Heartbeat:  10% -- { 2000009 } -- 41.67 KIPS (40.82 KIPS)
** Heartbeat:  15% -- { 3000013 } -- 33.33 KIPS (37.97 KIPS)
** Heartbeat:  20% -- { 4000015 } -- 32.26 KIPS (36.36 KIPS)
** Heartbeat:  25% -- { 5000019 } -- 35.71 KIPS (36.23 KIPS)
** Heartbeat:  30% -- { 6000020 } -- 34.48 KIPS (35.93 KIPS)
** Heartbeat:  35% -- { 7000022 } -- 32.26 KIPS (35.35 KIPS)
** Heartbeat:  40% -- { 8000024 } -- 43.48 KIPS (36.20 KIPS)
** Heartbeat:  45% -- { 9000027 } -- 37.04 KIPS (36.29 KIPS)
** Heartbeat:  50% -- { 10000028 } -- 45.45 KIPS (37.04 KIPS)
** Heartbeat:  55% -- { 11000032 } -- 66.67 KIPS (38.60 KIPS)
** Heartbeat:  60% -- { 12000037 } -- 62.50 KIPS (39.87 KIPS)
** Heartbeat:  65% -- { 13000039 } -- 47.62 KIPS (40.37 KIPS)
** Heartbeat:  70% -- { 14000039 } -- 52.63 KIPS (41.06 KIPS)
** Heartbeat:  75% -- { 15000039 } -- 58.82 KIPS (41.90 KIPS)
** Heartbeat:  80% -- { 16000041 } -- 66.67 KIPS (42.90 KIPS)
** Heartbeat:  85% -- { 17000041 } -- 62.50 KIPS (43.70 KIPS)
** Heartbeat:  90% -- { 18000041 } -- 90.91 KIPS (45.00 KIPS)
** Heartbeat:  95% -- { 19000041 } -- 111.11 KIPS (46.45 KIPS)
** Core 0 Finished:    insts:20000002    cycles:14719284    time:4599776250000       -- 1.36 IPC (1.36 IPC) --  N/A  KIPS (47.85 KIPS)
Scarab finished at Tue Oct 29 00:39:20 2024

