/* -*- Mode: c -*- */
####################################################################################################
Core 0
####################################################################################################
Cumulative:        Cycles: 8750482               Instructions: 20000000              IPC: 2.28559

Periodic:          Cycles: 4282774               Instructions: 10000000              IPC: 2.33494

MISS_WAIT_TIME                              9946516732                    13255485256              

ICACHE_STAGE_MISS                                 1493                           3244              

ICACHE_CYCLE                                   4282774                        8750482              

TCACHE_CYCLE                                         0                              0              

ICACHE_CYCLE_ONPATH                            2785798       65.047%          5620920       64.236%
ICACHE_CYCLE_OFFPATH                           1496976       34.953%          3129562       35.764%
                                               4282774      100.000%          8750482      100.000%
                                                  0.35         0.44              0.36         0.44

FETCH_ON_PATH                                  2713610       68.199%          5441707       67.448%
FETCH_OFF_PATH                                 1265371       31.801%          2626338       32.552%
                                               3978981      100.000%          8068045      100.000%
                                                  0.32         0.42              0.33         0.43

FETCHED_OPS_ON_PATH                                  0         -nan%                0         -nan%
FETCHED_OPS_OFF_PATH                                 0         -nan%                0         -nan%
                                                     0         -nan%                0         -nan%
                                                  -nan         -nan              -nan         -nan

INST_LOST_FETCH                               12112231       50.395%         24244625       49.441%
INST_LOST_OFF_PATH                             5734163       23.858%         11920053       24.308%
INST_LOST_FULL_WINDOW                            16500        0.069%            35058        0.071%
INST_LOST_ROB_STALL_OTHER                        49524        0.206%           116490        0.238%
INST_LOST_ROB_STALL_WAIT_FOR_RECOVERY             5394        0.022%            12738        0.026%
INST_LOST_ROB_STALL_WAIT_FOR_REDIRECT                0        0.000%                0        0.000%
INST_LOST_ROB_STALL_WAIT_FOR_GAP_FILL                0        0.000%                0        0.000%
INST_LOST_ROB_STALL_WAIT_FOR_L1_MISS                 0        0.000%                0        0.000%
INST_LOST_ROB_STALL_WAIT_FOR_MEMORY                  0        0.000%               48        0.000%
INST_LOST_ROB_STALL_WAIT_FOR_DC_MISS           1751340        7.287%          3930288        8.015%
INST_LOST_ROB_BLOCK_ISSUE_FULL                       0        0.000%                0        0.000%
INST_LOST_ROB_BLOCK_ISSUE_GAP_TOO_LARGE              0        0.000%                0        0.000%
INST_LOST_BREAK_DONT                                 0        0.000%                0        0.000%
INST_LOST_BREAK_RENAME                               0        0.000%                0        0.000%
INST_LOST_BREAK_FT_UNAVAILABLE                      60        0.000%               60        0.000%
INST_LOST_BREAK_ICACHE_TO_UOP_CACHE_SWITCH        335515        1.396%           693247        1.414%
INST_LOST_BREAK_ICACHE_MISS_REQ_SUCCESS           6045        0.025%            13119        0.027%
INST_LOST_BREAK_ICACHE_MISS_REQ_FAILURE              0        0.000%              195        0.000%
INST_LOST_BREAK_WAIT_FOR_MISS                    65500        0.273%           195220        0.398%
INST_LOST_BREAK_UOP_CACHE_READ_LIMIT           3571571       14.860%          7075795       14.429%
INST_LOST_BREAK_UOP_CACHE_READ_LIMIT_AND_ISSUE_WIDTH             0        0.000%                0        0.000%
INST_LOST_BREAK_ICACHE_READ_LIMIT               386519        1.608%           800787        1.633%
INST_LOST_BREAK_ICACHE_READ_LIMIT_AND_ISSUE_WIDTH             0        0.000%                0        0.000%
INST_LOST_BREAK_ISSUE_WIDTH                          0        0.000%                0        0.000%
INST_LOST_BREAK_BARRIERT                             0        0.000%                0        0.000%
INST_LOST_BREAK_WAIT_FOR_EMPTY_ROB                   0        0.000%                0        0.000%
INST_LOST_BREAK_APP_EXIT                             3        0.000%                3        0.000%
INST_LOST_BREAK_STALL                                0        0.000%                0        0.000%
                                              24034365      100.000%         49037726      100.000%
                                                  4.33         6.55              4.35         6.51

INST_LOST_TOTAL                               24034365                       49037726              

INST_LOST_WAIT_FOR_ICACHE_MISS_NOT_PREFETCHED             0        0.000%            13000        7.804%
INST_LOST_WAIT_FOR_ICACHE_MISS_PREFETCHED_AND_EVICTED_BY_IFETCH             0        0.000%                0        0.000%
INST_LOST_WAIT_FOR_ICACHE_MISS_PREFETCHED_AND_EVICTED_BY_FDIP             0        0.000%                0        0.000%
INST_LOST_WAIT_FOR_ICACHE_MISS_MSHR_HIT_PREF_OFFPATH          1005        1.842%             1945        1.168%
INST_LOST_WAIT_FOR_ICACHE_MISS_MSHR_HIT_PREF_ONPATH         53565       98.158%           151640       91.029%
                                                 54570      100.000%           166585      100.000%
                                                  3.98         3.95              3.68         3.52

FETCH_0_OPS                                     332386        7.735%           765740        8.709%
FETCH_1_OPS                                     241397        5.617%           482978        5.493%
FETCH_2_OPS                                     326531        7.598%           652107        7.416%
FETCH_3_OPS                                     402704        9.371%           806533        9.173%
FETCH_4_OPS                                     324089        7.542%           650429        7.397%
FETCH_5_OPS                                    1574093       36.629%          3253961       37.007%
FETCH_6_OPS                                    1096167       25.508%          2181061       24.805%
FETCH_7_OPS                                          0        0.000%                0        0.000%
FETCH_8_OPS                                          0        0.000%                0        0.000%
FETCH_9_OPS                                          0        0.000%                0        0.000%
FETCH_10_OPS                                         0        0.000%                0        0.000%
FETCH_11_OPS                                         0        0.000%                0        0.000%
FETCH_12_OPS                                         0        0.000%                0        0.000%
FETCH_13_OPS                                         0        0.000%                0        0.000%
FETCH_14_OPS                                         0        0.000%                0        0.000%
FETCH_15_OPS                                         0        0.000%                0        0.000%
FETCH_16_OPS                                         0        0.000%                0        0.000%
                                               4297367      100.000%          8792809      100.000%
                                                  4.15         1.47              4.11         1.47

ST_BREAK_DONT                                        0        0.000%                0        0.000%
ST_BREAK_RENAME                                      0        0.000%                0        0.000%
ST_BREAK_FT_UNAVAILABLE                             12        0.000%               12        0.000%
ST_BREAK_ICACHE_TO_UOP_CACHE_SWITCH             125241        3.148%           257818        3.196%
ST_BREAK_ICACHE_MISS_REQ_SUCCESS                  1493        0.038%             3244        0.040%
ST_BREAK_ICACHE_MISS_REQ_FAILURE                     0        0.000%               39        0.000%
ST_BREAK_WAIT_FOR_MISS                           13100        0.329%            39044        0.484%
ST_BREAK_UOP_CACHE_READ_LIMIT                  1220534       30.675%          2421817       30.017%
ST_BREAK_UOP_CACHE_READ_LIMIT_AND_ISSUE_WIDTH        140385        3.528%           283511        3.514%
ST_BREAK_ICACHE_READ_LIMIT                      191885        4.822%           397929        4.932%
ST_BREAK_ICACHE_READ_LIMIT_AND_ISSUE_WIDTH         68213        1.714%           141606        1.755%
ST_BREAK_ISSUE_WIDTH                           2218117       55.746%          4523024       56.061%
ST_BREAK_BARRIERT                                    0        0.000%                0        0.000%
ST_BREAK_WAIT_FOR_EMPTY_ROB                          0        0.000%                0        0.000%
ST_BREAK_APP_EXIT                                    1        0.000%                1        0.000%
ST_BREAK_STALL                                       0        0.000%                0        0.000%
                                               3978981      100.000%          8068045      100.000%
                                                  9.28         2.15              9.29         2.15

ORACLE_ON_PATH_INST                           12112231       67.869%         24244625       67.040%
ORACLE_OFF_PATH_INST                           5734163       32.131%         11920053       32.960%
                                              17846394      100.000%         36164678      100.000%
                                                  0.32         0.43              0.33         0.43

ORACLE_ON_PATH_INST_MEM                        3699854       20.732%          7419471       20.516%
ORACLE_ON_PATH_INST_NOTMEM                     8412377       47.138%         16825154       46.524%
ORACLE_OFF_PATH_INST_MEM                       1762647        9.877%          3679902       10.175%
ORACLE_OFF_PATH_INST_NOTMEM                    3971516       22.254%          8240151       22.785%
                                              17846394      100.000%         36164678      100.000%
                                                  1.34         1.05              1.35         1.07

ICACHE_CYCLE_NONRA_ONPATH                            0         -nan%                0         -nan%
ICACHE_CYCLE_NONRA_OFFPATH                           0         -nan%                0         -nan%
ICACHE_CYCLE_RA_ONPATH                               0         -nan%                0         -nan%
ICACHE_CYCLE_RA_OFFPATH                              0         -nan%                0         -nan%
                                                     0         -nan%                0         -nan%
                                                  -nan         -nan              -nan         -nan

ICACHE_CYCLE_ONPATH_NONRA                            0         -nan%                0         -nan%
ICACHE_CYCLE_OFFPATH_NONRA                           0         -nan%                0         -nan%
                                                     0         -nan%                0         -nan%
                                                  -nan         -nan              -nan         -nan

ICACHE_CYCLE_ONPATH_RA                               0         -nan%                0         -nan%
ICACHE_CYCLE_OFFPATH_RA                              0         -nan%                0         -nan%
                                                     0         -nan%                0         -nan%
                                                  -nan         -nan              -nan         -nan

INACCURATE_OFFPATH_CYCLES                            0        0.0000                0        0.0000

FETCH_ALL_INST                                17846394                       36164678              

EXEC_ALL_INST                                 13802112                       27751048              

RET_ALL_INST                                  12112395                       24244625              

EXEC_ON_PATH_INST                             12112338       87.757%         24244625       87.365%
EXEC_OFF_PATH_INST                             1689774       12.243%          3506423       12.635%
                                              13802112      100.000%         27751048      100.000%
                                                  0.12         0.31              0.13         0.31

EXEC_ON_PATH_INST_MEM                          3699879       26.807%          7419471       26.736%
EXEC_ON_PATH_INST_NOTMEM                       8412459       60.951%         16825154       60.629%
EXEC_OFF_PATH_INST_MEM                          577526        4.184%          1202282        4.332%
EXEC_OFF_PATH_INST_NOTMEM                      1112248        8.059%          2304141        8.303%
                                              13802112      100.000%         27751048      100.000%
                                                  0.93         0.68              0.94         0.69

EXEC_RA_INST                                         0         -nan%                0         -nan%
EXEC_NONRA_INST                                      0         -nan%                0         -nan%
                                                     0         -nan%                0         -nan%
                                                  -nan         -nan              -nan         -nan

EXEC_ON_PATH_INST_RA                                 0         -nan%                0         -nan%
EXEC_OFF_PATH_INST_RA                                0         -nan%                0         -nan%
                                                     0         -nan%                0         -nan%
                                                  -nan         -nan              -nan         -nan

EXEC_ON_PATH_INST_NONRA                              0         -nan%                0         -nan%
EXEC_OFF_PATH_INST_NONRA                             0         -nan%                0         -nan%
                                                     0         -nan%                0         -nan%
                                                  -nan         -nan              -nan         -nan

EXEC_RA_ON_PATH_INST                                 0         -nan%                0         -nan%
EXEC_RA_OFF_PATH_INST                                0         -nan%                0         -nan%
EXEC_NONRA_ON_PATH_INST                              0         -nan%                0         -nan%
EXEC_NONRA_OFF_PATH_INST                             0         -nan%                0         -nan%
                                                     0         -nan%                0         -nan%
                                                  -nan         -nan              -nan         -nan

ICACHE_THROTTLE_CYCLE                                0                              0              

FETCH_ENABLE_THROTTLE_OFF_PATH                       0         -nan%                0         -nan%
FETCH_ENABLE_THROTTLE_ON_PATH                        0         -nan%                0         -nan%
                                                     0         -nan%                0         -nan%
                                                  -nan         -nan              -nan         -nan

FETCH_DISABLE_THROTTLE_OFF_PATH                      0         -nan%                0         -nan%
FETCH_DISABLE_THROTTLE_ON_PATH                       0         -nan%                0         -nan%
                                                     0         -nan%                0         -nan%
                                                  -nan         -nan              -nan         -nan

FETCH_TH_ADJUST__0                                   0         -nan%                0         -nan%
FETCH_TH_ADJUST__1                                   0         -nan%                0         -nan%
FETCH_TH_ADJUST__2                                   0         -nan%                0         -nan%
FETCH_TH_ADJUST__3                                   0         -nan%                0         -nan%
FETCH_TH_ADJUST__4                                   0         -nan%                0         -nan%
FETCH_TH_ADJUST__5                                   0         -nan%                0         -nan%
FETCH_TH_ADJUST__6                                   0         -nan%                0         -nan%
FETCH_TH_ADJUST__7                                   0         -nan%                0         -nan%
FETCH_TH_ADJUST__8                                   0         -nan%                0         -nan%
FETCH_TH_ADJUST__9                                   0         -nan%                0         -nan%
FETCH_TH_ADJUST__MAX                                 0         -nan%                0         -nan%
                                                     0         -nan%                0         -nan%
                                                  -nan         -nan              -nan         -nan

FETCH_TH_ADJUST_UP                                   0         -nan%                0         -nan%
FETCH_TH_ADJUST_DOWN                                 0         -nan%                0         -nan%
FETCH_TH_ADJUST_SAME                                 0         -nan%                0         -nan%
                                                     0         -nan%                0         -nan%
                                                  -nan         -nan              -nan         -nan

THROTTLE_ADJUST_CACHE_MISS_INFO                      0                              0              

LOW_CONF_COUNT_BP_MIS_0                              0         -nan%                0         -nan%
LOW_CONF_COUNT_BP_MIS_1                              0         -nan%                0         -nan%
LOW_CONF_COUNT_BP_MIS_2                              0         -nan%                0         -nan%
LOW_CONF_COUNT_BP_MIS_3                              0         -nan%                0         -nan%
LOW_CONF_COUNT_BP_MIS_4                              0         -nan%                0         -nan%
LOW_CONF_COUNT_BP_MIS_5                              0         -nan%                0         -nan%
LOW_CONF_COUNT_BP_MIS_6                              0         -nan%                0         -nan%
LOW_CONF_COUNT_BP_MIS_7                              0         -nan%                0         -nan%
LOW_CONF_COUNT_BP_MIS_8                              0         -nan%                0         -nan%
LOW_CONF_COUNT_BP_MIS_9                              0         -nan%                0         -nan%
LOW_CONF_COUNT_BP_MIS_10                             0         -nan%                0         -nan%
LOW_CONF_COUNT_BP_MIS_11                             0         -nan%                0         -nan%
LOW_CONF_COUNT_BP_MIS_12                             0         -nan%                0         -nan%
LOW_CONF_COUNT_BP_MIS_13                             0         -nan%                0         -nan%
LOW_CONF_COUNT_BP_MIS_14                             0         -nan%                0         -nan%
LOW_CONF_COUNT_BP_MIS_15                             0         -nan%                0         -nan%
LOW_CONF_COUNT_BP_MIS_16                             0         -nan%                0         -nan%
LOW_CONF_COUNT_BP_MIS_17                             0         -nan%                0         -nan%
LOW_CONF_COUNT_BP_MIS_18                             0         -nan%                0         -nan%
LOW_CONF_COUNT_BP_MIS_19                             0         -nan%                0         -nan%
LOW_CONF_COUNT_BP_MIS_20                             0         -nan%                0         -nan%
                                                     0         -nan%                0         -nan%
                                                  -nan         -nan              -nan         -nan

LOW_CONF_COUNT_RET_0                                 0         -nan%                0         -nan%
LOW_CONF_COUNT_RET_1                                 0         -nan%                0         -nan%
LOW_CONF_COUNT_RET_2                                 0         -nan%                0         -nan%
LOW_CONF_COUNT_RET_3                                 0         -nan%                0         -nan%
LOW_CONF_COUNT_RET_4                                 0         -nan%                0         -nan%
LOW_CONF_COUNT_RET_5                                 0         -nan%                0         -nan%
LOW_CONF_COUNT_RET_6                                 0         -nan%                0         -nan%
LOW_CONF_COUNT_RET_7                                 0         -nan%                0         -nan%
LOW_CONF_COUNT_RET_8                                 0         -nan%                0         -nan%
LOW_CONF_COUNT_RET_9                                 0         -nan%                0         -nan%
LOW_CONF_COUNT_RET_10                                0         -nan%                0         -nan%
LOW_CONF_COUNT_RET_11                                0         -nan%                0         -nan%
LOW_CONF_COUNT_RET_12                                0         -nan%                0         -nan%
LOW_CONF_COUNT_RET_13                                0         -nan%                0         -nan%
LOW_CONF_COUNT_RET_14                                0         -nan%                0         -nan%
LOW_CONF_COUNT_RET_15                                0         -nan%                0         -nan%
LOW_CONF_COUNT_RET_16                                0         -nan%                0         -nan%
LOW_CONF_COUNT_RET_17                                0         -nan%                0         -nan%
LOW_CONF_COUNT_RET_18                                0         -nan%                0         -nan%
LOW_CONF_COUNT_RET_19                                0         -nan%                0         -nan%
LOW_CONF_COUNT_RET_20                                0         -nan%                0         -nan%
                                                     0         -nan%                0         -nan%
                                                  -nan         -nan              -nan         -nan

CYCLES_RESTEER_MISPRED                               0         -nan%                0         -nan%
CYCLES_RESTEER_MISFETCH                              0         -nan%                0         -nan%
CYCLES_RESTEER_BTB_MISS                              0         -nan%                0         -nan%
                                                     0         -nan%                0         -nan%
                                                  -nan         -nan              -nan         -nan

CYCLES_RESTEER_MISPRED_SAVED_UC_FETCH                0         -nan%                0         -nan%
CYCLES_RESTEER_MISPRED_COULD_BE_SAVED_UC_FETCH             0         -nan%                0         -nan%
CYCLES_RESTEER_MISFETCH_SAVED_UC_FETCH               0         -nan%                0         -nan%
CYCLES_RESTEER_MISFETCH_COULD_BE_SAVED_UC_FETCH             0         -nan%                0         -nan%
CYCLES_RESTEER_BTB_MISS_SAVED_UC_FETCH               0         -nan%                0         -nan%
CYCLES_RESTEER_BTB_MISS_COULD_BE_SAVED_UC_FETCH             0         -nan%                0         -nan%
                                                     0         -nan%                0         -nan%
                                                  -nan         -nan              -nan         -nan

CYCLES_UOC_IC_SWITCH                                 0                              0              



