/* -*- Mode: c -*- */
####################################################################################################
Core 0
####################################################################################################
Cumulative:        Cycles: 9335858               Instructions: 20000000              IPC: 2.14228

Periodic:          Cycles: 4497486               Instructions: 10000000              IPC: 2.22346

ST_OP_INV                                            0        0.000%                0        0.000%
ST_OP_NOP                                       378578        2.459%           906269        2.825%
ST_OP_CF                                       2100907       13.648%          4394488       13.697%
ST_OP_MOV                                      1497444        9.728%          3100561        9.664%
ST_OP_CMOV                                        3561        0.023%             7107        0.022%
ST_OP_LDA                                       175510        1.140%           359249        1.120%
ST_OP_ILD                                      2443690       15.875%          5110415       15.928%
ST_OP_IST                                      1297751        8.431%          2705547        8.433%
ST_OP_IADD                                     1941327       12.611%          4022012       12.536%
ST_OP_IMUL                                       33812        0.220%            69238        0.216%
ST_OP_IDIV                                           0        0.000%                0        0.000%
ST_OP_ICMP                                      587193        3.815%          1245763        3.883%
ST_OP_LOGIC                                    1172428        7.616%          2432653        7.582%
ST_OP_SHIFT                                     106263        0.690%           229744        0.716%
ST_OP_FLD                                      1802916       11.712%          3715590       11.581%
ST_OP_FST                                       362296        2.354%           755447        2.355%
ST_OP_FCVT                                      130866        0.850%           276030        0.860%
ST_OP_FADD                                      308577        2.005%           633224        1.974%
ST_OP_FMUL                                      358955        2.332%           732886        2.284%
ST_OP_FMA                                       640793        4.163%          1284945        4.005%
ST_OP_FDIV                                       32742        0.213%            66997        0.209%
ST_OP_FCMP                                       17868        0.116%            36463        0.114%
ST_OP_FCMOV                                          0        0.000%                0        0.000%
ST_OP_GATHER                                         0        0.000%                0        0.000%
ST_OP_SCATTER                                        0        0.000%                0        0.000%
ST_OP_PIPELINED_FAST                                 0        0.000%                0        0.000%
ST_OP_PIPELINED_MEDIUM                               0        0.000%                0        0.000%
ST_OP_PIPELINED_SLOW                                 0        0.000%                0        0.000%
ST_OP_NOTPIPELINED_MEDIUM                            0        0.000%                0        0.000%
ST_OP_NOTPIPELINED_SLOW                              0        0.000%                0        0.000%
ST_OP_NOTPIPELINED_VERY_SLOW                         0        0.000%                0        0.000%
                                              15393477      100.000%         32084628      100.000%
                                                  8.39         5.14              8.33         5.13

ST_NOT_CF                                     13292570       86.352%         27690140       86.303%
ST_CF_BR                                        143244        0.931%           298503        0.930%
ST_CF_CBR                                      1383483        8.987%          2908010        9.064%
ST_CF_CALL                                      190584        1.238%           395145        1.232%
ST_CF_IBR                                         3433        0.022%             6163        0.019%
ST_CF_ICALL                                      91488        0.594%           188778        0.588%
ST_CF_ICO                                            0        0.000%                0        0.000%
ST_CF_RET                                       288675        1.875%           597889        1.863%
ST_CF_SYS                                            0        0.000%                0        0.000%
                                              15393477      100.000%         32084628      100.000%
                                                  0.39         1.13              0.39         1.12

ST_BAR_NONE                                   15393477      100.000%         32084628      100.000%
ST_BAR_FETCH                                         0        0.000%                0        0.000%
ST_BAR_ISSUE                                         0        0.000%                0        0.000%
ST_BAR_BOTH                                          0        0.000%                0        0.000%
                                              15393477      100.000%         32084628      100.000%
                                                  0.00         0.00              0.00         0.00

ST_NOT_MEM                                     9486824       61.629%         19797629       61.704%
ST_MEM_LD                                      4246606       27.587%          8826005       27.509%
ST_MEM_ST                                      1660047       10.784%          3460994       10.787%
ST_MEM_PF                                            0        0.000%                0        0.000%
ST_MEM_WH                                            0        0.000%                0        0.000%
ST_MEM_EVICT                                         0        0.000%                0        0.000%
                                              15393477      100.000%         32084628      100.000%
                                                  0.49         0.56              0.49         0.56

ST_NOT_MEM_OFFPATH                             1122093       63.256%          3133471       63.435%
ST_MEM_LD_OFFPATH                               502059       28.303%          1381792       27.973%
ST_MEM_ST_OFFPATH                               149731        8.441%           424401        8.592%
ST_MEM_PF_OFFPATH                                    0        0.000%                0        0.000%
ST_MEM_WH_OFFPATH                                    0        0.000%                0        0.000%
ST_MEM_EVIC_OFFPATHT                                 0        0.000%                0        0.000%
                                               1773883      100.000%          4939664      100.000%
                                                  0.45         0.54              0.45         0.54

ST_OP_ONPATH                                  15393477                       32084628              

ST_OP_OFFPATH                                  1773883                        4939664              

ST_FAKE_OP_OFFPATH                               74753        4.214%           262591        5.316%
ST_NOT_FAKE_OP_OFFPATH                         1699130       95.786%          4677073       94.684%
                                               1773883      100.000%          4939664      100.000%
                                                  0.96         0.94              0.95         0.92

ST_FAKE_REASON_NOT_FAKE                        1699130       95.786%          4677073       94.684%
ST_FAKE_REASON_REDIRECT_TO_NOT_INSTRUMENTED         74753        4.214%           262591        5.316%
ST_FAKE_REASON_RETURN_TO_NOT_INSTRUMENTED             0        0.000%                0        0.000%
ST_FAKE_REASON_NONRET_CF_TO_NOT_INSTRUMENTED             0        0.000%                0        0.000%
ST_FAKE_REASON_NOT_TAKEN_TO_NOT_INSTRUMENTED             0        0.000%                0        0.000%
ST_FAKE_REASON_WRONG_PATH_STORE_TO_NEW_REGION             0        0.000%                0        0.000%
                                               1773883      100.000%          4939664      100.000%
                                                  0.04         0.20              0.05         0.22

ST_INST_ONPATH                                11963334                       24997680              

ST_INST_OFFPATH                                1449831                        4059493              

STATIC_PIN_NOP                                       0                              0              

DYNAMIC_PIN_REP_GREATER_256                          0                              0              

INST_MAP_UPDATE_JITTED                          384167       18.284%           771212       18.302%
INST_MAP_UPDATE_NPC_INV                              0        0.000%                0        0.000%
INST_MAP_UPDATE_NPC_NOP                              0        0.000%                0        0.000%
INST_MAP_UPDATE_NPC_CF                               0        0.000%                0        0.000%
INST_MAP_UPDATE_NPC_MOV                              0        0.000%                0        0.000%
INST_MAP_UPDATE_NPC_CMOV                             0        0.000%                0        0.000%
INST_MAP_UPDATE_NPC_LDA                              0        0.000%                0        0.000%
INST_MAP_UPDATE_NPC_IMEM                             0        0.000%                0        0.000%
INST_MAP_UPDATE_NPC_IADD                             0        0.000%                0        0.000%
INST_MAP_UPDATE_NPC_IMUL                          5540        0.264%            11269        0.267%
INST_MAP_UPDATE_NPC_IDIV                             0        0.000%                0        0.000%
INST_MAP_UPDATE_NPC_ICMP                             0        0.000%                0        0.000%
INST_MAP_UPDATE_NPC_LOGIC                            0        0.000%                0        0.000%
INST_MAP_UPDATE_NPC_SHIFT                            0        0.000%                0        0.000%
INST_MAP_UPDATE_NPC_FMEM                             0        0.000%                0        0.000%
INST_MAP_UPDATE_NPC_FCVT                             0        0.000%                0        0.000%
INST_MAP_UPDATE_NPC_FADD                             0        0.000%                0        0.000%
INST_MAP_UPDATE_NPC_FMUL                             0        0.000%                0        0.000%
INST_MAP_UPDATE_NPC_FMA                              0        0.000%                0        0.000%
INST_MAP_UPDATE_NPC_FDIV                             0        0.000%                0        0.000%
INST_MAP_UPDATE_NPC_FCMP                             0        0.000%                0        0.000%
INST_MAP_UPDATE_NPC_FCMOV                            0        0.000%                0        0.000%
INST_MAP_UPDATE_NPC_GATHER                           0        0.000%                0        0.000%
INST_MAP_UPDATE_NPC_SCATTER                          0        0.000%                0        0.000%
INST_MAP_UPDATE_NPC_PIPELINED_FAST                   0        0.000%                0        0.000%
INST_MAP_UPDATE_NPC_PIPELINED_MEDIUM                 0        0.000%                0        0.000%
INST_MAP_UPDATE_NPC_PIPELINED_SLOW                   0        0.000%                0        0.000%
INST_MAP_UPDATE_NPC_NOTPIPELINED_MEDIUM              0        0.000%                0        0.000%
INST_MAP_UPDATE_NPC_NOTPIPELINED_SLOW                0        0.000%                0        0.000%
INST_MAP_UPDATE_NPC_NOTPIPELINED_VERY_SLOW             0        0.000%                0        0.000%
INST_MAP_UPDATE_MEM_INV                              0        0.000%                0        0.000%
INST_MAP_UPDATE_MEM_NOP                              0        0.000%                0        0.000%
INST_MAP_UPDATE_MEM_CF                               0        0.000%                0        0.000%
INST_MAP_UPDATE_MEM_MOV                        1060539       50.476%          2139622       50.776%
INST_MAP_UPDATE_MEM_CMOV                           323        0.015%              688        0.016%
INST_MAP_UPDATE_MEM_LDA                              0        0.000%                0        0.000%
INST_MAP_UPDATE_MEM_IMEM                             0        0.000%                0        0.000%
INST_MAP_UPDATE_MEM_IADD                             0        0.000%                0        0.000%
INST_MAP_UPDATE_MEM_IMUL                        254835       12.129%           517666       12.285%
INST_MAP_UPDATE_MEM_IDIV                             0        0.000%                0        0.000%
INST_MAP_UPDATE_MEM_ICMP                             0        0.000%                0        0.000%
INST_MAP_UPDATE_MEM_LOGIC                        44138        2.101%            88382        2.097%
INST_MAP_UPDATE_MEM_SHIFT                        22953        1.092%            47056        1.117%
INST_MAP_UPDATE_MEM_FMEM                             0        0.000%                0        0.000%
INST_MAP_UPDATE_MEM_FCVT                             0        0.000%                0        0.000%
INST_MAP_UPDATE_MEM_FADD                             0        0.000%                0        0.000%
INST_MAP_UPDATE_MEM_FMUL                         41520        1.976%            83624        1.985%
INST_MAP_UPDATE_MEM_FMA                          57056        2.716%           114893        2.727%
INST_MAP_UPDATE_MEM_FDIV                         35733        1.701%            71688        1.701%
INST_MAP_UPDATE_MEM_FCMP                        157260        7.485%           290281        6.889%
INST_MAP_UPDATE_MEM_FCMOV                           29        0.001%               82        0.002%
INST_MAP_UPDATE_MEM_GATHER                        1901        0.090%             3943        0.094%
INST_MAP_UPDATE_MEM_SCATTER                          0        0.000%                0        0.000%
INST_MAP_UPDATE_MEM_PIPELINED_FAST                   0        0.000%                0        0.000%
INST_MAP_UPDATE_MEM_PIPELINED_MEDIUM                 0        0.000%                0        0.000%
INST_MAP_UPDATE_MEM_PIPELINED_SLOW               35066        1.669%            73428        1.743%
INST_MAP_UPDATE_MEM_NOTPIPELINED_MEDIUM              0        0.000%                0        0.000%
INST_MAP_UPDATE_MEM_NOTPIPELINED_SLOW                0        0.000%                0        0.000%
INST_MAP_UPDATE_MEM_NOTPIPELINED_VERY_SLOW             0        0.000%                0        0.000%
                                               2101060      100.000%          4213834      100.000%
                                                 30.25         8.43             30.18         8.39



