Scarab gitrev: 3541854
Scarab started at Sat Oct 12 01:24:12 2024

Initialized Ramulator. 
** Heartbeat:   5% -- { 1000000 } -- 0.00 KIPS (41.67 KIPS)
** Heartbeat:  10% -- { 2000000 } -- 43.48 KIPS (42.55 KIPS)
** Heartbeat:  15% -- { 3000003 } -- 43.48 KIPS (42.86 KIPS)
** Heartbeat:  20% -- { 4000007 } -- 38.46 KIPS (41.67 KIPS)
** Heartbeat:  25% -- { 5000008 } -- 43.48 KIPS (42.02 KIPS)
** Heartbeat:  30% -- { 6000008 } -- 33.33 KIPS (40.27 KIPS)
** Heartbeat:  35% -- { 7000011 } -- 35.71 KIPS (39.55 KIPS)
** Heartbeat:  40% -- { 8000013 } -- 38.46 KIPS (39.41 KIPS)
** Heartbeat:  45% -- { 9000017 } -- 34.48 KIPS (38.79 KIPS)
** Heartbeat:  50% -- { 10000018 } -- 41.67 KIPS (39.06 KIPS)
** Heartbeat:  55% -- { 11000018 } -- 27.03 KIPS (37.54 KIPS)
** Heartbeat:  60% -- { 12000021 } -- 41.67 KIPS (37.85 KIPS)
** Heartbeat:  65% -- { 13000021 } -- 38.46 KIPS (37.90 KIPS)
** Heartbeat:  70% -- { 14000021 } -- 37.04 KIPS (37.84 KIPS)
** Heartbeat:  75% -- { 15000023 } -- 45.45 KIPS (38.27 KIPS)
** Heartbeat:  80% -- { 16000026 } -- 38.46 KIPS (38.28 KIPS)
** Heartbeat:  85% -- { 17000026 } -- 52.63 KIPS (38.90 KIPS)
** Heartbeat:  90% -- { 18000026 } -- 33.33 KIPS (38.54 KIPS)
** Heartbeat:  95% -- { 19000026 } -- 35.71 KIPS (38.38 KIPS)
** Core 0 Finished:    insts:20000000    cycles:12156283    time:3798838437500       -- 1.65 IPC (1.65 IPC) --  N/A  KIPS (37.95 KIPS)
Scarab finished at Sat Oct 12 01:32:59 2024

