               ramulator.active_cycles_0              103745                                      # Total active cycles for level _0
                 ramulator.busy_cycles_0              103745                                      # (All-bank refresh only. busy cycles only include refresh time in rank level) The sum of cycles that the DRAM part is active or under refresh for level _0
            ramulator.serving_requests_0              137965                                      # The sum of read and write requests that are served in this DRAM element per memory cycle for level _0
    ramulator.average_serving_requests_0            0.029569                                      # The average of read and write requests that are served in this DRAM element per memory cycle for level _0
             ramulator.active_cycles_0_0              103745                                      # Total active cycles for level _0_0
               ramulator.busy_cycles_0_0              312485                                      # (All-bank refresh only. busy cycles only include refresh time in rank level) The sum of cycles that the DRAM part is active or under refresh for level _0_0
          ramulator.serving_requests_0_0              137965                                      # The sum of read and write requests that are served in this DRAM element per memory cycle for level _0_0
  ramulator.average_serving_requests_0_0            0.029569                                      # The average of read and write requests that are served in this DRAM element per memory cycle for level _0_0
           ramulator.active_cycles_0_0_0               30940                                      # Total active cycles for level _0_0_0
             ramulator.busy_cycles_0_0_0               30940                                      # (All-bank refresh only. busy cycles only include refresh time in rank level) The sum of cycles that the DRAM part is active or under refresh for level _0_0_0
        ramulator.serving_requests_0_0_0               37938                                      # The sum of read and write requests that are served in this DRAM element per memory cycle for level _0_0_0
ramulator.average_serving_requests_0_0_0            0.008131                                      # The average of read and write requests that are served in this DRAM element per memory cycle for level _0_0_0
         ramulator.active_cycles_0_0_0_0                7111                                      # Total active cycles for level _0_0_0_0
           ramulator.busy_cycles_0_0_0_0                7111                                      # (All-bank refresh only. busy cycles only include refresh time in rank level) The sum of cycles that the DRAM part is active or under refresh for level _0_0_0_0
      ramulator.serving_requests_0_0_0_0                8006                                      # The sum of read and write requests that are served in this DRAM element per memory cycle for level _0_0_0_0
ramulator.average_serving_requests_0_0_0_0            0.001716                                      # The average of read and write requests that are served in this DRAM element per memory cycle for level _0_0_0_0
         ramulator.active_cycles_0_0_0_1                6184                                      # Total active cycles for level _0_0_0_1
           ramulator.busy_cycles_0_0_0_1                6184                                      # (All-bank refresh only. busy cycles only include refresh time in rank level) The sum of cycles that the DRAM part is active or under refresh for level _0_0_0_1
      ramulator.serving_requests_0_0_0_1                7072                                      # The sum of read and write requests that are served in this DRAM element per memory cycle for level _0_0_0_1
ramulator.average_serving_requests_0_0_0_1            0.001516                                      # The average of read and write requests that are served in this DRAM element per memory cycle for level _0_0_0_1
         ramulator.active_cycles_0_0_0_2                5667                                      # Total active cycles for level _0_0_0_2
           ramulator.busy_cycles_0_0_0_2                5667                                      # (All-bank refresh only. busy cycles only include refresh time in rank level) The sum of cycles that the DRAM part is active or under refresh for level _0_0_0_2
      ramulator.serving_requests_0_0_0_2                8270                                      # The sum of read and write requests that are served in this DRAM element per memory cycle for level _0_0_0_2
ramulator.average_serving_requests_0_0_0_2            0.001772                                      # The average of read and write requests that are served in this DRAM element per memory cycle for level _0_0_0_2
         ramulator.active_cycles_0_0_0_3               12396                                      # Total active cycles for level _0_0_0_3
           ramulator.busy_cycles_0_0_0_3               12396                                      # (All-bank refresh only. busy cycles only include refresh time in rank level) The sum of cycles that the DRAM part is active or under refresh for level _0_0_0_3
      ramulator.serving_requests_0_0_0_3               14590                                      # The sum of read and write requests that are served in this DRAM element per memory cycle for level _0_0_0_3
ramulator.average_serving_requests_0_0_0_3            0.003127                                      # The average of read and write requests that are served in this DRAM element per memory cycle for level _0_0_0_3
           ramulator.active_cycles_0_0_1               21890                                      # Total active cycles for level _0_0_1
             ramulator.busy_cycles_0_0_1               21890                                      # (All-bank refresh only. busy cycles only include refresh time in rank level) The sum of cycles that the DRAM part is active or under refresh for level _0_0_1
        ramulator.serving_requests_0_0_1               27227                                      # The sum of read and write requests that are served in this DRAM element per memory cycle for level _0_0_1
ramulator.average_serving_requests_0_0_1            0.005835                                      # The average of read and write requests that are served in this DRAM element per memory cycle for level _0_0_1
         ramulator.active_cycles_0_0_1_0                5861                                      # Total active cycles for level _0_0_1_0
           ramulator.busy_cycles_0_0_1_0                5861                                      # (All-bank refresh only. busy cycles only include refresh time in rank level) The sum of cycles that the DRAM part is active or under refresh for level _0_0_1_0
      ramulator.serving_requests_0_0_1_0                6245                                      # The sum of read and write requests that are served in this DRAM element per memory cycle for level _0_0_1_0
ramulator.average_serving_requests_0_0_1_0            0.001338                                      # The average of read and write requests that are served in this DRAM element per memory cycle for level _0_0_1_0
         ramulator.active_cycles_0_0_1_1                5200                                      # Total active cycles for level _0_0_1_1
           ramulator.busy_cycles_0_0_1_1                5200                                      # (All-bank refresh only. busy cycles only include refresh time in rank level) The sum of cycles that the DRAM part is active or under refresh for level _0_0_1_1
      ramulator.serving_requests_0_0_1_1                5914                                      # The sum of read and write requests that are served in this DRAM element per memory cycle for level _0_0_1_1
ramulator.average_serving_requests_0_0_1_1            0.001268                                      # The average of read and write requests that are served in this DRAM element per memory cycle for level _0_0_1_1
         ramulator.active_cycles_0_0_1_2                4371                                      # Total active cycles for level _0_0_1_2
           ramulator.busy_cycles_0_0_1_2                4371                                      # (All-bank refresh only. busy cycles only include refresh time in rank level) The sum of cycles that the DRAM part is active or under refresh for level _0_0_1_2
      ramulator.serving_requests_0_0_1_2                6833                                      # The sum of read and write requests that are served in this DRAM element per memory cycle for level _0_0_1_2
ramulator.average_serving_requests_0_0_1_2            0.001464                                      # The average of read and write requests that are served in this DRAM element per memory cycle for level _0_0_1_2
         ramulator.active_cycles_0_0_1_3                7095                                      # Total active cycles for level _0_0_1_3
           ramulator.busy_cycles_0_0_1_3                7095                                      # (All-bank refresh only. busy cycles only include refresh time in rank level) The sum of cycles that the DRAM part is active or under refresh for level _0_0_1_3
      ramulator.serving_requests_0_0_1_3                8235                                      # The sum of read and write requests that are served in this DRAM element per memory cycle for level _0_0_1_3
ramulator.average_serving_requests_0_0_1_3            0.001765                                      # The average of read and write requests that are served in this DRAM element per memory cycle for level _0_0_1_3
           ramulator.active_cycles_0_0_2               35475                                      # Total active cycles for level _0_0_2
             ramulator.busy_cycles_0_0_2               35475                                      # (All-bank refresh only. busy cycles only include refresh time in rank level) The sum of cycles that the DRAM part is active or under refresh for level _0_0_2
        ramulator.serving_requests_0_0_2               43077                                      # The sum of read and write requests that are served in this DRAM element per memory cycle for level _0_0_2
ramulator.average_serving_requests_0_0_2            0.009232                                      # The average of read and write requests that are served in this DRAM element per memory cycle for level _0_0_2
         ramulator.active_cycles_0_0_2_0                9243                                      # Total active cycles for level _0_0_2_0
           ramulator.busy_cycles_0_0_2_0                9243                                      # (All-bank refresh only. busy cycles only include refresh time in rank level) The sum of cycles that the DRAM part is active or under refresh for level _0_0_2_0
      ramulator.serving_requests_0_0_2_0                9931                                      # The sum of read and write requests that are served in this DRAM element per memory cycle for level _0_0_2_0
ramulator.average_serving_requests_0_0_2_0            0.002128                                      # The average of read and write requests that are served in this DRAM element per memory cycle for level _0_0_2_0
         ramulator.active_cycles_0_0_2_1                8569                                      # Total active cycles for level _0_0_2_1
           ramulator.busy_cycles_0_0_2_1                8569                                      # (All-bank refresh only. busy cycles only include refresh time in rank level) The sum of cycles that the DRAM part is active or under refresh for level _0_0_2_1
      ramulator.serving_requests_0_0_2_1               11470                                      # The sum of read and write requests that are served in this DRAM element per memory cycle for level _0_0_2_1
ramulator.average_serving_requests_0_0_2_1            0.002458                                      # The average of read and write requests that are served in this DRAM element per memory cycle for level _0_0_2_1
         ramulator.active_cycles_0_0_2_2                9202                                      # Total active cycles for level _0_0_2_2
           ramulator.busy_cycles_0_0_2_2                9202                                      # (All-bank refresh only. busy cycles only include refresh time in rank level) The sum of cycles that the DRAM part is active or under refresh for level _0_0_2_2
      ramulator.serving_requests_0_0_2_2               10877                                      # The sum of read and write requests that are served in this DRAM element per memory cycle for level _0_0_2_2
ramulator.average_serving_requests_0_0_2_2            0.002331                                      # The average of read and write requests that are served in this DRAM element per memory cycle for level _0_0_2_2
         ramulator.active_cycles_0_0_2_3                9215                                      # Total active cycles for level _0_0_2_3
           ramulator.busy_cycles_0_0_2_3                9215                                      # (All-bank refresh only. busy cycles only include refresh time in rank level) The sum of cycles that the DRAM part is active or under refresh for level _0_0_2_3
      ramulator.serving_requests_0_0_2_3               10799                                      # The sum of read and write requests that are served in this DRAM element per memory cycle for level _0_0_2_3
ramulator.average_serving_requests_0_0_2_3            0.002314                                      # The average of read and write requests that are served in this DRAM element per memory cycle for level _0_0_2_3
           ramulator.active_cycles_0_0_3               22987                                      # Total active cycles for level _0_0_3
             ramulator.busy_cycles_0_0_3               22987                                      # (All-bank refresh only. busy cycles only include refresh time in rank level) The sum of cycles that the DRAM part is active or under refresh for level _0_0_3
        ramulator.serving_requests_0_0_3               29723                                      # The sum of read and write requests that are served in this DRAM element per memory cycle for level _0_0_3
ramulator.average_serving_requests_0_0_3            0.006370                                      # The average of read and write requests that are served in this DRAM element per memory cycle for level _0_0_3
         ramulator.active_cycles_0_0_3_0                5671                                      # Total active cycles for level _0_0_3_0
           ramulator.busy_cycles_0_0_3_0                5671                                      # (All-bank refresh only. busy cycles only include refresh time in rank level) The sum of cycles that the DRAM part is active or under refresh for level _0_0_3_0
      ramulator.serving_requests_0_0_3_0                7160                                      # The sum of read and write requests that are served in this DRAM element per memory cycle for level _0_0_3_0
ramulator.average_serving_requests_0_0_3_0            0.001535                                      # The average of read and write requests that are served in this DRAM element per memory cycle for level _0_0_3_0
         ramulator.active_cycles_0_0_3_1                6775                                      # Total active cycles for level _0_0_3_1
           ramulator.busy_cycles_0_0_3_1                6775                                      # (All-bank refresh only. busy cycles only include refresh time in rank level) The sum of cycles that the DRAM part is active or under refresh for level _0_0_3_1
      ramulator.serving_requests_0_0_3_1                8384                                      # The sum of read and write requests that are served in this DRAM element per memory cycle for level _0_0_3_1
ramulator.average_serving_requests_0_0_3_1            0.001797                                      # The average of read and write requests that are served in this DRAM element per memory cycle for level _0_0_3_1
         ramulator.active_cycles_0_0_3_2                6389                                      # Total active cycles for level _0_0_3_2
           ramulator.busy_cycles_0_0_3_2                6389                                      # (All-bank refresh only. busy cycles only include refresh time in rank level) The sum of cycles that the DRAM part is active or under refresh for level _0_0_3_2
      ramulator.serving_requests_0_0_3_2                8264                                      # The sum of read and write requests that are served in this DRAM element per memory cycle for level _0_0_3_2
ramulator.average_serving_requests_0_0_3_2            0.001771                                      # The average of read and write requests that are served in this DRAM element per memory cycle for level _0_0_3_2
         ramulator.active_cycles_0_0_3_3                4988                                      # Total active cycles for level _0_0_3_3
           ramulator.busy_cycles_0_0_3_3                4988                                      # (All-bank refresh only. busy cycles only include refresh time in rank level) The sum of cycles that the DRAM part is active or under refresh for level _0_0_3_3
      ramulator.serving_requests_0_0_3_3                5915                                      # The sum of read and write requests that are served in this DRAM element per memory cycle for level _0_0_3_3
ramulator.average_serving_requests_0_0_3_3            0.001268                                      # The average of read and write requests that are served in this DRAM element per memory cycle for level _0_0_3_3
      ramulator.read_transaction_bytes_0              305344                                      # The total byte of read transaction per channel
     ramulator.write_transaction_bytes_0                   0                                      # The total byte of write transaction per channel
       ramulator.row_hits_channel_0_core                2768                                      # Number of row hits per channel per core
     ramulator.row_misses_channel_0_core                1421                                      # Number of row misses per channel per core
  ramulator.row_conflicts_channel_0_core                 582                                      # Number of row conflicts per channel per core
  ramulator.read_row_hits_channel_0_core                2768                                      # Number of row hits for read requests per channel per core
                                     [0]              2768.0                                      # 
ramulator.read_row_misses_channel_0_core                1421                                      # Number of row misses for read requests per channel per core
                                     [0]              1421.0                                      # 
ramulator.read_row_conflicts_channel_0_core                 582                                      # Number of row conflicts for read requests per channel per core
                                     [0]               582.0                                      # 
 ramulator.write_row_hits_channel_0_core                   0                                      # Number of row hits for write requests per channel per core
                                     [0]                 0.0                                      # 
ramulator.write_row_misses_channel_0_core                   0                                      # Number of row misses for write requests per channel per core
                                     [0]                 0.0                                      # 
ramulator.write_row_conflicts_channel_0_core                   0                                      # Number of row conflicts for write requests per channel per core
                                     [0]                 0.0                                      # 
      ramulator.useless_activates_0_core                   0                                      # Number of useless activations. E.g, ACT -> PRE w/o RD or WR
            ramulator.read_latency_avg_0           66.446447                                      # The average memory latency cycles (in memory time domain) per request for all read requests in this channel
            ramulator.read_latency_sum_0              317016                                      # The memory latency cycles (in memory time domain) sum for all read requests in this channel
        ramulator.req_queue_length_avg_0            0.061039                                      # Average of read and write queue length per memory cycle per channel.
        ramulator.req_queue_length_sum_0              284798                                      # Sum of read and write queue length per memory cycle per channel.
   ramulator.read_req_queue_length_avg_0            0.061039                                      # Read queue length average per memory cycle per channel.
   ramulator.read_req_queue_length_sum_0              284798                                      # Read queue length sum per memory cycle per channel.
  ramulator.write_req_queue_length_avg_0            0.000000                                      # Write queue length average per memory cycle per channel.
  ramulator.write_req_queue_length_sum_0                   0                                      # Write queue length sum per memory cycle per channel.
              ramulator.record_read_hits                 0.0                                      # record read hit count for this core when it reaches request limit or to the end
                                     [0]                 0.0                                      # 
            ramulator.record_read_misses                 0.0                                      # record_read_miss count for this core when it reaches request limit or to the end
                                     [0]                 0.0                                      # 
         ramulator.record_read_conflicts                 0.0                                      # record read conflict count for this core when it reaches request limit or to the end
                                     [0]                 0.0                                      # 
             ramulator.record_write_hits                 0.0                                      # record write hit count for this core when it reaches request limit or to the end
                                     [0]                 0.0                                      # 
           ramulator.record_write_misses                 0.0                                      # record write miss count for this core when it reaches request limit or to the end
                                     [0]                 0.0                                      # 
        ramulator.record_write_conflicts                 0.0                                      # record write conflict for this core when it reaches request limit or to the end
                                     [0]                 0.0                                      # 
                 ramulator.dram_capacity          8589934592                                      # Number of bytes in simulated DRAM
                   ramulator.dram_cycles             4665833                                      # Number of DRAM cycles simulated
             ramulator.incoming_requests                4771                                      # Number of incoming requests to DRAM
                 ramulator.read_requests                4771                                      # Number of incoming read requests to DRAM per core
                                     [0]              4771.0                                      # 
                ramulator.write_requests                   0                                      # Number of incoming write requests to DRAM per core
                                     [0]                 0.0                                      # 
       ramulator.ramulator_active_cycles              103745                                      # The total number of cycles that the DRAM part is active (serving R/W)
 ramulator.incoming_requests_per_channel              4771.0                                      # Number of incoming requests to each DRAM channel
                                     [0]              4771.0                                      # 
ramulator.incoming_read_reqs_per_channel              4771.0                                      # Number of incoming read requests to each DRAM channel
                                     [0]              4771.0                                      # 
     ramulator.physical_page_replacement                   0                                      # The number of times that physical page replacement happens.
             ramulator.maximum_bandwidth         19200000000                                      # The theoretical maximum bandwidth (Bps)
          ramulator.in_queue_req_num_sum              284798                                      # Sum of read/write queue length
     ramulator.in_queue_read_req_num_sum              284798                                      # Sum of read queue length
    ramulator.in_queue_write_req_num_sum                   0                                      # Sum of write queue length
          ramulator.in_queue_req_num_avg            0.061039                                      # Average of read/write queue length per memory cycle
     ramulator.in_queue_read_req_num_avg            0.061039                                      # Average of read queue length per memory cycle
    ramulator.in_queue_write_req_num_avg            0.000000                                      # Average of write queue length per memory cycle
          ramulator.record_read_requests                 0.0                                      # record read requests for this core when it reaches request limit or to the end
                                     [0]                 0.0                                      # 
         ramulator.record_write_requests                 0.0                                      # record write requests for this core when it reaches request limit or to the end
                                     [0]                 0.0                                      # 
