/* -*- Mode: c -*- */
####################################################################################################
Core 0
####################################################################################################
Cumulative:        Cycles: 21062470              Instructions: 20000000              IPC: 0.94956

Periodic:          Cycles: 10535117              Instructions: 9999999               IPC: 0.94921

ST_OP_INV                                            0        0.000%                0        0.000%
ST_OP_NOP                                       532125        2.850%          1152445        3.065%
ST_OP_CF                                       3235433       17.328%          6490813       17.261%
ST_OP_MOV                                      1864859        9.987%          3751169        9.976%
ST_OP_CMOV                                       14086        0.075%            27864        0.074%
ST_OP_LDA                                       888269        4.757%          1781120        4.737%
ST_OP_ILD                                      4350971       23.302%          8741282       23.246%
ST_OP_IST                                      2347101       12.570%          4721623       12.556%
ST_OP_IADD                                     2576728       13.800%          5195505       13.817%
ST_OP_IMUL                                        3870        0.021%             7677        0.020%
ST_OP_IDIV                                           0        0.000%                0        0.000%
ST_OP_ICMP                                     1385256        7.419%          2773642        7.376%
ST_OP_LOGIC                                    1034137        5.538%          2078532        5.528%
ST_OP_SHIFT                                     205700        1.102%           411689        1.095%
ST_OP_FLD                                       114453        0.613%           230451        0.613%
ST_OP_FST                                        15520        0.083%            30809        0.082%
ST_OP_FCVT                                       23461        0.126%            47782        0.127%
ST_OP_FADD                                           0        0.000%                0        0.000%
ST_OP_FMUL                                       12770        0.068%            25907        0.069%
ST_OP_FMA                                            0        0.000%                0        0.000%
ST_OP_FDIV                                           0        0.000%                0        0.000%
ST_OP_FCMP                                           0        0.000%                0        0.000%
ST_OP_FCMOV                                          0        0.000%                0        0.000%
ST_OP_GATHER                                         0        0.000%                0        0.000%
ST_OP_SCATTER                                        0        0.000%                0        0.000%
ST_OP_PIPELINED_FAST                             34018        0.182%            68231        0.181%
ST_OP_PIPELINED_MEDIUM                               0        0.000%                0        0.000%
ST_OP_PIPELINED_SLOW                                 0        0.000%                0        0.000%
ST_OP_NOTPIPELINED_MEDIUM                        33256        0.178%            66592        0.177%
ST_OP_NOTPIPELINED_SLOW                              0        0.000%                0        0.000%
ST_OP_NOTPIPELINED_VERY_SLOW                         0        0.000%                0        0.000%
                                              18672013      100.000%         37603133      100.000%
                                                  6.15         3.42              6.14         3.42

ST_NOT_CF                                     15436580       82.672%         31112320       82.739%
ST_CF_BR                                        299300        1.603%           603736        1.606%
ST_CF_CBR                                      2172387       11.634%          4350280       11.569%
ST_CF_CALL                                      200315        1.073%           401904        1.069%
ST_CF_IBR                                       111287        0.596%           223718        0.595%
ST_CF_ICALL                                     123192        0.660%           249392        0.663%
ST_CF_ICO                                            0        0.000%                0        0.000%
ST_CF_RET                                       328952        1.762%           661783        1.760%
ST_CF_SYS                                            0        0.000%                0        0.000%
                                              18672013      100.000%         37603133      100.000%
                                                  0.46         1.15              0.46         1.15

ST_BAR_NONE                                   18672013      100.000%         37603133      100.000%
ST_BAR_FETCH                                         0        0.000%                0        0.000%
ST_BAR_ISSUE                                         0        0.000%                0        0.000%
ST_BAR_BOTH                                          0        0.000%                0        0.000%
                                              18672013      100.000%         37603133      100.000%
                                                  0.00         0.00              0.00         0.00

ST_NOT_MEM                                    11843968       63.432%         23878968       63.503%
ST_MEM_LD                                      4465424       23.915%          8971733       23.859%
ST_MEM_ST                                      2362621       12.653%          4752432       12.638%
ST_MEM_PF                                            0        0.000%                0        0.000%
ST_MEM_WH                                            0        0.000%                0        0.000%
ST_MEM_EVICT                                         0        0.000%                0        0.000%
                                              18672013      100.000%         37603133      100.000%
                                                  0.49         0.59              0.49         0.59

ST_NOT_MEM_OFFPATH                             7108521       65.565%         14679848       65.678%
ST_MEM_LD_OFFPATH                              2469940       22.781%          5077885       22.719%
ST_MEM_ST_OFFPATH                              1263452       11.653%          2593522       11.603%
ST_MEM_PF_OFFPATH                                    0        0.000%                0        0.000%
ST_MEM_WH_OFFPATH                                    0        0.000%                0        0.000%
ST_MEM_EVIC_OFFPATHT                                 0        0.000%                0        0.000%
                                              10841913      100.000%         22351255      100.000%
                                                  0.46         0.59              0.46         0.58

ST_OP_ONPATH                                  18672013                       37603133              

ST_OP_OFFPATH                                 10841913                       22351255              

ST_FAKE_OP_OFFPATH                               57853        0.534%           223096        0.998%
ST_NOT_FAKE_OP_OFFPATH                        10784060       99.466%         22128159       99.002%
                                              10841913      100.000%         22351255      100.000%
                                                  0.99         0.99              0.99         0.99

ST_FAKE_REASON_NOT_FAKE                       10784060       99.466%         22128159       99.002%
ST_FAKE_REASON_REDIRECT_TO_NOT_INSTRUMENTED         57853        0.534%           223096        0.998%
ST_FAKE_REASON_RETURN_TO_NOT_INSTRUMENTED             0        0.000%                0        0.000%
ST_FAKE_REASON_NONRET_CF_TO_NOT_INSTRUMENTED             0        0.000%                0        0.000%
ST_FAKE_REASON_NOT_TAKEN_TO_NOT_INSTRUMENTED             0        0.000%                0        0.000%
ST_FAKE_REASON_WRONG_PATH_STORE_TO_NEW_REGION             0        0.000%                0        0.000%
                                              10841913      100.000%         22351255      100.000%
                                                  0.01         0.07              0.01         0.10

ST_INST_ONPATH                                14858207                       29928825              

ST_INST_OFFPATH                                9352445                       19260178              

STATIC_PIN_NOP                                       0                              0              

DYNAMIC_PIN_REP_GREATER_256                          0                              0              

INST_MAP_UPDATE_JITTED                          361307       16.209%           722586       16.120%
INST_MAP_UPDATE_NPC_INV                              0        0.000%                0        0.000%
INST_MAP_UPDATE_NPC_NOP                              0        0.000%                0        0.000%
INST_MAP_UPDATE_NPC_CF                               0        0.000%                0        0.000%
INST_MAP_UPDATE_NPC_MOV                              0        0.000%                0        0.000%
INST_MAP_UPDATE_NPC_CMOV                             0        0.000%                0        0.000%
INST_MAP_UPDATE_NPC_LDA                              0        0.000%                0        0.000%
INST_MAP_UPDATE_NPC_IMEM                             0        0.000%                0        0.000%
INST_MAP_UPDATE_NPC_IADD                             0        0.000%                0        0.000%
INST_MAP_UPDATE_NPC_IMUL                         16375        0.735%            33328        0.744%
INST_MAP_UPDATE_NPC_IDIV                             0        0.000%                0        0.000%
INST_MAP_UPDATE_NPC_ICMP                             0        0.000%                0        0.000%
INST_MAP_UPDATE_NPC_LOGIC                            0        0.000%                0        0.000%
INST_MAP_UPDATE_NPC_SHIFT                            0        0.000%                0        0.000%
INST_MAP_UPDATE_NPC_FMEM                             0        0.000%                0        0.000%
INST_MAP_UPDATE_NPC_FCVT                             0        0.000%                0        0.000%
INST_MAP_UPDATE_NPC_FADD                             0        0.000%                0        0.000%
INST_MAP_UPDATE_NPC_FMUL                             0        0.000%                0        0.000%
INST_MAP_UPDATE_NPC_FMA                              0        0.000%                0        0.000%
INST_MAP_UPDATE_NPC_FDIV                             0        0.000%                0        0.000%
INST_MAP_UPDATE_NPC_FCMP                             0        0.000%                0        0.000%
INST_MAP_UPDATE_NPC_FCMOV                            0        0.000%                0        0.000%
INST_MAP_UPDATE_NPC_GATHER                           0        0.000%                0        0.000%
INST_MAP_UPDATE_NPC_SCATTER                          0        0.000%                0        0.000%
INST_MAP_UPDATE_NPC_PIPELINED_FAST                   0        0.000%                0        0.000%
INST_MAP_UPDATE_NPC_PIPELINED_MEDIUM                 0        0.000%                0        0.000%
INST_MAP_UPDATE_NPC_PIPELINED_SLOW                   0        0.000%                0        0.000%
INST_MAP_UPDATE_NPC_NOTPIPELINED_MEDIUM              0        0.000%                0        0.000%
INST_MAP_UPDATE_NPC_NOTPIPELINED_SLOW                0        0.000%                0        0.000%
INST_MAP_UPDATE_NPC_NOTPIPELINED_VERY_SLOW             0        0.000%                0        0.000%
INST_MAP_UPDATE_MEM_INV                              0        0.000%                0        0.000%
INST_MAP_UPDATE_MEM_NOP                              0        0.000%                0        0.000%
INST_MAP_UPDATE_MEM_CF                               0        0.000%                0        0.000%
INST_MAP_UPDATE_MEM_MOV                        1304296       58.514%          2619662       58.443%
INST_MAP_UPDATE_MEM_CMOV                             0        0.000%                0        0.000%
INST_MAP_UPDATE_MEM_LDA                              0        0.000%                0        0.000%
INST_MAP_UPDATE_MEM_IMEM                             0        0.000%                0        0.000%
INST_MAP_UPDATE_MEM_IADD                             0        0.000%                0        0.000%
INST_MAP_UPDATE_MEM_IMUL                        365262       16.387%           745679       16.635%
INST_MAP_UPDATE_MEM_IDIV                             0        0.000%                0        0.000%
INST_MAP_UPDATE_MEM_ICMP                             0        0.000%                0        0.000%
INST_MAP_UPDATE_MEM_LOGIC                       148212        6.649%           294652        6.573%
INST_MAP_UPDATE_MEM_SHIFT                        24251        1.088%            48228        1.076%
INST_MAP_UPDATE_MEM_FMEM                             0        0.000%                0        0.000%
INST_MAP_UPDATE_MEM_FCVT                             0        0.000%                0        0.000%
INST_MAP_UPDATE_MEM_FADD                             0        0.000%                0        0.000%
INST_MAP_UPDATE_MEM_FMUL                          4159        0.187%             8546        0.191%
INST_MAP_UPDATE_MEM_FMA                              0        0.000%                0        0.000%
INST_MAP_UPDATE_MEM_FDIV                             0        0.000%                0        0.000%
INST_MAP_UPDATE_MEM_FCMP                             0        0.000%                0        0.000%
INST_MAP_UPDATE_MEM_FCMOV                            0        0.000%                0        0.000%
INST_MAP_UPDATE_MEM_GATHER                           0        0.000%                0        0.000%
INST_MAP_UPDATE_MEM_SCATTER                          0        0.000%                0        0.000%
INST_MAP_UPDATE_MEM_PIPELINED_FAST                   0        0.000%                0        0.000%
INST_MAP_UPDATE_MEM_PIPELINED_MEDIUM                 0        0.000%                0        0.000%
INST_MAP_UPDATE_MEM_PIPELINED_SLOW                5165        0.232%             9777        0.218%
INST_MAP_UPDATE_MEM_NOTPIPELINED_MEDIUM              0        0.000%                0        0.000%
INST_MAP_UPDATE_MEM_NOTPIPELINED_SLOW                0        0.000%                0        0.000%
INST_MAP_UPDATE_MEM_NOTPIPELINED_VERY_SLOW             0        0.000%                0        0.000%
                                               2229027      100.000%          4482458      100.000%
                                                 29.00         6.25             29.03         6.23



