Scarab gitrev: 3541854
Scarab started at Wed Oct 23 03:14:01 2024

Initialized Ramulator. 
** Heartbeat:   5% -- { 1000001 } -- 0.00 KIPS (55.56 KIPS)
** Heartbeat:  10% -- { 2000004 } -- 66.67 KIPS (60.61 KIPS)
** Heartbeat:  15% -- { 3000007 } -- 45.45 KIPS (54.55 KIPS)
** Heartbeat:  20% -- { 4000009 } -- 47.62 KIPS (52.63 KIPS)
** Heartbeat:  25% -- { 5000011 } -- 50.00 KIPS (52.08 KIPS)
** Heartbeat:  30% -- { 6000011 } -- 52.63 KIPS (52.17 KIPS)
** Heartbeat:  35% -- { 7000014 } -- 52.63 KIPS (52.24 KIPS)
** Heartbeat:  40% -- { 8000014 } -- 58.82 KIPS (52.98 KIPS)
** Heartbeat:  45% -- { 9000016 } -- 50.00 KIPS (52.63 KIPS)
** Heartbeat:  50% -- { 10000017 } -- 50.00 KIPS (52.36 KIPS)
** Heartbeat:  55% -- { 11000022 } -- 62.50 KIPS (53.14 KIPS)
** Heartbeat:  60% -- { 12000025 } -- 62.50 KIPS (53.81 KIPS)
** Heartbeat:  65% -- { 13000027 } -- 76.92 KIPS (55.08 KIPS)
** Heartbeat:  70% -- { 14000027 } -- 83.33 KIPS (56.45 KIPS)
** Heartbeat:  75% -- { 15000030 } -- 76.92 KIPS (57.47 KIPS)
** Heartbeat:  80% -- { 16000035 } -- 83.33 KIPS (58.61 KIPS)
** Heartbeat:  85% -- { 17000035 } -- 76.92 KIPS (59.44 KIPS)
** Heartbeat:  90% -- { 18000035 } -- 100.00 KIPS (60.81 KIPS)
** Heartbeat:  95% -- { 19000037 } -- 125.00 KIPS (62.50 KIPS)
** Core 0 Finished:    insts:20000002    cycles:16230780    time:5072118750000       -- 1.23 IPC (1.23 IPC) --  N/A  KIPS (63.69 KIPS)
Scarab finished at Wed Oct 23 03:19:15 2024

