/* -*- Mode: c -*- */
####################################################################################################
Core 0
####################################################################################################
Cumulative:        Cycles: 27846372              Instructions: 20000000              IPC: 0.71823

Periodic:          Cycles: 12675888              Instructions: 9999997               IPC: 0.78890

MISS_WAIT_TIME                             27993517679                    40527241763              

ICACHE_STAGE_MISS                                 1388                           3605              

ICACHE_CYCLE                                  12675888                       27846372              

TCACHE_CYCLE                                         0                              0              

ICACHE_CYCLE_ONPATH                           10231362       80.715%         23518904       84.459%
ICACHE_CYCLE_OFFPATH                           2444526       19.285%          4327468       15.541%
                                              12675888      100.000%         27846372      100.000%
                                                  0.19         0.36              0.16         0.34

FETCH_ON_PATH                                  2926388       83.210%          5840708       84.201%
FETCH_OFF_PATH                                  590468       16.790%          1095931       15.799%
                                               3516856      100.000%          6936639      100.000%
                                                  0.17         0.35              0.16         0.34

FETCHED_OPS_ON_PATH                                  0         -nan%                0         -nan%
FETCHED_OPS_OFF_PATH                                 0         -nan%                0         -nan%
                                                     0         -nan%                0         -nan%
                                                  -nan         -nan              -nan         -nan

INST_LOST_FETCH                               12101436       15.962%         24173226       14.515%
INST_LOST_OFF_PATH                             2743224        3.618%          4975390        2.987%
INST_LOST_FULL_WINDOW                            28020        0.037%            57708        0.035%
INST_LOST_ROB_STALL_OTHER                      1140438        1.504%          2409972        1.447%
INST_LOST_ROB_STALL_WAIT_FOR_RECOVERY              558        0.001%             2550        0.002%
INST_LOST_ROB_STALL_WAIT_FOR_REDIRECT                0        0.000%                0        0.000%
INST_LOST_ROB_STALL_WAIT_FOR_GAP_FILL                0        0.000%                0        0.000%
INST_LOST_ROB_STALL_WAIT_FOR_L1_MISS                 0        0.000%                0        0.000%
INST_LOST_ROB_STALL_WAIT_FOR_MEMORY               3294        0.004%             4044        0.002%
INST_LOST_ROB_STALL_WAIT_FOR_DC_MISS          53781882       70.939%        122984124       73.845%
INST_LOST_ROB_BLOCK_ISSUE_FULL                       0        0.000%                0        0.000%
INST_LOST_ROB_BLOCK_ISSUE_GAP_TOO_LARGE              0        0.000%                0        0.000%
INST_LOST_BREAK_DONT                                 0        0.000%                0        0.000%
INST_LOST_BREAK_RENAME                               0        0.000%                0        0.000%
INST_LOST_BREAK_FT_UNAVAILABLE                    2375        0.003%             2375        0.001%
INST_LOST_BREAK_ICACHE_TO_UOP_CACHE_SWITCH         69472        0.092%           127639        0.077%
INST_LOST_BREAK_ICACHE_MISS_REQ_SUCCESS           4822        0.006%            13160        0.008%
INST_LOST_BREAK_ICACHE_MISS_REQ_FAILURE              0        0.000%                0        0.000%
INST_LOST_BREAK_WAIT_FOR_MISS                   317885        0.419%           905315        0.544%
INST_LOST_BREAK_UOP_CACHE_READ_LIMIT           5579415        7.359%         10806770        6.489%
INST_LOST_BREAK_UOP_CACHE_READ_LIMIT_AND_ISSUE_WIDTH             0        0.000%                0        0.000%
INST_LOST_BREAK_ICACHE_READ_LIMIT                41601        0.055%            80745        0.048%
INST_LOST_BREAK_ICACHE_READ_LIMIT_AND_ISSUE_WIDTH             0        0.000%                0        0.000%
INST_LOST_BREAK_ISSUE_WIDTH                          0        0.000%                0        0.000%
INST_LOST_BREAK_BARRIERT                             0        0.000%                0        0.000%
INST_LOST_BREAK_WAIT_FOR_EMPTY_ROB                   0        0.000%                0        0.000%
INST_LOST_BREAK_APP_EXIT                             0        0.000%                0        0.000%
INST_LOST_BREAK_STALL                                0        0.000%                0        0.000%
                                              75814422      100.000%        166543018      100.000%
                                                  7.97         3.52              8.07         3.30

INST_LOST_TOTAL                               75814422                      166543018              

INST_LOST_WAIT_FOR_ICACHE_MISS_NOT_PREFETCHED             0        0.000%            80075       10.393%
INST_LOST_WAIT_FOR_ICACHE_MISS_PREFETCHED_AND_EVICTED_BY_IFETCH             0        0.000%                0        0.000%
INST_LOST_WAIT_FOR_ICACHE_MISS_PREFETCHED_AND_EVICTED_BY_FDIP             0        0.000%                0        0.000%
INST_LOST_WAIT_FOR_ICACHE_MISS_MSHR_HIT_PREF_OFFPATH          9310        3.149%            25875        3.358%
INST_LOST_WAIT_FOR_ICACHE_MISS_MSHR_HIT_PREF_ONPATH        286335       96.851%           664550       86.249%
                                                295645      100.000%           770500      100.000%
                                                  3.97         3.91              3.55         3.33

FETCH_0_OPS                                    9288546       72.904%         21277295       75.906%
FETCH_1_OPS                                     497474        3.905%           946384        3.376%
FETCH_2_OPS                                     179643        1.410%           355061        1.267%
FETCH_3_OPS                                     127866        1.004%           265185        0.946%
FETCH_4_OPS                                     937607        7.359%          1812446        6.466%
FETCH_5_OPS                                     404428        3.174%           801243        2.858%
FETCH_6_OPS                                    1305289       10.245%          2573426        9.181%
FETCH_7_OPS                                          0        0.000%                0        0.000%
FETCH_8_OPS                                          0        0.000%                0        0.000%
FETCH_9_OPS                                          0        0.000%                0        0.000%
FETCH_10_OPS                                         0        0.000%                0        0.000%
FETCH_11_OPS                                         0        0.000%                0        0.000%
FETCH_12_OPS                                         0        0.000%                0        0.000%
FETCH_13_OPS                                         0        0.000%                0        0.000%
FETCH_14_OPS                                         0        0.000%                0        0.000%
FETCH_15_OPS                                         0        0.000%                0        0.000%
FETCH_16_OPS                                         0        0.000%                0        0.000%
                                              12740853      100.000%         28031040      100.000%
                                                  1.17         1.87              1.04         1.82

ST_BREAK_DONT                                        0        0.000%                0        0.000%
ST_BREAK_RENAME                                      0        0.000%                0        0.000%
ST_BREAK_FT_UNAVAILABLE                            475        0.014%              475        0.007%
ST_BREAK_ICACHE_TO_UOP_CACHE_SWITCH              24383        0.693%            44411        0.640%
ST_BREAK_ICACHE_MISS_REQ_SUCCESS                  1388        0.039%             3605        0.052%
ST_BREAK_ICACHE_MISS_REQ_FAILURE                     0        0.000%                0        0.000%
ST_BREAK_WAIT_FOR_MISS                           63577        1.808%           181063        2.610%
ST_BREAK_UOP_CACHE_READ_LIMIT                  1970661       56.035%          3827999       55.185%
ST_BREAK_UOP_CACHE_READ_LIMIT_AND_ISSUE_WIDTH        171466        4.876%           350451        5.052%
ST_BREAK_ICACHE_READ_LIMIT                       35442        1.008%            66258        0.955%
ST_BREAK_ICACHE_READ_LIMIT_AND_ISSUE_WIDTH          9418        0.268%            17883        0.258%
ST_BREAK_ISSUE_WIDTH                           1240045       35.260%          2444493       35.240%
ST_BREAK_BARRIERT                                    0        0.000%                0        0.000%
ST_BREAK_WAIT_FOR_EMPTY_ROB                          0        0.000%                0        0.000%
ST_BREAK_APP_EXIT                                    1        0.000%                1        0.000%
ST_BREAK_STALL                                       0        0.000%                0        0.000%
                                               3516856      100.000%          6936639      100.000%
                                                  8.44         1.95              8.43         1.96

ORACLE_ON_PATH_INST                           12101436       81.520%         24173226       82.931%
ORACLE_OFF_PATH_INST                           2743224       18.480%          4975390       17.069%
                                              14844660      100.000%         29148616      100.000%
                                                  0.18         0.36              0.17         0.35

ORACLE_ON_PATH_INST_MEM                        3221912       21.704%          6436170       22.081%
ORACLE_ON_PATH_INST_NOTMEM                     8879524       59.816%         17737056       60.850%
ORACLE_OFF_PATH_INST_MEM                        708361        4.772%          1277052        4.381%
ORACLE_OFF_PATH_INST_NOTMEM                    2034863       13.708%          3698338       12.688%
                                              14844660      100.000%         29148616      100.000%
                                                  1.10         0.84              1.08         0.81

ICACHE_CYCLE_NONRA_ONPATH                            0         -nan%                0         -nan%
ICACHE_CYCLE_NONRA_OFFPATH                           0         -nan%                0         -nan%
ICACHE_CYCLE_RA_ONPATH                               0         -nan%                0         -nan%
ICACHE_CYCLE_RA_OFFPATH                              0         -nan%                0         -nan%
                                                     0         -nan%                0         -nan%
                                                  -nan         -nan              -nan         -nan

ICACHE_CYCLE_ONPATH_NONRA                            0         -nan%                0         -nan%
ICACHE_CYCLE_OFFPATH_NONRA                           0         -nan%                0         -nan%
                                                     0         -nan%                0         -nan%
                                                  -nan         -nan              -nan         -nan

ICACHE_CYCLE_ONPATH_RA                               0         -nan%                0         -nan%
ICACHE_CYCLE_OFFPATH_RA                              0         -nan%                0         -nan%
                                                     0         -nan%                0         -nan%
                                                  -nan         -nan              -nan         -nan

INACCURATE_OFFPATH_CYCLES                            0        0.0000                0        0.0000

FETCH_ALL_INST                                14844660                       29148616              

EXEC_ALL_INST                                 13623735                       26839222              

RET_ALL_INST                                  12101818                       24173226              

EXEC_ON_PATH_INST                             12101635       88.828%         24173226       90.067%
EXEC_OFF_PATH_INST                             1522100       11.172%          2665996        9.933%
                                              13623735      100.000%         26839222      100.000%
                                                  0.11         0.30              0.10         0.29

EXEC_ON_PATH_INST_MEM                          3221955       23.650%          6436170       23.980%
EXEC_ON_PATH_INST_NOTMEM                       8879680       65.178%         17737056       66.086%
EXEC_OFF_PATH_INST_MEM                          431975        3.171%           751247        2.799%
EXEC_OFF_PATH_INST_NOTMEM                      1090125        8.002%          1914749        7.134%
                                              13623735      100.000%         26839222      100.000%
                                                  0.96         0.67              0.93         0.63

EXEC_RA_INST                                         0         -nan%                0         -nan%
EXEC_NONRA_INST                                      0         -nan%                0         -nan%
                                                     0         -nan%                0         -nan%
                                                  -nan         -nan              -nan         -nan

EXEC_ON_PATH_INST_RA                                 0         -nan%                0         -nan%
EXEC_OFF_PATH_INST_RA                                0         -nan%                0         -nan%
                                                     0         -nan%                0         -nan%
                                                  -nan         -nan              -nan         -nan

EXEC_ON_PATH_INST_NONRA                              0         -nan%                0         -nan%
EXEC_OFF_PATH_INST_NONRA                             0         -nan%                0         -nan%
                                                     0         -nan%                0         -nan%
                                                  -nan         -nan              -nan         -nan

EXEC_RA_ON_PATH_INST                                 0         -nan%                0         -nan%
EXEC_RA_OFF_PATH_INST                                0         -nan%                0         -nan%
EXEC_NONRA_ON_PATH_INST                              0         -nan%                0         -nan%
EXEC_NONRA_OFF_PATH_INST                             0         -nan%                0         -nan%
                                                     0         -nan%                0         -nan%
                                                  -nan         -nan              -nan         -nan

ICACHE_THROTTLE_CYCLE                                0                              0              

FETCH_ENABLE_THROTTLE_OFF_PATH                       0         -nan%                0         -nan%
FETCH_ENABLE_THROTTLE_ON_PATH                        0         -nan%                0         -nan%
                                                     0         -nan%                0         -nan%
                                                  -nan         -nan              -nan         -nan

FETCH_DISABLE_THROTTLE_OFF_PATH                      0         -nan%                0         -nan%
FETCH_DISABLE_THROTTLE_ON_PATH                       0         -nan%                0         -nan%
                                                     0         -nan%                0         -nan%
                                                  -nan         -nan              -nan         -nan

FETCH_TH_ADJUST__0                                   0         -nan%                0         -nan%
FETCH_TH_ADJUST__1                                   0         -nan%                0         -nan%
FETCH_TH_ADJUST__2                                   0         -nan%                0         -nan%
FETCH_TH_ADJUST__3                                   0         -nan%                0         -nan%
FETCH_TH_ADJUST__4                                   0         -nan%                0         -nan%
FETCH_TH_ADJUST__5                                   0         -nan%                0         -nan%
FETCH_TH_ADJUST__6                                   0         -nan%                0         -nan%
FETCH_TH_ADJUST__7                                   0         -nan%                0         -nan%
FETCH_TH_ADJUST__8                                   0         -nan%                0         -nan%
FETCH_TH_ADJUST__9                                   0         -nan%                0         -nan%
FETCH_TH_ADJUST__MAX                                 0         -nan%                0         -nan%
                                                     0         -nan%                0         -nan%
                                                  -nan         -nan              -nan         -nan

FETCH_TH_ADJUST_UP                                   0         -nan%                0         -nan%
FETCH_TH_ADJUST_DOWN                                 0         -nan%                0         -nan%
FETCH_TH_ADJUST_SAME                                 0         -nan%                0         -nan%
                                                     0         -nan%                0         -nan%
                                                  -nan         -nan              -nan         -nan

THROTTLE_ADJUST_CACHE_MISS_INFO                      0                              0              

LOW_CONF_COUNT_BP_MIS_0                              0         -nan%                0         -nan%
LOW_CONF_COUNT_BP_MIS_1                              0         -nan%                0         -nan%
LOW_CONF_COUNT_BP_MIS_2                              0         -nan%                0         -nan%
LOW_CONF_COUNT_BP_MIS_3                              0         -nan%                0         -nan%
LOW_CONF_COUNT_BP_MIS_4                              0         -nan%                0         -nan%
LOW_CONF_COUNT_BP_MIS_5                              0         -nan%                0         -nan%
LOW_CONF_COUNT_BP_MIS_6                              0         -nan%                0         -nan%
LOW_CONF_COUNT_BP_MIS_7                              0         -nan%                0         -nan%
LOW_CONF_COUNT_BP_MIS_8                              0         -nan%                0         -nan%
LOW_CONF_COUNT_BP_MIS_9                              0         -nan%                0         -nan%
LOW_CONF_COUNT_BP_MIS_10                             0         -nan%                0         -nan%
LOW_CONF_COUNT_BP_MIS_11                             0         -nan%                0         -nan%
LOW_CONF_COUNT_BP_MIS_12                             0         -nan%                0         -nan%
LOW_CONF_COUNT_BP_MIS_13                             0         -nan%                0         -nan%
LOW_CONF_COUNT_BP_MIS_14                             0         -nan%                0         -nan%
LOW_CONF_COUNT_BP_MIS_15                             0         -nan%                0         -nan%
LOW_CONF_COUNT_BP_MIS_16                             0         -nan%                0         -nan%
LOW_CONF_COUNT_BP_MIS_17                             0         -nan%                0         -nan%
LOW_CONF_COUNT_BP_MIS_18                             0         -nan%                0         -nan%
LOW_CONF_COUNT_BP_MIS_19                             0         -nan%                0         -nan%
LOW_CONF_COUNT_BP_MIS_20                             0         -nan%                0         -nan%
                                                     0         -nan%                0         -nan%
                                                  -nan         -nan              -nan         -nan

LOW_CONF_COUNT_RET_0                                 0         -nan%                0         -nan%
LOW_CONF_COUNT_RET_1                                 0         -nan%                0         -nan%
LOW_CONF_COUNT_RET_2                                 0         -nan%                0         -nan%
LOW_CONF_COUNT_RET_3                                 0         -nan%                0         -nan%
LOW_CONF_COUNT_RET_4                                 0         -nan%                0         -nan%
LOW_CONF_COUNT_RET_5                                 0         -nan%                0         -nan%
LOW_CONF_COUNT_RET_6                                 0         -nan%                0         -nan%
LOW_CONF_COUNT_RET_7                                 0         -nan%                0         -nan%
LOW_CONF_COUNT_RET_8                                 0         -nan%                0         -nan%
LOW_CONF_COUNT_RET_9                                 0         -nan%                0         -nan%
LOW_CONF_COUNT_RET_10                                0         -nan%                0         -nan%
LOW_CONF_COUNT_RET_11                                0         -nan%                0         -nan%
LOW_CONF_COUNT_RET_12                                0         -nan%                0         -nan%
LOW_CONF_COUNT_RET_13                                0         -nan%                0         -nan%
LOW_CONF_COUNT_RET_14                                0         -nan%                0         -nan%
LOW_CONF_COUNT_RET_15                                0         -nan%                0         -nan%
LOW_CONF_COUNT_RET_16                                0         -nan%                0         -nan%
LOW_CONF_COUNT_RET_17                                0         -nan%                0         -nan%
LOW_CONF_COUNT_RET_18                                0         -nan%                0         -nan%
LOW_CONF_COUNT_RET_19                                0         -nan%                0         -nan%
LOW_CONF_COUNT_RET_20                                0         -nan%                0         -nan%
                                                     0         -nan%                0         -nan%
                                                  -nan         -nan              -nan         -nan

CYCLES_RESTEER_MISPRED                               0         -nan%                0         -nan%
CYCLES_RESTEER_MISFETCH                              0         -nan%                0         -nan%
CYCLES_RESTEER_BTB_MISS                              0         -nan%                0         -nan%
                                                     0         -nan%                0         -nan%
                                                  -nan         -nan              -nan         -nan

CYCLES_RESTEER_MISPRED_SAVED_UC_FETCH                0         -nan%                0         -nan%
CYCLES_RESTEER_MISPRED_COULD_BE_SAVED_UC_FETCH             0         -nan%                0         -nan%
CYCLES_RESTEER_MISFETCH_SAVED_UC_FETCH               0         -nan%                0         -nan%
CYCLES_RESTEER_MISFETCH_COULD_BE_SAVED_UC_FETCH             0         -nan%                0         -nan%
CYCLES_RESTEER_BTB_MISS_SAVED_UC_FETCH               0         -nan%                0         -nan%
CYCLES_RESTEER_BTB_MISS_COULD_BE_SAVED_UC_FETCH             0         -nan%                0         -nan%
                                                     0         -nan%                0         -nan%
                                                  -nan         -nan              -nan         -nan

CYCLES_UOC_IC_SWITCH                                 0                              0              



