/* -*- Mode: c -*- */
####################################################################################################
Core 0
####################################################################################################
Cumulative:        Cycles: 14683371              Instructions: 20000000              IPC: 1.36209

Periodic:          Cycles: 7395601               Instructions: 10000000              IPC: 1.35216

ST_OP_INV                                            0        0.000%                0        0.000%
ST_OP_NOP                                       243185        1.577%          1813960        5.651%
ST_OP_CF                                       2304098       14.944%          4509114       14.046%
ST_OP_MOV                                      1110750        7.204%          2268478        7.066%
ST_OP_CMOV                                       42244        0.274%            86100        0.268%
ST_OP_LDA                                       296290        1.922%           612842        1.909%
ST_OP_ILD                                       803807        5.213%          1670637        5.204%
ST_OP_IST                                      1260816        8.178%          2386419        7.434%
ST_OP_IADD                                     3104773       20.137%          5957323       18.557%
ST_OP_IMUL                                       29233        0.190%            61600        0.192%
ST_OP_IDIV                                           7        0.000%               16        0.000%
ST_OP_ICMP                                      920795        5.972%          1871656        5.830%
ST_OP_LOGIC                                     385421        2.500%           798152        2.486%
ST_OP_SHIFT                                      87426        0.567%           179784        0.560%
ST_OP_FLD                                      1856466       12.041%          3800442       11.838%
ST_OP_FST                                       846542        5.491%          1734453        5.403%
ST_OP_FCVT                                       22607        0.147%            45579        0.142%
ST_OP_FADD                                      559678        3.630%          1138987        3.548%
ST_OP_FMUL                                      772100        5.008%          1575938        4.909%
ST_OP_FMA                                       485702        3.150%          1002511        3.123%
ST_OP_FDIV                                      158962        1.031%           327170        1.019%
ST_OP_FCMP                                      123555        0.801%           254331        0.792%
ST_OP_FCMOV                                          0        0.000%                0        0.000%
ST_OP_GATHER                                         0        0.000%                0        0.000%
ST_OP_SCATTER                                        0        0.000%                0        0.000%
ST_OP_PIPELINED_FAST                              2904        0.019%             5953        0.019%
ST_OP_PIPELINED_MEDIUM                              24        0.000%               61        0.000%
ST_OP_PIPELINED_SLOW                                 0        0.000%                0        0.000%
ST_OP_NOTPIPELINED_MEDIUM                          496        0.003%             1025        0.003%
ST_OP_NOTPIPELINED_SLOW                              0        0.000%                0        0.000%
ST_OP_NOTPIPELINED_VERY_SLOW                         0        0.000%                0        0.000%
                                              15417881      100.000%         32102531      100.000%
                                                  9.21         5.46              8.95         5.63

ST_NOT_CF                                     13113783       85.056%         27593417       85.954%
ST_CF_BR                                         44764        0.290%            93587        0.292%
ST_CF_CBR                                      2026167       13.142%          3933942       12.254%
ST_CF_CALL                                       78782        0.511%           162702        0.507%
ST_CF_IBR                                        77807        0.505%           160197        0.499%
ST_CF_ICALL                                          0        0.000%                0        0.000%
ST_CF_ICO                                            0        0.000%                0        0.000%
ST_CF_RET                                        76578        0.497%           158686        0.494%
ST_CF_SYS                                            0        0.000%                0        0.000%
                                              15417881      100.000%         32102531      100.000%
                                                  0.34         0.83              0.32         0.82

ST_BAR_NONE                                   15417881      100.000%         32102531      100.000%
ST_BAR_FETCH                                         0        0.000%                0        0.000%
ST_BAR_ISSUE                                         0        0.000%                0        0.000%
ST_BAR_BOTH                                          0        0.000%                0        0.000%
                                              15417881      100.000%         32102531      100.000%
                                                  0.00         0.00              0.00         0.00

ST_NOT_MEM                                    10650250       69.077%         22510580       70.121%
ST_MEM_LD                                      2660273       17.254%          5471079       17.043%
ST_MEM_ST                                      2107358       13.668%          4120872       12.837%
ST_MEM_PF                                            0        0.000%                0        0.000%
ST_MEM_WH                                            0        0.000%                0        0.000%
ST_MEM_EVICT                                         0        0.000%                0        0.000%
                                              15417881      100.000%         32102531      100.000%
                                                  0.45         0.62              0.43         0.61

ST_NOT_MEM_OFFPATH                              691750       66.727%          4028145       78.687%
ST_MEM_LD_OFFPATH                               246106       23.740%           757677       14.801%
ST_MEM_ST_OFFPATH                                98833        9.534%           333351        6.512%
ST_MEM_PF_OFFPATH                                    0        0.000%                0        0.000%
ST_MEM_WH_OFFPATH                                    0        0.000%                0        0.000%
ST_MEM_EVIC_OFFPATHT                                 0        0.000%                0        0.000%
                                               1036689      100.000%          5119173      100.000%
                                                  0.43         0.56              0.28         0.52

ST_OP_ONPATH                                  15417881                       32102531              

ST_OP_OFFPATH                                  1036689                        5119173              

ST_FAKE_OP_OFFPATH                               28480        2.747%          1914853       37.406%
ST_NOT_FAKE_OP_OFFPATH                         1008209       97.253%          3204320       62.594%
                                               1036689      100.000%          5119173      100.000%
                                                  0.97         0.96              0.63         0.58

ST_FAKE_REASON_NOT_FAKE                        1008209       97.253%          3204320       62.594%
ST_FAKE_REASON_REDIRECT_TO_NOT_INSTRUMENTED         28480        2.747%          1914853       37.406%
ST_FAKE_REASON_RETURN_TO_NOT_INSTRUMENTED             0        0.000%                0        0.000%
ST_FAKE_REASON_NONRET_CF_TO_NOT_INSTRUMENTED             0        0.000%                0        0.000%
ST_FAKE_REASON_NOT_TAKEN_TO_NOT_INSTRUMENTED             0        0.000%                0        0.000%
ST_FAKE_REASON_WRONG_PATH_STORE_TO_NEW_REGION             0        0.000%                0        0.000%
                                               1036689      100.000%          5119173      100.000%
                                                  0.03         0.16              0.37         0.38

ST_INST_ONPATH                                10901129                       23474785              

ST_INST_OFFPATH                                 892302                        4653986              

STATIC_PIN_NOP                                       0                              0              

DYNAMIC_PIN_REP_GREATER_256                          0                              0              

INST_MAP_UPDATE_JITTED                          535384       15.230%          1069659       15.506%
INST_MAP_UPDATE_NPC_INV                              0        0.000%                0        0.000%
INST_MAP_UPDATE_NPC_NOP                              0        0.000%                0        0.000%
INST_MAP_UPDATE_NPC_CF                               0        0.000%                0        0.000%
INST_MAP_UPDATE_NPC_MOV                              0        0.000%                0        0.000%
INST_MAP_UPDATE_NPC_CMOV                             0        0.000%                0        0.000%
INST_MAP_UPDATE_NPC_LDA                              0        0.000%                0        0.000%
INST_MAP_UPDATE_NPC_IMEM                             0        0.000%                0        0.000%
INST_MAP_UPDATE_NPC_IADD                             0        0.000%                0        0.000%
INST_MAP_UPDATE_NPC_IMUL                          6428        0.183%            12843        0.186%
INST_MAP_UPDATE_NPC_IDIV                             0        0.000%                0        0.000%
INST_MAP_UPDATE_NPC_ICMP                             0        0.000%                0        0.000%
INST_MAP_UPDATE_NPC_LOGIC                            0        0.000%                0        0.000%
INST_MAP_UPDATE_NPC_SHIFT                            0        0.000%                0        0.000%
INST_MAP_UPDATE_NPC_FMEM                             0        0.000%                0        0.000%
INST_MAP_UPDATE_NPC_FCVT                             0        0.000%                0        0.000%
INST_MAP_UPDATE_NPC_FADD                             0        0.000%                0        0.000%
INST_MAP_UPDATE_NPC_FMUL                             0        0.000%                0        0.000%
INST_MAP_UPDATE_NPC_FMA                              0        0.000%                0        0.000%
INST_MAP_UPDATE_NPC_FDIV                             0        0.000%                0        0.000%
INST_MAP_UPDATE_NPC_FCMP                             0        0.000%                0        0.000%
INST_MAP_UPDATE_NPC_FCMOV                            0        0.000%                0        0.000%
INST_MAP_UPDATE_NPC_GATHER                           0        0.000%                0        0.000%
INST_MAP_UPDATE_NPC_SCATTER                          0        0.000%                0        0.000%
INST_MAP_UPDATE_NPC_PIPELINED_FAST                   0        0.000%                0        0.000%
INST_MAP_UPDATE_NPC_PIPELINED_MEDIUM                 0        0.000%                0        0.000%
INST_MAP_UPDATE_NPC_PIPELINED_SLOW                   0        0.000%                0        0.000%
INST_MAP_UPDATE_NPC_NOTPIPELINED_MEDIUM              0        0.000%                0        0.000%
INST_MAP_UPDATE_NPC_NOTPIPELINED_SLOW                0        0.000%                0        0.000%
INST_MAP_UPDATE_NPC_NOTPIPELINED_VERY_SLOW             0        0.000%                0        0.000%
INST_MAP_UPDATE_MEM_INV                              0        0.000%                0        0.000%
INST_MAP_UPDATE_MEM_NOP                              0        0.000%                0        0.000%
INST_MAP_UPDATE_MEM_CF                               0        0.000%                0        0.000%
INST_MAP_UPDATE_MEM_MOV                        2256485       64.191%          4377393       63.455%
INST_MAP_UPDATE_MEM_CMOV                            24        0.001%               35        0.001%
INST_MAP_UPDATE_MEM_LDA                              0        0.000%                0        0.000%
INST_MAP_UPDATE_MEM_IMEM                             0        0.000%                0        0.000%
INST_MAP_UPDATE_MEM_IADD                             0        0.000%                0        0.000%
INST_MAP_UPDATE_MEM_IMUL                         29736        0.846%            59123        0.857%
INST_MAP_UPDATE_MEM_IDIV                           282        0.008%              547        0.008%
INST_MAP_UPDATE_MEM_ICMP                             0        0.000%                0        0.000%
INST_MAP_UPDATE_MEM_LOGIC                        14801        0.421%            29221        0.424%
INST_MAP_UPDATE_MEM_SHIFT                           20        0.001%               37        0.001%
INST_MAP_UPDATE_MEM_FMEM                            46        0.001%               91        0.001%
INST_MAP_UPDATE_MEM_FCVT                             0        0.000%                0        0.000%
INST_MAP_UPDATE_MEM_FADD                             0        0.000%                0        0.000%
INST_MAP_UPDATE_MEM_FMUL                           232        0.007%              452        0.007%
INST_MAP_UPDATE_MEM_FMA                         255133        7.258%           509868        7.391%
INST_MAP_UPDATE_MEM_FDIV                        240535        6.843%           483793        7.013%
INST_MAP_UPDATE_MEM_FCMP                        148648        4.229%           300409        4.355%
INST_MAP_UPDATE_MEM_FCMOV                         6163        0.175%            12164        0.176%
INST_MAP_UPDATE_MEM_GATHER                        7047        0.200%            13987        0.203%
INST_MAP_UPDATE_MEM_SCATTER                          0        0.000%                0        0.000%
INST_MAP_UPDATE_MEM_PIPELINED_FAST                   0        0.000%                0        0.000%
INST_MAP_UPDATE_MEM_PIPELINED_MEDIUM                 0        0.000%                0        0.000%
INST_MAP_UPDATE_MEM_PIPELINED_SLOW               14308        0.407%            28806        0.418%
INST_MAP_UPDATE_MEM_NOTPIPELINED_MEDIUM              4        0.000%                7        0.000%
INST_MAP_UPDATE_MEM_NOTPIPELINED_SLOW                0        0.000%                0        0.000%
INST_MAP_UPDATE_MEM_NOTPIPELINED_VERY_SLOW            10        0.000%               18        0.000%
                                               3515286      100.000%          6898453      100.000%
                                                 30.88         7.83             30.86         7.92



