Scarab gitrev: 3541854
Scarab started at Mon Oct 28 22:28:19 2024

Initialized Ramulator. 
** Heartbeat:   5% -- { 1000000 } -- 0.00 KIPS (12.99 KIPS)
** Heartbeat:  10% -- { 2000000 } -- 12.82 KIPS (12.90 KIPS)
** Heartbeat:  15% -- { 3000000 } -- 13.70 KIPS (13.16 KIPS)
** Heartbeat:  20% -- { 4000000 } -- 12.99 KIPS (13.11 KIPS)
** Heartbeat:  25% -- { 5000000 } -- 13.33 KIPS (13.16 KIPS)
** Heartbeat:  30% -- { 6000000 } -- 12.66 KIPS (13.07 KIPS)
** Heartbeat:  35% -- { 7000000 } -- 12.82 KIPS (13.04 KIPS)
** Heartbeat:  40% -- { 8000000 } -- 12.99 KIPS (13.03 KIPS)
** Heartbeat:  45% -- { 9000000 } -- 13.89 KIPS (13.12 KIPS)
** Heartbeat:  50% -- { 10000000 } -- 13.33 KIPS (13.14 KIPS)
** Heartbeat:  55% -- { 11000000 } -- 13.16 KIPS (13.14 KIPS)
** Heartbeat:  60% -- { 12000000 } -- 12.50 KIPS (13.09 KIPS)
** Heartbeat:  65% -- { 13000000 } -- 13.33 KIPS (13.10 KIPS)
** Heartbeat:  70% -- { 14000000 } -- 11.90 KIPS (13.01 KIPS)
** Heartbeat:  75% -- { 15000000 } -- 13.33 KIPS (13.03 KIPS)
** Heartbeat:  80% -- { 16000000 } -- 12.66 KIPS (13.01 KIPS)
** Heartbeat:  85% -- { 17000000 } -- 13.33 KIPS (13.03 KIPS)
** Heartbeat:  90% -- { 18000000 } -- 13.51 KIPS (13.05 KIPS)
** Heartbeat:  95% -- { 19000000 } -- 13.33 KIPS (13.07 KIPS)
** Heartbeat: 100% -- { 20000000 } -- 14.29 KIPS (13.12 KIPS)
** Core 0 Finished:    insts:20000000    cycles:20337878    time:6355586875000       -- 0.98 IPC (0.98 IPC) --  N/A  KIPS (13.12 KIPS)
Scarab finished at Mon Oct 28 22:53:43 2024

