Scarab gitrev: 3541854
Scarab started at Wed Oct 23 01:04:32 2024

Initialized Ramulator. 
** Heartbeat:   5% -- { 1000000 } -- 0.00 KIPS (24.39 KIPS)
** Heartbeat:  10% -- { 2000000 } -- 23.81 KIPS (24.10 KIPS)
** Heartbeat:  15% -- { 3000000 } -- 22.73 KIPS (23.62 KIPS)
** Heartbeat:  20% -- { 4000000 } -- 23.81 KIPS (23.67 KIPS)
** Heartbeat:  25% -- { 5000000 } -- 26.32 KIPS (24.15 KIPS)
** Heartbeat:  30% -- { 6000000 } -- 25.64 KIPS (24.39 KIPS)
** Heartbeat:  35% -- { 7000000 } -- 25.64 KIPS (24.56 KIPS)
** Heartbeat:  40% -- { 8000000 } -- 22.22 KIPS (24.24 KIPS)
** Heartbeat:  45% -- { 9000000 } -- 18.18 KIPS (23.38 KIPS)
** Heartbeat:  50% -- { 10000000 } -- 24.39 KIPS (23.47 KIPS)
** Heartbeat:  55% -- { 11000000 } -- 18.87 KIPS (22.96 KIPS)
** Heartbeat:  60% -- { 12000000 } -- 21.74 KIPS (22.86 KIPS)
** Heartbeat:  65% -- { 13000000 } -- 24.39 KIPS (22.97 KIPS)
** Heartbeat:  70% -- { 14000000 } -- 23.81 KIPS (23.03 KIPS)
** Heartbeat:  75% -- { 15000000 } -- 23.26 KIPS (23.04 KIPS)
** Heartbeat:  80% -- { 16000000 } -- 23.81 KIPS (23.09 KIPS)
** Heartbeat:  85% -- { 17000000 } -- 23.81 KIPS (23.13 KIPS)
** Heartbeat:  90% -- { 18000005 } -- 23.81 KIPS (23.17 KIPS)
** Heartbeat:  95% -- { 19000009 } -- 23.81 KIPS (23.20 KIPS)
** Core 0 Finished:    insts:20000000    cycles:20773634    time:6491760625000       -- 0.96 IPC (0.96 IPC) --  N/A  KIPS (23.17 KIPS)
Scarab finished at Wed Oct 23 01:18:56 2024

