/* -*- Mode: c -*- */
####################################################################################################
Core 0
####################################################################################################
Cumulative:        Cycles: 14808773              Instructions: 20000002              IPC: 1.35055

Periodic:          Cycles: 7273709               Instructions: 9999997               IPC: 1.37481

ST_OP_INV                                            0        0.000%                0        0.000%
ST_OP_NOP                                        33664        0.146%           114326        0.250%
ST_OP_CF                                       3682863       15.969%          7312226       15.996%
ST_OP_MOV                                      4350041       18.862%          8555770       18.717%
ST_OP_CMOV                                      673894        2.922%          1276841        2.793%
ST_OP_LDA                                      1279621        5.548%          2497758        5.464%
ST_OP_ILD                                      5135265       22.266%         10276689       22.481%
ST_OP_IST                                      1023399        4.437%          2067697        4.523%
ST_OP_IADD                                     2093461        9.077%          4169461        9.121%
ST_OP_IMUL                                         642        0.003%            12260        0.027%
ST_OP_IDIV                                           0        0.000%                0        0.000%
ST_OP_ICMP                                     3869578       16.778%          7611894       16.652%
ST_OP_LOGIC                                     846707        3.671%          1644470        3.597%
ST_OP_SHIFT                                      73610        0.319%           172411        0.377%
ST_OP_FLD                                            0        0.000%                5        0.000%
ST_OP_FST                                            0        0.000%                5        0.000%
ST_OP_FCVT                                           0        0.000%                0        0.000%
ST_OP_FADD                                           0        0.000%                0        0.000%
ST_OP_FMUL                                           0        0.000%                0        0.000%
ST_OP_FMA                                            0        0.000%                0        0.000%
ST_OP_FDIV                                           0        0.000%                0        0.000%
ST_OP_FCMP                                           0        0.000%                0        0.000%
ST_OP_FCMOV                                          0        0.000%                0        0.000%
ST_OP_GATHER                                         0        0.000%                0        0.000%
ST_OP_SCATTER                                        0        0.000%                0        0.000%
ST_OP_PIPELINED_FAST                                 0        0.000%                0        0.000%
ST_OP_PIPELINED_MEDIUM                               0        0.000%                0        0.000%
ST_OP_PIPELINED_SLOW                                 0        0.000%                0        0.000%
ST_OP_NOTPIPELINED_MEDIUM                            0        0.000%                0        0.000%
ST_OP_NOTPIPELINED_SLOW                              0        0.000%                0        0.000%
ST_OP_NOTPIPELINED_VERY_SLOW                         0        0.000%                0        0.000%
                                              23062745      100.000%         45711813      100.000%
                                                  5.98         3.25              5.98         3.24

ST_NOT_CF                                     19379882       84.031%         38399587       84.004%
ST_CF_BR                                        345747        1.499%           676947        1.481%
ST_CF_CBR                                      3273550       14.194%          6498865       14.217%
ST_CF_CALL                                       31267        0.136%            65788        0.144%
ST_CF_IBR                                          701        0.003%             2305        0.005%
ST_CF_ICALL                                        199        0.001%             1176        0.003%
ST_CF_ICO                                            0        0.000%                0        0.000%
ST_CF_RET                                        31399        0.136%            67145        0.147%
ST_CF_SYS                                            0        0.000%                0        0.000%
                                              23062745      100.000%         45711813      100.000%
                                                  0.31         0.69              0.31         0.70

ST_BAR_NONE                                   23062745      100.000%         45711813      100.000%
ST_BAR_FETCH                                         0        0.000%                0        0.000%
ST_BAR_ISSUE                                         0        0.000%                0        0.000%
ST_BAR_BOTH                                          0        0.000%                0        0.000%
                                              23062745      100.000%         45711813      100.000%
                                                  0.00         0.00              0.00         0.00

ST_NOT_MEM                                    16904081       73.296%         33367417       72.995%
ST_MEM_LD                                      5135265       22.266%         10276694       22.481%
ST_MEM_ST                                      1023399        4.437%          2067702        4.523%
ST_MEM_PF                                            0        0.000%                0        0.000%
ST_MEM_WH                                            0        0.000%                0        0.000%
ST_MEM_EVICT                                         0        0.000%                0        0.000%
                                              23062745      100.000%         45711813      100.000%
                                                  0.31         0.48              0.32         0.48

ST_NOT_MEM_OFFPATH                            13042908       76.452%         25054637       76.283%
ST_MEM_LD_OFFPATH                              3273007       19.185%          6330052       19.273%
ST_MEM_ST_OFFPATH                               744439        4.364%          1459578        4.444%
ST_MEM_PF_OFFPATH                                    0        0.000%                0        0.000%
ST_MEM_WH_OFFPATH                                    0        0.000%                0        0.000%
ST_MEM_EVIC_OFFPATHT                                 0        0.000%                0        0.000%
                                              17060354      100.000%         32844267      100.000%
                                                  0.28         0.48              0.28         0.48

ST_OP_ONPATH                                  23062745                       45711813              

ST_OP_OFFPATH                                 17060354                       32844267              

ST_FAKE_OP_OFFPATH                               22234        0.130%           101147        0.308%
ST_NOT_FAKE_OP_OFFPATH                        17038120       99.870%         32743120       99.692%
                                              17060354      100.000%         32844267      100.000%
                                                  1.00         1.00              1.00         1.00

ST_FAKE_REASON_NOT_FAKE                       17038120       99.870%         32743120       99.692%
ST_FAKE_REASON_REDIRECT_TO_NOT_INSTRUMENTED         22234        0.130%           101147        0.308%
ST_FAKE_REASON_RETURN_TO_NOT_INSTRUMENTED             0        0.000%                0        0.000%
ST_FAKE_REASON_NONRET_CF_TO_NOT_INSTRUMENTED             0        0.000%                0        0.000%
ST_FAKE_REASON_NOT_TAKEN_TO_NOT_INSTRUMENTED             0        0.000%                0        0.000%
ST_FAKE_REASON_WRONG_PATH_STORE_TO_NEW_REGION             0        0.000%                0        0.000%
                                              17060354      100.000%         32844267      100.000%
                                                  0.00         0.04              0.00         0.06

ST_INST_ONPATH                                21885053                       43282372              

ST_INST_OFFPATH                               16446121                       31640680              

STATIC_PIN_NOP                                       0                              0              

DYNAMIC_PIN_REP_GREATER_256                          0                              0              

INST_MAP_UPDATE_JITTED                          294067       12.972%           588956       12.869%
INST_MAP_UPDATE_NPC_INV                              0        0.000%                0        0.000%
INST_MAP_UPDATE_NPC_NOP                              0        0.000%                0        0.000%
INST_MAP_UPDATE_NPC_CF                               0        0.000%                0        0.000%
INST_MAP_UPDATE_NPC_MOV                              0        0.000%                0        0.000%
INST_MAP_UPDATE_NPC_CMOV                             0        0.000%                0        0.000%
INST_MAP_UPDATE_NPC_LDA                              0        0.000%                0        0.000%
INST_MAP_UPDATE_NPC_IMEM                             0        0.000%                0        0.000%
INST_MAP_UPDATE_NPC_IADD                             0        0.000%                0        0.000%
INST_MAP_UPDATE_NPC_IMUL                             1        0.000%                2        0.000%
INST_MAP_UPDATE_NPC_IDIV                             0        0.000%                0        0.000%
INST_MAP_UPDATE_NPC_ICMP                             0        0.000%                0        0.000%
INST_MAP_UPDATE_NPC_LOGIC                            0        0.000%                0        0.000%
INST_MAP_UPDATE_NPC_SHIFT                            0        0.000%                0        0.000%
INST_MAP_UPDATE_NPC_FMEM                             0        0.000%                0        0.000%
INST_MAP_UPDATE_NPC_FCVT                             0        0.000%                0        0.000%
INST_MAP_UPDATE_NPC_FADD                             0        0.000%                0        0.000%
INST_MAP_UPDATE_NPC_FMUL                             0        0.000%                0        0.000%
INST_MAP_UPDATE_NPC_FMA                              0        0.000%                0        0.000%
INST_MAP_UPDATE_NPC_FDIV                             0        0.000%                0        0.000%
INST_MAP_UPDATE_NPC_FCMP                             0        0.000%                0        0.000%
INST_MAP_UPDATE_NPC_FCMOV                            0        0.000%                0        0.000%
INST_MAP_UPDATE_NPC_GATHER                           0        0.000%                0        0.000%
INST_MAP_UPDATE_NPC_SCATTER                          0        0.000%                0        0.000%
INST_MAP_UPDATE_NPC_PIPELINED_FAST                   0        0.000%                0        0.000%
INST_MAP_UPDATE_NPC_PIPELINED_MEDIUM                 0        0.000%                0        0.000%
INST_MAP_UPDATE_NPC_PIPELINED_SLOW                   0        0.000%                0        0.000%
INST_MAP_UPDATE_NPC_NOTPIPELINED_MEDIUM              0        0.000%                0        0.000%
INST_MAP_UPDATE_NPC_NOTPIPELINED_SLOW                0        0.000%                0        0.000%
INST_MAP_UPDATE_NPC_NOTPIPELINED_VERY_SLOW             0        0.000%                0        0.000%
INST_MAP_UPDATE_MEM_INV                              0        0.000%                0        0.000%
INST_MAP_UPDATE_MEM_NOP                              0        0.000%                0        0.000%
INST_MAP_UPDATE_MEM_CF                               0        0.000%                0        0.000%
INST_MAP_UPDATE_MEM_MOV                        1953697       86.184%          3939017       86.066%
INST_MAP_UPDATE_MEM_CMOV                             0        0.000%                0        0.000%
INST_MAP_UPDATE_MEM_LDA                              0        0.000%                0        0.000%
INST_MAP_UPDATE_MEM_IMEM                             0        0.000%                0        0.000%
INST_MAP_UPDATE_MEM_IADD                             0        0.000%                0        0.000%
INST_MAP_UPDATE_MEM_IMUL                            49        0.002%             2186        0.048%
INST_MAP_UPDATE_MEM_IDIV                             0        0.000%                0        0.000%
INST_MAP_UPDATE_MEM_ICMP                             0        0.000%                0        0.000%
INST_MAP_UPDATE_MEM_LOGIC                        12931        0.570%            34083        0.745%
INST_MAP_UPDATE_MEM_SHIFT                         6147        0.271%            12474        0.273%
INST_MAP_UPDATE_MEM_FMEM                             0        0.000%                0        0.000%
INST_MAP_UPDATE_MEM_FCVT                             0        0.000%                0        0.000%
INST_MAP_UPDATE_MEM_FADD                             0        0.000%                0        0.000%
INST_MAP_UPDATE_MEM_FMUL                             0        0.000%                0        0.000%
INST_MAP_UPDATE_MEM_FMA                              0        0.000%                0        0.000%
INST_MAP_UPDATE_MEM_FDIV                             0        0.000%                0        0.000%
INST_MAP_UPDATE_MEM_FCMP                             0        0.000%                0        0.000%
INST_MAP_UPDATE_MEM_FCMOV                            0        0.000%                0        0.000%
INST_MAP_UPDATE_MEM_GATHER                           0        0.000%                0        0.000%
INST_MAP_UPDATE_MEM_SCATTER                          0        0.000%                0        0.000%
INST_MAP_UPDATE_MEM_PIPELINED_FAST                   0        0.000%                0        0.000%
INST_MAP_UPDATE_MEM_PIPELINED_MEDIUM                 0        0.000%                0        0.000%
INST_MAP_UPDATE_MEM_PIPELINED_SLOW                   0        0.000%                0        0.000%
INST_MAP_UPDATE_MEM_NOTPIPELINED_MEDIUM              0        0.000%                0        0.000%
INST_MAP_UPDATE_MEM_NOTPIPELINED_SLOW                0        0.000%                0        0.000%
INST_MAP_UPDATE_MEM_NOTPIPELINED_VERY_SLOW             0        0.000%                0        0.000%
                                               2266892      100.000%          4576718      100.000%
                                                 28.79         4.08             28.84         4.06



