/* -*- Mode: c -*- */
####################################################################################################
Core 0
####################################################################################################
Cumulative:        Cycles: 11309211              Instructions: 20000000              IPC: 1.76847

Periodic:          Cycles: 5540103               Instructions: 9999996               IPC: 1.80502

MISS_WAIT_TIME                               786110192                     1131713403              

ICACHE_STAGE_MISS                                   93                            530              

ICACHE_CYCLE                                   5540103                       11309211              

TCACHE_CYCLE                                         0                              0              

ICACHE_CYCLE_ONPATH                            2270076       40.975%          4488401       39.688%
ICACHE_CYCLE_OFFPATH                           3270027       59.025%          6820810       60.312%
                                               5540103      100.000%         11309211      100.000%
                                                  0.59         0.55              0.60         0.56

FETCH_ON_PATH                                  2003888       39.873%          4017584       39.476%
FETCH_OFF_PATH                                 3021819       60.127%          6159662       60.524%
                                               5025707      100.000%         10177246      100.000%
                                                  0.60         0.56              0.61         0.56

FETCHED_OPS_ON_PATH                                  0         -nan%                0         -nan%
FETCHED_OPS_OFF_PATH                                 0         -nan%                0         -nan%
                                                     0         -nan%                0         -nan%
                                                  -nan         -nan              -nan         -nan

INST_LOST_FETCH                               12242711       22.305%         24482518       21.849%
INST_LOST_OFF_PATH                            18646455       33.972%         37996784       33.910%
INST_LOST_FULL_WINDOW                             7420        0.014%            21220        0.019%
INST_LOST_ROB_STALL_OTHER                      4413900        8.042%          8256350        7.368%
INST_LOST_ROB_STALL_WAIT_FOR_RECOVERY             5040        0.009%            11720        0.010%
INST_LOST_ROB_STALL_WAIT_FOR_REDIRECT                0        0.000%                0        0.000%
INST_LOST_ROB_STALL_WAIT_FOR_GAP_FILL                0        0.000%                0        0.000%
INST_LOST_ROB_STALL_WAIT_FOR_L1_MISS                 0        0.000%                0        0.000%
INST_LOST_ROB_STALL_WAIT_FOR_MEMORY                  0        0.000%             3780        0.003%
INST_LOST_ROB_STALL_WAIT_FOR_DC_MISS            717600        1.307%          3026580        2.701%
INST_LOST_ROB_BLOCK_ISSUE_FULL                       0        0.000%                0        0.000%
INST_LOST_ROB_BLOCK_ISSUE_GAP_TOO_LARGE              0        0.000%                0        0.000%
INST_LOST_BREAK_DONT                                 0        0.000%                0        0.000%
INST_LOST_BREAK_RENAME                               0        0.000%                0        0.000%
INST_LOST_BREAK_FT_UNAVAILABLE                     513        0.001%              513        0.000%
INST_LOST_BREAK_ICACHE_TO_UOP_CACHE_SWITCH        472815        0.861%           937408        0.837%
INST_LOST_BREAK_ICACHE_MISS_REQ_SUCCESS            687        0.001%             3623        0.003%
INST_LOST_BREAK_ICACHE_MISS_REQ_FAILURE              0        0.000%             1476        0.001%
INST_LOST_BREAK_WAIT_FOR_MISS                     6084        0.011%           182592        0.163%
INST_LOST_BREAK_UOP_CACHE_READ_LIMIT          17353072       31.615%         35100619       31.325%
INST_LOST_BREAK_UOP_CACHE_READ_LIMIT_AND_ISSUE_WIDTH             0        0.000%                0        0.000%
INST_LOST_BREAK_ICACHE_READ_LIMIT              1021761        1.862%          2027074        1.809%
INST_LOST_BREAK_ICACHE_READ_LIMIT_AND_ISSUE_WIDTH             0        0.000%                0        0.000%
INST_LOST_BREAK_ISSUE_WIDTH                          0        0.000%                0        0.000%
INST_LOST_BREAK_BARRIERT                             0        0.000%                0        0.000%
INST_LOST_BREAK_WAIT_FOR_EMPTY_ROB                   0        0.000%                0        0.000%
INST_LOST_BREAK_APP_EXIT                             5        0.000%                5        0.000%
INST_LOST_BREAK_STALL                                0        0.000%                0        0.000%
                                              54888063      100.000%        112052262      100.000%
                                                  7.23         7.91              7.29         7.87

INST_LOST_TOTAL                               54888063                      112052262              

INST_LOST_WAIT_FOR_ICACHE_MISS_NOT_PREFETCHED             0        0.000%            45072       29.677%
INST_LOST_WAIT_FOR_ICACHE_MISS_PREFETCHED_AND_EVICTED_BY_IFETCH             0        0.000%                0        0.000%
INST_LOST_WAIT_FOR_ICACHE_MISS_PREFETCHED_AND_EVICTED_BY_FDIP             0        0.000%                0        0.000%
INST_LOST_WAIT_FOR_ICACHE_MISS_MSHR_HIT_PREF_OFFPATH           144        3.194%             6885        4.533%
INST_LOST_WAIT_FOR_ICACHE_MISS_MSHR_HIT_PREF_ONPATH          4365       96.806%            99918       65.790%
                                                  4509      100.000%           151875      100.000%
                                                  3.97         3.91              2.77         2.46

FETCH_0_OPS                                     515958        9.312%          1173713       10.359%
FETCH_1_OPS                                     443804        8.010%           891156        7.865%
FETCH_2_OPS                                     274467        4.953%           565672        4.993%
FETCH_3_OPS                                     589419       10.638%          1187930       10.485%
FETCH_4_OPS                                     345652        6.238%           712484        6.288%
FETCH_5_OPS                                     521146        9.405%          1031234        9.102%
FETCH_6_OPS                                     625035       11.280%          1248969       11.023%
FETCH_7_OPS                                     328183        5.923%           663838        5.859%
FETCH_8_OPS                                     190691        3.442%           399341        3.525%
FETCH_9_OPS                                     498356        8.994%          1007062        8.888%
FETCH_10_OPS                                   1208161       21.805%          2448794       21.613%
FETCH_11_OPS                                         0        0.000%                0        0.000%
FETCH_12_OPS                                         0        0.000%                0        0.000%
FETCH_13_OPS                                         0        0.000%                0        0.000%
FETCH_14_OPS                                         0        0.000%                0        0.000%
FETCH_15_OPS                                         0        0.000%                0        0.000%
FETCH_16_OPS                                         0        0.000%                0        0.000%
                                               5540872      100.000%         11330193      100.000%
                                                  5.57         2.98              5.51         2.98

ST_BREAK_DONT                                        0        0.000%                0        0.000%
ST_BREAK_RENAME                                      0        0.000%                0        0.000%
ST_BREAK_FT_UNAVAILABLE                             57        0.001%               57        0.001%
ST_BREAK_ICACHE_TO_UOP_CACHE_SWITCH              92434        1.839%           183025        1.798%
ST_BREAK_ICACHE_MISS_REQ_SUCCESS                    93        0.002%              530        0.005%
ST_BREAK_ICACHE_MISS_REQ_FAILURE                     0        0.000%              164        0.002%
ST_BREAK_WAIT_FOR_MISS                             676        0.013%            20288        0.199%
ST_BREAK_UOP_CACHE_READ_LIMIT                  3304579       65.754%          6688604       65.721%
ST_BREAK_UOP_CACHE_READ_LIMIT_AND_ISSUE_WIDTH        121717        2.422%           241677        2.375%
ST_BREAK_ICACHE_READ_LIMIT                      218529        4.348%           433691        4.261%
ST_BREAK_ICACHE_READ_LIMIT_AND_ISSUE_WIDTH         24840        0.494%            49549        0.487%
ST_BREAK_ISSUE_WIDTH                           1262781       25.126%          2559660       25.151%
ST_BREAK_BARRIERT                                    0        0.000%                0        0.000%
ST_BREAK_WAIT_FOR_EMPTY_ROB                          0        0.000%                0        0.000%
ST_BREAK_APP_EXIT                                    1        0.000%                1        0.000%
ST_BREAK_STALL                                       0        0.000%                0        0.000%
                                               5025707      100.000%         10177246      100.000%
                                                  8.06         1.85              8.06         1.85

ORACLE_ON_PATH_INST                           12242711       39.634%         24482518       39.185%
ORACLE_OFF_PATH_INST                          18646455       60.366%         37996784       60.815%
                                              30889166      100.000%         62479302      100.000%
                                                  0.60         0.56              0.61         0.56

ORACLE_ON_PATH_INST_MEM                        3641261       11.788%          7298490       11.681%
ORACLE_ON_PATH_INST_NOTMEM                     8601450       27.846%         17184028       27.504%
ORACLE_OFF_PATH_INST_MEM                       5921603       19.170%         12035407       19.263%
ORACLE_OFF_PATH_INST_NOTMEM                   12724852       41.195%         25961377       41.552%
                                              30889166      100.000%         62479302      100.000%
                                                  1.90         1.49              1.91         1.50

ICACHE_CYCLE_NONRA_ONPATH                            0         -nan%                0         -nan%
ICACHE_CYCLE_NONRA_OFFPATH                           0         -nan%                0         -nan%
ICACHE_CYCLE_RA_ONPATH                               0         -nan%                0         -nan%
ICACHE_CYCLE_RA_OFFPATH                              0         -nan%                0         -nan%
                                                     0         -nan%                0         -nan%
                                                  -nan         -nan              -nan         -nan

ICACHE_CYCLE_ONPATH_NONRA                            0         -nan%                0         -nan%
ICACHE_CYCLE_OFFPATH_NONRA                           0         -nan%                0         -nan%
                                                     0         -nan%                0         -nan%
                                                  -nan         -nan              -nan         -nan

ICACHE_CYCLE_ONPATH_RA                               0         -nan%                0         -nan%
ICACHE_CYCLE_OFFPATH_RA                              0         -nan%                0         -nan%
                                                     0         -nan%                0         -nan%
                                                  -nan         -nan              -nan         -nan

INACCURATE_OFFPATH_CYCLES                            0        0.0000                0        0.0000

FETCH_ALL_INST                                30889166                       62479302              

EXEC_ALL_INST                                 16937315                       34119394              

RET_ALL_INST                                  12243019                       24482518              

EXEC_ON_PATH_INST                             12242931       72.284%         24482518       71.755%
EXEC_OFF_PATH_INST                             4694384       27.716%          9636876       28.245%
                                              16937315      100.000%         34119394      100.000%
                                                  0.28         0.41              0.28         0.41

EXEC_ON_PATH_INST_MEM                          3641324       21.499%          7298490       21.391%
EXEC_ON_PATH_INST_NOTMEM                       8601607       50.785%         17184028       50.364%
EXEC_OFF_PATH_INST_MEM                         1688971        9.972%          3457645       10.134%
EXEC_OFF_PATH_INST_NOTMEM                      3005413       17.744%          6179231       18.111%
                                              16937315      100.000%         34119394      100.000%
                                                  1.24         0.95              1.25         0.96

EXEC_RA_INST                                         0         -nan%                0         -nan%
EXEC_NONRA_INST                                      0         -nan%                0         -nan%
                                                     0         -nan%                0         -nan%
                                                  -nan         -nan              -nan         -nan

EXEC_ON_PATH_INST_RA                                 0         -nan%                0         -nan%
EXEC_OFF_PATH_INST_RA                                0         -nan%                0         -nan%
                                                     0         -nan%                0         -nan%
                                                  -nan         -nan              -nan         -nan

EXEC_ON_PATH_INST_NONRA                              0         -nan%                0         -nan%
EXEC_OFF_PATH_INST_NONRA                             0         -nan%                0         -nan%
                                                     0         -nan%                0         -nan%
                                                  -nan         -nan              -nan         -nan

EXEC_RA_ON_PATH_INST                                 0         -nan%                0         -nan%
EXEC_RA_OFF_PATH_INST                                0         -nan%                0         -nan%
EXEC_NONRA_ON_PATH_INST                              0         -nan%                0         -nan%
EXEC_NONRA_OFF_PATH_INST                             0         -nan%                0         -nan%
                                                     0         -nan%                0         -nan%
                                                  -nan         -nan              -nan         -nan

ICACHE_THROTTLE_CYCLE                                0                              0              

FETCH_ENABLE_THROTTLE_OFF_PATH                       0         -nan%                0         -nan%
FETCH_ENABLE_THROTTLE_ON_PATH                        0         -nan%                0         -nan%
                                                     0         -nan%                0         -nan%
                                                  -nan         -nan              -nan         -nan

FETCH_DISABLE_THROTTLE_OFF_PATH                      0         -nan%                0         -nan%
FETCH_DISABLE_THROTTLE_ON_PATH                       0         -nan%                0         -nan%
                                                     0         -nan%                0         -nan%
                                                  -nan         -nan              -nan         -nan

FETCH_TH_ADJUST__0                                   0         -nan%                0         -nan%
FETCH_TH_ADJUST__1                                   0         -nan%                0         -nan%
FETCH_TH_ADJUST__2                                   0         -nan%                0         -nan%
FETCH_TH_ADJUST__3                                   0         -nan%                0         -nan%
FETCH_TH_ADJUST__4                                   0         -nan%                0         -nan%
FETCH_TH_ADJUST__5                                   0         -nan%                0         -nan%
FETCH_TH_ADJUST__6                                   0         -nan%                0         -nan%
FETCH_TH_ADJUST__7                                   0         -nan%                0         -nan%
FETCH_TH_ADJUST__8                                   0         -nan%                0         -nan%
FETCH_TH_ADJUST__9                                   0         -nan%                0         -nan%
FETCH_TH_ADJUST__MAX                                 0         -nan%                0         -nan%
                                                     0         -nan%                0         -nan%
                                                  -nan         -nan              -nan         -nan

FETCH_TH_ADJUST_UP                                   0         -nan%                0         -nan%
FETCH_TH_ADJUST_DOWN                                 0         -nan%                0         -nan%
FETCH_TH_ADJUST_SAME                                 0         -nan%                0         -nan%
                                                     0         -nan%                0         -nan%
                                                  -nan         -nan              -nan         -nan

THROTTLE_ADJUST_CACHE_MISS_INFO                      0                              0              

LOW_CONF_COUNT_BP_MIS_0                              0         -nan%                0         -nan%
LOW_CONF_COUNT_BP_MIS_1                              0         -nan%                0         -nan%
LOW_CONF_COUNT_BP_MIS_2                              0         -nan%                0         -nan%
LOW_CONF_COUNT_BP_MIS_3                              0         -nan%                0         -nan%
LOW_CONF_COUNT_BP_MIS_4                              0         -nan%                0         -nan%
LOW_CONF_COUNT_BP_MIS_5                              0         -nan%                0         -nan%
LOW_CONF_COUNT_BP_MIS_6                              0         -nan%                0         -nan%
LOW_CONF_COUNT_BP_MIS_7                              0         -nan%                0         -nan%
LOW_CONF_COUNT_BP_MIS_8                              0         -nan%                0         -nan%
LOW_CONF_COUNT_BP_MIS_9                              0         -nan%                0         -nan%
LOW_CONF_COUNT_BP_MIS_10                             0         -nan%                0         -nan%
LOW_CONF_COUNT_BP_MIS_11                             0         -nan%                0         -nan%
LOW_CONF_COUNT_BP_MIS_12                             0         -nan%                0         -nan%
LOW_CONF_COUNT_BP_MIS_13                             0         -nan%                0         -nan%
LOW_CONF_COUNT_BP_MIS_14                             0         -nan%                0         -nan%
LOW_CONF_COUNT_BP_MIS_15                             0         -nan%                0         -nan%
LOW_CONF_COUNT_BP_MIS_16                             0         -nan%                0         -nan%
LOW_CONF_COUNT_BP_MIS_17                             0         -nan%                0         -nan%
LOW_CONF_COUNT_BP_MIS_18                             0         -nan%                0         -nan%
LOW_CONF_COUNT_BP_MIS_19                             0         -nan%                0         -nan%
LOW_CONF_COUNT_BP_MIS_20                             0         -nan%                0         -nan%
                                                     0         -nan%                0         -nan%
                                                  -nan         -nan              -nan         -nan

LOW_CONF_COUNT_RET_0                                 0         -nan%                0         -nan%
LOW_CONF_COUNT_RET_1                                 0         -nan%                0         -nan%
LOW_CONF_COUNT_RET_2                                 0         -nan%                0         -nan%
LOW_CONF_COUNT_RET_3                                 0         -nan%                0         -nan%
LOW_CONF_COUNT_RET_4                                 0         -nan%                0         -nan%
LOW_CONF_COUNT_RET_5                                 0         -nan%                0         -nan%
LOW_CONF_COUNT_RET_6                                 0         -nan%                0         -nan%
LOW_CONF_COUNT_RET_7                                 0         -nan%                0         -nan%
LOW_CONF_COUNT_RET_8                                 0         -nan%                0         -nan%
LOW_CONF_COUNT_RET_9                                 0         -nan%                0         -nan%
LOW_CONF_COUNT_RET_10                                0         -nan%                0         -nan%
LOW_CONF_COUNT_RET_11                                0         -nan%                0         -nan%
LOW_CONF_COUNT_RET_12                                0         -nan%                0         -nan%
LOW_CONF_COUNT_RET_13                                0         -nan%                0         -nan%
LOW_CONF_COUNT_RET_14                                0         -nan%                0         -nan%
LOW_CONF_COUNT_RET_15                                0         -nan%                0         -nan%
LOW_CONF_COUNT_RET_16                                0         -nan%                0         -nan%
LOW_CONF_COUNT_RET_17                                0         -nan%                0         -nan%
LOW_CONF_COUNT_RET_18                                0         -nan%                0         -nan%
LOW_CONF_COUNT_RET_19                                0         -nan%                0         -nan%
LOW_CONF_COUNT_RET_20                                0         -nan%                0         -nan%
                                                     0         -nan%                0         -nan%
                                                  -nan         -nan              -nan         -nan

CYCLES_RESTEER_MISPRED                               0         -nan%                0         -nan%
CYCLES_RESTEER_MISFETCH                              0         -nan%                0         -nan%
CYCLES_RESTEER_BTB_MISS                              0         -nan%                0         -nan%
                                                     0         -nan%                0         -nan%
                                                  -nan         -nan              -nan         -nan

CYCLES_RESTEER_MISPRED_SAVED_UC_FETCH                0         -nan%                0         -nan%
CYCLES_RESTEER_MISPRED_COULD_BE_SAVED_UC_FETCH             0         -nan%                0         -nan%
CYCLES_RESTEER_MISFETCH_SAVED_UC_FETCH               0         -nan%                0         -nan%
CYCLES_RESTEER_MISFETCH_COULD_BE_SAVED_UC_FETCH             0         -nan%                0         -nan%
CYCLES_RESTEER_BTB_MISS_SAVED_UC_FETCH               0         -nan%                0         -nan%
CYCLES_RESTEER_BTB_MISS_COULD_BE_SAVED_UC_FETCH             0         -nan%                0         -nan%
                                                     0         -nan%                0         -nan%
                                                  -nan         -nan              -nan         -nan

CYCLES_UOC_IC_SWITCH                                 0                              0              



