/* -*- Mode: c -*- */
####################################################################################################
Core 0
####################################################################################################
Cumulative:        Cycles: 11309211              Instructions: 20000000              IPC: 1.76847

Periodic:          Cycles: 5540103               Instructions: 9999996               IPC: 1.80502

DCACHE_PREF_HIT                                      0                              0              

IFETCH_WB_FIRST_SCHEDULE                             0         -nan%                0         -nan%
PREFETCH_LAST_SCHEDULE                               0         -nan%                0         -nan%
DEMAND_PASS_PREF_SCHEDULE                            0         -nan%                0         -nan%
DEMAND_PASS_LOW_OP_SCHEDULE                          0         -nan%                0         -nan%
DEMAND_LAST_SCHEDULE                                 0         -nan%                0         -nan%
                                                     0         -nan%                0         -nan%
                                                  -nan         -nan              -nan         -nan

SEND_MISS_REQ_QUEUE                                335                           4791              

L1_DATA_EVICT                                        0                              0              

STREAM_BUFFER_REQ                                    0                              0              

PREF_SEND_TO_MEM_REQ                                 0         -nan%                0         -nan%
PREF_SEND_TO_MEM_REQ_FAIL                            0         -nan%                0         -nan%
                                                     0         -nan%                0         -nan%
                                                  -nan         -nan              -nan         -nan

HIT_TRAIN_STREAM                                     0        0.000%              861       26.258%
MISS_TRAIN_STREAM                                  335      100.000%             2418       73.742%
                                                   335      100.000%             3279      100.000%
                                                  1.00         1.00              0.74         0.67

STREAM_TRAIN_CREATE                                316                           1842              

MEM_REQ_MISS_HWP_PREF_Q                              0         -nan%                0         -nan%
MEM_REQ_MISS_SW_PREF_Q                               0         -nan%                0         -nan%
MEM_REQ_MISS_IFETCH_Q                                0         -nan%                0         -nan%
MEM_REQ_MISS_DFETCH_Q                                0         -nan%                0         -nan%
MEM_REQ_MISS_DSTORE_Q                                0         -nan%                0         -nan%
MEM_REQ_MISS_DPRF_Q                                  0         -nan%                0         -nan%
MEM_REQ_MISS_WB_Q                                    0         -nan%                0         -nan%
                                                     0         -nan%                0         -nan%
                                                  -nan         -nan              -nan         -nan

PREF_HIT_BY_DEMAND_IFETCH                            0         -nan%                0         -nan%
PREF_HIT_BY_DEMAND_DFETCH                            0         -nan%                0         -nan%
PREF_HIT_BY_DEMAND_DSTORE                            0         -nan%                0         -nan%
PREF_HIT_BY_DEMAND_IPREF                             0         -nan%                0         -nan%
PREF_HIT_BY_DEMAND_DPRF                              0         -nan%                0         -nan%
PREF_HIT_BY_DEMAND_WB                                0         -nan%                0         -nan%
PREF_HIT_BY_PREF                                     0         -nan%                0         -nan%
                                                     0         -nan%                0         -nan%
                                                  -nan         -nan              -nan         -nan

PREF_HIT_DEMAND_IFETCH                               0         -nan%                0         -nan%
PREF_HIT_DEMAND_DFETCH                               0         -nan%                0         -nan%
PREF_HIT_DEMAND_DSTORE                               0         -nan%                0         -nan%
PREF_HIT_DEMAND_IPREF                                0         -nan%                0         -nan%
PREF_HIT_DEMAND_DPRF                                 0         -nan%                0         -nan%
PREF_HIT_DEMAND_WB                                   0         -nan%                0         -nan%
                                                     0         -nan%                0         -nan%
                                                  -nan         -nan              -nan         -nan

PREF_L1_FILL                                         0         -nan%                0         -nan%
DEMAND_L1_FILL                                       0         -nan%                0         -nan%
                                                     0         -nan%                0         -nan%
                                                  -nan         -nan              -nan         -nan

TOUCH_L1_REPLACE                                     0         -nan%                0         -nan%
NO_TOUCH_L1_REPLACE                                  0         -nan%                0         -nan%
                                                     0         -nan%                0         -nan%
                                                  -nan         -nan              -nan         -nan

PREF_REQ_QUE_FULL                                    0                              0              

STREAM_REQ_QUEUE_HIT_BY_DEMAND                       0                              0              

L2HIT_STREAM_PREF_REQ_QUE_FULL                       0                              0              

L2HIT_HIT_TRAIN_STREAM                               0         -nan%                0         -nan%
L2HIT_MISS_TRAIN_STREAM                              0         -nan%                0         -nan%
                                                     0         -nan%                0         -nan%
                                                  -nan         -nan              -nan         -nan

L2HIT_STREAM_TRAIN_CREATE                            0                              0              

L2HIT_STREAM_BUFFER_REQ                              0                              0              

L2HIT_STREAM_PREF_DCACHE_HIT                         0         -nan%                0         -nan%
L2HIT_STREAM_PREF_DCACHE_INSERT                      0         -nan%                0         -nan%
L2HIT_STREAM_L2_MISS                                 0         -nan%                0         -nan%
                                                     0         -nan%                0         -nan%
                                                  -nan         -nan              -nan         -nan

L2HIT_STREAM_DCACHE_PORT_FULL                        0                              0              

L2HIT_STREAM_PREF_L1_PORT_FULL                       0                              0              

L2HIT_TRAIN_HIT_DEMAND                               0         -nan%                0         -nan%
L2HIT_TRAIN_MISS_REQ                                 0         -nan%                0         -nan%
                                                     0         -nan%                0         -nan%
                                                  -nan         -nan              -nan         -nan

L2HIT_TRAIN_FILTER_MISS                              0         -nan%                0         -nan%
L2HIT_TRAIN_FILTER_HIT                               0         -nan%                0         -nan%
                                                     0         -nan%                0         -nan%
                                                  -nan         -nan              -nan         -nan

L2HIT_PREF_REQ_DCACHE_HIT                            0         -nan%                0         -nan%
L2HIT_PREF_REQ_DCACHE_MISS                           0         -nan%                0         -nan%
                                                     0         -nan%                0         -nan%
                                                  -nan         -nan              -nan         -nan

L2HIT_L2SEND_Q_FULL                                  0         -nan%                0         -nan%
L2HIT_L2SEND_Q_ENTER                                 0         -nan%                0         -nan%
                                                     0         -nan%                0         -nan%
                                                  -nan         -nan              -nan         -nan

L2HIT_MEM_REQ                                        0                              0              

REMOVE_REDUNDANT_STREAM_STAT                         0                              0              

REPLACE_OLD_STREAM                                 316                           1826              

REQ_SEND_QUEUE_STALL                                 0                              0              

STREAM_ENTER_RA                                      0                              0              

CORE_STREAM_LENGTH_0                                 0         -nan%                9       13.846%
CORE_STREAM_LENGTH_10                                0         -nan%               23       35.385%
CORE_STREAM_LENGTH_20                                0         -nan%               17       26.154%
CORE_STREAM_LENGTH_30                                0         -nan%                5        7.692%
CORE_STREAM_LENGTH_40                                0         -nan%                4        6.154%
CORE_STREAM_LENGTH_50                                0         -nan%                2        3.077%
CORE_STREAM_LENGTH_60                                0         -nan%                0        0.000%
CORE_STREAM_LENGTH_70                                0         -nan%                1        1.538%
CORE_STREAM_LENGTH_80                                0         -nan%                0        0.000%
CORE_STREAM_LENGTH_90                                0         -nan%                2        3.077%
CORE_STREAM_LENGTH_100_P                             0         -nan%                2        3.077%
                                                     0         -nan%               65      100.000%
                                                  -nan         -nan              2.20         2.21

CORE_CUM_STREAM_LENGTH_0                             0         -nan%               58        3.102%
CORE_CUM_STREAM_LENGTH_10                            0         -nan%              327       17.487%
CORE_CUM_STREAM_LENGTH_20                            0         -nan%              411       21.979%
CORE_CUM_STREAM_LENGTH_30                            0         -nan%              173        9.251%
CORE_CUM_STREAM_LENGTH_40                            0         -nan%              174        9.305%
CORE_CUM_STREAM_LENGTH_50                            0         -nan%              103        5.508%
CORE_CUM_STREAM_LENGTH_60                            0         -nan%                0        0.000%
CORE_CUM_STREAM_LENGTH_70                            0         -nan%               71        3.797%
CORE_CUM_STREAM_LENGTH_80                            0         -nan%                0        0.000%
CORE_CUM_STREAM_LENGTH_90                            0         -nan%              185        9.893%
CORE_CUM_STREAM_LENGTH_100_P                         0         -nan%              368       19.679%
                                                     0         -nan%             1870      100.000%
                                                  -nan         -nan              4.66         4.02

CORE_STREAM_TRAIN_HITS_0                             0         -nan%               36       55.385%
CORE_STREAM_TRAIN_HITS_10                            0         -nan%               18       27.692%
CORE_STREAM_TRAIN_HITS_20                            0         -nan%                6        9.231%
CORE_STREAM_TRAIN_HITS_30                            0         -nan%                0        0.000%
CORE_STREAM_TRAIN_HITS_40                            0         -nan%                1        1.538%
CORE_STREAM_TRAIN_HITS_50                            0         -nan%                1        1.538%
CORE_STREAM_TRAIN_HITS_60                            0         -nan%                0        0.000%
CORE_STREAM_TRAIN_HITS_70                            0         -nan%                1        1.538%
CORE_STREAM_TRAIN_HITS_80                            0         -nan%                0        0.000%
CORE_STREAM_TRAIN_HITS_90                            0         -nan%                0        0.000%
CORE_STREAM_TRAIN_HITS_100_P                         0         -nan%                2        3.077%
                                                     0         -nan%               65      100.000%
                                                  -nan         -nan              1.02         1.90

CORE_CUM_STREAM_TRAIN_HITS_0                         0         -nan%              223       19.893%
CORE_CUM_STREAM_TRAIN_HITS_10                        0         -nan%              245       21.855%
CORE_CUM_STREAM_TRAIN_HITS_20                        0         -nan%              137       12.221%
CORE_CUM_STREAM_TRAIN_HITS_30                        0         -nan%                0        0.000%
CORE_CUM_STREAM_TRAIN_HITS_40                        0         -nan%               46        4.103%
CORE_CUM_STREAM_TRAIN_HITS_50                        0         -nan%               55        4.906%
CORE_CUM_STREAM_TRAIN_HITS_60                        0         -nan%                0        0.000%
CORE_CUM_STREAM_TRAIN_HITS_70                        0         -nan%               79        7.047%
CORE_CUM_STREAM_TRAIN_HITS_80                        0         -nan%                0        0.000%
CORE_CUM_STREAM_TRAIN_HITS_90                        0         -nan%                0        0.000%
CORE_CUM_STREAM_TRAIN_HITS_100_P                     0         -nan%              336       29.973%
                                                     0         -nan%             1121      100.000%
                                                  -nan         -nan              4.36         4.35

CORE_STREAM_TRAIN_CREATE                           316                           1842              



