/* -*- Mode: c -*- */
####################################################################################################
Core 0
####################################################################################################
Cumulative:        Cycles: 6477273               Instructions: 20000000              IPC: 3.08772

Periodic:          Cycles: 3102998               Instructions: 9999992               IPC: 3.22269

ST_OP_INV                                            0        0.000%                0        0.000%
ST_OP_NOP                                       123490        0.869%           313256        1.083%
ST_OP_CF                                       2480294       17.456%          5031407       17.394%
ST_OP_MOV                                      1064685        7.493%          2154489        7.448%
ST_OP_CMOV                                        3346        0.024%             6821        0.024%
ST_OP_LDA                                       449750        3.165%           911524        3.151%
ST_OP_ILD                                      1805633       12.708%          3663852       12.666%
ST_OP_IST                                       371608        2.615%           752187        2.600%
ST_OP_IADD                                      510490        3.593%          1036423        3.583%
ST_OP_IMUL                                         140        0.001%              283        0.001%
ST_OP_IDIV                                        1853        0.013%             3717        0.013%
ST_OP_ICMP                                     1371962        9.656%          2786082        9.632%
ST_OP_LOGIC                                     941925        6.629%          1908808        6.599%
ST_OP_SHIFT                                       9914        0.070%            20352        0.070%
ST_OP_FLD                                      2461441       17.323%          4998037       17.279%
ST_OP_FST                                        99022        0.697%           201666        0.697%
ST_OP_FCVT                                       24321        0.171%            50157        0.173%
ST_OP_FADD                                     1181897        8.318%          2404556        8.313%
ST_OP_FMUL                                     1171676        8.246%          2390949        8.266%
ST_OP_FMA                                        80143        0.564%           178057        0.616%
ST_OP_FDIV                                       31374        0.221%            64037        0.221%
ST_OP_FCMP                                       22588        0.159%            46493        0.161%
ST_OP_FCMOV                                          0        0.000%                0        0.000%
ST_OP_GATHER                                         0        0.000%                0        0.000%
ST_OP_SCATTER                                        0        0.000%                0        0.000%
ST_OP_PIPELINED_FAST                                 0        0.000%                0        0.000%
ST_OP_PIPELINED_MEDIUM                            1305        0.009%             2690        0.009%
ST_OP_PIPELINED_SLOW                                 0        0.000%                0        0.000%
ST_OP_NOTPIPELINED_MEDIUM                            0        0.000%                0        0.000%
ST_OP_NOTPIPELINED_SLOW                              0        0.000%                0        0.000%
ST_OP_NOTPIPELINED_VERY_SLOW                         0        0.000%                0        0.000%
                                              14208857      100.000%         28925843      100.000%
                                                  9.49         5.67              9.48         5.68

ST_NOT_CF                                     11728563       82.544%         23894436       82.606%
ST_CF_BR                                        296589        2.087%           601405        2.079%
ST_CF_CBR                                      2121135       14.928%          4302502       14.874%
ST_CF_CALL                                       26178        0.184%            53745        0.186%
ST_CF_IBR                                         4065        0.029%             8266        0.029%
ST_CF_ICALL                                       2678        0.019%             5279        0.018%
ST_CF_ICO                                            0        0.000%                0        0.000%
ST_CF_RET                                        29649        0.209%            60210        0.208%
ST_CF_SYS                                            0        0.000%                0        0.000%
                                              14208857      100.000%         28925843      100.000%
                                                  0.34         0.73              0.34         0.73

ST_BAR_NONE                                   14208857      100.000%         28925843      100.000%
ST_BAR_FETCH                                         0        0.000%                0        0.000%
ST_BAR_ISSUE                                         0        0.000%                0        0.000%
ST_BAR_BOTH                                          0        0.000%                0        0.000%
                                              14208857      100.000%         28925843      100.000%
                                                  0.00         0.00              0.00         0.00

ST_NOT_MEM                                     9471153       66.657%         19310101       66.757%
ST_MEM_LD                                      4267074       30.031%          8661889       29.945%
ST_MEM_ST                                       470630        3.312%           953853        3.298%
ST_MEM_PF                                            0        0.000%                0        0.000%
ST_MEM_WH                                            0        0.000%                0        0.000%
ST_MEM_EVICT                                         0        0.000%                0        0.000%
                                              14208857      100.000%         28925843      100.000%
                                                  0.37         0.46              0.37         0.46

ST_NOT_MEM_OFFPATH                             4547780       65.408%         10193999       65.631%
ST_MEM_LD_OFFPATH                              2261129       32.521%          5009135       32.250%
ST_MEM_ST_OFFPATH                               144019        2.071%           329070        2.119%
ST_MEM_PF_OFFPATH                                    0        0.000%                0        0.000%
ST_MEM_WH_OFFPATH                                    0        0.000%                0        0.000%
ST_MEM_EVIC_OFFPATHT                                 0        0.000%                0        0.000%
                                               6952928      100.000%         15532204      100.000%
                                                  0.37         0.43              0.36         0.43

ST_OP_ONPATH                                  14208857                       28925843              

ST_OP_OFFPATH                                  6952928                       15532204              

ST_FAKE_OP_OFFPATH                               35174        0.506%           199440        1.284%
ST_NOT_FAKE_OP_OFFPATH                         6917754       99.494%         15332764       98.716%
                                               6952928      100.000%         15532204      100.000%
                                                  0.99         0.99              0.99         0.98

ST_FAKE_REASON_NOT_FAKE                        6917754       99.494%         15332764       98.716%
ST_FAKE_REASON_REDIRECT_TO_NOT_INSTRUMENTED         35174        0.506%           199440        1.284%
ST_FAKE_REASON_RETURN_TO_NOT_INSTRUMENTED             0        0.000%                0        0.000%
ST_FAKE_REASON_NONRET_CF_TO_NOT_INSTRUMENTED             0        0.000%                0        0.000%
ST_FAKE_REASON_NOT_TAKEN_TO_NOT_INSTRUMENTED             0        0.000%                0        0.000%
ST_FAKE_REASON_WRONG_PATH_STORE_TO_NEW_REGION             0        0.000%                0        0.000%
                                               6952928      100.000%         15532204      100.000%
                                                  0.01         0.07              0.01         0.11

ST_INST_ONPATH                                13601368                       27676726              

ST_INST_OFFPATH                                6703620                       14960697              

STATIC_PIN_NOP                                       0                              0              

DYNAMIC_PIN_REP_GREATER_256                          0                              0              

INST_MAP_UPDATE_JITTED                          549865       29.224%          1111377       29.437%
INST_MAP_UPDATE_NPC_INV                              0        0.000%                0        0.000%
INST_MAP_UPDATE_NPC_NOP                              0        0.000%                0        0.000%
INST_MAP_UPDATE_NPC_CF                               0        0.000%                0        0.000%
INST_MAP_UPDATE_NPC_MOV                              0        0.000%                0        0.000%
INST_MAP_UPDATE_NPC_CMOV                             0        0.000%                0        0.000%
INST_MAP_UPDATE_NPC_LDA                              0        0.000%                0        0.000%
INST_MAP_UPDATE_NPC_IMEM                             0        0.000%                0        0.000%
INST_MAP_UPDATE_NPC_IADD                             0        0.000%                0        0.000%
INST_MAP_UPDATE_NPC_IMUL                          1092        0.058%             2178        0.058%
INST_MAP_UPDATE_NPC_IDIV                             0        0.000%                0        0.000%
INST_MAP_UPDATE_NPC_ICMP                             0        0.000%                0        0.000%
INST_MAP_UPDATE_NPC_LOGIC                            0        0.000%                0        0.000%
INST_MAP_UPDATE_NPC_SHIFT                            0        0.000%                0        0.000%
INST_MAP_UPDATE_NPC_FMEM                             0        0.000%                0        0.000%
INST_MAP_UPDATE_NPC_FCVT                             0        0.000%                0        0.000%
INST_MAP_UPDATE_NPC_FADD                             0        0.000%                0        0.000%
INST_MAP_UPDATE_NPC_FMUL                             0        0.000%                0        0.000%
INST_MAP_UPDATE_NPC_FMA                              0        0.000%                0        0.000%
INST_MAP_UPDATE_NPC_FDIV                             0        0.000%                0        0.000%
INST_MAP_UPDATE_NPC_FCMP                             0        0.000%                0        0.000%
INST_MAP_UPDATE_NPC_FCMOV                            0        0.000%                0        0.000%
INST_MAP_UPDATE_NPC_GATHER                           0        0.000%                0        0.000%
INST_MAP_UPDATE_NPC_SCATTER                          0        0.000%                0        0.000%
INST_MAP_UPDATE_NPC_PIPELINED_FAST                   0        0.000%                0        0.000%
INST_MAP_UPDATE_NPC_PIPELINED_MEDIUM                 0        0.000%                0        0.000%
INST_MAP_UPDATE_NPC_PIPELINED_SLOW                   0        0.000%                0        0.000%
INST_MAP_UPDATE_NPC_NOTPIPELINED_MEDIUM              0        0.000%                0        0.000%
INST_MAP_UPDATE_NPC_NOTPIPELINED_SLOW                0        0.000%                0        0.000%
INST_MAP_UPDATE_NPC_NOTPIPELINED_VERY_SLOW             0        0.000%                0        0.000%
INST_MAP_UPDATE_MEM_INV                              0        0.000%                0        0.000%
INST_MAP_UPDATE_MEM_NOP                              0        0.000%                0        0.000%
INST_MAP_UPDATE_MEM_CF                               0        0.000%                0        0.000%
INST_MAP_UPDATE_MEM_MOV                        1223896       65.047%          2445087       64.763%
INST_MAP_UPDATE_MEM_CMOV                             0        0.000%                0        0.000%
INST_MAP_UPDATE_MEM_LDA                              0        0.000%                0        0.000%
INST_MAP_UPDATE_MEM_IMEM                             0        0.000%                0        0.000%
INST_MAP_UPDATE_MEM_IADD                             0        0.000%                0        0.000%
INST_MAP_UPDATE_MEM_IMUL                         55846        2.968%           110409        2.924%
INST_MAP_UPDATE_MEM_IDIV                             0        0.000%                0        0.000%
INST_MAP_UPDATE_MEM_ICMP                             0        0.000%                0        0.000%
INST_MAP_UPDATE_MEM_LOGIC                         5288        0.281%            11319        0.300%
INST_MAP_UPDATE_MEM_SHIFT                         3100        0.165%             6605        0.175%
INST_MAP_UPDATE_MEM_FMEM                             0        0.000%                0        0.000%
INST_MAP_UPDATE_MEM_FCVT                             0        0.000%                0        0.000%
INST_MAP_UPDATE_MEM_FADD                             0        0.000%                0        0.000%
INST_MAP_UPDATE_MEM_FMUL                            14        0.001%               26        0.001%
INST_MAP_UPDATE_MEM_FMA                          31371        1.667%            66308        1.756%
INST_MAP_UPDATE_MEM_FDIV                         10791        0.574%            21571        0.571%
INST_MAP_UPDATE_MEM_FCMP                             0        0.000%                0        0.000%
INST_MAP_UPDATE_MEM_FCMOV                           84        0.004%              159        0.004%
INST_MAP_UPDATE_MEM_GATHER                           0        0.000%                4        0.000%
INST_MAP_UPDATE_MEM_SCATTER                          0        0.000%                0        0.000%
INST_MAP_UPDATE_MEM_PIPELINED_FAST                   0        0.000%                0        0.000%
INST_MAP_UPDATE_MEM_PIPELINED_MEDIUM                 0        0.000%                0        0.000%
INST_MAP_UPDATE_MEM_PIPELINED_SLOW                 210        0.011%              401        0.011%
INST_MAP_UPDATE_MEM_NOTPIPELINED_MEDIUM              0        0.000%                0        0.000%
INST_MAP_UPDATE_MEM_NOTPIPELINED_SLOW                0        0.000%                0        0.000%
INST_MAP_UPDATE_MEM_NOTPIPELINED_VERY_SLOW             0        0.000%                0        0.000%
                                               1881557      100.000%          3775444      100.000%
                                                 23.85         8.62             23.79         8.68



