Scarab gitrev: 3541854
Scarab started at Sun Oct 13 21:44:52 2024

Initialized Ramulator. 
** Heartbeat:   5% -- { 1000000 } -- 0.00 KIPS (27.78 KIPS)
** Heartbeat:  10% -- { 2000000 } -- 29.41 KIPS (28.57 KIPS)
** Heartbeat:  15% -- { 3000000 } -- 29.41 KIPS (28.85 KIPS)
** Heartbeat:  20% -- { 4000001 } -- 28.57 KIPS (28.78 KIPS)
** Heartbeat:  25% -- { 5000001 } -- 31.25 KIPS (29.24 KIPS)
** Heartbeat:  30% -- { 6000001 } -- 31.25 KIPS (29.56 KIPS)
** Heartbeat:  35% -- { 7000001 } -- 29.41 KIPS (29.54 KIPS)
** Heartbeat:  40% -- { 8000002 } -- 32.26 KIPS (29.85 KIPS)
** Heartbeat:  45% -- { 9000002 } -- 31.25 KIPS (30.00 KIPS)
** Heartbeat:  50% -- { 10000002 } -- 32.26 KIPS (30.21 KIPS)
** Heartbeat:  55% -- { 11000002 } -- 29.41 KIPS (30.14 KIPS)
** Heartbeat:  60% -- { 12000002 } -- 31.25 KIPS (30.23 KIPS)
** Heartbeat:  65% -- { 13000002 } -- 28.57 KIPS (30.09 KIPS)
** Heartbeat:  70% -- { 14000003 } -- 33.33 KIPS (30.30 KIPS)
** Heartbeat:  75% -- { 15000003 } -- 31.25 KIPS (30.36 KIPS)
** Heartbeat:  80% -- { 16000003 } -- 30.30 KIPS (30.36 KIPS)
** Heartbeat:  85% -- { 17000003 } -- 30.30 KIPS (30.36 KIPS)
** Heartbeat:  90% -- { 18000003 } -- 31.25 KIPS (30.41 KIPS)
** Heartbeat:  95% -- { 19000004 } -- 29.41 KIPS (30.35 KIPS)
Warning could not fetch inst from frontend
Warning could not fetch inst from frontend
Warning could not fetch inst from frontend
Warning could not fetch inst from frontend
Warning could not fetch inst from frontend
Warning could not fetch inst from frontend
Warning could not fetch inst from frontend
Warning could not fetch inst from frontend
Warning could not fetch inst from frontend
Warning could not fetch inst from frontend
Warning could not fetch inst from frontend
Warning could not fetch inst from frontend
Warning could not fetch inst from frontend
Warning could not fetch inst from frontend
Warning could not fetch inst from frontend
Warning could not fetch inst from frontend
Warning could not fetch inst from frontend
Warning could not fetch inst from frontend
Warning could not fetch inst from frontend
Warning could not fetch inst from frontend
Warning could not fetch inst from frontend
Warning could not fetch inst from frontend
Warning could not fetch inst from frontend
Warning could not fetch inst from frontend
Warning could not fetch inst from frontend
Warning could not fetch inst from frontend
Warning could not fetch inst from frontend
Warning could not fetch inst from frontend
Warning could not fetch inst from frontend
Warning could not fetch inst from frontend
Warning could not fetch inst from frontend
Warning could not fetch inst from frontend
Warning could not fetch inst from frontend
Warning could not fetch inst from frontend
Warning could not fetch inst from frontend
Warning could not fetch inst from frontend
Warning could not fetch inst from frontend
Warning could not fetch inst from frontend
Warning could not fetch inst from frontend
Warning could not fetch inst from frontend
Warning could not fetch inst from frontend
Warning could not fetch inst from frontend
Warning could not fetch inst from frontend
Warning could not fetch inst from frontend
Warning could not fetch inst from frontend
Warning could not fetch inst from frontend
Warning could not fetch inst from frontend
Warning could not fetch inst from frontend
Warning could not fetch inst from frontend
Warning could not fetch inst from frontend
Warning could not fetch inst from frontend
** Core 0 Finished:    insts:20000000    cycles:38740264    time:12106332500000      -- 0.52 IPC (0.52 IPC) --  N/A  KIPS (30.35 KIPS)
Scarab finished at Sun Oct 13 21:55:55 2024

