Scarab gitrev: 3541854
Scarab started at Mon Oct 28 22:52:25 2024

Initialized Ramulator. 
** Heartbeat:   5% -- { 1000000 } -- 0.00 KIPS (23.81 KIPS)
** Heartbeat:  10% -- { 2000000 } -- 22.22 KIPS (22.99 KIPS)
** Heartbeat:  15% -- { 3000003 } -- 22.22 KIPS (22.73 KIPS)
** Heartbeat:  20% -- { 4000007 } -- 21.28 KIPS (22.35 KIPS)
** Heartbeat:  25% -- { 5000008 } -- 21.28 KIPS (22.12 KIPS)
** Heartbeat:  30% -- { 6000008 } -- 19.23 KIPS (21.58 KIPS)
** Heartbeat:  35% -- { 7000011 } -- 18.18 KIPS (21.02 KIPS)
** Heartbeat:  40% -- { 8000013 } -- 27.03 KIPS (21.62 KIPS)
** Heartbeat:  45% -- { 9000017 } -- 20.41 KIPS (21.48 KIPS)
** Heartbeat:  50% -- { 10000018 } -- 21.74 KIPS (21.51 KIPS)
** Heartbeat:  55% -- { 11000018 } -- 17.54 KIPS (21.07 KIPS)
** Heartbeat:  60% -- { 12000021 } -- 26.32 KIPS (21.43 KIPS)
** Heartbeat:  65% -- { 13000021 } -- 20.83 KIPS (21.38 KIPS)
** Heartbeat:  70% -- { 14000021 } -- 20.41 KIPS (21.31 KIPS)
** Heartbeat:  75% -- { 15000023 } -- 22.22 KIPS (21.37 KIPS)
** Heartbeat:  80% -- { 16000025 } -- 19.23 KIPS (21.22 KIPS)
** Heartbeat:  85% -- { 17000025 } -- 25.64 KIPS (21.44 KIPS)
** Heartbeat:  90% -- { 18000025 } -- 20.83 KIPS (21.40 KIPS)
** Heartbeat:  95% -- { 19000025 } -- 20.41 KIPS (21.35 KIPS)
** Core 0 Finished:    insts:20000000    cycles:12090682    time:3778338125000       -- 1.65 IPC (1.65 IPC) --  N/A  KIPS (21.10 KIPS)
Scarab finished at Mon Oct 28 23:08:13 2024

