/* -*- Mode: c -*- */
####################################################################################################
Core 0
####################################################################################################
Cumulative:        Cycles: 15413976              Instructions: 20000000              IPC: 1.29752

Periodic:          Cycles: 7756156               Instructions: 10000000              IPC: 1.28930

EXECUTION_TIME                           2423798750000                  4816867500000              

NODE_CYCLE                                     7756156                       15413976              

NODE_INST_COUNT                               10000000                       20000000              

NODE_INST_COUNT_FETCHED                        9049239                       18262380              

NODE_UOP_COUNT                                14366670                       28263801              

FULL_WINDOW_STALL                              3263091       42.071%          6350535       41.200%

FULL_WINDOW_MEM_OP                             1311800       45.382%          2417750       43.192%
FULL_WINDOW_FP_OP                              1545674       53.473%          3111603       55.587%
FULL_WINDOW_OTHER_OP                             33090        1.145%            68370        1.221%
                                               2890564      100.000%          5597723      100.000%
                                                  0.56         0.36              0.58         0.36

RET_BLOCKED_DC_MISS                            1335159       17.214%          2516080       16.323%

RET_BLOCKED_L1_MISS                            1125518       14.511%          2084350       13.522%

RET_BLOCKED_L1_MISS_BW_PREF                     420602        5.423%           637629        4.137%

RET_BLOCKED_L1_ACCESS                           215584        2.780%           446693        2.898%

RET_BLOCKED_MEM_STALL                          1165640       15.029%          2151898       13.961%

RET_BLOCKED_OFFCHIP_DEMAND                           0        0.000%                0        0.000%

OP_ISSUED                                     14597653                       29008329              

OP_RETIRED                                    14366670                       28263801              

REPLAY_SIGNALED                                      0                              0              

REPLAY_COUNTED                                       0                              0              

OFF_CRITICAL_PATH                                    0         -nan%                0         -nan%
ON_CRITICAL_PATH                                     0         -nan%                0         -nan%
                                                     0         -nan%                0         -nan%
                                                  -nan         -nan              -nan         -nan

LD_NO_DEPENDENTS                                 60475        2.496%           124305        2.536%
LD_DEPENDENTS                                  2362294       97.504%          4778161       97.464%
                                               2422769      100.000%          4902466      100.000%
                                                  0.98         0.96              0.97         0.96

LD_EXEC_CYCLES_0                                     0        0.000%                0        0.000%
LD_EXEC_CYCLES_1                                     0        0.000%                0        0.000%
LD_EXEC_CYCLES_2                                     0        0.000%                0        0.000%
LD_EXEC_CYCLES_3                                 18930       48.287%            38065       48.343%
LD_EXEC_CYCLES_4                                 20273       51.713%            40674       51.657%
                                                 39203      100.000%            78739      100.000%
                                                  3.52         2.58              3.52         2.58

ICACHE_STAGE_STARVED                            362738        7.917%           706026        7.815%
ICACHE_STAGE_NOT_STARVED                       4219135       92.083%          8327817       92.185%
                                               4581873      100.000%          9033843      100.000%
                                                  0.92         0.89              0.92         0.89

ICACHE_STAGE_STALLED                           3106035       40.046%          5953763       38.626%
ICACHE_STAGE_NOT_STALLED                       4401555       56.749%          8682818       56.331%
ICACHE_STAGE_OFF_PATH                           248566        3.205%           777395        5.043%
                                               7756156      100.000%         15413976      100.000%
                                                  0.63         0.39              0.66         0.42

DECODE_STAGE_STARVED                           7062680       92.751%         13865787       92.781%
DECODE_STAGE_NOT_STARVED                        551955        7.249%          1078916        7.219%
                                               7614635      100.000%         14944703      100.000%
                                                  0.07         0.25              0.07         0.25

DECODE_STAGE_STALLED                            455231        5.869%           862610        5.596%
DECODE_STAGE_NOT_STALLED                       7159404       92.306%         14082093       91.359%
DECODE_STAGE_OFF_PATH                           141521        1.825%           469273        3.044%
                                               7756156      100.000%         15413976      100.000%
                                                  0.96         0.20              0.97         0.25

UOPQ_STAGE_STARVED                              816206       17.675%          1795495       19.485%
UOPQ_STAGE_NOT_STARVED                         3801557       82.325%          7419336       80.515%
                                               4617763      100.000%          9214831      100.000%
                                                  0.82         0.76              0.81         0.74

UOPQ_STAGE_STALLED                             2950978       38.047%          5673129       36.805%
UOPQ_STAGE_NOT_STALLED                         4617763       59.537%          9214831       59.782%
UOPQ_STAGE_OFF_PATH                             187415        2.416%           526016        3.413%
                                               7756156      100.000%         15413976      100.000%
                                                  0.64         0.36              0.67         0.38

MAP_STAGE_STARVED                               217488        2.868%           485640        3.266%
MAP_STAGE_NOT_STARVED                          7364489       97.132%         14384541       96.734%
                                               7581977      100.000%         14870181      100.000%
                                                  0.97         0.96              0.97         0.95

MAP_STAGE_STALLED                              3140246       40.487%          6032545       39.137%
MAP_STAGE_NOT_STALLED                          4441731       57.267%          8837636       57.335%
MAP_STAGE_OFF_PATH                              174179        2.246%           543795        3.528%
                                               7756156      100.000%         15413976      100.000%
                                                  0.62         0.37              0.64         0.39

EXEC_STAGE_STARVED                             2819134       36.347%          5628647       36.517%
EXEC_STAGE_NOT_STARVED                         4856880       62.620%          9521153       61.770%
EXEC_STAGE_OFF_PATH                              80142        1.033%           264176        1.714%
                                               7756156      100.000%         15413976      100.000%
                                                  0.65         0.32              0.65         0.34

FU_BUSY_0                                      6214474                       12444222              

FU_BUSY_1                                      3299250                        6512119              

FU_BUSY_2                                      1498835                        2948328              

FU_BUSY_3                                      1296890                        2545149              

FU_BUSY_4                                      2118963                        4116187              

FU_BUSY_5                                      1139376                        2305553              

FU_BUSY_6                                      1614313                        3064297              

FU_BUSY_7                                      1651169                        3139971              

FU_BUSY_8                                            0                              0              

FU_BUSY_9                                            0                              0              

FU_BUSY_10                                           0                              0              

FU_BUSY_11                                           0                              0              

FU_BUSY_12                                           0                              0              

FU_BUSY_13                                           0                              0              

FU_BUSY_14                                           0                              0              

FU_BUSY_15                                           0                              0              

FU_BUSY_16                                           0                              0              

FU_BUSY_17                                           0                              0              

FU_BUSY_18                                           0                              0              

FU_BUSY_19                                           0                              0              

FU_BUSY_20                                           0                              0              

FU_BUSY_21                                           0                              0              

FU_BUSY_22                                           0                              0              

FU_BUSY_23                                           0                              0              

FU_BUSY_24                                           0                              0              

FU_BUSY_25                                           0                              0              

FU_BUSY_26                                           0                              0              

FU_BUSY_27                                           0                              0              

FU_BUSY_28                                           0                              0              

FU_BUSY_29                                           0                              0              

FU_BUSY_30                                           0                              0              

FU_BUSY_31                                           0                              0              

FU_REJECTED_OP_INV_NOT_SIMD                          0        0.000%                0        0.000%
FU_REJECTED_OP_NOP_NOT_SIMD                      10472        0.250%            22403        0.276%
FU_REJECTED_OP_CF_NOT_SIMD                      104443        2.493%           209615        2.582%
FU_REJECTED_OP_MOV_NOT_SIMD                      32163        0.768%            66352        0.817%
FU_REJECTED_OP_CMOV_NOT_SIMD                       574        0.014%             1203        0.015%
FU_REJECTED_OP_LDA_NOT_SIMD                      13314        0.318%            28056        0.346%
FU_REJECTED_OP_IMEM_NOT_SIMD                     80324        1.917%           129056        1.590%
FU_REJECTED_OP_IADD_NOT_SIMD                   1016076       24.250%          1865365       22.979%
FU_REJECTED_OP_IMUL_NOT_SIMD                    111595        2.663%           230418        2.838%
FU_REJECTED_OP_IDIV_NOT_SIMD                         3        0.000%                6        0.000%
FU_REJECTED_OP_ICMP_NOT_SIMD                         0        0.000%                0        0.000%
FU_REJECTED_OP_LOGIC_NOT_SIMD                    30110        0.719%            60790        0.749%
FU_REJECTED_OP_SHIFT_NOT_SIMD                    22041        0.526%            44064        0.543%
FU_REJECTED_OP_FMEM_NOT_SIMD                     29609        0.707%            59561        0.734%
FU_REJECTED_OP_FCVT_NOT_SIMD                         0        0.000%                0        0.000%
FU_REJECTED_OP_FADD_NOT_SIMD                         0        0.000%                0        0.000%
FU_REJECTED_OP_FMUL_NOT_SIMD                         0        0.000%                0        0.000%
FU_REJECTED_OP_FMA_NOT_SIMD                          0        0.000%                0        0.000%
FU_REJECTED_OP_FDIV_NOT_SIMD                         0        0.000%                0        0.000%
FU_REJECTED_OP_FCMP_NOT_SIMD                         0        0.000%                0        0.000%
FU_REJECTED_OP_FCMOV_NOT_SIMD                        0        0.000%                0        0.000%
FU_REJECTED_OP_GATHER_NOT_SIMD                       0        0.000%                0        0.000%
FU_REJECTED_OP_SCATTER_NOT_SIMD                      0        0.000%                0        0.000%
FU_REJECTED_OP_PIPELINED_FAST_NOT_SIMD               0        0.000%                0        0.000%
FU_REJECTED_OP_PIPELINED_MEDIUM_NOT_SIMD             0        0.000%                0        0.000%
FU_REJECTED_OP_PIPELINED_SLOW_NOT_SIMD               0        0.000%                0        0.000%
FU_REJECTED_OP_NOTPIPELINED_MEDIUM_NOT_SIMD             0        0.000%                0        0.000%
FU_REJECTED_OP_NOTPIPELINED_SLOW_NOT_SIMD             0        0.000%                0        0.000%
FU_REJECTED_OP_NOTPIPELINED_VERY_SLOW_NOT_SIMD             4        0.000%                7        0.000%
FU_REJECTED_OP_INV_SIMD                              0        0.000%                0        0.000%
FU_REJECTED_OP_NOP_SIMD                              0        0.000%                0        0.000%
FU_REJECTED_OP_CF_SIMD                               0        0.000%                0        0.000%
FU_REJECTED_OP_MOV_SIMD                          23544        0.562%            48334        0.595%
FU_REJECTED_OP_CMOV_SIMD                           101        0.002%              218        0.003%
FU_REJECTED_OP_LDA_SIMD                              0        0.000%                0        0.000%
FU_REJECTED_OP_IMEM_SIMD                             0        0.000%                0        0.000%
FU_REJECTED_OP_IADD_SIMD                             0        0.000%                0        0.000%
FU_REJECTED_OP_IMUL_SIMD                             0        0.000%                0        0.000%
FU_REJECTED_OP_IDIV_SIMD                             0        0.000%                0        0.000%
FU_REJECTED_OP_ICMP_SIMD                             0        0.000%                0        0.000%
FU_REJECTED_OP_LOGIC_SIMD                         6166        0.147%            12365        0.152%
FU_REJECTED_OP_SHIFT_SIMD                        42022        1.003%            86517        1.066%
FU_REJECTED_OP_FMEM_SIMD                             0        0.000%                0        0.000%
FU_REJECTED_OP_FCVT_SIMD                        238683        5.697%           335674        4.135%
FU_REJECTED_OP_FADD_SIMD                        152060        3.629%           280890        3.460%
FU_REJECTED_OP_FMUL_SIMD                          2916        0.070%             5690        0.070%
FU_REJECTED_OP_FMA_SIMD                          58451        1.395%           116102        1.430%
FU_REJECTED_OP_FDIV_SIMD                        115824        2.764%           235295        2.899%
FU_REJECTED_OP_FCMP_SIMD                        154573        3.689%           321856        3.965%
FU_REJECTED_OP_FCMOV_SIMD                      1896958       45.274%          3858287       47.529%
FU_REJECTED_OP_GATHER_SIMD                       47461        1.133%            98700        1.216%
FU_REJECTED_OP_SCATTER_SIMD                          0        0.000%                0        0.000%
FU_REJECTED_OP_PIPELINED_FAST_SIMD                   0        0.000%                0        0.000%
FU_REJECTED_OP_PIPELINED_MEDIUM_SIMD                 0        0.000%                0        0.000%
FU_REJECTED_OP_PIPELINED_SLOW_SIMD                 465        0.011%              970        0.012%
FU_REJECTED_OP_NOTPIPELINED_MEDIUM_SIMD              0        0.000%                0        0.000%
FU_REJECTED_OP_NOTPIPELINED_SLOW_SIMD                0        0.000%                0        0.000%
FU_REJECTED_OP_NOTPIPELINED_VERY_SLOW_SIMD             0        0.000%                0        0.000%
                                               4189952      100.000%          8117794      100.000%
                                                 33.55        19.62             34.12        19.54

OP_WAIT_0                                      7727282                       15220096              

OP_WAIT_1                                      2645688                        5356957              

OP_WAIT_2                                       568258                        1151127              

OP_WAIT_3                                       197834                         403204              

OP_WAIT_4                                       111087                         225339              

OP_WAIT_5                                        84452                         171941              

OP_WAIT_6                                        53168                         109009              

OP_WAIT_7                                        32774                          65967              

OP_WAIT_8                                        26867                          54400              

OP_WAIT_9                                        22522                          45263              

OP_WAIT_10                                       16996                          34182              

OP_WAIT_11                                       16863                          33654              

OP_WAIT_12                                       15053                          30413              

OP_WAIT_13                                       13420                          26908              

OP_WAIT_14                                       13823                          27723              

OP_WAIT_15                                       18166                          36878              

OP_WAIT_16                                       18427                          37529              

OP_WAIT_17                                      707119                        1288831              

OP_WAIT_18                                      244557                         447113              

OP_WAIT_19                                       12813                          25429              

OP_WAIT_20                                       12972                          26097              

OP_WAIT_21                                        9127                          18109              

OP_WAIT_22                                        7560                          14903              

OP_WAIT_23                                        8555                          16993              

OP_WAIT_24                                        9668                          19224              

OP_WAIT_25                                        7122                          14186              

OP_WAIT_26                                        7029                          13713              

OP_WAIT_27                                        5600                          10848              

OP_WAIT_28                                        6163                          11720              

OP_WAIT_29                                        6120                          11709              

OP_WAIT_30                                        5666                          11127              

OP_WAIT_31                                     1733919                        3303209              

ROW_SIZE_0                                     4435874                        8828240              

ROW_SIZE_1                                      306574                         630197              

ROW_SIZE_2                                      213163                         440220              

ROW_SIZE_3                                      161150                         333305              

ROW_SIZE_4                                      998614                        1845212              

ROW_SIZE_5                                       62272                         128041              

ROW_SIZE_6                                     1474084                        2955366              

ROW_SIZE_7                                           0                              0              

ROW_SIZE_8                                           0                              0              

ROW_SIZE_9                                           0                              0              

ROW_SIZE_10                                          0                              0              

ROW_SIZE_11                                          0                              0              

ROW_SIZE_12                                          0                              0              

ROW_SIZE_13                                          0                              0              

ROW_SIZE_14                                          0                              0              

ROW_SIZE_15                                          0                              0              

ROW_SIZE_16                                          0                              0              

ROW_SIZE_17                                          0                              0              

ROW_SIZE_18                                          0                              0              

ROW_SIZE_19                                          0                              0              

ROW_SIZE_20                                          0                              0              

ROW_SIZE_21                                          0                              0              

ROW_SIZE_22                                          0                              0              

ROW_SIZE_23                                          0                              0              

ROW_SIZE_24                                          0                              0              

ROW_SIZE_25                                          0                              0              

ROW_SIZE_26                                          0                              0              

ROW_SIZE_27                                          0                              0              

ROW_SIZE_28                                          0                              0              

ROW_SIZE_29                                          0                              0              

ROW_SIZE_30                                          0                              0              

ROW_SIZE_31                                          0                              0              

RET_OP_EXEC_COUNT_0                                  0        0.000%                0        0.000%
RET_OP_EXEC_COUNT_1                           14366670      100.000%         28263801      100.000%
RET_OP_EXEC_COUNT_2                                  0        0.000%                0        0.000%
RET_OP_EXEC_COUNT_3                                  0        0.000%                0        0.000%
RET_OP_EXEC_COUNT_4                                  0        0.000%                0        0.000%
RET_OP_EXEC_COUNT_5                                  0        0.000%                0        0.000%
RET_OP_EXEC_COUNT_6                                  0        0.000%                0        0.000%
RET_OP_EXEC_COUNT_7                                  0        0.000%                0        0.000%
RET_OP_EXEC_COUNT_8                                  0        0.000%                0        0.000%
RET_OP_EXEC_COUNT_9                                  0        0.000%                0        0.000%
RET_OP_EXEC_COUNT_10                                 0        0.000%                0        0.000%
RET_OP_EXEC_COUNT_11                                 0        0.000%                0        0.000%
RET_OP_EXEC_COUNT_12                                 0        0.000%                0        0.000%
RET_OP_EXEC_COUNT_13                                 0        0.000%                0        0.000%
RET_OP_EXEC_COUNT_14                                 0        0.000%                0        0.000%
RET_OP_EXEC_COUNT_15                                 0        0.000%                0        0.000%
RET_OP_EXEC_COUNT_16                                 0        0.000%                0        0.000%
RET_OP_EXEC_COUNT_17                                 0        0.000%                0        0.000%
RET_OP_EXEC_COUNT_18                                 0        0.000%                0        0.000%
RET_OP_EXEC_COUNT_19                                 0        0.000%                0        0.000%
RET_OP_EXEC_COUNT_20                                 0        0.000%                0        0.000%
RET_OP_EXEC_COUNT_21                                 0        0.000%                0        0.000%
RET_OP_EXEC_COUNT_22                                 0        0.000%                0        0.000%
RET_OP_EXEC_COUNT_23                                 0        0.000%                0        0.000%
RET_OP_EXEC_COUNT_24                                 0        0.000%                0        0.000%
RET_OP_EXEC_COUNT_25                                 0        0.000%                0        0.000%
RET_OP_EXEC_COUNT_26                                 0        0.000%                0        0.000%
RET_OP_EXEC_COUNT_27                                 0        0.000%                0        0.000%
RET_OP_EXEC_COUNT_28                                 0        0.000%                0        0.000%
RET_OP_EXEC_COUNT_29                                 0        0.000%                0        0.000%
RET_OP_EXEC_COUNT_30                                 0        0.000%                0        0.000%
RET_OP_EXEC_COUNT_31                                 0        0.000%                0        0.000%
RET_OP_EXEC_COUNT_32                                 0        0.000%                0        0.000%
                                              14366670      100.000%         28263801      100.000%
                                                  1.00         0.00              1.00         0.00

RET_STALL_LENGTH_0                            14363320       99.977%         28257154       99.976%
RET_STALL_LENGTH_100                              1854        0.013%             4037        0.014%
RET_STALL_LENGTH_200                               319        0.002%              670        0.002%
RET_STALL_LENGTH_300                               233        0.002%              422        0.001%
RET_STALL_LENGTH_400                               261        0.002%              424        0.002%
RET_STALL_LENGTH_500                               220        0.002%              348        0.001%
RET_STALL_LENGTH_600                               154        0.001%              240        0.001%
RET_STALL_LENGTH_700                               113        0.001%              167        0.001%
RET_STALL_LENGTH_800                                49        0.000%               76        0.000%
RET_STALL_LENGTH_900                                27        0.000%               54        0.000%
RET_STALL_LENGTH_1000                               16        0.000%               30        0.000%
RET_STALL_LENGTH_1100                               22        0.000%               29        0.000%
RET_STALL_LENGTH_1200                               23        0.000%               55        0.000%
RET_STALL_LENGTH_1300                               12        0.000%               18        0.000%
RET_STALL_LENGTH_1400                                9        0.000%               14        0.000%
RET_STALL_LENGTH_1500                                6        0.000%               11        0.000%
RET_STALL_LENGTH_1600                               12        0.000%               17        0.000%
RET_STALL_LENGTH_1700                                4        0.000%               10        0.000%
RET_STALL_LENGTH_1800                                6        0.000%                8        0.000%
RET_STALL_LENGTH_1900                                5        0.000%                9        0.000%
RET_STALL_LENGTH_2000                                3        0.000%                5        0.000%
RET_STALL_LENGTH_2100                                0        0.000%                0        0.000%
RET_STALL_LENGTH_2200                                1        0.000%                1        0.000%
RET_STALL_LENGTH_2300                                0        0.000%                0        0.000%
RET_STALL_LENGTH_2400                                0        0.000%                0        0.000%
RET_STALL_LENGTH_2500                                0        0.000%                0        0.000%
RET_STALL_LENGTH_2600                                0        0.000%                0        0.000%
RET_STALL_LENGTH_2700                                0        0.000%                1        0.000%
RET_STALL_LENGTH_2800                                0        0.000%                0        0.000%
RET_STALL_LENGTH_2900                                1        0.000%                1        0.000%
RET_STALL_LENGTH_3000                                0        0.000%                0        0.000%
RET_STALL_LENGTH_3100                                0        0.000%                0        0.000%
RET_STALL_LENGTH_3200                                0        0.000%                0        0.000%
RET_STALL_LENGTH_3300                                0        0.000%                0        0.000%
RET_STALL_LENGTH_3400                                0        0.000%                0        0.000%
RET_STALL_LENGTH_3500                                0        0.000%                0        0.000%
RET_STALL_LENGTH_3600                                0        0.000%                0        0.000%
RET_STALL_LENGTH_3700                                0        0.000%                0        0.000%
RET_STALL_LENGTH_3800                                0        0.000%                0        0.000%
RET_STALL_LENGTH_3900                                0        0.000%                0        0.000%
RET_STALL_LENGTH_4000                                0        0.000%                0        0.000%
RET_STALL_LENGTH_4100                                0        0.000%                0        0.000%
RET_STALL_LENGTH_4200                                0        0.000%                0        0.000%
RET_STALL_LENGTH_4300                                0        0.000%                0        0.000%
RET_STALL_LENGTH_4400                                0        0.000%                0        0.000%
RET_STALL_LENGTH_4500                                0        0.000%                0        0.000%
RET_STALL_LENGTH_4600                                0        0.000%                0        0.000%
RET_STALL_LENGTH_4700                                0        0.000%                0        0.000%
RET_STALL_LENGTH_4800                                0        0.000%                0        0.000%
RET_STALL_LENGTH_4900                                0        0.000%                0        0.000%
RET_STALL_LENGTH_5000                                0        0.000%                0        0.000%
                                              14366670      100.000%         28263801      100.000%
                                                  0.00         0.06              0.00         0.06

MEM_BLOCK_LENGTH_0                                4303       89.571%             7511       90.647%
MEM_BLOCK_LENGTH_100                               196        4.080%              318        3.838%
MEM_BLOCK_LENGTH_200                                40        0.833%               62        0.748%
MEM_BLOCK_LENGTH_300                                50        1.041%               88        1.062%
MEM_BLOCK_LENGTH_400                               100        2.082%              143        1.726%
MEM_BLOCK_LENGTH_500                                63        1.311%               91        1.098%
MEM_BLOCK_LENGTH_600                                23        0.479%               30        0.362%
MEM_BLOCK_LENGTH_700                                 7        0.146%               13        0.157%
MEM_BLOCK_LENGTH_800                                 2        0.042%                4        0.048%
MEM_BLOCK_LENGTH_900                                 1        0.021%                1        0.012%
MEM_BLOCK_LENGTH_1000                                0        0.000%                1        0.012%
MEM_BLOCK_LENGTH_1100                                0        0.000%                1        0.012%
MEM_BLOCK_LENGTH_1200                                4        0.083%                5        0.060%
MEM_BLOCK_LENGTH_1300                                1        0.021%                1        0.012%
MEM_BLOCK_LENGTH_1400                                1        0.021%                1        0.012%
MEM_BLOCK_LENGTH_1500                                1        0.021%                1        0.012%
MEM_BLOCK_LENGTH_1600                                2        0.042%                3        0.036%
MEM_BLOCK_LENGTH_1700                                5        0.104%                5        0.060%
MEM_BLOCK_LENGTH_1800                                5        0.104%                5        0.060%
MEM_BLOCK_LENGTH_1900                                0        0.000%                2        0.024%
MEM_BLOCK_LENGTH_2000                                0        0.000%                0        0.000%
MEM_BLOCK_LENGTH_2100                                0        0.000%                0        0.000%
MEM_BLOCK_LENGTH_2200                                0        0.000%                0        0.000%
MEM_BLOCK_LENGTH_2300                                0        0.000%                0        0.000%
MEM_BLOCK_LENGTH_2400                                0        0.000%                0        0.000%
MEM_BLOCK_LENGTH_2500                                0        0.000%                0        0.000%
MEM_BLOCK_LENGTH_2600                                0        0.000%                0        0.000%
MEM_BLOCK_LENGTH_2700                                0        0.000%                0        0.000%
MEM_BLOCK_LENGTH_2800                                0        0.000%                0        0.000%
MEM_BLOCK_LENGTH_2900                                0        0.000%                0        0.000%
MEM_BLOCK_LENGTH_3000                                0        0.000%                0        0.000%
MEM_BLOCK_LENGTH_3100                                0        0.000%                0        0.000%
MEM_BLOCK_LENGTH_3200                                0        0.000%                0        0.000%
MEM_BLOCK_LENGTH_3300                                0        0.000%                0        0.000%
MEM_BLOCK_LENGTH_3400                                0        0.000%                0        0.000%
MEM_BLOCK_LENGTH_3500                                0        0.000%                0        0.000%
MEM_BLOCK_LENGTH_3600                                0        0.000%                0        0.000%
MEM_BLOCK_LENGTH_3700                                0        0.000%                0        0.000%
MEM_BLOCK_LENGTH_3800                                0        0.000%                0        0.000%
MEM_BLOCK_LENGTH_3900                                0        0.000%                0        0.000%
MEM_BLOCK_LENGTH_4000                                0        0.000%                0        0.000%
MEM_BLOCK_LENGTH_4100                                0        0.000%                0        0.000%
MEM_BLOCK_LENGTH_4200                                0        0.000%                0        0.000%
MEM_BLOCK_LENGTH_4300                                0        0.000%                0        0.000%
MEM_BLOCK_LENGTH_4400                                0        0.000%                0        0.000%
MEM_BLOCK_LENGTH_4500                                0        0.000%                0        0.000%
MEM_BLOCK_LENGTH_4600                                0        0.000%                0        0.000%
MEM_BLOCK_LENGTH_4700                                0        0.000%                0        0.000%
MEM_BLOCK_LENGTH_4800                                0        0.000%                0        0.000%
MEM_BLOCK_LENGTH_4900                                0        0.000%                0        0.000%
MEM_BLOCK_LENGTH_5000                                0        0.000%                0        0.000%
                                                  4804      100.000%             8286      100.000%
                                                  0.34         1.37              0.29         1.24

FUS_BUSY_ON_PATH                              18727674        2.4146         36706206        2.3814

FUS_BUSY_OFF_PATH                               105596        0.0136           369620        0.0240

FU_BUSY_MEM_STALL                              1605004        0.2069          2829584        0.1836

FUS_EMPTY                                     43215978        5.5718         86235982        5.5947

FU_UNAVAILABLE                                 2702850        0.3485          5506923        0.3573

FU_MEM_UNAVAILABLE                             1487102        0.1917          2610871        0.1694

FU_REPLAY                                            0        0.0000                0        0.0000

FU_STARVED                                    43205368        5.5705         86197704        5.5922

CHIP_UTILIZATION                                     0        0.0000                0        0.0000

CYCLES_UNDER_MEM_REQ                                 0                              0              

CYCLES_UNDER_NO_MEM_REQ                              0                              0              

CYCLES_UNDER_CRITICAL_MEM_REQ                        0                              0              

CYCLES_UNDER_NONCRITICAL_MEM_REQ                     0                              0              

CHIP_UTILIZATION_UNDER_MEM_REQ                       0          -nan                0          -nan

CHIP_UTILIZATION_UNDER_NO_MEM_REQ                    0          -nan                0          -nan

CHIP_UTILIZATION_UNDER_CRITICAL_MEM_REQ              0          -nan                0          -nan

CHIP_UTILIZATION_UNDER_NONCRITICAL_MEM_REQ             0          -nan                0          -nan

CYCLES_NOT_WAITING_FOR_OFF_CHIP                      0        0.0000                0        0.0000

FUS_BUSY_NOT_WAITING_FOR_OFF_CHIP                    0          -nan                0          -nan

CYCLES_WAITING_FOR_OFF_CHIP                          0        0.0000                0        0.0000

FUS_BUSY_WAITING_FOR_OFF_CHIP                        0          -nan                0          -nan

TOTAL_OFF_CHIP_DELAYS_LEFT                           0                              0              

WRONG_IO_SCHED                                       0                              0              

DVFS_CONFIG_SWITCH                                   0                              0              

MAP_STAGE_RECEIVED_OPS_0                             0        0.000%                0        0.000%
MAP_STAGE_RECEIVED_OPS_1                        372461        8.820%           758481        9.093%
MAP_STAGE_RECEIVED_OPS_2                        415793        9.846%           836467       10.028%
MAP_STAGE_RECEIVED_OPS_3                        579056       13.712%          1162366       13.936%
MAP_STAGE_RECEIVED_OPS_4                       2855660       67.622%          5583681       66.943%
MAP_STAGE_RECEIVED_OPS_5                             0        0.000%                0        0.000%
MAP_STAGE_RECEIVED_OPS_6                             0        0.000%                0        0.000%
MAP_STAGE_RECEIVED_OPS_7                             0        0.000%                0        0.000%
MAP_STAGE_RECEIVED_OPS_8                             0        0.000%                0        0.000%
MAP_STAGE_RECEIVED_OPS_MAX                           0        0.000%                0        0.000%
                                               4222970      100.000%          8340995      100.000%
                                                  3.40         0.98              3.39         0.99

MAP_STAGE_WAIT_FOR_DECODE                            0         -nan%                0         -nan%
MAP_STAGE_CONSUME_DECODE                             0         -nan%                0         -nan%
                                                     0         -nan%                0         -nan%
                                                  -nan         -nan              -nan         -nan

MAP_STAGE_WAIT_FOR_DECODE2                           0         -nan%                0         -nan%
MAP_STAGE_CONSUME_DECODE2                            0         -nan%                0         -nan%
                                                     0         -nan%                0         -nan%
                                                  -nan         -nan              -nan         -nan

FTQ_RECOVER_EXEC                                  4414                          15892              

FTQ_RECOVER_DECODE                                 975                           3548              

FTQ_OFFPATH_CYCLES                              398133                        1266864              

FTQ_CYCLES_OFFPATH                              762898                        2070430              

FTQ_CYCLES_ONPATH                              6993258                       13343546              

FTQ_FETCHED_INS_OFFPATH                        1916515                        8281902              

FTQ_FETCHED_INS_ONPATH                        14361344                       28244948              

FTQ_BREAK_FULL_FT_ONPATH                       6945469       99.393%         13214926       99.181%
FTQ_BREAK_MAX_CFS_TAKEN_ONPATH                   30886        0.442%            79920        0.600%
FTQ_BREAK_MAX_BYTES_ONPATH                       11514        0.165%            29260        0.220%
FTQ_BREAK_PRED_BR_ONPATH                             0        0.000%                0        0.000%
FTQ_BREAK_BAR_FETCH_ONPATH                           0        0.000%                0        0.000%
                                               6987869      100.000%         13324106      100.000%
                                                  0.01         0.10              0.01         0.12

FTQ_BREAK_FULL_FT_OFFPATH                       732833       95.385%          1916324       91.696%
FTQ_BREAK_MAX_CFS_TAKEN_OFFPATH                  20685        2.692%            76605        3.666%
FTQ_BREAK_MAX_BYTES_OFFPATH                      14769        1.922%            96941        4.639%
FTQ_BREAK_PRED_BR_OFFPATH                            0        0.000%                0        0.000%
FTQ_BREAK_BAR_FETCH_OFFPATH                          0        0.000%                0        0.000%
                                                768287      100.000%          2089870      100.000%
                                                  0.07         0.31              0.13         0.44



