/* -*- Mode: c -*- */
####################################################################################################
Core 0
####################################################################################################
Cumulative:        Cycles: 16265184              Instructions: 20000000              IPC: 1.22962

Periodic:          Cycles: 8139687               Instructions: 9999996               IPC: 1.22855

EXECUTION_TIME                           2543652187500                  5082870000000              

NODE_CYCLE                                     8139687                       16265184              

NODE_INST_COUNT                                9999996                       20000000              

NODE_INST_COUNT_FETCHED                        9999996                       20000000              

NODE_UOP_COUNT                                10716470                       21430003              

FULL_WINDOW_STALL                              5082887       62.446%         10127935       62.268%

FULL_WINDOW_MEM_OP                             3539836       75.881%          6914001       74.573%
FULL_WINDOW_FP_OP                              1125146       24.119%          2357483       25.427%
FULL_WINDOW_OTHER_OP                                 0        0.000%                2        0.000%
                                               4664982      100.000%          9271486      100.000%
                                                  0.24         0.37              0.25         0.38

RET_BLOCKED_DC_MISS                             633329        7.781%          1459691        8.974%

RET_BLOCKED_L1_MISS                             543108        6.672%          1231728        7.573%

RET_BLOCKED_L1_MISS_BW_PREF                     532316        6.540%          1199855        7.377%

RET_BLOCKED_L1_ACCESS                            90599        1.113%           229231        1.409%

RET_BLOCKED_MEM_STALL                          3162571       38.854%          6190759       38.061%

RET_BLOCKED_OFFCHIP_DEMAND                           0        0.000%                0        0.000%

OP_ISSUED                                     10726444                       21536383              

OP_RETIRED                                    10716470                       21430003              

REPLAY_SIGNALED                                      0                              0              

REPLAY_COUNTED                                       0                              0              

OFF_CRITICAL_PATH                                    0         -nan%                0         -nan%
ON_CRITICAL_PATH                                     0         -nan%                0         -nan%
                                                     0         -nan%                0         -nan%
                                                  -nan         -nan              -nan         -nan

LD_NO_DEPENDENTS                                     0        0.000%                0        0.000%
LD_DEPENDENTS                                  2230820      100.000%          4470308      100.000%
                                               2230820      100.000%          4470308      100.000%
                                                  1.00         1.00              1.00         1.00

LD_EXEC_CYCLES_0                                     0        0.000%                0        0.000%
LD_EXEC_CYCLES_1                                     0        0.000%                0        0.000%
LD_EXEC_CYCLES_2                                     0        0.000%                0        0.000%
LD_EXEC_CYCLES_3                                    64       39.264%              160       41.131%
LD_EXEC_CYCLES_4                                    99       60.736%              229       58.869%
                                                   163      100.000%              389      100.000%
                                                  3.61         2.86              3.59         2.80

ICACHE_STAGE_STARVED                               282        0.009%             2203        0.036%
ICACHE_STAGE_NOT_STARVED                       3084417       99.991%          6169454       99.964%
                                               3084699      100.000%          6171657      100.000%
                                                  1.00         1.00              1.00         1.00

ICACHE_STAGE_STALLED                           5046478       61.998%         10002995       61.499%
ICACHE_STAGE_NOT_STALLED                       3084699       37.897%          6170702       37.938%
ICACHE_STAGE_OFF_PATH                             8510        0.105%            91487        0.562%
                                               8139687      100.000%         16265184      100.000%
                                                  0.38         0.38              0.39         0.40

DECODE_STAGE_STARVED                           8139685      100.000%         16264804       99.999%
DECODE_STAGE_NOT_STARVED                             2        0.000%              156        0.001%
                                               8139687      100.000%         16264960      100.000%
                                                  0.00         0.00              0.00         0.00

DECODE_STAGE_STALLED                                 5        0.000%                5        0.000%
DECODE_STAGE_NOT_STALLED                       8139682      100.000%         16264955       99.999%
DECODE_STAGE_OFF_PATH                                0        0.000%              224        0.001%
                                               8139687      100.000%         16265184      100.000%
                                                  1.00         0.00              1.00         0.01

UOPQ_STAGE_STARVED                                4703        0.152%            47061        0.762%
UOPQ_STAGE_NOT_STARVED                         3080153       99.848%          6126558       99.238%
                                               3084856      100.000%          6173619      100.000%
                                                  1.00         1.00              0.99         0.99

UOPQ_STAGE_STALLED                             5046478       61.998%         10003134       61.500%
UOPQ_STAGE_NOT_STALLED                         3084856       37.899%          6173619       37.956%
UOPQ_STAGE_OFF_PATH                               8353        0.103%            88431        0.544%
                                               8139687      100.000%         16265184      100.000%
                                                  0.38         0.38              0.39         0.39

MAP_STAGE_STARVED                                  309        0.004%             1692        0.010%
MAP_STAGE_NOT_STARVED                          8132051       99.996%         16179945       99.990%
                                               8132360      100.000%         16181637      100.000%
                                                  1.00         1.00              1.00         1.00

MAP_STAGE_STALLED                              5047570       62.012%         10009988       61.542%
MAP_STAGE_NOT_STALLED                          3084790       37.898%          6171649       37.944%
MAP_STAGE_OFF_PATH                                7327        0.090%            83547        0.514%
                                               8139687      100.000%         16265184      100.000%
                                                  0.38         0.38              0.39         0.39

EXEC_STAGE_STARVED                              850908       10.454%          1979079       12.168%
EXEC_STAGE_NOT_STARVED                         7285214       89.502%         14248456       87.601%
EXEC_STAGE_OFF_PATH                               3565        0.044%            37649        0.231%
                                               8139687      100.000%         16265184      100.000%
                                                  0.90         0.10              0.88         0.13

FU_BUSY_0                                      4083676                        8160264              

FU_BUSY_1                                      2650587                        5299670              

FU_BUSY_2                                      2148830                        4178177              

FU_BUSY_3                                      2175535                        4230127              

FU_BUSY_4                                      2110168                        4220534              

FU_BUSY_5                                       136339                         270872              

FU_BUSY_6                                      5076534                        9739899              

FU_BUSY_7                                      5092080                        9761154              

FU_BUSY_8                                            0                              0              

FU_BUSY_9                                            0                              0              

FU_BUSY_10                                           0                              0              

FU_BUSY_11                                           0                              0              

FU_BUSY_12                                           0                              0              

FU_BUSY_13                                           0                              0              

FU_BUSY_14                                           0                              0              

FU_BUSY_15                                           0                              0              

FU_BUSY_16                                           0                              0              

FU_BUSY_17                                           0                              0              

FU_BUSY_18                                           0                              0              

FU_BUSY_19                                           0                              0              

FU_BUSY_20                                           0                              0              

FU_BUSY_21                                           0                              0              

FU_BUSY_22                                           0                              0              

FU_BUSY_23                                           0                              0              

FU_BUSY_24                                           0                              0              

FU_BUSY_25                                           0                              0              

FU_BUSY_26                                           0                              0              

FU_BUSY_27                                           0                              0              

FU_BUSY_28                                           0                              0              

FU_BUSY_29                                           0                              0              

FU_BUSY_30                                           0                              0              

FU_BUSY_31                                           0                              0              

FU_REJECTED_OP_INV_NOT_SIMD                          0        0.000%                0        0.000%
FU_REJECTED_OP_NOP_NOT_SIMD                          0        0.000%                0        0.000%
FU_REJECTED_OP_CF_NOT_SIMD                          26        0.000%              154        0.001%
FU_REJECTED_OP_MOV_NOT_SIMD                          0        0.000%                0        0.000%
FU_REJECTED_OP_CMOV_NOT_SIMD                         0        0.000%                0        0.000%
FU_REJECTED_OP_LDA_NOT_SIMD                          0        0.000%                0        0.000%
FU_REJECTED_OP_IMEM_NOT_SIMD                       395        0.003%             1328        0.006%
FU_REJECTED_OP_IADD_NOT_SIMD                         0        0.000%                0        0.000%
FU_REJECTED_OP_IMUL_NOT_SIMD                         0        0.000%                0        0.000%
FU_REJECTED_OP_IDIV_NOT_SIMD                         0        0.000%                0        0.000%
FU_REJECTED_OP_ICMP_NOT_SIMD                         0        0.000%                0        0.000%
FU_REJECTED_OP_LOGIC_NOT_SIMD                        0        0.000%                0        0.000%
FU_REJECTED_OP_SHIFT_NOT_SIMD                       11        0.000%               81        0.000%
FU_REJECTED_OP_FMEM_NOT_SIMD                         0        0.000%                0        0.000%
FU_REJECTED_OP_FCVT_NOT_SIMD                         0        0.000%                0        0.000%
FU_REJECTED_OP_FADD_NOT_SIMD                         0        0.000%                0        0.000%
FU_REJECTED_OP_FMUL_NOT_SIMD                         0        0.000%                0        0.000%
FU_REJECTED_OP_FMA_NOT_SIMD                          0        0.000%                0        0.000%
FU_REJECTED_OP_FDIV_NOT_SIMD                         0        0.000%                0        0.000%
FU_REJECTED_OP_FCMP_NOT_SIMD                         0        0.000%                0        0.000%
FU_REJECTED_OP_FCMOV_NOT_SIMD                        0        0.000%                0        0.000%
FU_REJECTED_OP_GATHER_NOT_SIMD                       0        0.000%                0        0.000%
FU_REJECTED_OP_SCATTER_NOT_SIMD                      0        0.000%                0        0.000%
FU_REJECTED_OP_PIPELINED_FAST_NOT_SIMD               0        0.000%                0        0.000%
FU_REJECTED_OP_PIPELINED_MEDIUM_NOT_SIMD             0        0.000%                0        0.000%
FU_REJECTED_OP_PIPELINED_SLOW_NOT_SIMD               0        0.000%                0        0.000%
FU_REJECTED_OP_NOTPIPELINED_MEDIUM_NOT_SIMD             0        0.000%                0        0.000%
FU_REJECTED_OP_NOTPIPELINED_SLOW_NOT_SIMD             0        0.000%                0        0.000%
FU_REJECTED_OP_NOTPIPELINED_VERY_SLOW_NOT_SIMD             0        0.000%                0        0.000%
FU_REJECTED_OP_INV_SIMD                              0        0.000%                0        0.000%
FU_REJECTED_OP_NOP_SIMD                              0        0.000%                0        0.000%
FU_REJECTED_OP_CF_SIMD                               0        0.000%                0        0.000%
FU_REJECTED_OP_MOV_SIMD                              0        0.000%                0        0.000%
FU_REJECTED_OP_CMOV_SIMD                             0        0.000%                0        0.000%
FU_REJECTED_OP_LDA_SIMD                              0        0.000%                0        0.000%
FU_REJECTED_OP_IMEM_SIMD                             0        0.000%                0        0.000%
FU_REJECTED_OP_IADD_SIMD                             0        0.000%                0        0.000%
FU_REJECTED_OP_IMUL_SIMD                             0        0.000%                0        0.000%
FU_REJECTED_OP_IDIV_SIMD                             0        0.000%                0        0.000%
FU_REJECTED_OP_ICMP_SIMD                             0        0.000%                0        0.000%
FU_REJECTED_OP_LOGIC_SIMD                            0        0.000%                0        0.000%
FU_REJECTED_OP_SHIFT_SIMD                            0        0.000%                0        0.000%
FU_REJECTED_OP_FMEM_SIMD                             0        0.000%                0        0.000%
FU_REJECTED_OP_FCVT_SIMD                       2081756       16.766%          3898509       16.448%
FU_REJECTED_OP_FADD_SIMD                       8700838       70.073%         16538306       69.778%
FU_REJECTED_OP_FMUL_SIMD                             0        0.000%                0        0.000%
FU_REJECTED_OP_FMA_SIMD                         121180        0.976%           233484        0.985%
FU_REJECTED_OP_FDIV_SIMD                        459295        3.699%           928328        3.917%
FU_REJECTED_OP_FCMP_SIMD                             0        0.000%                0        0.000%
FU_REJECTED_OP_FCMOV_SIMD                      1053262        8.483%          2101128        8.865%
FU_REJECTED_OP_GATHER_SIMD                           0        0.000%                0        0.000%
FU_REJECTED_OP_SCATTER_SIMD                          0        0.000%                0        0.000%
FU_REJECTED_OP_PIPELINED_FAST_SIMD                   0        0.000%                0        0.000%
FU_REJECTED_OP_PIPELINED_MEDIUM_SIMD                 0        0.000%                0        0.000%
FU_REJECTED_OP_PIPELINED_SLOW_SIMD                   0        0.000%                0        0.000%
FU_REJECTED_OP_NOTPIPELINED_MEDIUM_SIMD              0        0.000%                0        0.000%
FU_REJECTED_OP_NOTPIPELINED_SLOW_SIMD                0        0.000%                0        0.000%
FU_REJECTED_OP_NOTPIPELINED_VERY_SLOW_SIMD             0        0.000%                0        0.000%
                                              12416763      100.000%         23701318      100.000%
                                                 44.39         1.60             44.41         1.64

OP_WAIT_0                                      5492491                       10965840              

OP_WAIT_1                                      1010264                        2033597              

OP_WAIT_2                                       601158                        1219984              

OP_WAIT_3                                       254637                         516040              

OP_WAIT_4                                       238428                         479421              

OP_WAIT_5                                       208652                         422979              

OP_WAIT_6                                       119818                         238820              

OP_WAIT_7                                        76796                         155915              

OP_WAIT_8                                       142308                         290332              

OP_WAIT_9                                       117391                         238613              

OP_WAIT_10                                       65739                         130759              

OP_WAIT_11                                       86429                         176728              

OP_WAIT_12                                       39817                          78885              

OP_WAIT_13                                       25332                          49588              

OP_WAIT_14                                       29718                          56554              

OP_WAIT_15                                       47221                          92477              

OP_WAIT_16                                       19082                          36232              

OP_WAIT_17                                       17752                          33999              

OP_WAIT_18                                       20915                          41022              

OP_WAIT_19                                       20361                          38708              

OP_WAIT_20                                       50653                          99100              

OP_WAIT_21                                       18902                          37007              

OP_WAIT_22                                       16857                          32074              

OP_WAIT_23                                       37118                          73552              

OP_WAIT_24                                       28750                          55125              

OP_WAIT_25                                       24856                          51100              

OP_WAIT_26                                       22259                          43657              

OP_WAIT_27                                       16303                          30606              

OP_WAIT_28                                       17201                          34269              

OP_WAIT_29                                       14372                          27874              

OP_WAIT_30                                       13988                          28243              

OP_WAIT_31                                     1820902                        3620903              

ROW_SIZE_0                                     5985070                       11936049              

ROW_SIZE_1                                      160911                         323405              

ROW_SIZE_2                                      160147                         331800              

ROW_SIZE_3                                      137749                         298032              

ROW_SIZE_4                                      143935                         285044              

ROW_SIZE_5                                       64822                         129252              

ROW_SIZE_6                                     1487028                        2960411              

ROW_SIZE_7                                           0                              0              

ROW_SIZE_8                                           0                              0              

ROW_SIZE_9                                           0                              0              

ROW_SIZE_10                                          0                              0              

ROW_SIZE_11                                          0                              0              

ROW_SIZE_12                                          0                              0              

ROW_SIZE_13                                          0                              0              

ROW_SIZE_14                                          0                              0              

ROW_SIZE_15                                          0                              0              

ROW_SIZE_16                                          0                              0              

ROW_SIZE_17                                          0                              0              

ROW_SIZE_18                                          0                              0              

ROW_SIZE_19                                          0                              0              

ROW_SIZE_20                                          0                              0              

ROW_SIZE_21                                          0                              0              

ROW_SIZE_22                                          0                              0              

ROW_SIZE_23                                          0                              0              

ROW_SIZE_24                                          0                              0              

ROW_SIZE_25                                          0                              0              

ROW_SIZE_26                                          0                              0              

ROW_SIZE_27                                          0                              0              

ROW_SIZE_28                                          0                              0              

ROW_SIZE_29                                          0                              0              

ROW_SIZE_30                                          0                              0              

ROW_SIZE_31                                          0                              0              

RET_OP_EXEC_COUNT_0                                  0        0.000%                0        0.000%
RET_OP_EXEC_COUNT_1                           10716470      100.000%         21430003      100.000%
RET_OP_EXEC_COUNT_2                                  0        0.000%                0        0.000%
RET_OP_EXEC_COUNT_3                                  0        0.000%                0        0.000%
RET_OP_EXEC_COUNT_4                                  0        0.000%                0        0.000%
RET_OP_EXEC_COUNT_5                                  0        0.000%                0        0.000%
RET_OP_EXEC_COUNT_6                                  0        0.000%                0        0.000%
RET_OP_EXEC_COUNT_7                                  0        0.000%                0        0.000%
RET_OP_EXEC_COUNT_8                                  0        0.000%                0        0.000%
RET_OP_EXEC_COUNT_9                                  0        0.000%                0        0.000%
RET_OP_EXEC_COUNT_10                                 0        0.000%                0        0.000%
RET_OP_EXEC_COUNT_11                                 0        0.000%                0        0.000%
RET_OP_EXEC_COUNT_12                                 0        0.000%                0        0.000%
RET_OP_EXEC_COUNT_13                                 0        0.000%                0        0.000%
RET_OP_EXEC_COUNT_14                                 0        0.000%                0        0.000%
RET_OP_EXEC_COUNT_15                                 0        0.000%                0        0.000%
RET_OP_EXEC_COUNT_16                                 0        0.000%                0        0.000%
RET_OP_EXEC_COUNT_17                                 0        0.000%                0        0.000%
RET_OP_EXEC_COUNT_18                                 0        0.000%                0        0.000%
RET_OP_EXEC_COUNT_19                                 0        0.000%                0        0.000%
RET_OP_EXEC_COUNT_20                                 0        0.000%                0        0.000%
RET_OP_EXEC_COUNT_21                                 0        0.000%                0        0.000%
RET_OP_EXEC_COUNT_22                                 0        0.000%                0        0.000%
RET_OP_EXEC_COUNT_23                                 0        0.000%                0        0.000%
RET_OP_EXEC_COUNT_24                                 0        0.000%                0        0.000%
RET_OP_EXEC_COUNT_25                                 0        0.000%                0        0.000%
RET_OP_EXEC_COUNT_26                                 0        0.000%                0        0.000%
RET_OP_EXEC_COUNT_27                                 0        0.000%                0        0.000%
RET_OP_EXEC_COUNT_28                                 0        0.000%                0        0.000%
RET_OP_EXEC_COUNT_29                                 0        0.000%                0        0.000%
RET_OP_EXEC_COUNT_30                                 0        0.000%                0        0.000%
RET_OP_EXEC_COUNT_31                                 0        0.000%                0        0.000%
RET_OP_EXEC_COUNT_32                                 0        0.000%                0        0.000%
                                              10716470      100.000%         21430003      100.000%
                                                  1.00         0.00              1.00         0.00

RET_STALL_LENGTH_0                            10709999       99.940%         21417401       99.941%
RET_STALL_LENGTH_100                              5537        0.052%            10498        0.049%
RET_STALL_LENGTH_200                               126        0.001%              285        0.001%
RET_STALL_LENGTH_300                               154        0.001%              373        0.002%
RET_STALL_LENGTH_400                               185        0.002%              418        0.002%
RET_STALL_LENGTH_500                               159        0.001%              367        0.002%
RET_STALL_LENGTH_600                               113        0.001%              235        0.001%
RET_STALL_LENGTH_700                                74        0.001%              156        0.001%
RET_STALL_LENGTH_800                                43        0.000%               85        0.000%
RET_STALL_LENGTH_900                                21        0.000%               45        0.000%
RET_STALL_LENGTH_1000                               12        0.000%               32        0.000%
RET_STALL_LENGTH_1100                               13        0.000%               26        0.000%
RET_STALL_LENGTH_1200                               10        0.000%               21        0.000%
RET_STALL_LENGTH_1300                                6        0.000%               13        0.000%
RET_STALL_LENGTH_1400                                7        0.000%               10        0.000%
RET_STALL_LENGTH_1500                                2        0.000%                7        0.000%
RET_STALL_LENGTH_1600                                5        0.000%               14        0.000%
RET_STALL_LENGTH_1700                                1        0.000%                4        0.000%
RET_STALL_LENGTH_1800                                2        0.000%                4        0.000%
RET_STALL_LENGTH_1900                                0        0.000%                2        0.000%
RET_STALL_LENGTH_2000                                0        0.000%                1        0.000%
RET_STALL_LENGTH_2100                                0        0.000%                1        0.000%
RET_STALL_LENGTH_2200                                0        0.000%                1        0.000%
RET_STALL_LENGTH_2300                                1        0.000%                2        0.000%
RET_STALL_LENGTH_2400                                0        0.000%                1        0.000%
RET_STALL_LENGTH_2500                                0        0.000%                0        0.000%
RET_STALL_LENGTH_2600                                0        0.000%                1        0.000%
RET_STALL_LENGTH_2700                                0        0.000%                0        0.000%
RET_STALL_LENGTH_2800                                0        0.000%                0        0.000%
RET_STALL_LENGTH_2900                                0        0.000%                0        0.000%
RET_STALL_LENGTH_3000                                0        0.000%                0        0.000%
RET_STALL_LENGTH_3100                                0        0.000%                0        0.000%
RET_STALL_LENGTH_3200                                0        0.000%                0        0.000%
RET_STALL_LENGTH_3300                                0        0.000%                0        0.000%
RET_STALL_LENGTH_3400                                0        0.000%                0        0.000%
RET_STALL_LENGTH_3500                                0        0.000%                0        0.000%
RET_STALL_LENGTH_3600                                0        0.000%                0        0.000%
RET_STALL_LENGTH_3700                                0        0.000%                0        0.000%
RET_STALL_LENGTH_3800                                0        0.000%                0        0.000%
RET_STALL_LENGTH_3900                                0        0.000%                0        0.000%
RET_STALL_LENGTH_4000                                0        0.000%                0        0.000%
RET_STALL_LENGTH_4100                                0        0.000%                0        0.000%
RET_STALL_LENGTH_4200                                0        0.000%                0        0.000%
RET_STALL_LENGTH_4300                                0        0.000%                0        0.000%
RET_STALL_LENGTH_4400                                0        0.000%                0        0.000%
RET_STALL_LENGTH_4500                                0        0.000%                0        0.000%
RET_STALL_LENGTH_4600                                0        0.000%                0        0.000%
RET_STALL_LENGTH_4700                                0        0.000%                0        0.000%
RET_STALL_LENGTH_4800                                0        0.000%                0        0.000%
RET_STALL_LENGTH_4900                                0        0.000%                0        0.000%
RET_STALL_LENGTH_5000                                0        0.000%                0        0.000%
                                              10716470      100.000%         21430003      100.000%
                                                  0.00         0.06              0.00         0.06

MEM_BLOCK_LENGTH_0                               67049       84.011%           129353       84.271%
MEM_BLOCK_LENGTH_100                              7297        9.143%            13889        9.048%
MEM_BLOCK_LENGTH_200                              2835        3.552%             5296        3.450%
MEM_BLOCK_LENGTH_300                              1942        2.433%             3599        2.345%
MEM_BLOCK_LENGTH_400                               484        0.606%              962        0.627%
MEM_BLOCK_LENGTH_500                                76        0.095%              150        0.098%
MEM_BLOCK_LENGTH_600                                47        0.059%               83        0.054%
MEM_BLOCK_LENGTH_700                                37        0.046%               73        0.048%
MEM_BLOCK_LENGTH_800                                26        0.033%               42        0.027%
MEM_BLOCK_LENGTH_900                                 3        0.004%               13        0.008%
MEM_BLOCK_LENGTH_1000                                3        0.004%                7        0.005%
MEM_BLOCK_LENGTH_1100                                4        0.005%               12        0.008%
MEM_BLOCK_LENGTH_1200                                2        0.003%                5        0.003%
MEM_BLOCK_LENGTH_1300                                1        0.001%                3        0.002%
MEM_BLOCK_LENGTH_1400                                1        0.001%                1        0.001%
MEM_BLOCK_LENGTH_1500                                0        0.000%                1        0.001%
MEM_BLOCK_LENGTH_1600                                0        0.000%                2        0.001%
MEM_BLOCK_LENGTH_1700                                3        0.004%                5        0.003%
MEM_BLOCK_LENGTH_1800                                0        0.000%                0        0.000%
MEM_BLOCK_LENGTH_1900                                0        0.000%                0        0.000%
MEM_BLOCK_LENGTH_2000                                0        0.000%                0        0.000%
MEM_BLOCK_LENGTH_2100                                0        0.000%                0        0.000%
MEM_BLOCK_LENGTH_2200                                0        0.000%                0        0.000%
MEM_BLOCK_LENGTH_2300                                0        0.000%                0        0.000%
MEM_BLOCK_LENGTH_2400                                0        0.000%                0        0.000%
MEM_BLOCK_LENGTH_2500                                0        0.000%                0        0.000%
MEM_BLOCK_LENGTH_2600                                0        0.000%                0        0.000%
MEM_BLOCK_LENGTH_2700                                0        0.000%                0        0.000%
MEM_BLOCK_LENGTH_2800                                0        0.000%                0        0.000%
MEM_BLOCK_LENGTH_2900                                0        0.000%                0        0.000%
MEM_BLOCK_LENGTH_3000                                0        0.000%                0        0.000%
MEM_BLOCK_LENGTH_3100                                0        0.000%                0        0.000%
MEM_BLOCK_LENGTH_3200                                0        0.000%                0        0.000%
MEM_BLOCK_LENGTH_3300                                0        0.000%                0        0.000%
MEM_BLOCK_LENGTH_3400                                0        0.000%                0        0.000%
MEM_BLOCK_LENGTH_3500                                0        0.000%                0        0.000%
MEM_BLOCK_LENGTH_3600                                0        0.000%                0        0.000%
MEM_BLOCK_LENGTH_3700                                0        0.000%                0        0.000%
MEM_BLOCK_LENGTH_3800                                0        0.000%                0        0.000%
MEM_BLOCK_LENGTH_3900                                0        0.000%                0        0.000%
MEM_BLOCK_LENGTH_4000                                0        0.000%                0        0.000%
MEM_BLOCK_LENGTH_4100                                0        0.000%                0        0.000%
MEM_BLOCK_LENGTH_4200                                0        0.000%                0        0.000%
MEM_BLOCK_LENGTH_4300                                0        0.000%                0        0.000%
MEM_BLOCK_LENGTH_4400                                0        0.000%                0        0.000%
MEM_BLOCK_LENGTH_4500                                0        0.000%                0        0.000%
MEM_BLOCK_LENGTH_4600                                0        0.000%                0        0.000%
MEM_BLOCK_LENGTH_4700                                0        0.000%                0        0.000%
MEM_BLOCK_LENGTH_4800                                0        0.000%                0        0.000%
MEM_BLOCK_LENGTH_4900                                0        0.000%                0        0.000%
MEM_BLOCK_LENGTH_5000                                0        0.000%                0        0.000%
                                                 79810      100.000%           153496      100.000%
                                                  0.28         0.73              0.27         0.73

FUS_BUSY_ON_PATH                              23469351        2.8833         45813712        2.8167

FUS_BUSY_OFF_PATH                                 4398        0.0005            46985        0.0029

FU_BUSY_MEM_STALL                             11120211        1.3662         21131508        1.2992

FUS_EMPTY                                     41643747        5.1161         84260775        5.1804

FU_UNAVAILABLE                                 1633774        0.2007          3263194        0.2006

FU_MEM_UNAVAILABLE                            10782989        1.3247         20438124        1.2566

FU_REPLAY                                            0        0.0000                0        0.0000

FU_STARVED                                    41643674        5.1161         84260045        5.1804

CHIP_UTILIZATION                                     0        0.0000                0        0.0000

CYCLES_UNDER_MEM_REQ                                 0                              0              

CYCLES_UNDER_NO_MEM_REQ                              0                              0              

CYCLES_UNDER_CRITICAL_MEM_REQ                        0                              0              

CYCLES_UNDER_NONCRITICAL_MEM_REQ                     0                              0              

CHIP_UTILIZATION_UNDER_MEM_REQ                       0          -nan                0          -nan

CHIP_UTILIZATION_UNDER_NO_MEM_REQ                    0          -nan                0          -nan

CHIP_UTILIZATION_UNDER_CRITICAL_MEM_REQ              0          -nan                0          -nan

CHIP_UTILIZATION_UNDER_NONCRITICAL_MEM_REQ             0          -nan                0          -nan

CYCLES_NOT_WAITING_FOR_OFF_CHIP                      0        0.0000                0        0.0000

FUS_BUSY_NOT_WAITING_FOR_OFF_CHIP                    0          -nan                0          -nan

CYCLES_WAITING_FOR_OFF_CHIP                          0        0.0000                0        0.0000

FUS_BUSY_WAITING_FOR_OFF_CHIP                        0          -nan                0          -nan

TOTAL_OFF_CHIP_DELAYS_LEFT                           0                              0              

WRONG_IO_SCHED                                       0                              0              

DVFS_CONFIG_SWITCH                                   0                              0              

MAP_STAGE_RECEIVED_OPS_0                             0        0.000%                0        0.000%
MAP_STAGE_RECEIVED_OPS_1                        374963       12.157%           750181       12.159%
MAP_STAGE_RECEIVED_OPS_2                        146906        4.763%           295888        4.796%
MAP_STAGE_RECEIVED_OPS_3                        202989        6.581%           406810        6.594%
MAP_STAGE_RECEIVED_OPS_4                       2359583       76.500%          4716671       76.451%
MAP_STAGE_RECEIVED_OPS_5                             0        0.000%                0        0.000%
MAP_STAGE_RECEIVED_OPS_6                             0        0.000%                0        0.000%
MAP_STAGE_RECEIVED_OPS_7                             0        0.000%                0        0.000%
MAP_STAGE_RECEIVED_OPS_8                             0        0.000%                0        0.000%
MAP_STAGE_RECEIVED_OPS_MAX                           0        0.000%                0        0.000%
                                               3084441      100.000%          6169550      100.000%
                                                  3.47         1.04              3.47         1.04

MAP_STAGE_WAIT_FOR_DECODE                            0         -nan%                0         -nan%
MAP_STAGE_CONSUME_DECODE                             0         -nan%                0         -nan%
                                                     0         -nan%                0         -nan%
                                                  -nan         -nan              -nan         -nan

MAP_STAGE_WAIT_FOR_DECODE2                           0         -nan%                0         -nan%
MAP_STAGE_CONSUME_DECODE2                            0         -nan%                0         -nan%
                                                     0         -nan%                0         -nan%
                                                  -nan         -nan              -nan         -nan

FTQ_RECOVER_EXEC                                    40                            407              

FTQ_RECOVER_DECODE                                   0                              1              

FTQ_OFFPATH_CYCLES                               18183                         196815              

FTQ_CYCLES_OFFPATH                               18143                         197202              

FTQ_CYCLES_ONPATH                              8121544                       16067982              

FTQ_FETCHED_INS_OFFPATH                          24052                         237685              

FTQ_FETCHED_INS_ONPATH                        10715690                       21429595              

FTQ_BREAK_FULL_FT_ONPATH                       8120335       99.992%         16060726       99.961%
FTQ_BREAK_MAX_CFS_TAKEN_ONPATH                       8        0.000%              107        0.001%
FTQ_BREAK_MAX_BYTES_ONPATH                         642        0.008%             6222        0.039%
FTQ_BREAK_PRED_BR_ONPATH                             0        0.000%                0        0.000%
FTQ_BREAK_BAR_FETCH_ONPATH                           0        0.000%                0        0.000%
                                               8120985      100.000%         16067055      100.000%
                                                  0.00         0.02              0.00         0.04

FTQ_BREAK_FULL_FT_OFFPATH                        18176       99.962%           197276       99.831%
FTQ_BREAK_MAX_CFS_TAKEN_OFFPATH                      0        0.000%               10        0.005%
FTQ_BREAK_MAX_BYTES_OFFPATH                          7        0.038%              324        0.164%
FTQ_BREAK_PRED_BR_OFFPATH                            0        0.000%                0        0.000%
FTQ_BREAK_BAR_FETCH_OFFPATH                          0        0.000%                0        0.000%
                                                 18183      100.000%           197610      100.000%
                                                  0.00         0.04              0.00         0.08



