/* -*- Mode: c -*- */
####################################################################################################
Core 0
####################################################################################################
Cumulative:        Cycles: 16265184              Instructions: 20000000              IPC: 1.22962

Periodic:          Cycles: 8139687               Instructions: 9999996               IPC: 1.22855

DCACHE_PREF_HIT                                      0                              0              

IFETCH_WB_FIRST_SCHEDULE                             0         -nan%                0         -nan%
PREFETCH_LAST_SCHEDULE                               0         -nan%                0         -nan%
DEMAND_PASS_PREF_SCHEDULE                            0         -nan%                0         -nan%
DEMAND_PASS_LOW_OP_SCHEDULE                          0         -nan%                0         -nan%
DEMAND_LAST_SCHEDULE                                 0         -nan%                0         -nan%
                                                     0         -nan%                0         -nan%
                                                  -nan         -nan              -nan         -nan

SEND_MISS_REQ_QUEUE                             298653                         606535              

L1_DATA_EVICT                                   298653                         573741              

STREAM_BUFFER_REQ                                    0                              0              

PREF_SEND_TO_MEM_REQ                                 0         -nan%                0         -nan%
PREF_SEND_TO_MEM_REQ_FAIL                            0         -nan%                0         -nan%
                                                     0         -nan%                0         -nan%
                                                  -nan         -nan              -nan         -nan

HIT_TRAIN_STREAM                                253673       99.434%           513861       98.511%
MISS_TRAIN_STREAM                                 1444        0.566%             7769        1.489%
                                                255117      100.000%           521630      100.000%
                                                  0.01         0.07              0.01         0.12

STREAM_TRAIN_CREATE                                402                           2043              

MEM_REQ_MISS_HWP_PREF_Q                              0         -nan%                0         -nan%
MEM_REQ_MISS_SW_PREF_Q                               0         -nan%                0         -nan%
MEM_REQ_MISS_IFETCH_Q                                0         -nan%                0         -nan%
MEM_REQ_MISS_DFETCH_Q                                0         -nan%                0         -nan%
MEM_REQ_MISS_DSTORE_Q                                0         -nan%                0         -nan%
MEM_REQ_MISS_DPRF_Q                                  0         -nan%                0         -nan%
MEM_REQ_MISS_WB_Q                                    0         -nan%                0         -nan%
                                                     0         -nan%                0         -nan%
                                                  -nan         -nan              -nan         -nan

PREF_HIT_BY_DEMAND_IFETCH                            0         -nan%                0         -nan%
PREF_HIT_BY_DEMAND_DFETCH                            0         -nan%                0         -nan%
PREF_HIT_BY_DEMAND_DSTORE                            0         -nan%                0         -nan%
PREF_HIT_BY_DEMAND_IPREF                             0         -nan%                0         -nan%
PREF_HIT_BY_DEMAND_DPRF                              0         -nan%                0         -nan%
PREF_HIT_BY_DEMAND_WB                                0         -nan%                0         -nan%
PREF_HIT_BY_PREF                                     0         -nan%                0         -nan%
                                                     0         -nan%                0         -nan%
                                                  -nan         -nan              -nan         -nan

PREF_HIT_DEMAND_IFETCH                               0         -nan%                0         -nan%
PREF_HIT_DEMAND_DFETCH                               0         -nan%                0         -nan%
PREF_HIT_DEMAND_DSTORE                               0         -nan%                0         -nan%
PREF_HIT_DEMAND_IPREF                                0         -nan%                0         -nan%
PREF_HIT_DEMAND_DPRF                                 0         -nan%                0         -nan%
PREF_HIT_DEMAND_WB                                   0         -nan%                0         -nan%
                                                     0         -nan%                0         -nan%
                                                  -nan         -nan              -nan         -nan

PREF_L1_FILL                                         0         -nan%                0         -nan%
DEMAND_L1_FILL                                       0         -nan%                0         -nan%
                                                     0         -nan%                0         -nan%
                                                  -nan         -nan              -nan         -nan

TOUCH_L1_REPLACE                                     0        0.000%                0        0.000%
NO_TOUCH_L1_REPLACE                             298653      100.000%           573741      100.000%
                                                298653      100.000%           573741      100.000%
                                                  1.00         1.00              1.00         1.00

PREF_REQ_QUE_FULL                                    0                              0              

STREAM_REQ_QUEUE_HIT_BY_DEMAND                       0                              0              

L2HIT_STREAM_PREF_REQ_QUE_FULL                       0                              0              

L2HIT_HIT_TRAIN_STREAM                               0         -nan%                0         -nan%
L2HIT_MISS_TRAIN_STREAM                              0         -nan%                0         -nan%
                                                     0         -nan%                0         -nan%
                                                  -nan         -nan              -nan         -nan

L2HIT_STREAM_TRAIN_CREATE                            0                              0              

L2HIT_STREAM_BUFFER_REQ                              0                              0              

L2HIT_STREAM_PREF_DCACHE_HIT                         0         -nan%                0         -nan%
L2HIT_STREAM_PREF_DCACHE_INSERT                      0         -nan%                0         -nan%
L2HIT_STREAM_L2_MISS                                 0         -nan%                0         -nan%
                                                     0         -nan%                0         -nan%
                                                  -nan         -nan              -nan         -nan

L2HIT_STREAM_DCACHE_PORT_FULL                        0                              0              

L2HIT_STREAM_PREF_L1_PORT_FULL                       0                              0              

L2HIT_TRAIN_HIT_DEMAND                               0         -nan%                0         -nan%
L2HIT_TRAIN_MISS_REQ                                 0         -nan%                0         -nan%
                                                     0         -nan%                0         -nan%
                                                  -nan         -nan              -nan         -nan

L2HIT_TRAIN_FILTER_MISS                              0         -nan%                0         -nan%
L2HIT_TRAIN_FILTER_HIT                               0         -nan%                0         -nan%
                                                     0         -nan%                0         -nan%
                                                  -nan         -nan              -nan         -nan

L2HIT_PREF_REQ_DCACHE_HIT                            0         -nan%                0         -nan%
L2HIT_PREF_REQ_DCACHE_MISS                           0         -nan%                0         -nan%
                                                     0         -nan%                0         -nan%
                                                  -nan         -nan              -nan         -nan

L2HIT_L2SEND_Q_FULL                                  0         -nan%                0         -nan%
L2HIT_L2SEND_Q_ENTER                                 0         -nan%                0         -nan%
                                                     0         -nan%                0         -nan%
                                                  -nan         -nan              -nan         -nan

L2HIT_MEM_REQ                                        0                              0              

REMOVE_REDUNDANT_STREAM_STAT                         0                              0              

REPLACE_OLD_STREAM                                 402                           2027              

REQ_SEND_QUEUE_STALL                                 0                              0              

STREAM_ENTER_RA                                      0                              0              

CORE_STREAM_LENGTH_0                                 0        0.000%                3        0.278%
CORE_STREAM_LENGTH_10                                7       21.875%               31        2.868%
CORE_STREAM_LENGTH_20                               13       40.625%             1014       93.802%
CORE_STREAM_LENGTH_30                                0        0.000%                3        0.278%
CORE_STREAM_LENGTH_40                                3        9.375%                9        0.833%
CORE_STREAM_LENGTH_50                                0        0.000%                1        0.093%
CORE_STREAM_LENGTH_60                                0        0.000%                1        0.093%
CORE_STREAM_LENGTH_70                                0        0.000%                1        0.093%
CORE_STREAM_LENGTH_80                                0        0.000%                0        0.000%
CORE_STREAM_LENGTH_90                                0        0.000%                0        0.000%
CORE_STREAM_LENGTH_100_P                             9       28.125%               18        1.665%
                                                    32      100.000%             1081      100.000%
                                                  4.22         4.39              2.13         1.11

CORE_CUM_STREAM_LENGTH_0                             0        0.000%               18        0.002%
CORE_CUM_STREAM_LENGTH_10                          117        0.010%              525        0.044%
CORE_CUM_STREAM_LENGTH_20                          318        0.027%            20385        1.708%
CORE_CUM_STREAM_LENGTH_30                            0        0.000%               90        0.008%
CORE_CUM_STREAM_LENGTH_40                          125        0.011%              387        0.032%
CORE_CUM_STREAM_LENGTH_50                            0        0.000%               55        0.005%
CORE_CUM_STREAM_LENGTH_60                            0        0.000%               65        0.005%
CORE_CUM_STREAM_LENGTH_70                            0        0.000%               76        0.006%
CORE_CUM_STREAM_LENGTH_80                            0        0.000%                0        0.000%
CORE_CUM_STREAM_LENGTH_90                            0        0.000%                0        0.000%
CORE_CUM_STREAM_LENGTH_100_P                   1156907       99.952%          1171955       98.190%
                                               1157467      100.000%          1193556      100.000%
                                                 10.00        10.00              9.86         9.82

CORE_STREAM_TRAIN_HITS_0                            20       62.500%             1048       96.947%
CORE_STREAM_TRAIN_HITS_10                            3        9.375%               14        1.295%
CORE_STREAM_TRAIN_HITS_20                            0        0.000%                1        0.093%
CORE_STREAM_TRAIN_HITS_30                            0        0.000%                2        0.185%
CORE_STREAM_TRAIN_HITS_40                            0        0.000%                1        0.093%
CORE_STREAM_TRAIN_HITS_50                            0        0.000%                0        0.000%
CORE_STREAM_TRAIN_HITS_60                            1        3.125%                1        0.093%
CORE_STREAM_TRAIN_HITS_70                            0        0.000%                0        0.000%
CORE_STREAM_TRAIN_HITS_80                            0        0.000%                0        0.000%
CORE_STREAM_TRAIN_HITS_90                            0        0.000%                0        0.000%
CORE_STREAM_TRAIN_HITS_100_P                         8       25.000%               14        1.295%
                                                    32      100.000%             1081      100.000%
                                                  2.78         4.01              0.16         1.15

CORE_CUM_STREAM_TRAIN_HITS_0                       119        0.024%             8273        1.597%
CORE_CUM_STREAM_TRAIN_HITS_10                       33        0.007%              197        0.038%
CORE_CUM_STREAM_TRAIN_HITS_20                        0        0.000%               22        0.004%
CORE_CUM_STREAM_TRAIN_HITS_30                        0        0.000%               73        0.014%
CORE_CUM_STREAM_TRAIN_HITS_40                        0        0.000%               41        0.008%
CORE_CUM_STREAM_TRAIN_HITS_50                        0        0.000%                0        0.000%
CORE_CUM_STREAM_TRAIN_HITS_60                       66        0.013%               66        0.013%
CORE_CUM_STREAM_TRAIN_HITS_70                        0        0.000%                0        0.000%
CORE_CUM_STREAM_TRAIN_HITS_80                        0        0.000%                0        0.000%
CORE_CUM_STREAM_TRAIN_HITS_90                        0        0.000%                0        0.000%
CORE_CUM_STREAM_TRAIN_HITS_100_P                499452       99.956%           509513       98.326%
                                                499670      100.000%           518185      100.000%
                                                 10.00         9.99              9.83         9.76

CORE_STREAM_TRAIN_CREATE                           402                           2043              



