Scarab gitrev: 3541854
Scarab started at Wed Oct 30 00:55:42 2024

Initialized Ramulator. 
** Heartbeat:   5% -- { 1000001 } -- 0.00 KIPS (45.45 KIPS)
** Heartbeat:  10% -- { 2000006 } -- 52.63 KIPS (48.78 KIPS)
** Heartbeat:  15% -- { 3000010 } -- 50.00 KIPS (49.18 KIPS)
** Heartbeat:  20% -- { 4000012 } -- 52.63 KIPS (50.00 KIPS)
** Heartbeat:  25% -- { 5000012 } -- 45.45 KIPS (49.02 KIPS)
** Heartbeat:  30% -- { 6000013 } -- 43.48 KIPS (48.00 KIPS)
** Heartbeat:  35% -- { 7000014 } -- 40.00 KIPS (46.67 KIPS)
** Heartbeat:  40% -- { 8000018 } -- 50.00 KIPS (47.06 KIPS)
** Heartbeat:  45% -- { 9000020 } -- 55.56 KIPS (47.87 KIPS)
** Heartbeat:  50% -- { 10000023 } -- 52.63 KIPS (48.31 KIPS)
** Heartbeat:  55% -- { 11000023 } -- 47.62 KIPS (48.25 KIPS)
** Heartbeat:  60% -- { 12000023 } -- 52.63 KIPS (48.58 KIPS)
** Heartbeat:  65% -- { 13000024 } -- 45.45 KIPS (48.33 KIPS)
** Heartbeat:  70% -- { 14000024 } -- 50.00 KIPS (48.44 KIPS)
** Heartbeat:  75% -- { 15000026 } -- 45.45 KIPS (48.23 KIPS)
** Heartbeat:  80% -- { 16000030 } -- 55.56 KIPS (48.63 KIPS)
** Heartbeat:  85% -- { 17000030 } -- 55.56 KIPS (48.99 KIPS)
** Heartbeat:  90% -- { 18000032 } -- 50.00 KIPS (49.05 KIPS)
** Heartbeat:  95% -- { 19000035 } -- 41.67 KIPS (48.59 KIPS)
Warning could not fetch inst from frontend
Warning could not fetch inst from frontend
Warning could not fetch inst from frontend
Warning could not fetch inst from frontend
Warning could not fetch inst from frontend
Warning could not fetch inst from frontend
Warning could not fetch inst from frontend
Warning could not fetch inst from frontend
Warning could not fetch inst from frontend
Warning could not fetch inst from frontend
Warning could not fetch inst from frontend
Warning could not fetch inst from frontend
Warning could not fetch inst from frontend
Warning could not fetch inst from frontend
Warning could not fetch inst from frontend
Warning could not fetch inst from frontend
Warning could not fetch inst from frontend
Warning could not fetch inst from frontend
Warning could not fetch inst from frontend
Warning could not fetch inst from frontend
Warning could not fetch inst from frontend
Warning could not fetch inst from frontend
Warning could not fetch inst from frontend
Warning could not fetch inst from frontend
Warning could not fetch inst from frontend
Warning could not fetch inst from frontend
Warning could not fetch inst from frontend
Warning could not fetch inst from frontend
Warning could not fetch inst from frontend
Warning could not fetch inst from frontend
Warning could not fetch inst from frontend
Warning could not fetch inst from frontend
Warning could not fetch inst from frontend
Warning could not fetch inst from frontend
Warning could not fetch inst from frontend
Warning could not fetch inst from frontend
Warning could not fetch inst from frontend
Warning could not fetch inst from frontend
Warning could not fetch inst from frontend
Warning could not fetch inst from frontend
Warning could not fetch inst from frontend
Warning could not fetch inst from frontend
Warning could not fetch inst from frontend
Warning could not fetch inst from frontend
Warning could not fetch inst from frontend
Warning could not fetch inst from frontend
Warning could not fetch inst from frontend
Warning could not fetch inst from frontend
Warning could not fetch inst from frontend
Warning could not fetch inst from frontend
Warning could not fetch inst from frontend
Warning could not fetch inst from frontend
Warning could not fetch inst from frontend
Warning could not fetch inst from frontend
Warning could not fetch inst from frontend
Warning could not fetch inst from frontend
Warning could not fetch inst from frontend
Warning could not fetch inst from frontend
Warning could not fetch inst from frontend
Warning could not fetch inst from frontend
Warning could not fetch inst from frontend
Warning could not fetch inst from frontend
Warning could not fetch inst from frontend
Warning could not fetch inst from frontend
Warning could not fetch inst from frontend
Warning could not fetch inst from frontend
Warning could not fetch inst from frontend
Warning could not fetch inst from frontend
Warning could not fetch inst from frontend
Warning could not fetch inst from frontend
Warning could not fetch inst from frontend
Warning could not fetch inst from frontend
Warning could not fetch inst from frontend
Warning could not fetch inst from frontend
Warning could not fetch inst from frontend
Warning could not fetch inst from frontend
Warning could not fetch inst from frontend
Warning could not fetch inst from frontend
Warning could not fetch inst from frontend
Warning could not fetch inst from frontend
Warning could not fetch inst from frontend
Warning could not fetch inst from frontend
Warning could not fetch inst from frontend
Warning could not fetch inst from frontend
Warning could not fetch inst from frontend
Warning could not fetch inst from frontend
Warning could not fetch inst from frontend
Warning could not fetch inst from frontend
** Core 0 Finished:    insts:20000000    cycles:6077375     time:1899179687500       -- 3.29 IPC (3.29 IPC) --  N/A  KIPS (48.66 KIPS)
Scarab finished at Wed Oct 30 01:02:33 2024

