Scarab gitrev: 3541854
Scarab started at Tue Oct 29 19:04:20 2024

Initialized Ramulator. 
** Heartbeat:   5% -- { 1000000 } -- 0.00 KIPS (12.99 KIPS)
** Heartbeat:  10% -- { 2000000 } -- 13.16 KIPS (13.07 KIPS)
** Heartbeat:  15% -- { 3000000 } -- 13.16 KIPS (13.10 KIPS)
** Heartbeat:  20% -- { 4000000 } -- 13.51 KIPS (13.20 KIPS)
** Heartbeat:  25% -- { 5000000 } -- 12.82 KIPS (13.12 KIPS)
** Heartbeat:  30% -- { 6000000 } -- 13.51 KIPS (13.19 KIPS)
** Heartbeat:  35% -- { 7000000 } -- 13.33 KIPS (13.21 KIPS)
** Heartbeat:  40% -- { 8000000 } -- 13.51 KIPS (13.25 KIPS)
** Heartbeat:  45% -- { 9000000 } -- 12.05 KIPS (13.10 KIPS)
** Heartbeat:  50% -- { 10000000 } -- 10.87 KIPS (12.84 KIPS)
** Heartbeat:  55% -- { 11000000 } -- 11.24 KIPS (12.67 KIPS)
** Heartbeat:  60% -- { 12000000 } -- 12.50 KIPS (12.66 KIPS)
** Heartbeat:  65% -- { 13000000 } -- 12.82 KIPS (12.67 KIPS)
** Heartbeat:  70% -- { 14000000 } -- 12.35 KIPS (12.65 KIPS)
** Heartbeat:  75% -- { 15000000 } -- 11.76 KIPS (12.58 KIPS)
** Heartbeat:  80% -- { 16000000 } -- 11.63 KIPS (12.52 KIPS)
** Heartbeat:  85% -- { 17000000 } -- 9.62 KIPS (12.30 KIPS)
** Heartbeat:  90% -- { 18000005 } -- 9.26 KIPS (12.08 KIPS)
** Heartbeat:  95% -- { 19000009 } -- 10.42 KIPS (11.98 KIPS)
** Core 0 Finished:    insts:20000000    cycles:20698518    time:6468286875000       -- 0.97 IPC (0.97 IPC) --  N/A  KIPS (11.99 KIPS)
Scarab finished at Tue Oct 29 19:32:08 2024

