Scarab gitrev: 3541854
Scarab started at Wed Oct 23 01:18:25 2024

Initialized Ramulator. 
** Heartbeat:   5% -- { 1000000 } -- 0.00 KIPS (20.83 KIPS)
** Heartbeat:  10% -- { 2000000 } -- 22.73 KIPS (21.74 KIPS)
** Heartbeat:  15% -- { 3000000 } -- 20.41 KIPS (21.28 KIPS)
** Heartbeat:  20% -- { 4000000 } -- 17.54 KIPS (20.20 KIPS)
** Heartbeat:  25% -- { 5000000 } -- 21.74 KIPS (20.49 KIPS)
** Heartbeat:  30% -- { 6000000 } -- 22.73 KIPS (20.83 KIPS)
** Heartbeat:  35% -- { 7000000 } -- 21.74 KIPS (20.96 KIPS)
** Heartbeat:  40% -- { 8000000 } -- 13.89 KIPS (19.70 KIPS)
** Heartbeat:  45% -- { 9000000 } -- 20.00 KIPS (19.74 KIPS)
** Heartbeat:  50% -- { 10000000 } -- 21.28 KIPS (19.88 KIPS)
** Heartbeat:  55% -- { 11000000 } -- 19.61 KIPS (19.86 KIPS)
** Heartbeat:  60% -- { 12000000 } -- 23.81 KIPS (20.13 KIPS)
** Heartbeat:  65% -- { 13000000 } -- 19.61 KIPS (20.09 KIPS)
** Heartbeat:  70% -- { 14000000 } -- 19.23 KIPS (20.03 KIPS)
** Heartbeat:  75% -- { 15000000 } -- 22.22 KIPS (20.16 KIPS)
** Heartbeat:  80% -- { 16000000 } -- 22.73 KIPS (20.30 KIPS)
** Heartbeat:  85% -- { 17000000 } -- 20.83 KIPS (20.33 KIPS)
** Heartbeat:  90% -- { 18000000 } -- 20.41 KIPS (20.34 KIPS)
** Heartbeat:  95% -- { 19000000 } -- 21.74 KIPS (20.41 KIPS)
** Heartbeat: 100% -- { 20000000 } -- 24.39 KIPS (20.58 KIPS)
** Core 0 Finished:    insts:20000000    cycles:20338041    time:6355637812500       -- 0.98 IPC (0.98 IPC) --  N/A  KIPS (20.55 KIPS)
Scarab finished at Wed Oct 23 01:34:38 2024

