Scarab gitrev: 3541854
Scarab started at Tue Oct 29 19:16:55 2024

Initialized Ramulator. 
** Heartbeat:   5% -- { 1000005 } -- 0.00 KIPS (16.13 KIPS)
** Heartbeat:  10% -- { 2000006 } -- 21.74 KIPS (18.52 KIPS)
** Heartbeat:  15% -- { 3000007 } -- 22.73 KIPS (19.74 KIPS)
** Heartbeat:  20% -- { 4000008 } -- 20.00 KIPS (19.80 KIPS)
** Heartbeat:  25% -- { 5000008 } -- 22.73 KIPS (20.33 KIPS)
** Heartbeat:  30% -- { 6000009 } -- 20.41 KIPS (20.34 KIPS)
** Heartbeat:  35% -- { 7000011 } -- 20.41 KIPS (20.35 KIPS)
** Heartbeat:  40% -- { 8000013 } -- 21.28 KIPS (20.46 KIPS)
** Heartbeat:  45% -- { 9000013 } -- 20.00 KIPS (20.41 KIPS)
** Heartbeat:  50% -- { 10000013 } -- 20.41 KIPS (20.41 KIPS)
** Heartbeat:  55% -- { 11000014 } -- 19.23 KIPS (20.30 KIPS)
** Heartbeat:  60% -- { 12000015 } -- 15.63 KIPS (19.80 KIPS)
** Heartbeat:  65% -- { 13000018 } -- 15.38 KIPS (19.37 KIPS)
** Heartbeat:  70% -- { 14000019 } -- 15.87 KIPS (19.07 KIPS)
** Heartbeat:  75% -- { 15000019 } -- 16.95 KIPS (18.92 KIPS)
** Heartbeat:  80% -- { 16000023 } -- 16.67 KIPS (18.76 KIPS)
** Heartbeat:  85% -- { 17000027 } -- 22.22 KIPS (18.93 KIPS)
** Heartbeat:  90% -- { 18000027 } -- 19.61 KIPS (18.97 KIPS)
** Heartbeat:  95% -- { 19000029 } -- 23.26 KIPS (19.15 KIPS)
Warning could not fetch inst from frontend
Warning could not fetch inst from frontend
Warning could not fetch inst from frontend
Warning could not fetch inst from frontend
Warning could not fetch inst from frontend
Warning could not fetch inst from frontend
Warning could not fetch inst from frontend
Warning could not fetch inst from frontend
Warning could not fetch inst from frontend
Warning could not fetch inst from frontend
Warning could not fetch inst from frontend
Warning could not fetch inst from frontend
Warning could not fetch inst from frontend
Warning could not fetch inst from frontend
Warning could not fetch inst from frontend
Warning could not fetch inst from frontend
Warning could not fetch inst from frontend
Warning could not fetch inst from frontend
Warning could not fetch inst from frontend
Warning could not fetch inst from frontend
Warning could not fetch inst from frontend
Warning could not fetch inst from frontend
Warning could not fetch inst from frontend
Warning could not fetch inst from frontend
Warning could not fetch inst from frontend
Warning could not fetch inst from frontend
Warning could not fetch inst from frontend
Warning could not fetch inst from frontend
Warning could not fetch inst from frontend
Warning could not fetch inst from frontend
Warning could not fetch inst from frontend
Warning could not fetch inst from frontend
Warning could not fetch inst from frontend
Warning could not fetch inst from frontend
Warning could not fetch inst from frontend
Warning could not fetch inst from frontend
** Core 0 Finished:    insts:20000000    cycles:32616874    time:10192773125000      -- 0.61 IPC (0.61 IPC) --  N/A  KIPS (19.21 KIPS)
Scarab finished at Tue Oct 29 19:34:18 2024

