/* -*- Mode: c -*- */
####################################################################################################
Core 0
####################################################################################################
Cumulative:        Cycles: 9142278               Instructions: 20000000              IPC: 2.18764

Periodic:          Cycles: 4470834               Instructions: 10000000              IPC: 2.23672

EXECUTION_TIME                           1397135625000                  2856961875000              

NODE_CYCLE                                     4470834                        9142278              

NODE_INST_COUNT                               10000000                       20000000              

NODE_INST_COUNT_FETCHED                       10000000                       20000000              

NODE_UOP_COUNT                                12112395                       24244625              

FULL_WINDOW_STALL                               296610        6.634%           668858        7.316%

FULL_WINDOW_MEM_OP                              286367       99.976%           645522       99.965%
FULL_WINDOW_FP_OP                                    0        0.000%                0        0.000%
FULL_WINDOW_OTHER_OP                                69        0.024%              228        0.035%
                                                286436      100.000%           645750      100.000%
                                                  0.00         0.03              0.00         0.04

RET_BLOCKED_DC_MISS                             483718       10.819%          1071376       11.719%

RET_BLOCKED_L1_MISS                             341719        7.643%           763214        8.348%

RET_BLOCKED_L1_MISS_BW_PREF                          0        0.000%              197        0.002%

RET_BLOCKED_L1_ACCESS                           142242        3.182%           308884        3.379%

RET_BLOCKED_MEM_STALL                           341719        7.643%           763214        8.348%

RET_BLOCKED_OFFCHIP_DEMAND                           0        0.000%                0        0.000%

OP_ISSUED                                     15125255                       30469243              

OP_RETIRED                                    12112395                       24244625              

REPLAY_SIGNALED                                      0                              0              

REPLAY_COUNTED                                       0                              0              

OFF_CRITICAL_PATH                                    0         -nan%                0         -nan%
ON_CRITICAL_PATH                                     0         -nan%                0         -nan%
                                                     0         -nan%                0         -nan%
                                                  -nan         -nan              -nan         -nan

LD_NO_DEPENDENTS                                120286        4.818%           243517        4.873%
LD_DEPENDENTS                                  2376054       95.182%          4753482       95.127%
                                               2496340      100.000%          4996999      100.000%
                                                  0.95         0.93              0.95         0.93

LD_EXEC_CYCLES_0                                     0        0.000%                0        0.000%
LD_EXEC_CYCLES_1                                     0        0.000%                0        0.000%
LD_EXEC_CYCLES_2                                     0        0.000%                0        0.000%
LD_EXEC_CYCLES_3                                    18       52.941%               35       46.667%
LD_EXEC_CYCLES_4                                    16       47.059%               40       53.333%
                                                    34      100.000%               75      100.000%
                                                  3.47         2.47              3.53         2.65

ICACHE_STAGE_STARVED                             22425        0.837%            64962        1.209%
ICACHE_STAGE_NOT_STARVED                       2655204       99.163%          5308680       98.791%
                                               2677629      100.000%          5373642      100.000%
                                                  0.99         0.99              0.99         0.98

ICACHE_STAGE_STALLED                             92115        2.060%           225610        2.468%
ICACHE_STAGE_NOT_STALLED                       2666795       59.649%          5341977       58.432%
ICACHE_STAGE_OFF_PATH                          1711924       38.291%          3574691       39.101%
                                               4470834      100.000%          9142278      100.000%
                                                  1.36         0.97              1.37         0.98

DECODE_STAGE_STARVED                           2099488       64.284%          4185619       63.456%
DECODE_STAGE_NOT_STARVED                       1166489       35.716%          2410510       36.544%
                                               3265977      100.000%          6596129      100.000%
                                                  0.36         0.44              0.37         0.44

DECODE_STAGE_STALLED                             68332        1.528%           158659        1.735%
DECODE_STAGE_NOT_STALLED                       3197645       71.522%          6437470       70.414%
DECODE_STAGE_OFF_PATH                          1204857       26.949%          2546149       27.850%
                                               4470834      100.000%          9142278      100.000%
                                                  1.25         0.79              1.26         0.80

UOPQ_STAGE_STARVED                             1795245       56.883%          3714507       58.075%
UOPQ_STAGE_NOT_STARVED                         1360808       43.117%          2681562       41.925%
                                               3156053      100.000%          6396069      100.000%
                                                  0.43         0.47              0.42         0.46

UOPQ_STAGE_STALLED                               66375        1.485%           156292        1.710%
UOPQ_STAGE_NOT_STALLED                         3156053       70.592%          6396069       69.961%
UOPQ_STAGE_OFF_PATH                            1248406       27.923%          2589917       28.329%
                                               4470834      100.000%          9142278      100.000%
                                                  1.26         0.80              1.27         0.81

MAP_STAGE_STARVED                               343610       10.767%           728989       11.282%
MAP_STAGE_NOT_STARVED                          2847816       89.233%          5732263       88.718%
                                               3191426      100.000%          6461252      100.000%
                                                  0.89         0.85              0.89         0.84

MAP_STAGE_STALLED                               121835        2.725%           275977        3.019%
MAP_STAGE_NOT_STALLED                          3069591       68.658%          6185275       67.656%
MAP_STAGE_OFF_PATH                             1279408       28.617%          2681026       29.326%
                                               4470834      100.000%          9142278      100.000%
                                                  1.26         0.81              1.26         0.82

EXEC_STAGE_STARVED                             3354372       75.028%          6833932       74.751%
EXEC_STAGE_NOT_STARVED                          421037        9.417%           846329        9.257%
EXEC_STAGE_OFF_PATH                             695425       15.555%          1462017       15.992%
                                               4470834      100.000%          9142278      100.000%
                                                  0.41         0.67              0.41         0.68

FU_BUSY_0                                      3309046                        6667435              

FU_BUSY_1                                      2604048                        5234036              

FU_BUSY_2                                      1602950                        3224664              

FU_BUSY_3                                      1291174                        2603082              

FU_BUSY_4                                      1750372                        3506579              

FU_BUSY_5                                      1907025                        3823671              

FU_BUSY_6                                       786796                        1581675              

FU_BUSY_7                                       837096                        1691037              

FU_BUSY_8                                            0                              0              

FU_BUSY_9                                            0                              0              

FU_BUSY_10                                           0                              0              

FU_BUSY_11                                           0                              0              

FU_BUSY_12                                           0                              0              

FU_BUSY_13                                           0                              0              

FU_BUSY_14                                           0                              0              

FU_BUSY_15                                           0                              0              

FU_BUSY_16                                           0                              0              

FU_BUSY_17                                           0                              0              

FU_BUSY_18                                           0                              0              

FU_BUSY_19                                           0                              0              

FU_BUSY_20                                           0                              0              

FU_BUSY_21                                           0                              0              

FU_BUSY_22                                           0                              0              

FU_BUSY_23                                           0                              0              

FU_BUSY_24                                           0                              0              

FU_BUSY_25                                           0                              0              

FU_BUSY_26                                           0                              0              

FU_BUSY_27                                           0                              0              

FU_BUSY_28                                           0                              0              

FU_BUSY_29                                           0                              0              

FU_BUSY_30                                           0                              0              

FU_BUSY_31                                           0                              0              

FU_REJECTED_OP_INV_NOT_SIMD                          0        0.000%                0        0.000%
FU_REJECTED_OP_NOP_NOT_SIMD                        626        0.274%             1347        0.290%
FU_REJECTED_OP_CF_NOT_SIMD                         857        0.375%             1867        0.402%
FU_REJECTED_OP_MOV_NOT_SIMD                       8116        3.556%            17195        3.702%
FU_REJECTED_OP_CMOV_NOT_SIMD                       930        0.407%             2162        0.466%
FU_REJECTED_OP_LDA_NOT_SIMD                       2782        1.219%             6028        1.298%
FU_REJECTED_OP_IMEM_NOT_SIMD                       514        0.225%             1047        0.225%
FU_REJECTED_OP_IADD_NOT_SIMD                    167431       73.349%           335150       72.165%
FU_REJECTED_OP_IMUL_NOT_SIMD                     22140        9.699%            47897       10.313%
FU_REJECTED_OP_IDIV_NOT_SIMD                       169        0.074%              304        0.065%
FU_REJECTED_OP_ICMP_NOT_SIMD                      1388        0.608%             2619        0.564%
FU_REJECTED_OP_LOGIC_NOT_SIMD                     8541        3.742%            18345        3.950%
FU_REJECTED_OP_SHIFT_NOT_SIMD                    10156        4.449%            20990        4.520%
FU_REJECTED_OP_FMEM_NOT_SIMD                      1075        0.471%             2099        0.452%
FU_REJECTED_OP_FCVT_NOT_SIMD                         0        0.000%                0        0.000%
FU_REJECTED_OP_FADD_NOT_SIMD                         0        0.000%                0        0.000%
FU_REJECTED_OP_FMUL_NOT_SIMD                         0        0.000%                0        0.000%
FU_REJECTED_OP_FMA_NOT_SIMD                          0        0.000%                0        0.000%
FU_REJECTED_OP_FDIV_NOT_SIMD                         0        0.000%                0        0.000%
FU_REJECTED_OP_FCMP_NOT_SIMD                         0        0.000%                0        0.000%
FU_REJECTED_OP_FCMOV_NOT_SIMD                        0        0.000%                0        0.000%
FU_REJECTED_OP_GATHER_NOT_SIMD                       0        0.000%                0        0.000%
FU_REJECTED_OP_SCATTER_NOT_SIMD                      0        0.000%                0        0.000%
FU_REJECTED_OP_PIPELINED_FAST_NOT_SIMD               0        0.000%                0        0.000%
FU_REJECTED_OP_PIPELINED_MEDIUM_NOT_SIMD             0        0.000%                0        0.000%
FU_REJECTED_OP_PIPELINED_SLOW_NOT_SIMD               0        0.000%                0        0.000%
FU_REJECTED_OP_NOTPIPELINED_MEDIUM_NOT_SIMD             1        0.000%                3        0.001%
FU_REJECTED_OP_NOTPIPELINED_SLOW_NOT_SIMD             0        0.000%                0        0.000%
FU_REJECTED_OP_NOTPIPELINED_VERY_SLOW_NOT_SIMD             0        0.000%                0        0.000%
FU_REJECTED_OP_INV_SIMD                              0        0.000%                0        0.000%
FU_REJECTED_OP_NOP_SIMD                              0        0.000%                0        0.000%
FU_REJECTED_OP_CF_SIMD                               0        0.000%                0        0.000%
FU_REJECTED_OP_MOV_SIMD                              0        0.000%                0        0.000%
FU_REJECTED_OP_CMOV_SIMD                             0        0.000%                0        0.000%
FU_REJECTED_OP_LDA_SIMD                              0        0.000%                0        0.000%
FU_REJECTED_OP_IMEM_SIMD                             0        0.000%                0        0.000%
FU_REJECTED_OP_IADD_SIMD                             0        0.000%                0        0.000%
FU_REJECTED_OP_IMUL_SIMD                             0        0.000%                0        0.000%
FU_REJECTED_OP_IDIV_SIMD                             0        0.000%                0        0.000%
FU_REJECTED_OP_ICMP_SIMD                             0        0.000%                0        0.000%
FU_REJECTED_OP_LOGIC_SIMD                            0        0.000%                0        0.000%
FU_REJECTED_OP_SHIFT_SIMD                            0        0.000%                0        0.000%
FU_REJECTED_OP_FMEM_SIMD                             0        0.000%                0        0.000%
FU_REJECTED_OP_FCVT_SIMD                             0        0.000%                0        0.000%
FU_REJECTED_OP_FADD_SIMD                          3540        1.551%             7370        1.587%
FU_REJECTED_OP_FMUL_SIMD                             0        0.000%                0        0.000%
FU_REJECTED_OP_FMA_SIMD                              0        0.000%                0        0.000%
FU_REJECTED_OP_FDIV_SIMD                             0        0.000%                0        0.000%
FU_REJECTED_OP_FCMP_SIMD                             0        0.000%                0        0.000%
FU_REJECTED_OP_FCMOV_SIMD                            0        0.000%                0        0.000%
FU_REJECTED_OP_GATHER_SIMD                           0        0.000%                0        0.000%
FU_REJECTED_OP_SCATTER_SIMD                          0        0.000%                0        0.000%
FU_REJECTED_OP_PIPELINED_FAST_SIMD                   0        0.000%                0        0.000%
FU_REJECTED_OP_PIPELINED_MEDIUM_SIMD                 0        0.000%                0        0.000%
FU_REJECTED_OP_PIPELINED_SLOW_SIMD                   0        0.000%                0        0.000%
FU_REJECTED_OP_NOTPIPELINED_MEDIUM_SIMD              0        0.000%                0        0.000%
FU_REJECTED_OP_NOTPIPELINED_SLOW_SIMD                0        0.000%                0        0.000%
FU_REJECTED_OP_NOTPIPELINED_VERY_SLOW_SIMD             0        0.000%                0        0.000%
                                                228266      100.000%           464423      100.000%
                                                  7.87         4.83              7.89         4.89

OP_WAIT_0                                      7864066                       15742275              

OP_WAIT_1                                      2647707                        5299499              

OP_WAIT_2                                       718169                        1429969              

OP_WAIT_3                                       355309                         706591              

OP_WAIT_4                                       201069                         401543              

OP_WAIT_5                                       116654                         234851              

OP_WAIT_6                                        81784                         165780              

OP_WAIT_7                                        45679                          93157              

OP_WAIT_8                                        26167                          53928              

OP_WAIT_9                                        16109                          34006              

OP_WAIT_10                                        9171                          19329              

OP_WAIT_11                                        5701                          11647              

OP_WAIT_12                                        4284                           8800              

OP_WAIT_13                                        3318                           6796              

OP_WAIT_14                                        1800                           3795              

OP_WAIT_15                                        1529                           3230              

OP_WAIT_16                                        1193                           2510              

OP_WAIT_17                                        1029                           2133              

OP_WAIT_18                                         594                           1384              

OP_WAIT_19                                         636                           1383              

OP_WAIT_20                                         601                           1352              

OP_WAIT_21                                         694                           1482              

OP_WAIT_22                                         586                           1317              

OP_WAIT_23                                         597                           1330              

OP_WAIT_24                                         629                           1276              

OP_WAIT_25                                         701                           1383              

OP_WAIT_26                                         635                           1336              

OP_WAIT_27                                         802                           1501              

OP_WAIT_28                                         806                           1497              

OP_WAIT_29                                         472                            963              

OP_WAIT_30                                         323                            671              

OP_WAIT_31                                        3581                           7911              

ROW_SIZE_0                                     1403711                        2953542              

ROW_SIZE_1                                      413697                         830130              

ROW_SIZE_2                                      209006                         424251              

ROW_SIZE_3                                      166119                         332952              

ROW_SIZE_4                                      114984                         230095              

ROW_SIZE_5                                      146233                         284825              

ROW_SIZE_6                                     1598538                        3203772              

ROW_SIZE_7                                           0                              0              

ROW_SIZE_8                                           0                              0              

ROW_SIZE_9                                           0                              0              

ROW_SIZE_10                                          0                              0              

ROW_SIZE_11                                          0                              0              

ROW_SIZE_12                                          0                              0              

ROW_SIZE_13                                          0                              0              

ROW_SIZE_14                                          0                              0              

ROW_SIZE_15                                          0                              0              

ROW_SIZE_16                                          0                              0              

ROW_SIZE_17                                          0                              0              

ROW_SIZE_18                                          0                              0              

ROW_SIZE_19                                          0                              0              

ROW_SIZE_20                                          0                              0              

ROW_SIZE_21                                          0                              0              

ROW_SIZE_22                                          0                              0              

ROW_SIZE_23                                          0                              0              

ROW_SIZE_24                                          0                              0              

ROW_SIZE_25                                          0                              0              

ROW_SIZE_26                                          0                              0              

ROW_SIZE_27                                          0                              0              

ROW_SIZE_28                                          0                              0              

ROW_SIZE_29                                          0                              0              

ROW_SIZE_30                                          0                              0              

ROW_SIZE_31                                          0                              0              

RET_OP_EXEC_COUNT_0                                  0        0.000%                0        0.000%
RET_OP_EXEC_COUNT_1                           12112395      100.000%         24244625      100.000%
RET_OP_EXEC_COUNT_2                                  0        0.000%                0        0.000%
RET_OP_EXEC_COUNT_3                                  0        0.000%                0        0.000%
RET_OP_EXEC_COUNT_4                                  0        0.000%                0        0.000%
RET_OP_EXEC_COUNT_5                                  0        0.000%                0        0.000%
RET_OP_EXEC_COUNT_6                                  0        0.000%                0        0.000%
RET_OP_EXEC_COUNT_7                                  0        0.000%                0        0.000%
RET_OP_EXEC_COUNT_8                                  0        0.000%                0        0.000%
RET_OP_EXEC_COUNT_9                                  0        0.000%                0        0.000%
RET_OP_EXEC_COUNT_10                                 0        0.000%                0        0.000%
RET_OP_EXEC_COUNT_11                                 0        0.000%                0        0.000%
RET_OP_EXEC_COUNT_12                                 0        0.000%                0        0.000%
RET_OP_EXEC_COUNT_13                                 0        0.000%                0        0.000%
RET_OP_EXEC_COUNT_14                                 0        0.000%                0        0.000%
RET_OP_EXEC_COUNT_15                                 0        0.000%                0        0.000%
RET_OP_EXEC_COUNT_16                                 0        0.000%                0        0.000%
RET_OP_EXEC_COUNT_17                                 0        0.000%                0        0.000%
RET_OP_EXEC_COUNT_18                                 0        0.000%                0        0.000%
RET_OP_EXEC_COUNT_19                                 0        0.000%                0        0.000%
RET_OP_EXEC_COUNT_20                                 0        0.000%                0        0.000%
RET_OP_EXEC_COUNT_21                                 0        0.000%                0        0.000%
RET_OP_EXEC_COUNT_22                                 0        0.000%                0        0.000%
RET_OP_EXEC_COUNT_23                                 0        0.000%                0        0.000%
RET_OP_EXEC_COUNT_24                                 0        0.000%                0        0.000%
RET_OP_EXEC_COUNT_25                                 0        0.000%                0        0.000%
RET_OP_EXEC_COUNT_26                                 0        0.000%                0        0.000%
RET_OP_EXEC_COUNT_27                                 0        0.000%                0        0.000%
RET_OP_EXEC_COUNT_28                                 0        0.000%                0        0.000%
RET_OP_EXEC_COUNT_29                                 0        0.000%                0        0.000%
RET_OP_EXEC_COUNT_30                                 0        0.000%                0        0.000%
RET_OP_EXEC_COUNT_31                                 0        0.000%                0        0.000%
RET_OP_EXEC_COUNT_32                                 0        0.000%                0        0.000%
                                              12112395      100.000%         24244625      100.000%
                                                  1.00         0.00              1.00         0.00

RET_STALL_LENGTH_0                            12109973       99.980%         24239203       99.978%
RET_STALL_LENGTH_100                              2255        0.019%             5044        0.021%
RET_STALL_LENGTH_200                                80        0.001%              184        0.001%
RET_STALL_LENGTH_300                                 4        0.000%               13        0.000%
RET_STALL_LENGTH_400                                12        0.000%               27        0.000%
RET_STALL_LENGTH_500                                 7        0.000%               11        0.000%
RET_STALL_LENGTH_600                                 3        0.000%               15        0.000%
RET_STALL_LENGTH_700                                 6        0.000%               17        0.000%
RET_STALL_LENGTH_800                                10        0.000%               19        0.000%
RET_STALL_LENGTH_900                                 6        0.000%               10        0.000%
RET_STALL_LENGTH_1000                               12        0.000%               21        0.000%
RET_STALL_LENGTH_1100                               14        0.000%               23        0.000%
RET_STALL_LENGTH_1200                               13        0.000%               32        0.000%
RET_STALL_LENGTH_1300                                0        0.000%                6        0.000%
RET_STALL_LENGTH_1400                                0        0.000%                0        0.000%
RET_STALL_LENGTH_1500                                0        0.000%                0        0.000%
RET_STALL_LENGTH_1600                                0        0.000%                0        0.000%
RET_STALL_LENGTH_1700                                0        0.000%                0        0.000%
RET_STALL_LENGTH_1800                                0        0.000%                0        0.000%
RET_STALL_LENGTH_1900                                0        0.000%                0        0.000%
RET_STALL_LENGTH_2000                                0        0.000%                0        0.000%
RET_STALL_LENGTH_2100                                0        0.000%                0        0.000%
RET_STALL_LENGTH_2200                                0        0.000%                0        0.000%
RET_STALL_LENGTH_2300                                0        0.000%                0        0.000%
RET_STALL_LENGTH_2400                                0        0.000%                0        0.000%
RET_STALL_LENGTH_2500                                0        0.000%                0        0.000%
RET_STALL_LENGTH_2600                                0        0.000%                0        0.000%
RET_STALL_LENGTH_2700                                0        0.000%                0        0.000%
RET_STALL_LENGTH_2800                                0        0.000%                0        0.000%
RET_STALL_LENGTH_2900                                0        0.000%                0        0.000%
RET_STALL_LENGTH_3000                                0        0.000%                0        0.000%
RET_STALL_LENGTH_3100                                0        0.000%                0        0.000%
RET_STALL_LENGTH_3200                                0        0.000%                0        0.000%
RET_STALL_LENGTH_3300                                0        0.000%                0        0.000%
RET_STALL_LENGTH_3400                                0        0.000%                0        0.000%
RET_STALL_LENGTH_3500                                0        0.000%                0        0.000%
RET_STALL_LENGTH_3600                                0        0.000%                0        0.000%
RET_STALL_LENGTH_3700                                0        0.000%                0        0.000%
RET_STALL_LENGTH_3800                                0        0.000%                0        0.000%
RET_STALL_LENGTH_3900                                0        0.000%                0        0.000%
RET_STALL_LENGTH_4000                                0        0.000%                0        0.000%
RET_STALL_LENGTH_4100                                0        0.000%                0        0.000%
RET_STALL_LENGTH_4200                                0        0.000%                0        0.000%
RET_STALL_LENGTH_4300                                0        0.000%                0        0.000%
RET_STALL_LENGTH_4400                                0        0.000%                0        0.000%
RET_STALL_LENGTH_4500                                0        0.000%                0        0.000%
RET_STALL_LENGTH_4600                                0        0.000%                0        0.000%
RET_STALL_LENGTH_4700                                0        0.000%                0        0.000%
RET_STALL_LENGTH_4800                                0        0.000%                0        0.000%
RET_STALL_LENGTH_4900                                0        0.000%                0        0.000%
RET_STALL_LENGTH_5000                                0        0.000%                0        0.000%
                                              12112395      100.000%         24244625      100.000%
                                                  0.00         0.03              0.00         0.03

MEM_BLOCK_LENGTH_0                                   0         -nan%                3      100.000%
MEM_BLOCK_LENGTH_100                                 0         -nan%                0        0.000%
MEM_BLOCK_LENGTH_200                                 0         -nan%                0        0.000%
MEM_BLOCK_LENGTH_300                                 0         -nan%                0        0.000%
MEM_BLOCK_LENGTH_400                                 0         -nan%                0        0.000%
MEM_BLOCK_LENGTH_500                                 0         -nan%                0        0.000%
MEM_BLOCK_LENGTH_600                                 0         -nan%                0        0.000%
MEM_BLOCK_LENGTH_700                                 0         -nan%                0        0.000%
MEM_BLOCK_LENGTH_800                                 0         -nan%                0        0.000%
MEM_BLOCK_LENGTH_900                                 0         -nan%                0        0.000%
MEM_BLOCK_LENGTH_1000                                0         -nan%                0        0.000%
MEM_BLOCK_LENGTH_1100                                0         -nan%                0        0.000%
MEM_BLOCK_LENGTH_1200                                0         -nan%                0        0.000%
MEM_BLOCK_LENGTH_1300                                0         -nan%                0        0.000%
MEM_BLOCK_LENGTH_1400                                0         -nan%                0        0.000%
MEM_BLOCK_LENGTH_1500                                0         -nan%                0        0.000%
MEM_BLOCK_LENGTH_1600                                0         -nan%                0        0.000%
MEM_BLOCK_LENGTH_1700                                0         -nan%                0        0.000%
MEM_BLOCK_LENGTH_1800                                0         -nan%                0        0.000%
MEM_BLOCK_LENGTH_1900                                0         -nan%                0        0.000%
MEM_BLOCK_LENGTH_2000                                0         -nan%                0        0.000%
MEM_BLOCK_LENGTH_2100                                0         -nan%                0        0.000%
MEM_BLOCK_LENGTH_2200                                0         -nan%                0        0.000%
MEM_BLOCK_LENGTH_2300                                0         -nan%                0        0.000%
MEM_BLOCK_LENGTH_2400                                0         -nan%                0        0.000%
MEM_BLOCK_LENGTH_2500                                0         -nan%                0        0.000%
MEM_BLOCK_LENGTH_2600                                0         -nan%                0        0.000%
MEM_BLOCK_LENGTH_2700                                0         -nan%                0        0.000%
MEM_BLOCK_LENGTH_2800                                0         -nan%                0        0.000%
MEM_BLOCK_LENGTH_2900                                0         -nan%                0        0.000%
MEM_BLOCK_LENGTH_3000                                0         -nan%                0        0.000%
MEM_BLOCK_LENGTH_3100                                0         -nan%                0        0.000%
MEM_BLOCK_LENGTH_3200                                0         -nan%                0        0.000%
MEM_BLOCK_LENGTH_3300                                0         -nan%                0        0.000%
MEM_BLOCK_LENGTH_3400                                0         -nan%                0        0.000%
MEM_BLOCK_LENGTH_3500                                0         -nan%                0        0.000%
MEM_BLOCK_LENGTH_3600                                0         -nan%                0        0.000%
MEM_BLOCK_LENGTH_3700                                0         -nan%                0        0.000%
MEM_BLOCK_LENGTH_3800                                0         -nan%                0        0.000%
MEM_BLOCK_LENGTH_3900                                0         -nan%                0        0.000%
MEM_BLOCK_LENGTH_4000                                0         -nan%                0        0.000%
MEM_BLOCK_LENGTH_4100                                0         -nan%                0        0.000%
MEM_BLOCK_LENGTH_4200                                0         -nan%                0        0.000%
MEM_BLOCK_LENGTH_4300                                0         -nan%                0        0.000%
MEM_BLOCK_LENGTH_4400                                0         -nan%                0        0.000%
MEM_BLOCK_LENGTH_4500                                0         -nan%                0        0.000%
MEM_BLOCK_LENGTH_4600                                0         -nan%                0        0.000%
MEM_BLOCK_LENGTH_4700                                0         -nan%                0        0.000%
MEM_BLOCK_LENGTH_4800                                0         -nan%                0        0.000%
MEM_BLOCK_LENGTH_4900                                0         -nan%                0        0.000%
MEM_BLOCK_LENGTH_5000                                0         -nan%                0        0.000%
                                                     0         -nan%                3      100.000%
                                                  -nan         -nan              0.00         0.00

FUS_BUSY_ON_PATH                              12458051        2.7865         24946938        2.7287

FUS_BUSY_OFF_PATH                              1630456        0.3647          3385241        0.3703

FU_BUSY_MEM_STALL                               270530        0.0605           541008        0.0592

FUS_EMPTY                                     21678165        4.8488         44806045        4.9010

FU_UNAVAILABLE                                   57675        0.0129           122688        0.0134

FU_MEM_UNAVAILABLE                              170591        0.0382           341735        0.0374

FU_REPLAY                                            0        0.0000                0        0.0000

FU_STARVED                                    21513245        4.8119         44463880        4.8635

CHIP_UTILIZATION                                     0        0.0000                0        0.0000

CYCLES_UNDER_MEM_REQ                                 0                              0              

CYCLES_UNDER_NO_MEM_REQ                              0                              0              

CYCLES_UNDER_CRITICAL_MEM_REQ                        0                              0              

CYCLES_UNDER_NONCRITICAL_MEM_REQ                     0                              0              

CHIP_UTILIZATION_UNDER_MEM_REQ                       0          -nan                0          -nan

CHIP_UTILIZATION_UNDER_NO_MEM_REQ                    0          -nan                0          -nan

CHIP_UTILIZATION_UNDER_CRITICAL_MEM_REQ              0          -nan                0          -nan

CHIP_UTILIZATION_UNDER_NONCRITICAL_MEM_REQ             0          -nan                0          -nan

CYCLES_NOT_WAITING_FOR_OFF_CHIP                      0        0.0000                0        0.0000

FUS_BUSY_NOT_WAITING_FOR_OFF_CHIP                    0          -nan                0          -nan

CYCLES_WAITING_FOR_OFF_CHIP                          0        0.0000                0        0.0000

FUS_BUSY_WAITING_FOR_OFF_CHIP                        0          -nan                0          -nan

TOTAL_OFF_CHIP_DELAYS_LEFT                           0                              0              

WRONG_IO_SCHED                                       0                              0              

DVFS_CONFIG_SWITCH                                   0                              0              

MAP_STAGE_RECEIVED_OPS_0                             0        0.000%                0        0.000%
MAP_STAGE_RECEIVED_OPS_1                        170611        6.367%           337471        6.297%
MAP_STAGE_RECEIVED_OPS_2                        199416        7.442%           396957        7.407%
MAP_STAGE_RECEIVED_OPS_3                        290639       10.847%           573410       10.699%
MAP_STAGE_RECEIVED_OPS_4                        228675        8.534%           455374        8.497%
MAP_STAGE_RECEIVED_OPS_5                       1041474       38.868%          2124351       39.638%
MAP_STAGE_RECEIVED_OPS_6                        748677       27.941%          1471830       27.463%
MAP_STAGE_RECEIVED_OPS_7                             0        0.000%                0        0.000%
MAP_STAGE_RECEIVED_OPS_8                             0        0.000%                0        0.000%
MAP_STAGE_RECEIVED_OPS_MAX                           0        0.000%                0        0.000%
                                               2679492      100.000%          5359393      100.000%
                                                  4.50         1.50              4.50         1.49

MAP_STAGE_WAIT_FOR_DECODE                            0         -nan%                0         -nan%
MAP_STAGE_CONSUME_DECODE                             0         -nan%                0         -nan%
                                                     0         -nan%                0         -nan%
                                                  -nan         -nan              -nan         -nan

MAP_STAGE_WAIT_FOR_DECODE2                           0         -nan%                0         -nan%
MAP_STAGE_CONSUME_DECODE2                            0         -nan%                0         -nan%
                                                     0         -nan%                0         -nan%
                                                  -nan         -nan              -nan         -nan

FTQ_RECOVER_EXEC                                 46699                          97298              

FTQ_RECOVER_DECODE                                 185                            958              

FTQ_OFFPATH_CYCLES                             1879566                        3808858              

FTQ_CYCLES_OFFPATH                             2921482                        6030957              

FTQ_CYCLES_ONPATH                              1549352                        3111321              

FTQ_FETCHED_INS_OFFPATH                       19792628                       41475235              

FTQ_FETCHED_INS_ONPATH                        12065072                       24146369              

FTQ_BREAK_FULL_FT_ONPATH                       1211581       80.640%          2434694       80.805%
FTQ_BREAK_MAX_CFS_TAKEN_ONPATH                  227507       15.142%           452170       15.007%
FTQ_BREAK_MAX_BYTES_ONPATH                       63364        4.217%           126185        4.188%
FTQ_BREAK_PRED_BR_ONPATH                             0        0.000%                0        0.000%
FTQ_BREAK_BAR_FETCH_ONPATH                           0        0.000%                0        0.000%
                                               1502452      100.000%          3013049      100.000%
                                                  0.24         0.47              0.23         0.47

FTQ_BREAK_FULL_FT_OFFPATH                      2571779       86.640%          5278668       86.123%
FTQ_BREAK_MAX_CFS_TAKEN_OFFPATH                 308271       10.385%           654315       10.675%
FTQ_BREAK_MAX_BYTES_OFFPATH                      88312        2.975%           196226        3.201%
FTQ_BREAK_PRED_BR_OFFPATH                            0        0.000%                0        0.000%
FTQ_BREAK_BAR_FETCH_OFFPATH                          0        0.000%                0        0.000%
                                               2968362      100.000%          6129209      100.000%
                                                  0.16         0.42              0.17         0.42



