               ramulator.active_cycles_0             8464474                                      # Total active cycles for level _0
                 ramulator.busy_cycles_0             8464474                                      # (All-bank refresh only. busy cycles only include refresh time in rank level) The sum of cycles that the DRAM part is active or under refresh for level _0
            ramulator.serving_requests_0            20257437                                      # The sum of read and write requests that are served in this DRAM element per memory cycle for level _0
    ramulator.average_serving_requests_0            1.924516                                      # The average of read and write requests that are served in this DRAM element per memory cycle for level _0
             ramulator.active_cycles_0_0             8464474                                      # Total active cycles for level _0_0
               ramulator.busy_cycles_0_0             8856334                                      # (All-bank refresh only. busy cycles only include refresh time in rank level) The sum of cycles that the DRAM part is active or under refresh for level _0_0
          ramulator.serving_requests_0_0            20257437                                      # The sum of read and write requests that are served in this DRAM element per memory cycle for level _0_0
  ramulator.average_serving_requests_0_0            1.924516                                      # The average of read and write requests that are served in this DRAM element per memory cycle for level _0_0
           ramulator.active_cycles_0_0_0             2837439                                      # Total active cycles for level _0_0_0
             ramulator.busy_cycles_0_0_0             2837439                                      # (All-bank refresh only. busy cycles only include refresh time in rank level) The sum of cycles that the DRAM part is active or under refresh for level _0_0_0
        ramulator.serving_requests_0_0_0             5155597                                      # The sum of read and write requests that are served in this DRAM element per memory cycle for level _0_0_0
ramulator.average_serving_requests_0_0_0            0.489797                                      # The average of read and write requests that are served in this DRAM element per memory cycle for level _0_0_0
         ramulator.active_cycles_0_0_0_0              642180                                      # Total active cycles for level _0_0_0_0
           ramulator.busy_cycles_0_0_0_0              642180                                      # (All-bank refresh only. busy cycles only include refresh time in rank level) The sum of cycles that the DRAM part is active or under refresh for level _0_0_0_0
      ramulator.serving_requests_0_0_0_0             1144010                                      # The sum of read and write requests that are served in this DRAM element per memory cycle for level _0_0_0_0
ramulator.average_serving_requests_0_0_0_0            0.108684                                      # The average of read and write requests that are served in this DRAM element per memory cycle for level _0_0_0_0
         ramulator.active_cycles_0_0_0_1              672497                                      # Total active cycles for level _0_0_0_1
           ramulator.busy_cycles_0_0_0_1              672497                                      # (All-bank refresh only. busy cycles only include refresh time in rank level) The sum of cycles that the DRAM part is active or under refresh for level _0_0_0_1
      ramulator.serving_requests_0_0_0_1             1194107                                      # The sum of read and write requests that are served in this DRAM element per memory cycle for level _0_0_0_1
ramulator.average_serving_requests_0_0_0_1            0.113444                                      # The average of read and write requests that are served in this DRAM element per memory cycle for level _0_0_0_1
         ramulator.active_cycles_0_0_0_2              851608                                      # Total active cycles for level _0_0_0_2
           ramulator.busy_cycles_0_0_0_2              851608                                      # (All-bank refresh only. busy cycles only include refresh time in rank level) The sum of cycles that the DRAM part is active or under refresh for level _0_0_0_2
      ramulator.serving_requests_0_0_0_2             1400469                                      # The sum of read and write requests that are served in this DRAM element per memory cycle for level _0_0_0_2
ramulator.average_serving_requests_0_0_0_2            0.133049                                      # The average of read and write requests that are served in this DRAM element per memory cycle for level _0_0_0_2
         ramulator.active_cycles_0_0_0_3              854395                                      # Total active cycles for level _0_0_0_3
           ramulator.busy_cycles_0_0_0_3              854395                                      # (All-bank refresh only. busy cycles only include refresh time in rank level) The sum of cycles that the DRAM part is active or under refresh for level _0_0_0_3
      ramulator.serving_requests_0_0_0_3             1417011                                      # The sum of read and write requests that are served in this DRAM element per memory cycle for level _0_0_0_3
ramulator.average_serving_requests_0_0_0_3            0.134620                                      # The average of read and write requests that are served in this DRAM element per memory cycle for level _0_0_0_3
           ramulator.active_cycles_0_0_1             2753030                                      # Total active cycles for level _0_0_1
             ramulator.busy_cycles_0_0_1             2753030                                      # (All-bank refresh only. busy cycles only include refresh time in rank level) The sum of cycles that the DRAM part is active or under refresh for level _0_0_1
        ramulator.serving_requests_0_0_1             5068977                                      # The sum of read and write requests that are served in this DRAM element per memory cycle for level _0_0_1
ramulator.average_serving_requests_0_0_1            0.481568                                      # The average of read and write requests that are served in this DRAM element per memory cycle for level _0_0_1
         ramulator.active_cycles_0_0_1_0              773050                                      # Total active cycles for level _0_0_1_0
           ramulator.busy_cycles_0_0_1_0              773050                                      # (All-bank refresh only. busy cycles only include refresh time in rank level) The sum of cycles that the DRAM part is active or under refresh for level _0_0_1_0
      ramulator.serving_requests_0_0_1_0             1333419                                      # The sum of read and write requests that are served in this DRAM element per memory cycle for level _0_0_1_0
ramulator.average_serving_requests_0_0_1_0            0.126679                                      # The average of read and write requests that are served in this DRAM element per memory cycle for level _0_0_1_0
         ramulator.active_cycles_0_0_1_1              702088                                      # Total active cycles for level _0_0_1_1
           ramulator.busy_cycles_0_0_1_1              702088                                      # (All-bank refresh only. busy cycles only include refresh time in rank level) The sum of cycles that the DRAM part is active or under refresh for level _0_0_1_1
      ramulator.serving_requests_0_0_1_1             1245986                                      # The sum of read and write requests that are served in this DRAM element per memory cycle for level _0_0_1_1
ramulator.average_serving_requests_0_0_1_1            0.118372                                      # The average of read and write requests that are served in this DRAM element per memory cycle for level _0_0_1_1
         ramulator.active_cycles_0_0_1_2              675785                                      # Total active cycles for level _0_0_1_2
           ramulator.busy_cycles_0_0_1_2              675785                                      # (All-bank refresh only. busy cycles only include refresh time in rank level) The sum of cycles that the DRAM part is active or under refresh for level _0_0_1_2
      ramulator.serving_requests_0_0_1_2             1206743                                      # The sum of read and write requests that are served in this DRAM element per memory cycle for level _0_0_1_2
ramulator.average_serving_requests_0_0_1_2            0.114644                                      # The average of read and write requests that are served in this DRAM element per memory cycle for level _0_0_1_2
         ramulator.active_cycles_0_0_1_3              788413                                      # Total active cycles for level _0_0_1_3
           ramulator.busy_cycles_0_0_1_3              788413                                      # (All-bank refresh only. busy cycles only include refresh time in rank level) The sum of cycles that the DRAM part is active or under refresh for level _0_0_1_3
      ramulator.serving_requests_0_0_1_3             1282829                                      # The sum of read and write requests that are served in this DRAM element per memory cycle for level _0_0_1_3
ramulator.average_serving_requests_0_0_1_3            0.121873                                      # The average of read and write requests that are served in this DRAM element per memory cycle for level _0_0_1_3
           ramulator.active_cycles_0_0_2             2610785                                      # Total active cycles for level _0_0_2
             ramulator.busy_cycles_0_0_2             2610785                                      # (All-bank refresh only. busy cycles only include refresh time in rank level) The sum of cycles that the DRAM part is active or under refresh for level _0_0_2
        ramulator.serving_requests_0_0_2             4790000                                      # The sum of read and write requests that are served in this DRAM element per memory cycle for level _0_0_2
ramulator.average_serving_requests_0_0_2            0.455064                                      # The average of read and write requests that are served in this DRAM element per memory cycle for level _0_0_2
         ramulator.active_cycles_0_0_2_0              588340                                      # Total active cycles for level _0_0_2_0
           ramulator.busy_cycles_0_0_2_0              588340                                      # (All-bank refresh only. busy cycles only include refresh time in rank level) The sum of cycles that the DRAM part is active or under refresh for level _0_0_2_0
      ramulator.serving_requests_0_0_2_0             1047199                                      # The sum of read and write requests that are served in this DRAM element per memory cycle for level _0_0_2_0
ramulator.average_serving_requests_0_0_2_0            0.099487                                      # The average of read and write requests that are served in this DRAM element per memory cycle for level _0_0_2_0
         ramulator.active_cycles_0_0_2_1              654204                                      # Total active cycles for level _0_0_2_1
           ramulator.busy_cycles_0_0_2_1              654204                                      # (All-bank refresh only. busy cycles only include refresh time in rank level) The sum of cycles that the DRAM part is active or under refresh for level _0_0_2_1
      ramulator.serving_requests_0_0_2_1             1170446                                      # The sum of read and write requests that are served in this DRAM element per memory cycle for level _0_0_2_1
ramulator.average_serving_requests_0_0_2_1            0.111196                                      # The average of read and write requests that are served in this DRAM element per memory cycle for level _0_0_2_1
         ramulator.active_cycles_0_0_2_2              731054                                      # Total active cycles for level _0_0_2_2
           ramulator.busy_cycles_0_0_2_2              731054                                      # (All-bank refresh only. busy cycles only include refresh time in rank level) The sum of cycles that the DRAM part is active or under refresh for level _0_0_2_2
      ramulator.serving_requests_0_0_2_2             1239402                                      # The sum of read and write requests that are served in this DRAM element per memory cycle for level _0_0_2_2
ramulator.average_serving_requests_0_0_2_2            0.117747                                      # The average of read and write requests that are served in this DRAM element per memory cycle for level _0_0_2_2
         ramulator.active_cycles_0_0_2_3              797510                                      # Total active cycles for level _0_0_2_3
           ramulator.busy_cycles_0_0_2_3              797510                                      # (All-bank refresh only. busy cycles only include refresh time in rank level) The sum of cycles that the DRAM part is active or under refresh for level _0_0_2_3
      ramulator.serving_requests_0_0_2_3             1332953                                      # The sum of read and write requests that are served in this DRAM element per memory cycle for level _0_0_2_3
ramulator.average_serving_requests_0_0_2_3            0.126634                                      # The average of read and write requests that are served in this DRAM element per memory cycle for level _0_0_2_3
           ramulator.active_cycles_0_0_3             2897684                                      # Total active cycles for level _0_0_3
             ramulator.busy_cycles_0_0_3             2897684                                      # (All-bank refresh only. busy cycles only include refresh time in rank level) The sum of cycles that the DRAM part is active or under refresh for level _0_0_3
        ramulator.serving_requests_0_0_3             5242863                                      # The sum of read and write requests that are served in this DRAM element per memory cycle for level _0_0_3
ramulator.average_serving_requests_0_0_3            0.498087                                      # The average of read and write requests that are served in this DRAM element per memory cycle for level _0_0_3
         ramulator.active_cycles_0_0_3_0              766103                                      # Total active cycles for level _0_0_3_0
           ramulator.busy_cycles_0_0_3_0              766103                                      # (All-bank refresh only. busy cycles only include refresh time in rank level) The sum of cycles that the DRAM part is active or under refresh for level _0_0_3_0
      ramulator.serving_requests_0_0_3_0             1270204                                      # The sum of read and write requests that are served in this DRAM element per memory cycle for level _0_0_3_0
ramulator.average_serving_requests_0_0_3_0            0.120673                                      # The average of read and write requests that are served in this DRAM element per memory cycle for level _0_0_3_0
         ramulator.active_cycles_0_0_3_1              908400                                      # Total active cycles for level _0_0_3_1
           ramulator.busy_cycles_0_0_3_1              908400                                      # (All-bank refresh only. busy cycles only include refresh time in rank level) The sum of cycles that the DRAM part is active or under refresh for level _0_0_3_1
      ramulator.serving_requests_0_0_3_1             1431591                                      # The sum of read and write requests that are served in this DRAM element per memory cycle for level _0_0_3_1
ramulator.average_serving_requests_0_0_3_1            0.136005                                      # The average of read and write requests that are served in this DRAM element per memory cycle for level _0_0_3_1
         ramulator.active_cycles_0_0_3_2              772123                                      # Total active cycles for level _0_0_3_2
           ramulator.busy_cycles_0_0_3_2              772123                                      # (All-bank refresh only. busy cycles only include refresh time in rank level) The sum of cycles that the DRAM part is active or under refresh for level _0_0_3_2
      ramulator.serving_requests_0_0_3_2             1327405                                      # The sum of read and write requests that are served in this DRAM element per memory cycle for level _0_0_3_2
ramulator.average_serving_requests_0_0_3_2            0.126107                                      # The average of read and write requests that are served in this DRAM element per memory cycle for level _0_0_3_2
         ramulator.active_cycles_0_0_3_3              698922                                      # Total active cycles for level _0_0_3_3
           ramulator.busy_cycles_0_0_3_3              698922                                      # (All-bank refresh only. busy cycles only include refresh time in rank level) The sum of cycles that the DRAM part is active or under refresh for level _0_0_3_3
      ramulator.serving_requests_0_0_3_3             1213663                                      # The sum of read and write requests that are served in this DRAM element per memory cycle for level _0_0_3_3
ramulator.average_serving_requests_0_0_3_3            0.115302                                      # The average of read and write requests that are served in this DRAM element per memory cycle for level _0_0_3_3
      ramulator.read_transaction_bytes_0            54786816                                      # The total byte of read transaction per channel
     ramulator.write_transaction_bytes_0               95936                                      # The total byte of write transaction per channel
       ramulator.row_hits_channel_0_core              795306                                      # Number of row hits per channel per core
     ramulator.row_misses_channel_0_core               16544                                      # Number of row misses per channel per core
  ramulator.row_conflicts_channel_0_core               45693                                      # Number of row conflicts per channel per core
  ramulator.read_row_hits_channel_0_core              794742                                      # Number of row hits for read requests per channel per core
                                     [0]            794742.0                                      # 
ramulator.read_row_misses_channel_0_core               16340                                      # Number of row misses for read requests per channel per core
                                     [0]             16340.0                                      # 
ramulator.read_row_conflicts_channel_0_core               44962                                      # Number of row conflicts for read requests per channel per core
                                     [0]             44962.0                                      # 
 ramulator.write_row_hits_channel_0_core                 564                                      # Number of row hits for write requests per channel per core
                                     [0]               564.0                                      # 
ramulator.write_row_misses_channel_0_core                 204                                      # Number of row misses for write requests per channel per core
                                     [0]               204.0                                      # 
ramulator.write_row_conflicts_channel_0_core                 731                                      # Number of row conflicts for write requests per channel per core
                                     [0]               731.0                                      # 
      ramulator.useless_activates_0_core                   0                                      # Number of useless activations. E.g, ACT -> PRE w/o RD or WR
            ramulator.read_latency_avg_0           58.391538                                      # The average memory latency cycles (in memory time domain) per request for all read requests in this channel
            ramulator.read_latency_sum_0            49991039                                      # The memory latency cycles (in memory time domain) sum for all read requests in this channel
        ramulator.req_queue_length_avg_0           16.437646                                      # Average of read and write queue length per memory cycle per channel.
        ramulator.req_queue_length_sum_0           173022480                                      # Sum of read and write queue length per memory cycle per channel.
   ramulator.read_req_queue_length_avg_0            4.654451                                      # Read queue length average per memory cycle per channel.
   ramulator.read_req_queue_length_sum_0            48992696                                      # Read queue length sum per memory cycle per channel.
  ramulator.write_req_queue_length_avg_0           11.783195                                      # Write queue length average per memory cycle per channel.
  ramulator.write_req_queue_length_sum_0           124029784                                      # Write queue length sum per memory cycle per channel.
              ramulator.record_read_hits                 0.0                                      # record read hit count for this core when it reaches request limit or to the end
                                     [0]                 0.0                                      # 
            ramulator.record_read_misses                 0.0                                      # record_read_miss count for this core when it reaches request limit or to the end
                                     [0]                 0.0                                      # 
         ramulator.record_read_conflicts                 0.0                                      # record read conflict count for this core when it reaches request limit or to the end
                                     [0]                 0.0                                      # 
             ramulator.record_write_hits                 0.0                                      # record write hit count for this core when it reaches request limit or to the end
                                     [0]                 0.0                                      # 
           ramulator.record_write_misses                 0.0                                      # record write miss count for this core when it reaches request limit or to the end
                                     [0]                 0.0                                      # 
        ramulator.record_write_conflicts                 0.0                                      # record write conflict for this core when it reaches request limit or to the end
                                     [0]                 0.0                                      # 
                 ramulator.dram_capacity          8589934592                                      # Number of bytes in simulated DRAM
                   ramulator.dram_cycles            10525989                                      # Number of DRAM cycles simulated
             ramulator.incoming_requests              857643                                      # Number of incoming requests to DRAM
                 ramulator.read_requests              856135                                      # Number of incoming read requests to DRAM per core
                                     [0]            856135.0                                      # 
                ramulator.write_requests                1508                                      # Number of incoming write requests to DRAM per core
                                     [0]              1508.0                                      # 
       ramulator.ramulator_active_cycles             8464477                                      # The total number of cycles that the DRAM part is active (serving R/W)
 ramulator.incoming_requests_per_channel            857643.0                                      # Number of incoming requests to each DRAM channel
                                     [0]            857643.0                                      # 
ramulator.incoming_read_reqs_per_channel            856135.0                                      # Number of incoming read requests to each DRAM channel
                                     [0]            856135.0                                      # 
     ramulator.physical_page_replacement                   0                                      # The number of times that physical page replacement happens.
             ramulator.maximum_bandwidth         19200000000                                      # The theoretical maximum bandwidth (Bps)
          ramulator.in_queue_req_num_sum           173022480                                      # Sum of read/write queue length
     ramulator.in_queue_read_req_num_sum            48992696                                      # Sum of read queue length
    ramulator.in_queue_write_req_num_sum           124029784                                      # Sum of write queue length
          ramulator.in_queue_req_num_avg           16.437646                                      # Average of read/write queue length per memory cycle
     ramulator.in_queue_read_req_num_avg            4.654451                                      # Average of read queue length per memory cycle
    ramulator.in_queue_write_req_num_avg           11.783195                                      # Average of write queue length per memory cycle
          ramulator.record_read_requests                 0.0                                      # record read requests for this core when it reaches request limit or to the end
                                     [0]                 0.0                                      # 
         ramulator.record_write_requests                 0.0                                      # record write requests for this core when it reaches request limit or to the end
                                     [0]                 0.0                                      # 
