Scarab gitrev: 3541854
Scarab started at Wed Oct 23 01:35:32 2024

Initialized Ramulator. 
** Heartbeat:   5% -- { 1000000 } -- 0.00 KIPS (40.00 KIPS)
** Heartbeat:  10% -- { 2000000 } -- 38.46 KIPS (39.22 KIPS)
** Heartbeat:  15% -- { 3000003 } -- 40.00 KIPS (39.47 KIPS)
** Heartbeat:  20% -- { 4000007 } -- 29.41 KIPS (36.36 KIPS)
** Heartbeat:  25% -- { 5000008 } -- 30.30 KIPS (34.97 KIPS)
** Heartbeat:  30% -- { 6000008 } -- 24.39 KIPS (32.61 KIPS)
** Heartbeat:  35% -- { 7000011 } -- 31.25 KIPS (32.41 KIPS)
** Heartbeat:  40% -- { 8000013 } -- 50.00 KIPS (33.90 KIPS)
** Heartbeat:  45% -- { 9000017 } -- 40.00 KIPS (34.48 KIPS)
** Heartbeat:  50% -- { 10000018 } -- 40.00 KIPS (34.97 KIPS)
** Heartbeat:  55% -- { 11000018 } -- 34.48 KIPS (34.92 KIPS)
** Heartbeat:  60% -- { 12000018 } -- 45.45 KIPS (35.61 KIPS)
** Heartbeat:  65% -- { 13000018 } -- 38.46 KIPS (35.81 KIPS)
** Heartbeat:  70% -- { 14000019 } -- 0.53 KIPS (6.18 KIPS)
** Heartbeat:  75% -- { 15000023 } -- 21.28 KIPS (6.48 KIPS)
** Heartbeat:  80% -- { 16000026 } -- 27.78 KIPS (6.81 KIPS)
** Heartbeat:  85% -- { 17000026 } -- 43.48 KIPS (7.16 KIPS)
** Heartbeat:  90% -- { 18000026 } -- 35.71 KIPS (7.50 KIPS)
** Heartbeat:  95% -- { 19000026 } -- 40.00 KIPS (7.83 KIPS)
** Core 0 Finished:    insts:20000000    cycles:12137059    time:3792830937500       -- 1.65 IPC (1.65 IPC) --  N/A  KIPS (8.14 KIPS)
Scarab finished at Wed Oct 23 02:16:30 2024

