Scarab gitrev: 3541854
Scarab started at Wed Oct 23 00:58:08 2024

Initialized Ramulator. 
** Heartbeat:   5% -- { 1000000 } -- 0.00 KIPS (25.64 KIPS)
** Heartbeat:  10% -- { 2000000 } -- 25.64 KIPS (25.64 KIPS)
** Heartbeat:  15% -- { 3000000 } -- 24.39 KIPS (25.21 KIPS)
** Heartbeat:  20% -- { 4000000 } -- 21.28 KIPS (24.10 KIPS)
** Heartbeat:  25% -- { 5000000 } -- 19.23 KIPS (22.94 KIPS)
** Heartbeat:  30% -- { 6000000 } -- 22.73 KIPS (22.90 KIPS)
** Heartbeat:  35% -- { 7000000 } -- 23.26 KIPS (22.95 KIPS)
** Heartbeat:  40% -- { 8000000 } -- 26.32 KIPS (23.32 KIPS)
** Heartbeat:  45% -- { 9000000 } -- 23.26 KIPS (23.32 KIPS)
** Heartbeat:  50% -- { 10000000 } -- 26.32 KIPS (23.58 KIPS)
** Heartbeat:  55% -- { 11000000 } -- 23.81 KIPS (23.61 KIPS)
** Heartbeat:  60% -- { 12000000 } -- 24.39 KIPS (23.67 KIPS)
** Heartbeat:  65% -- { 13000000 } -- 22.73 KIPS (23.59 KIPS)
** Heartbeat:  70% -- { 14000000 } -- 24.39 KIPS (23.65 KIPS)
** Heartbeat:  75% -- { 15000000 } -- 23.81 KIPS (23.66 KIPS)
** Heartbeat:  80% -- { 16000000 } -- 23.81 KIPS (23.67 KIPS)
** Heartbeat:  85% -- { 17000000 } -- 21.28 KIPS (23.51 KIPS)
** Heartbeat:  90% -- { 18000005 } -- 17.86 KIPS (23.11 KIPS)
** Heartbeat:  95% -- { 19000009 } -- 21.28 KIPS (23.00 KIPS)
** Core 0 Finished:    insts:20000000    cycles:20828085    time:6508776562500       -- 0.96 IPC (0.96 IPC) --  N/A  KIPS (22.70 KIPS)
Scarab finished at Wed Oct 23 01:12:49 2024

