/* -*- Mode: c -*- */
####################################################################################################
Core 0
####################################################################################################
Cumulative:        Cycles: 12993620              Instructions: 20000000              IPC: 1.53922

Periodic:          Cycles: 6481887               Instructions: 10000000              IPC: 1.54276

ST_OP_INV                                            0        0.000%                0        0.000%
ST_OP_NOP                                       299559        2.386%           605095        2.408%
ST_OP_CF                                       1122467        8.940%          2247081        8.941%
ST_OP_MOV                                       673438        5.363%          1348278        5.365%
ST_OP_CMOV                                           0        0.000%                0        0.000%
ST_OP_LDA                                       336735        2.682%           674191        2.683%
ST_OP_ILD                                      1345010       10.712%          2691271       10.709%
ST_OP_IST                                       262337        2.089%           525548        2.091%
ST_OP_IADD                                      822201        6.548%          1645419        6.547%
ST_OP_IMUL                                       37490        0.299%            75117        0.299%
ST_OP_IDIV                                           0        0.000%                0        0.000%
ST_OP_ICMP                                      224530        1.788%           449564        1.789%
ST_OP_LOGIC                                     486041        3.871%           972734        3.871%
ST_OP_SHIFT                                     112224        0.894%           224669        0.894%
ST_OP_FLD                                      2652294       21.124%          5307096       21.117%
ST_OP_FST                                       897388        7.147%          1796216        7.147%
ST_OP_FCVT                                           0        0.000%                0        0.000%
ST_OP_FADD                                     1045229        8.324%          2090817        8.319%
ST_OP_FMUL                                     1454961       11.588%          2909658       11.578%
ST_OP_FMA                                       298480        2.377%           597060        2.376%
ST_OP_FDIV                                      261405        2.082%           522880        2.081%
ST_OP_FCMP                                      224298        1.786%           448869        1.786%
ST_OP_FCMOV                                          0        0.000%                0        0.000%
ST_OP_GATHER                                         0        0.000%                0        0.000%
ST_OP_SCATTER                                        0        0.000%                0        0.000%
ST_OP_PIPELINED_FAST                                 0        0.000%                0        0.000%
ST_OP_PIPELINED_MEDIUM                               0        0.000%                0        0.000%
ST_OP_PIPELINED_SLOW                                 0        0.000%                0        0.000%
ST_OP_NOTPIPELINED_MEDIUM                            0        0.000%                0        0.000%
ST_OP_NOTPIPELINED_SLOW                              0        0.000%                0        0.000%
ST_OP_NOTPIPELINED_VERY_SLOW                         0        0.000%                0        0.000%
                                              12556087      100.000%         25131563      100.000%
                                                 11.39         5.85             11.38         5.86

ST_NOT_CF                                     11433620       91.060%         22884482       91.059%
ST_CF_BR                                            33        0.000%               95        0.000%
ST_CF_CBR                                       673229        5.362%          1347579        5.362%
ST_CF_CALL                                      149763        1.193%           299864        1.193%
ST_CF_IBR                                       149763        1.193%           299867        1.193%
ST_CF_ICALL                                          0        0.000%                0        0.000%
ST_CF_ICO                                            0        0.000%                0        0.000%
ST_CF_RET                                       149679        1.192%           299676        1.192%
ST_CF_SYS                                            0        0.000%                0        0.000%
                                              12556087      100.000%         25131563      100.000%
                                                  0.27         0.98              0.27         0.98

ST_BAR_NONE                                   12556087      100.000%         25131563      100.000%
ST_BAR_FETCH                                         0        0.000%                0        0.000%
ST_BAR_ISSUE                                         0        0.000%                0        0.000%
ST_BAR_BOTH                                          0        0.000%                0        0.000%
                                              12556087      100.000%         25131563      100.000%
                                                  0.00         0.00              0.00         0.00

ST_NOT_MEM                                     7399058       58.928%         14811432       58.936%
ST_MEM_LD                                      3997304       31.836%          7998367       31.826%
ST_MEM_ST                                      1159725        9.236%          2321764        9.238%
ST_MEM_PF                                            0        0.000%                0        0.000%
ST_MEM_WH                                            0        0.000%                0        0.000%
ST_MEM_EVICT                                         0        0.000%                0        0.000%
                                              12556087      100.000%         25131563      100.000%
                                                  0.50         0.53              0.50         0.53

ST_NOT_MEM_OFFPATH                               15610       51.216%            54608       55.945%
ST_MEM_LD_OFFPATH                                11065       36.304%            31984       32.767%
ST_MEM_ST_OFFPATH                                 3804       12.481%            11019       11.289%
ST_MEM_PF_OFFPATH                                    0        0.000%                0        0.000%
ST_MEM_WH_OFFPATH                                    0        0.000%                0        0.000%
ST_MEM_EVIC_OFFPATHT                                 0        0.000%                0        0.000%
                                                 30479      100.000%            97611      100.000%
                                                  0.61         0.54              0.55         0.55

ST_OP_ONPATH                                  12556087                       25131563              

ST_OP_OFFPATH                                    30479                          97611              

ST_FAKE_OP_OFFPATH                                   0        0.000%             8225        8.426%
ST_NOT_FAKE_OP_OFFPATH                           30479      100.000%            89386       91.574%
                                                 30479      100.000%            97611      100.000%
                                                  1.00         1.00              0.92         0.88

ST_FAKE_REASON_NOT_FAKE                          30479      100.000%            89386       91.574%
ST_FAKE_REASON_REDIRECT_TO_NOT_INSTRUMENTED             0        0.000%             8225        8.426%
ST_FAKE_REASON_RETURN_TO_NOT_INSTRUMENTED             0        0.000%                0        0.000%
ST_FAKE_REASON_NONRET_CF_TO_NOT_INSTRUMENTED             0        0.000%                0        0.000%
ST_FAKE_REASON_NOT_TAKEN_TO_NOT_INSTRUMENTED             0        0.000%                0        0.000%
ST_FAKE_REASON_WRONG_PATH_STORE_TO_NEW_REGION             0        0.000%                0        0.000%
                                                 30479      100.000%            97611      100.000%
                                                  0.00         0.00              0.08         0.27

ST_INST_ONPATH                                10015214                       20047151              

ST_INST_OFFPATH                                  24996                          81503              

STATIC_PIN_NOP                                       0                              0              

DYNAMIC_PIN_REP_GREATER_256                          0                              0              

INST_MAP_UPDATE_JITTED                          298956       28.165%           598246       28.175%
INST_MAP_UPDATE_NPC_INV                              0        0.000%                0        0.000%
INST_MAP_UPDATE_NPC_NOP                              0        0.000%                0        0.000%
INST_MAP_UPDATE_NPC_CF                               0        0.000%                0        0.000%
INST_MAP_UPDATE_NPC_MOV                              0        0.000%                0        0.000%
INST_MAP_UPDATE_NPC_CMOV                             0        0.000%                0        0.000%
INST_MAP_UPDATE_NPC_LDA                              0        0.000%                0        0.000%
INST_MAP_UPDATE_NPC_IMEM                             0        0.000%                0        0.000%
INST_MAP_UPDATE_NPC_IADD                             0        0.000%                0        0.000%
INST_MAP_UPDATE_NPC_IMUL                             0        0.000%                0        0.000%
INST_MAP_UPDATE_NPC_IDIV                             0        0.000%                0        0.000%
INST_MAP_UPDATE_NPC_ICMP                             0        0.000%                0        0.000%
INST_MAP_UPDATE_NPC_LOGIC                            0        0.000%                0        0.000%
INST_MAP_UPDATE_NPC_SHIFT                            0        0.000%                0        0.000%
INST_MAP_UPDATE_NPC_FMEM                             0        0.000%                0        0.000%
INST_MAP_UPDATE_NPC_FCVT                             0        0.000%                0        0.000%
INST_MAP_UPDATE_NPC_FADD                             0        0.000%                0        0.000%
INST_MAP_UPDATE_NPC_FMUL                             0        0.000%                0        0.000%
INST_MAP_UPDATE_NPC_FMA                              0        0.000%                0        0.000%
INST_MAP_UPDATE_NPC_FDIV                             0        0.000%                0        0.000%
INST_MAP_UPDATE_NPC_FCMP                             0        0.000%                0        0.000%
INST_MAP_UPDATE_NPC_FCMOV                            0        0.000%                0        0.000%
INST_MAP_UPDATE_NPC_GATHER                           0        0.000%                0        0.000%
INST_MAP_UPDATE_NPC_SCATTER                          0        0.000%                0        0.000%
INST_MAP_UPDATE_NPC_PIPELINED_FAST                   0        0.000%                0        0.000%
INST_MAP_UPDATE_NPC_PIPELINED_MEDIUM                 0        0.000%                0        0.000%
INST_MAP_UPDATE_NPC_PIPELINED_SLOW                   0        0.000%                0        0.000%
INST_MAP_UPDATE_NPC_NOTPIPELINED_MEDIUM              0        0.000%                0        0.000%
INST_MAP_UPDATE_NPC_NOTPIPELINED_SLOW                0        0.000%                0        0.000%
INST_MAP_UPDATE_NPC_NOTPIPELINED_VERY_SLOW             0        0.000%                0        0.000%
INST_MAP_UPDATE_MEM_INV                              0        0.000%                0        0.000%
INST_MAP_UPDATE_MEM_NOP                              0        0.000%                0        0.000%
INST_MAP_UPDATE_MEM_CF                               0        0.000%                0        0.000%
INST_MAP_UPDATE_MEM_MOV                         366847       34.561%           734188       34.577%
INST_MAP_UPDATE_MEM_CMOV                             0        0.000%                0        0.000%
INST_MAP_UPDATE_MEM_LDA                              0        0.000%                0        0.000%
INST_MAP_UPDATE_MEM_IMEM                             0        0.000%                0        0.000%
INST_MAP_UPDATE_MEM_IADD                             0        0.000%                0        0.000%
INST_MAP_UPDATE_MEM_IMUL                         74224        6.993%           148310        6.985%
INST_MAP_UPDATE_MEM_IDIV                             0        0.000%                0        0.000%
INST_MAP_UPDATE_MEM_ICMP                             0        0.000%                0        0.000%
INST_MAP_UPDATE_MEM_LOGIC                        37222        3.507%            74417        3.505%
INST_MAP_UPDATE_MEM_SHIFT                            0        0.000%                0        0.000%
INST_MAP_UPDATE_MEM_FMEM                             0        0.000%                0        0.000%
INST_MAP_UPDATE_MEM_FCVT                             0        0.000%                0        0.000%
INST_MAP_UPDATE_MEM_FADD                             0        0.000%                0        0.000%
INST_MAP_UPDATE_MEM_FMUL                             0        0.000%                0        0.000%
INST_MAP_UPDATE_MEM_FMA                         186422       17.563%           372949       17.564%
INST_MAP_UPDATE_MEM_FDIV                         97791        9.213%           195233        9.195%
INST_MAP_UPDATE_MEM_FCMP                             0        0.000%                0        0.000%
INST_MAP_UPDATE_MEM_FCMOV                            0        0.000%                0        0.000%
INST_MAP_UPDATE_MEM_GATHER                           0        0.000%                0        0.000%
INST_MAP_UPDATE_MEM_SCATTER                          0        0.000%                0        0.000%
INST_MAP_UPDATE_MEM_PIPELINED_FAST                   0        0.000%                0        0.000%
INST_MAP_UPDATE_MEM_PIPELINED_MEDIUM                 0        0.000%                0        0.000%
INST_MAP_UPDATE_MEM_PIPELINED_SLOW                   0        0.000%                0        0.000%
INST_MAP_UPDATE_MEM_NOTPIPELINED_MEDIUM              0        0.000%                0        0.000%
INST_MAP_UPDATE_MEM_NOTPIPELINED_SLOW                0        0.000%                0        0.000%
INST_MAP_UPDATE_MEM_NOTPIPELINED_VERY_SLOW             0        0.000%                0        0.000%
                                               1061462      100.000%          2123343      100.000%
                                                 28.18        10.91             28.17        10.91



