Scarab gitrev: 3541854
Scarab started at Mon Oct 28 22:00:20 2024

Initialized Ramulator. 
** Heartbeat:   5% -- { 1000000 } -- 0.00 KIPS (13.70 KIPS)
** Heartbeat:  10% -- { 2000000 } -- 13.51 KIPS (13.61 KIPS)
** Heartbeat:  15% -- { 3000000 } -- 14.08 KIPS (13.76 KIPS)
** Heartbeat:  20% -- { 4000000 } -- 13.70 KIPS (13.75 KIPS)
** Heartbeat:  25% -- { 5000000 } -- 13.70 KIPS (13.74 KIPS)
** Heartbeat:  30% -- { 6000000 } -- 14.29 KIPS (13.82 KIPS)
** Heartbeat:  35% -- { 7000000 } -- 13.33 KIPS (13.75 KIPS)
** Heartbeat:  40% -- { 8000000 } -- 13.89 KIPS (13.77 KIPS)
** Heartbeat:  45% -- { 9000000 } -- 13.51 KIPS (13.74 KIPS)
** Heartbeat:  50% -- { 10000000 } -- 13.33 KIPS (13.70 KIPS)
** Heartbeat:  55% -- { 11000000 } -- 13.33 KIPS (13.66 KIPS)
** Heartbeat:  60% -- { 12000000 } -- 13.51 KIPS (13.65 KIPS)
** Heartbeat:  65% -- { 13000000 } -- 12.99 KIPS (13.60 KIPS)
** Heartbeat:  70% -- { 14000000 } -- 14.49 KIPS (13.66 KIPS)
** Heartbeat:  75% -- { 15000000 } -- 13.70 KIPS (13.66 KIPS)
** Heartbeat:  80% -- { 16000000 } -- 13.51 KIPS (13.65 KIPS)
** Heartbeat:  85% -- { 17000000 } -- 13.70 KIPS (13.65 KIPS)
** Heartbeat:  90% -- { 18000005 } -- 13.16 KIPS (13.63 KIPS)
** Heartbeat:  95% -- { 19000009 } -- 13.70 KIPS (13.63 KIPS)
** Core 0 Finished:    insts:20000000    cycles:20723919    time:6476224687500       -- 0.97 IPC (0.97 IPC) --  N/A  KIPS (13.64 KIPS)
Scarab finished at Mon Oct 28 22:24:46 2024

