/* -*- Mode: c -*- */
####################################################################################################
Core 0
####################################################################################################
Cumulative:        Cycles: 26868750              Instructions: 20000000              IPC: 0.74436

Periodic:          Cycles: 13231549              Instructions: 9999996               IPC: 0.75577

EXECUTION_TIME                           4134859062500                  8396484375000              

NODE_CYCLE                                    13231549                       26868750              

NODE_INST_COUNT                                9999996                       20000000              

NODE_INST_COUNT_FETCHED                        9999996                       20000000              

NODE_UOP_COUNT                                12290817                       24591565              

FULL_WINDOW_STALL                              1526198       11.535%          3487051       12.978%

FULL_WINDOW_MEM_OP                             1411843       99.999%          3254979       99.998%
FULL_WINDOW_FP_OP                                    0        0.000%                0        0.000%
FULL_WINDOW_OTHER_OP                                15        0.001%               74        0.002%
                                               1411858      100.000%          3255053      100.000%
                                                  0.00         0.01              0.00         0.01

RET_BLOCKED_DC_MISS                            5485748       41.460%         11368918       42.313%

RET_BLOCKED_L1_MISS                            1546367       11.687%          3638562       13.542%

RET_BLOCKED_L1_MISS_BW_PREF                       4142        0.031%             6867        0.026%

RET_BLOCKED_L1_ACCESS                          3939461       29.773%          7730559       28.772%

RET_BLOCKED_MEM_STALL                          1546367       11.687%          3638562       13.542%

RET_BLOCKED_OFFCHIP_DEMAND                           0        0.000%                0        0.000%

OP_ISSUED                                     30498844                       60756046              

OP_RETIRED                                    12290817                       24591565              

REPLAY_SIGNALED                                      0                              0              

REPLAY_COUNTED                                       0                              0              

OFF_CRITICAL_PATH                                    0         -nan%                0         -nan%
ON_CRITICAL_PATH                                     0         -nan%                0         -nan%
                                                     0         -nan%                0         -nan%
                                                  -nan         -nan              -nan         -nan

LD_NO_DEPENDENTS                                 28336        0.874%            56769        0.877%
LD_DEPENDENTS                                  3212488       99.126%          6418201       99.123%
                                               3240824      100.000%          6474970      100.000%
                                                  0.99         0.99              0.99         0.99

LD_EXEC_CYCLES_0                                     0        0.000%                0        0.000%
LD_EXEC_CYCLES_1                                     0        0.000%                0        0.000%
LD_EXEC_CYCLES_2                                     0        0.000%                0        0.000%
LD_EXEC_CYCLES_3                                   219       32.301%              432       32.977%
LD_EXEC_CYCLES_4                                   459       67.699%              878       67.023%
                                                   678      100.000%             1310      100.000%
                                                  3.68         3.06              3.67         3.04

ICACHE_STAGE_STARVED                                20        0.001%             3191        0.042%
ICACHE_STAGE_NOT_STARVED                       3827216       99.999%          7659019       99.958%
                                               3827236      100.000%          7662210      100.000%
                                                  1.00         1.00              1.00         1.00

ICACHE_STAGE_STALLED                            128125        0.968%           267461        0.995%
ICACHE_STAGE_NOT_STALLED                       3827236       28.925%          7660629       28.511%
ICACHE_STAGE_OFF_PATH                          9276188       70.107%         18940660       70.493%
                                              13231549      100.000%         26868750      100.000%
                                                  1.69         1.49              1.69         1.49

DECODE_STAGE_STARVED                           8584502       92.474%         17346587       92.522%
DECODE_STAGE_NOT_STARVED                        698655        7.526%          1401935        7.478%
                                               9283157      100.000%         18748522      100.000%
                                                  0.08         0.25              0.07         0.25

DECODE_STAGE_STALLED                              3917        0.030%            10006        0.037%
DECODE_STAGE_NOT_STALLED                       9279240       70.130%         18738516       69.741%
DECODE_STAGE_OFF_PATH                          3948392       29.841%          8120228       30.222%
                                              13231549      100.000%         26868750      100.000%
                                                  1.30         0.84              1.30         0.85

UOPQ_STAGE_STARVED                             6531837       84.786%         13056782       84.736%
UOPQ_STAGE_NOT_STARVED                         1172060       15.214%          2351915       15.264%
                                               7703897      100.000%         15408697      100.000%
                                                  0.15         0.34              0.15         0.34

UOPQ_STAGE_STALLED                              128554        0.972%           267415        0.995%
UOPQ_STAGE_NOT_STALLED                         7703897       58.224%         15408697       57.348%
UOPQ_STAGE_OFF_PATH                            5399098       40.805%         11192638       41.657%
                                              13231549      100.000%         26868750      100.000%
                                                  1.40         1.02              1.41         1.03

MAP_STAGE_STARVED                               840639       16.283%          1697493       16.378%
MAP_STAGE_NOT_STARVED                          4321999       83.717%          8667261       83.622%
                                               5162638      100.000%         10364754      100.000%
                                                  0.84         0.78              0.84         0.78

MAP_STAGE_STALLED                               139492        1.054%           295191        1.099%
MAP_STAGE_NOT_STALLED                          5023146       37.963%         10069563       37.477%
MAP_STAGE_OFF_PATH                             8068911       60.982%         16503996       61.425%
                                              13231549      100.000%         26868750      100.000%
                                                  1.60         1.34              1.60         1.35

EXEC_STAGE_STARVED                             6234310       47.117%         12535354       46.654%
EXEC_STAGE_NOT_STARVED                          267581        2.022%           534280        1.988%
EXEC_STAGE_OFF_PATH                            6729658       50.861%         13799116       51.357%
                                              13231549      100.000%         26868750      100.000%
                                                  1.04         1.01              1.05         1.01

FU_BUSY_0                                      7663386                       15345197              

FU_BUSY_1                                      3389459                        6785883              

FU_BUSY_2                                      4295171                        8528314              

FU_BUSY_3                                      3447848                        6831665              

FU_BUSY_4                                      1502480                        2999047              

FU_BUSY_5                                      2687750                        5369704              

FU_BUSY_6                                       919382                        1833450              

FU_BUSY_7                                      1464915                        2933628              

FU_BUSY_8                                            0                              0              

FU_BUSY_9                                            0                              0              

FU_BUSY_10                                           0                              0              

FU_BUSY_11                                           0                              0              

FU_BUSY_12                                           0                              0              

FU_BUSY_13                                           0                              0              

FU_BUSY_14                                           0                              0              

FU_BUSY_15                                           0                              0              

FU_BUSY_16                                           0                              0              

FU_BUSY_17                                           0                              0              

FU_BUSY_18                                           0                              0              

FU_BUSY_19                                           0                              0              

FU_BUSY_20                                           0                              0              

FU_BUSY_21                                           0                              0              

FU_BUSY_22                                           0                              0              

FU_BUSY_23                                           0                              0              

FU_BUSY_24                                           0                              0              

FU_BUSY_25                                           0                              0              

FU_BUSY_26                                           0                              0              

FU_BUSY_27                                           0                              0              

FU_BUSY_28                                           0                              0              

FU_BUSY_29                                           0                              0              

FU_BUSY_30                                           0                              0              

FU_BUSY_31                                           0                              0              

FU_REJECTED_OP_INV_NOT_SIMD                          0        0.000%                0        0.000%
FU_REJECTED_OP_NOP_NOT_SIMD                       3545        1.669%             7193        1.687%
FU_REJECTED_OP_CF_NOT_SIMD                        2609        1.228%             5390        1.264%
FU_REJECTED_OP_MOV_NOT_SIMD                      89673       42.217%           179244       42.030%
FU_REJECTED_OP_CMOV_NOT_SIMD                        71        0.033%              136        0.032%
FU_REJECTED_OP_LDA_NOT_SIMD                       6039        2.843%            12008        2.816%
FU_REJECTED_OP_IMEM_NOT_SIMD                        44        0.021%              116        0.027%
FU_REJECTED_OP_IADD_NOT_SIMD                     21615       10.176%            43228       10.136%
FU_REJECTED_OP_IMUL_NOT_SIMD                     29809       14.034%            60481       14.182%
FU_REJECTED_OP_IDIV_NOT_SIMD                      3411        1.606%             7143        1.675%
FU_REJECTED_OP_ICMP_NOT_SIMD                        11        0.005%               26        0.006%
FU_REJECTED_OP_LOGIC_NOT_SIMD                    22603       10.641%            45509       10.671%
FU_REJECTED_OP_SHIFT_NOT_SIMD                    32946       15.510%            65928       15.459%
FU_REJECTED_OP_FMEM_NOT_SIMD                        35        0.016%               62        0.015%
FU_REJECTED_OP_FCVT_NOT_SIMD                         0        0.000%                0        0.000%
FU_REJECTED_OP_FADD_NOT_SIMD                         0        0.000%                0        0.000%
FU_REJECTED_OP_FMUL_NOT_SIMD                         0        0.000%                0        0.000%
FU_REJECTED_OP_FMA_NOT_SIMD                          0        0.000%                0        0.000%
FU_REJECTED_OP_FDIV_NOT_SIMD                         0        0.000%                0        0.000%
FU_REJECTED_OP_FCMP_NOT_SIMD                         0        0.000%                0        0.000%
FU_REJECTED_OP_FCMOV_NOT_SIMD                        0        0.000%                0        0.000%
FU_REJECTED_OP_GATHER_NOT_SIMD                       0        0.000%                0        0.000%
FU_REJECTED_OP_SCATTER_NOT_SIMD                      0        0.000%                0        0.000%
FU_REJECTED_OP_PIPELINED_FAST_NOT_SIMD               0        0.000%                0        0.000%
FU_REJECTED_OP_PIPELINED_MEDIUM_NOT_SIMD             0        0.000%                0        0.000%
FU_REJECTED_OP_PIPELINED_SLOW_NOT_SIMD               0        0.000%                0        0.000%
FU_REJECTED_OP_NOTPIPELINED_MEDIUM_NOT_SIMD             0        0.000%                0        0.000%
FU_REJECTED_OP_NOTPIPELINED_SLOW_NOT_SIMD             0        0.000%                0        0.000%
FU_REJECTED_OP_NOTPIPELINED_VERY_SLOW_NOT_SIMD             0        0.000%                0        0.000%
FU_REJECTED_OP_INV_SIMD                              0        0.000%                0        0.000%
FU_REJECTED_OP_NOP_SIMD                              0        0.000%                0        0.000%
FU_REJECTED_OP_CF_SIMD                               0        0.000%                0        0.000%
FU_REJECTED_OP_MOV_SIMD                              0        0.000%                0        0.000%
FU_REJECTED_OP_CMOV_SIMD                             0        0.000%                0        0.000%
FU_REJECTED_OP_LDA_SIMD                              0        0.000%                0        0.000%
FU_REJECTED_OP_IMEM_SIMD                             0        0.000%                0        0.000%
FU_REJECTED_OP_IADD_SIMD                             0        0.000%                0        0.000%
FU_REJECTED_OP_IMUL_SIMD                             0        0.000%                0        0.000%
FU_REJECTED_OP_IDIV_SIMD                             0        0.000%                0        0.000%
FU_REJECTED_OP_ICMP_SIMD                             0        0.000%                0        0.000%
FU_REJECTED_OP_LOGIC_SIMD                            0        0.000%                0        0.000%
FU_REJECTED_OP_SHIFT_SIMD                            0        0.000%                0        0.000%
FU_REJECTED_OP_FMEM_SIMD                             0        0.000%                0        0.000%
FU_REJECTED_OP_FCVT_SIMD                             0        0.000%                0        0.000%
FU_REJECTED_OP_FADD_SIMD                             0        0.000%                0        0.000%
FU_REJECTED_OP_FMUL_SIMD                             0        0.000%                0        0.000%
FU_REJECTED_OP_FMA_SIMD                              0        0.000%                0        0.000%
FU_REJECTED_OP_FDIV_SIMD                             0        0.000%                0        0.000%
FU_REJECTED_OP_FCMP_SIMD                             0        0.000%                0        0.000%
FU_REJECTED_OP_FCMOV_SIMD                            0        0.000%                0        0.000%
FU_REJECTED_OP_GATHER_SIMD                           0        0.000%                0        0.000%
FU_REJECTED_OP_SCATTER_SIMD                          0        0.000%                0        0.000%
FU_REJECTED_OP_PIPELINED_FAST_SIMD                   0        0.000%                0        0.000%
FU_REJECTED_OP_PIPELINED_MEDIUM_SIMD                 0        0.000%                0        0.000%
FU_REJECTED_OP_PIPELINED_SLOW_SIMD                   0        0.000%                0        0.000%
FU_REJECTED_OP_NOTPIPELINED_MEDIUM_SIMD              0        0.000%                0        0.000%
FU_REJECTED_OP_NOTPIPELINED_SLOW_SIMD                0        0.000%                0        0.000%
FU_REJECTED_OP_NOTPIPELINED_VERY_SLOW_SIMD             0        0.000%                0        0.000%
                                                212411      100.000%           426464      100.000%
                                                  6.47         3.65              6.47         3.64

OP_WAIT_0                                      7118311                       14223461              

OP_WAIT_1                                      4453928                        8939751              

OP_WAIT_2                                       600016                        1194706              

OP_WAIT_3                                        65312                         127888              

OP_WAIT_4                                        21550                          42816              

OP_WAIT_5                                         9833                          19458              

OP_WAIT_6                                         3108                           6182              

OP_WAIT_7                                         1592                           3152              

OP_WAIT_8                                         1187                           2368              

OP_WAIT_9                                         1080                           2300              

OP_WAIT_10                                        1042                           2084              

OP_WAIT_11                                         942                           1944              

OP_WAIT_12                                         799                           1678              

OP_WAIT_13                                         426                            860              

OP_WAIT_14                                         298                            608              

OP_WAIT_15                                         218                            466              

OP_WAIT_16                                         326                            682              

OP_WAIT_17                                         264                            546              

OP_WAIT_18                                         239                            509              

OP_WAIT_19                                         209                            459              

OP_WAIT_20                                         166                            384              

OP_WAIT_21                                         132                            278              

OP_WAIT_22                                         118                            235              

OP_WAIT_23                                          94                            198              

OP_WAIT_24                                         100                            238              

OP_WAIT_25                                         178                            402              

OP_WAIT_26                                          97                            206              

OP_WAIT_27                                         114                            187              

OP_WAIT_28                                          97                            200              

OP_WAIT_29                                          83                            166              

OP_WAIT_30                                         111                            222              

OP_WAIT_31                                        8847                          16931              

ROW_SIZE_0                                     8139307                       16691407              

ROW_SIZE_1                                     1456600                        2907001              

ROW_SIZE_2                                      545990                        1088258              

ROW_SIZE_3                                      296153                         585199              

ROW_SIZE_4                                      208237                         418586              

ROW_SIZE_5                                      117138                         236535              

ROW_SIZE_6                                     1239190                        2482572              

ROW_SIZE_7                                           0                              0              

ROW_SIZE_8                                           0                              0              

ROW_SIZE_9                                           0                              0              

ROW_SIZE_10                                          0                              0              

ROW_SIZE_11                                          0                              0              

ROW_SIZE_12                                          0                              0              

ROW_SIZE_13                                          0                              0              

ROW_SIZE_14                                          0                              0              

ROW_SIZE_15                                          0                              0              

ROW_SIZE_16                                          0                              0              

ROW_SIZE_17                                          0                              0              

ROW_SIZE_18                                          0                              0              

ROW_SIZE_19                                          0                              0              

ROW_SIZE_20                                          0                              0              

ROW_SIZE_21                                          0                              0              

ROW_SIZE_22                                          0                              0              

ROW_SIZE_23                                          0                              0              

ROW_SIZE_24                                          0                              0              

ROW_SIZE_25                                          0                              0              

ROW_SIZE_26                                          0                              0              

ROW_SIZE_27                                          0                              0              

ROW_SIZE_28                                          0                              0              

ROW_SIZE_29                                          0                              0              

ROW_SIZE_30                                          0                              0              

ROW_SIZE_31                                          0                              0              

RET_OP_EXEC_COUNT_0                                  0        0.000%                0        0.000%
RET_OP_EXEC_COUNT_1                           12290817      100.000%         24591565      100.000%
RET_OP_EXEC_COUNT_2                                  0        0.000%                0        0.000%
RET_OP_EXEC_COUNT_3                                  0        0.000%                0        0.000%
RET_OP_EXEC_COUNT_4                                  0        0.000%                0        0.000%
RET_OP_EXEC_COUNT_5                                  0        0.000%                0        0.000%
RET_OP_EXEC_COUNT_6                                  0        0.000%                0        0.000%
RET_OP_EXEC_COUNT_7                                  0        0.000%                0        0.000%
RET_OP_EXEC_COUNT_8                                  0        0.000%                0        0.000%
RET_OP_EXEC_COUNT_9                                  0        0.000%                0        0.000%
RET_OP_EXEC_COUNT_10                                 0        0.000%                0        0.000%
RET_OP_EXEC_COUNT_11                                 0        0.000%                0        0.000%
RET_OP_EXEC_COUNT_12                                 0        0.000%                0        0.000%
RET_OP_EXEC_COUNT_13                                 0        0.000%                0        0.000%
RET_OP_EXEC_COUNT_14                                 0        0.000%                0        0.000%
RET_OP_EXEC_COUNT_15                                 0        0.000%                0        0.000%
RET_OP_EXEC_COUNT_16                                 0        0.000%                0        0.000%
RET_OP_EXEC_COUNT_17                                 0        0.000%                0        0.000%
RET_OP_EXEC_COUNT_18                                 0        0.000%                0        0.000%
RET_OP_EXEC_COUNT_19                                 0        0.000%                0        0.000%
RET_OP_EXEC_COUNT_20                                 0        0.000%                0        0.000%
RET_OP_EXEC_COUNT_21                                 0        0.000%                0        0.000%
RET_OP_EXEC_COUNT_22                                 0        0.000%                0        0.000%
RET_OP_EXEC_COUNT_23                                 0        0.000%                0        0.000%
RET_OP_EXEC_COUNT_24                                 0        0.000%                0        0.000%
RET_OP_EXEC_COUNT_25                                 0        0.000%                0        0.000%
RET_OP_EXEC_COUNT_26                                 0        0.000%                0        0.000%
RET_OP_EXEC_COUNT_27                                 0        0.000%                0        0.000%
RET_OP_EXEC_COUNT_28                                 0        0.000%                0        0.000%
RET_OP_EXEC_COUNT_29                                 0        0.000%                0        0.000%
RET_OP_EXEC_COUNT_30                                 0        0.000%                0        0.000%
RET_OP_EXEC_COUNT_31                                 0        0.000%                0        0.000%
RET_OP_EXEC_COUNT_32                                 0        0.000%                0        0.000%
                                              12290817      100.000%         24591565      100.000%
                                                  1.00         0.00              1.00         0.00

RET_STALL_LENGTH_0                            12281750       99.926%         24569955       99.912%
RET_STALL_LENGTH_100                              8322        0.068%            19814        0.081%
RET_STALL_LENGTH_200                               482        0.004%             1214        0.005%
RET_STALL_LENGTH_300                                40        0.000%              103        0.000%
RET_STALL_LENGTH_400                                27        0.000%               49        0.000%
RET_STALL_LENGTH_500                                19        0.000%               35        0.000%
RET_STALL_LENGTH_600                                10        0.000%               23        0.000%
RET_STALL_LENGTH_700                                 5        0.000%               20        0.000%
RET_STALL_LENGTH_800                                10        0.000%               15        0.000%
RET_STALL_LENGTH_900                                17        0.000%               33        0.000%
RET_STALL_LENGTH_1000                               25        0.000%               47        0.000%
RET_STALL_LENGTH_1100                               32        0.000%               72        0.000%
RET_STALL_LENGTH_1200                               53        0.000%              131        0.001%
RET_STALL_LENGTH_1300                               21        0.000%               49        0.000%
RET_STALL_LENGTH_1400                                1        0.000%                2        0.000%
RET_STALL_LENGTH_1500                                1        0.000%                1        0.000%
RET_STALL_LENGTH_1600                                2        0.000%                2        0.000%
RET_STALL_LENGTH_1700                                0        0.000%                0        0.000%
RET_STALL_LENGTH_1800                                0        0.000%                0        0.000%
RET_STALL_LENGTH_1900                                0        0.000%                0        0.000%
RET_STALL_LENGTH_2000                                0        0.000%                0        0.000%
RET_STALL_LENGTH_2100                                0        0.000%                0        0.000%
RET_STALL_LENGTH_2200                                0        0.000%                0        0.000%
RET_STALL_LENGTH_2300                                0        0.000%                0        0.000%
RET_STALL_LENGTH_2400                                0        0.000%                0        0.000%
RET_STALL_LENGTH_2500                                0        0.000%                0        0.000%
RET_STALL_LENGTH_2600                                0        0.000%                0        0.000%
RET_STALL_LENGTH_2700                                0        0.000%                0        0.000%
RET_STALL_LENGTH_2800                                0        0.000%                0        0.000%
RET_STALL_LENGTH_2900                                0        0.000%                0        0.000%
RET_STALL_LENGTH_3000                                0        0.000%                0        0.000%
RET_STALL_LENGTH_3100                                0        0.000%                0        0.000%
RET_STALL_LENGTH_3200                                0        0.000%                0        0.000%
RET_STALL_LENGTH_3300                                0        0.000%                0        0.000%
RET_STALL_LENGTH_3400                                0        0.000%                0        0.000%
RET_STALL_LENGTH_3500                                0        0.000%                0        0.000%
RET_STALL_LENGTH_3600                                0        0.000%                0        0.000%
RET_STALL_LENGTH_3700                                0        0.000%                0        0.000%
RET_STALL_LENGTH_3800                                0        0.000%                0        0.000%
RET_STALL_LENGTH_3900                                0        0.000%                0        0.000%
RET_STALL_LENGTH_4000                                0        0.000%                0        0.000%
RET_STALL_LENGTH_4100                                0        0.000%                0        0.000%
RET_STALL_LENGTH_4200                                0        0.000%                0        0.000%
RET_STALL_LENGTH_4300                                0        0.000%                0        0.000%
RET_STALL_LENGTH_4400                                0        0.000%                0        0.000%
RET_STALL_LENGTH_4500                                0        0.000%                0        0.000%
RET_STALL_LENGTH_4600                                0        0.000%                0        0.000%
RET_STALL_LENGTH_4700                                0        0.000%                0        0.000%
RET_STALL_LENGTH_4800                                0        0.000%                0        0.000%
RET_STALL_LENGTH_4900                                0        0.000%                0        0.000%
RET_STALL_LENGTH_5000                                0        0.000%                0        0.000%
                                              12290817      100.000%         24591565      100.000%
                                                  0.00         0.05              0.00         0.05

MEM_BLOCK_LENGTH_0                                   7      100.000%               18      100.000%
MEM_BLOCK_LENGTH_100                                 0        0.000%                0        0.000%
MEM_BLOCK_LENGTH_200                                 0        0.000%                0        0.000%
MEM_BLOCK_LENGTH_300                                 0        0.000%                0        0.000%
MEM_BLOCK_LENGTH_400                                 0        0.000%                0        0.000%
MEM_BLOCK_LENGTH_500                                 0        0.000%                0        0.000%
MEM_BLOCK_LENGTH_600                                 0        0.000%                0        0.000%
MEM_BLOCK_LENGTH_700                                 0        0.000%                0        0.000%
MEM_BLOCK_LENGTH_800                                 0        0.000%                0        0.000%
MEM_BLOCK_LENGTH_900                                 0        0.000%                0        0.000%
MEM_BLOCK_LENGTH_1000                                0        0.000%                0        0.000%
MEM_BLOCK_LENGTH_1100                                0        0.000%                0        0.000%
MEM_BLOCK_LENGTH_1200                                0        0.000%                0        0.000%
MEM_BLOCK_LENGTH_1300                                0        0.000%                0        0.000%
MEM_BLOCK_LENGTH_1400                                0        0.000%                0        0.000%
MEM_BLOCK_LENGTH_1500                                0        0.000%                0        0.000%
MEM_BLOCK_LENGTH_1600                                0        0.000%                0        0.000%
MEM_BLOCK_LENGTH_1700                                0        0.000%                0        0.000%
MEM_BLOCK_LENGTH_1800                                0        0.000%                0        0.000%
MEM_BLOCK_LENGTH_1900                                0        0.000%                0        0.000%
MEM_BLOCK_LENGTH_2000                                0        0.000%                0        0.000%
MEM_BLOCK_LENGTH_2100                                0        0.000%                0        0.000%
MEM_BLOCK_LENGTH_2200                                0        0.000%                0        0.000%
MEM_BLOCK_LENGTH_2300                                0        0.000%                0        0.000%
MEM_BLOCK_LENGTH_2400                                0        0.000%                0        0.000%
MEM_BLOCK_LENGTH_2500                                0        0.000%                0        0.000%
MEM_BLOCK_LENGTH_2600                                0        0.000%                0        0.000%
MEM_BLOCK_LENGTH_2700                                0        0.000%                0        0.000%
MEM_BLOCK_LENGTH_2800                                0        0.000%                0        0.000%
MEM_BLOCK_LENGTH_2900                                0        0.000%                0        0.000%
MEM_BLOCK_LENGTH_3000                                0        0.000%                0        0.000%
MEM_BLOCK_LENGTH_3100                                0        0.000%                0        0.000%
MEM_BLOCK_LENGTH_3200                                0        0.000%                0        0.000%
MEM_BLOCK_LENGTH_3300                                0        0.000%                0        0.000%
MEM_BLOCK_LENGTH_3400                                0        0.000%                0        0.000%
MEM_BLOCK_LENGTH_3500                                0        0.000%                0        0.000%
MEM_BLOCK_LENGTH_3600                                0        0.000%                0        0.000%
MEM_BLOCK_LENGTH_3700                                0        0.000%                0        0.000%
MEM_BLOCK_LENGTH_3800                                0        0.000%                0        0.000%
MEM_BLOCK_LENGTH_3900                                0        0.000%                0        0.000%
MEM_BLOCK_LENGTH_4000                                0        0.000%                0        0.000%
MEM_BLOCK_LENGTH_4100                                0        0.000%                0        0.000%
MEM_BLOCK_LENGTH_4200                                0        0.000%                0        0.000%
MEM_BLOCK_LENGTH_4300                                0        0.000%                0        0.000%
MEM_BLOCK_LENGTH_4400                                0        0.000%                0        0.000%
MEM_BLOCK_LENGTH_4500                                0        0.000%                0        0.000%
MEM_BLOCK_LENGTH_4600                                0        0.000%                0        0.000%
MEM_BLOCK_LENGTH_4700                                0        0.000%                0        0.000%
MEM_BLOCK_LENGTH_4800                                0        0.000%                0        0.000%
MEM_BLOCK_LENGTH_4900                                0        0.000%                0        0.000%
MEM_BLOCK_LENGTH_5000                                0        0.000%                0        0.000%
                                                     7      100.000%               18      100.000%
                                                  0.00         0.00              0.00         0.00

FUS_BUSY_ON_PATH                              12633335        0.9548         25277914        0.9408

FUS_BUSY_OFF_PATH                             12737056        0.9626         25348974        0.9434

FU_BUSY_MEM_STALL                               182886        0.0138           369782        0.0138

FUS_EMPTY                                     80482001        6.0826        164323112        6.1158

FU_UNAVAILABLE                                  190789        0.0144           383217        0.0143

FU_MEM_UNAVAILABLE                               21622        0.0016            43247        0.0016

FU_REPLAY                                            0        0.0000                0        0.0000

FU_STARVED                                    79756768        6.0278        162872002        6.0618

CHIP_UTILIZATION                                     0        0.0000                0        0.0000

CYCLES_UNDER_MEM_REQ                                 0                              0              

CYCLES_UNDER_NO_MEM_REQ                              0                              0              

CYCLES_UNDER_CRITICAL_MEM_REQ                        0                              0              

CYCLES_UNDER_NONCRITICAL_MEM_REQ                     0                              0              

CHIP_UTILIZATION_UNDER_MEM_REQ                       0          -nan                0          -nan

CHIP_UTILIZATION_UNDER_NO_MEM_REQ                    0          -nan                0          -nan

CHIP_UTILIZATION_UNDER_CRITICAL_MEM_REQ              0          -nan                0          -nan

CHIP_UTILIZATION_UNDER_NONCRITICAL_MEM_REQ             0          -nan                0          -nan

CYCLES_NOT_WAITING_FOR_OFF_CHIP                      0        0.0000                0        0.0000

FUS_BUSY_NOT_WAITING_FOR_OFF_CHIP                    0          -nan                0          -nan

CYCLES_WAITING_FOR_OFF_CHIP                          0        0.0000                0        0.0000

FUS_BUSY_WAITING_FOR_OFF_CHIP                        0          -nan                0          -nan

TOTAL_OFF_CHIP_DELAYS_LEFT                           0                              0              

WRONG_IO_SCHED                                       0                              0              

DVFS_CONFIG_SWITCH                                   0                              0              

MAP_STAGE_RECEIVED_OPS_0                             0        0.000%                0        0.000%
MAP_STAGE_RECEIVED_OPS_1                        542599       13.638%          1090302       13.693%
MAP_STAGE_RECEIVED_OPS_2                        541014       13.598%          1080606       13.572%
MAP_STAGE_RECEIVED_OPS_3                       1018108       25.589%          2037297       25.587%
MAP_STAGE_RECEIVED_OPS_4                       1876907       47.175%          3754077       47.148%
MAP_STAGE_RECEIVED_OPS_5                             0        0.000%                0        0.000%
MAP_STAGE_RECEIVED_OPS_6                             0        0.000%                0        0.000%
MAP_STAGE_RECEIVED_OPS_7                             0        0.000%                0        0.000%
MAP_STAGE_RECEIVED_OPS_8                             0        0.000%                0        0.000%
MAP_STAGE_RECEIVED_OPS_MAX                           0        0.000%                0        0.000%
                                               3978628      100.000%          7962282      100.000%
                                                  3.06         1.07              3.06         1.07

MAP_STAGE_WAIT_FOR_DECODE                            0         -nan%                0         -nan%
MAP_STAGE_CONSUME_DECODE                             0         -nan%                0         -nan%
                                                     0         -nan%                0         -nan%
                                                  -nan         -nan              -nan         -nan

MAP_STAGE_WAIT_FOR_DECODE2                           0         -nan%                0         -nan%
MAP_STAGE_CONSUME_DECODE2                            0         -nan%                0         -nan%
                                                     0         -nan%                0         -nan%
                                                  -nan         -nan              -nan         -nan

FTQ_RECOVER_EXEC                                203886                         409823              

FTQ_RECOVER_DECODE                                   0                             30              

FTQ_OFFPATH_CYCLES                             9752110                       19763748              

FTQ_CYCLES_OFFPATH                            12046941                       24486855              

FTQ_CYCLES_ONPATH                              1184608                        2381895              

FTQ_FETCHED_INS_OFFPATH                       71984166                      144221777              

FTQ_FETCHED_INS_ONPATH                        12086813                       24181712              

FTQ_BREAK_FULL_FT_ONPATH                        293798       29.958%           595568       30.201%
FTQ_BREAK_MAX_CFS_TAKEN_ONPATH                  666276       67.939%          1335797       67.738%
FTQ_BREAK_MAX_BYTES_ONPATH                       20621        2.103%            40649        2.061%
FTQ_BREAK_PRED_BR_ONPATH                             0        0.000%                0        0.000%
FTQ_BREAK_BAR_FETCH_ONPATH                           0        0.000%                0        0.000%
                                                980695      100.000%          1972014      100.000%
                                                  0.72         0.30              0.72         0.30

FTQ_BREAK_FULL_FT_OFFPATH                      9517866       77.692%         19384371       77.859%
FTQ_BREAK_MAX_CFS_TAKEN_OFFPATH                2562343       20.916%          5181168       20.811%
FTQ_BREAK_MAX_BYTES_OFFPATH                     170617        1.393%           331169        1.330%
FTQ_BREAK_PRED_BR_OFFPATH                            0        0.000%                0        0.000%
FTQ_BREAK_BAR_FETCH_OFFPATH                          0        0.000%                0        0.000%
                                              12250826      100.000%         24896708      100.000%
                                                  0.24         0.41              0.23         0.40



