/* -*- Mode: c -*- */
####################################################################################################
Core 0
####################################################################################################
Cumulative:        Cycles: 22173065              Instructions: 20000000              IPC: 0.90200

Periodic:          Cycles: 11100014              Instructions: 9999997               IPC: 0.90090

EXECUTION_TIME                           3468754375000                  6929082812500              

NODE_CYCLE                                    11100014                       22173065              

NODE_INST_COUNT                                9999997                       20000000              

NODE_INST_COUNT_FETCHED                        9999997                       20000000              

NODE_UOP_COUNT                                12906865                       25810997              

FULL_WINDOW_STALL                              5278555       47.554%         10403089       46.918%

FULL_WINDOW_MEM_OP                             5116894       99.880%         10073375       99.873%
FULL_WINDOW_FP_OP                                   64        0.001%              130        0.001%
FULL_WINDOW_OTHER_OP                              6078        0.119%            12646        0.125%
                                               5123036      100.000%         10086151      100.000%
                                                  0.00         0.07              0.00         0.07

RET_BLOCKED_DC_MISS                            7597888       68.449%         15146417       68.310%

RET_BLOCKED_L1_MISS                            5629523       50.716%         11233905       50.665%

RET_BLOCKED_L1_MISS_BW_PREF                      84446        0.761%           161276        0.727%

RET_BLOCKED_L1_ACCESS                          1973197       17.777%          3923193       17.694%

RET_BLOCKED_MEM_STALL                          5629544       50.717%         11233938       50.665%

RET_BLOCKED_OFFCHIP_DEMAND                           0        0.000%                0        0.000%

OP_ISSUED                                     16840319                       33960397              

OP_RETIRED                                    12906865                       25810997              

REPLAY_SIGNALED                                      0                              0              

REPLAY_COUNTED                                       0                              0              

OFF_CRITICAL_PATH                                    0         -nan%                0         -nan%
ON_CRITICAL_PATH                                     0         -nan%                0         -nan%
                                                     0         -nan%                0         -nan%
                                                  -nan         -nan              -nan         -nan

LD_NO_DEPENDENTS                                288004        9.250%           576206        9.251%
LD_DEPENDENTS                                  2825460       90.750%          5652244       90.749%
                                               3113464      100.000%          6228450      100.000%
                                                  0.91         0.87              0.91         0.87

LD_EXEC_CYCLES_0                                     0        0.000%                0        0.000%
LD_EXEC_CYCLES_1                                     0        0.000%                0        0.000%
LD_EXEC_CYCLES_2                                     0        0.000%                0        0.000%
LD_EXEC_CYCLES_3                                   756       47.727%             1567       49.526%
LD_EXEC_CYCLES_4                                   828       52.273%             1597       50.474%
                                                  1584      100.000%             3164      100.000%
                                                  3.52         2.60              3.50         2.54

ICACHE_STAGE_STARVED                             59892        1.408%           142286        1.668%
ICACHE_STAGE_NOT_STARVED                       4195291       98.592%          8387392       98.332%
                                               4255183      100.000%          8529678      100.000%
                                                  0.99         0.98              0.98         0.98

ICACHE_STAGE_STALLED                           3013602       27.150%          5824072       26.266%
ICACHE_STAGE_NOT_STALLED                       4225369       38.066%          8458855       38.149%
ICACHE_STAGE_OFF_PATH                          3861043       34.784%          7890138       35.584%
                                              11100014      100.000%         22173065      100.000%
                                                  1.08         0.84              1.09         0.85

DECODE_STAGE_STARVED                           4080759       46.397%          8226153       46.998%
DECODE_STAGE_NOT_STARVED                       4714496       53.603%          9277200       53.002%
                                               8795255      100.000%         17503353      100.000%
                                                  0.54         0.52              0.53         0.52

DECODE_STAGE_STALLED                           2453398       22.103%          4739711       21.376%
DECODE_STAGE_NOT_STALLED                       6341857       57.134%         12763642       57.564%
DECODE_STAGE_OFF_PATH                          2304759       20.764%          4669712       21.060%
                                              11100014      100.000%         22173065      100.000%
                                                  0.99         0.64              1.00         0.65

UOPQ_STAGE_STARVED                             5370329       79.656%         10626593       79.415%
UOPQ_STAGE_NOT_STARVED                         1371543       20.344%          2754567       20.585%
                                               6741872      100.000%         13381160      100.000%
                                                  0.20         0.37              0.21         0.37

UOPQ_STAGE_STALLED                             1106750        9.971%          2146519        9.681%
UOPQ_STAGE_NOT_STALLED                         6741872       60.738%         13381160       60.349%
UOPQ_STAGE_OFF_PATH                            3251392       29.292%          6645386       29.971%
                                              11100014      100.000%         22173065      100.000%
                                                  1.19         0.79              1.20         0.81

MAP_STAGE_STARVED                               240981        3.132%           507316        3.337%
MAP_STAGE_NOT_STARVED                          7453287       96.868%         14697154       96.663%
                                               7694268      100.000%         15204470      100.000%
                                                  0.97         0.95              0.97         0.95

MAP_STAGE_STALLED                              3196861       28.801%          6185185       27.895%
MAP_STAGE_NOT_STALLED                          4497407       40.517%          9019285       40.677%
MAP_STAGE_OFF_PATH                             3405746       30.682%          6968595       31.428%
                                              11100014      100.000%         22173065      100.000%
                                                  1.02         0.78              1.04         0.79

EXEC_STAGE_STARVED                             7740896       69.738%         15258346       68.815%
EXEC_STAGE_NOT_STARVED                          425197        3.831%           848605        3.827%
EXEC_STAGE_OFF_PATH                            2933921       26.432%          6066114       27.358%
                                              11100014      100.000%         22173065      100.000%
                                                  0.57         0.80              0.59         0.80

FU_BUSY_0                                      5104369                       10288258              

FU_BUSY_1                                      2519177                        5070902              

FU_BUSY_2                                      2090753                        4212021              

FU_BUSY_3                                      1684580                        3389653              

FU_BUSY_4                                       841236                        1698951              

FU_BUSY_5                                      1630768                        3281373              

FU_BUSY_6                                      1124737                        2266007              

FU_BUSY_7                                      1290376                        2596448              

FU_BUSY_8                                            0                              0              

FU_BUSY_9                                            0                              0              

FU_BUSY_10                                           0                              0              

FU_BUSY_11                                           0                              0              

FU_BUSY_12                                           0                              0              

FU_BUSY_13                                           0                              0              

FU_BUSY_14                                           0                              0              

FU_BUSY_15                                           0                              0              

FU_BUSY_16                                           0                              0              

FU_BUSY_17                                           0                              0              

FU_BUSY_18                                           0                              0              

FU_BUSY_19                                           0                              0              

FU_BUSY_20                                           0                              0              

FU_BUSY_21                                           0                              0              

FU_BUSY_22                                           0                              0              

FU_BUSY_23                                           0                              0              

FU_BUSY_24                                           0                              0              

FU_BUSY_25                                           0                              0              

FU_BUSY_26                                           0                              0              

FU_BUSY_27                                           0                              0              

FU_BUSY_28                                           0                              0              

FU_BUSY_29                                           0                              0              

FU_BUSY_30                                           0                              0              

FU_BUSY_31                                           0                              0              

FU_REJECTED_OP_INV_NOT_SIMD                          0        0.000%                0        0.000%
FU_REJECTED_OP_NOP_NOT_SIMD                      10528        3.174%            21240        3.192%
FU_REJECTED_OP_CF_NOT_SIMD                       49217       14.837%            98218       14.760%
FU_REJECTED_OP_MOV_NOT_SIMD                      11272        3.398%            22473        3.377%
FU_REJECTED_OP_CMOV_NOT_SIMD                        46        0.014%               95        0.014%
FU_REJECTED_OP_LDA_NOT_SIMD                        254        0.077%              479        0.072%
FU_REJECTED_OP_IMEM_NOT_SIMD                       157        0.047%             1056        0.159%
FU_REJECTED_OP_IADD_NOT_SIMD                    207121       62.440%           415555       62.447%
FU_REJECTED_OP_IMUL_NOT_SIMD                     28522        8.598%            56538        8.496%
FU_REJECTED_OP_IDIV_NOT_SIMD                         0        0.000%                0        0.000%
FU_REJECTED_OP_ICMP_NOT_SIMD                         0        0.000%                0        0.000%
FU_REJECTED_OP_LOGIC_NOT_SIMD                     1985        0.598%             4077        0.613%
FU_REJECTED_OP_SHIFT_NOT_SIMD                     8317        2.507%            16620        2.498%
FU_REJECTED_OP_FMEM_NOT_SIMD                        76        0.023%              165        0.025%
FU_REJECTED_OP_FCVT_NOT_SIMD                         0        0.000%                0        0.000%
FU_REJECTED_OP_FADD_NOT_SIMD                         0        0.000%                0        0.000%
FU_REJECTED_OP_FMUL_NOT_SIMD                         0        0.000%                0        0.000%
FU_REJECTED_OP_FMA_NOT_SIMD                          0        0.000%                0        0.000%
FU_REJECTED_OP_FDIV_NOT_SIMD                         0        0.000%                0        0.000%
FU_REJECTED_OP_FCMP_NOT_SIMD                         0        0.000%                0        0.000%
FU_REJECTED_OP_FCMOV_NOT_SIMD                        0        0.000%                0        0.000%
FU_REJECTED_OP_GATHER_NOT_SIMD                       0        0.000%                0        0.000%
FU_REJECTED_OP_SCATTER_NOT_SIMD                      0        0.000%                0        0.000%
FU_REJECTED_OP_PIPELINED_FAST_NOT_SIMD               0        0.000%                0        0.000%
FU_REJECTED_OP_PIPELINED_MEDIUM_NOT_SIMD             0        0.000%                0        0.000%
FU_REJECTED_OP_PIPELINED_SLOW_NOT_SIMD               0        0.000%                0        0.000%
FU_REJECTED_OP_NOTPIPELINED_MEDIUM_NOT_SIMD             0        0.000%                0        0.000%
FU_REJECTED_OP_NOTPIPELINED_SLOW_NOT_SIMD             0        0.000%                0        0.000%
FU_REJECTED_OP_NOTPIPELINED_VERY_SLOW_NOT_SIMD          2152        0.649%             4436        0.667%
FU_REJECTED_OP_INV_SIMD                              0        0.000%                0        0.000%
FU_REJECTED_OP_NOP_SIMD                              0        0.000%                0        0.000%
FU_REJECTED_OP_CF_SIMD                               0        0.000%                0        0.000%
FU_REJECTED_OP_MOV_SIMD                              3        0.001%                6        0.001%
FU_REJECTED_OP_CMOV_SIMD                             0        0.000%                0        0.000%
FU_REJECTED_OP_LDA_SIMD                              0        0.000%                0        0.000%
FU_REJECTED_OP_IMEM_SIMD                             0        0.000%                0        0.000%
FU_REJECTED_OP_IADD_SIMD                             0        0.000%                0        0.000%
FU_REJECTED_OP_IMUL_SIMD                             0        0.000%                0        0.000%
FU_REJECTED_OP_IDIV_SIMD                             0        0.000%                0        0.000%
FU_REJECTED_OP_ICMP_SIMD                             0        0.000%                0        0.000%
FU_REJECTED_OP_LOGIC_SIMD                          114        0.034%              250        0.038%
FU_REJECTED_OP_SHIFT_SIMD                         6326        1.907%            12609        1.895%
FU_REJECTED_OP_FMEM_SIMD                             0        0.000%                0        0.000%
FU_REJECTED_OP_FCVT_SIMD                             2        0.001%                4        0.001%
FU_REJECTED_OP_FADD_SIMD                          1113        0.336%             2261        0.340%
FU_REJECTED_OP_FMUL_SIMD                             4        0.001%                6        0.001%
FU_REJECTED_OP_FMA_SIMD                              0        0.000%                0        0.000%
FU_REJECTED_OP_FDIV_SIMD                             0        0.000%                0        0.000%
FU_REJECTED_OP_FCMP_SIMD                             0        0.000%                0        0.000%
FU_REJECTED_OP_FCMOV_SIMD                            0        0.000%                0        0.000%
FU_REJECTED_OP_GATHER_SIMD                           0        0.000%                0        0.000%
FU_REJECTED_OP_SCATTER_SIMD                          0        0.000%                0        0.000%
FU_REJECTED_OP_PIPELINED_FAST_SIMD                   0        0.000%                0        0.000%
FU_REJECTED_OP_PIPELINED_MEDIUM_SIMD                 0        0.000%                0        0.000%
FU_REJECTED_OP_PIPELINED_SLOW_SIMD                4501        1.357%             9360        1.407%
FU_REJECTED_OP_NOTPIPELINED_MEDIUM_SIMD              0        0.000%                0        0.000%
FU_REJECTED_OP_NOTPIPELINED_SLOW_SIMD                0        0.000%                0        0.000%
FU_REJECTED_OP_NOTPIPELINED_VERY_SLOW_SIMD             0        0.000%                0        0.000%
                                                331710      100.000%           665448      100.000%
                                                  7.72         8.10              7.75         8.16

OP_WAIT_0                                      8548158                       17097748              

OP_WAIT_1                                      3569595                        7142737              

OP_WAIT_2                                       479069                         956268              

OP_WAIT_3                                       108901                         216363              

OP_WAIT_4                                        37493                          73870              

OP_WAIT_5                                        22627                          44378              

OP_WAIT_6                                        12955                          25842              

OP_WAIT_7                                         7669                          15036              

OP_WAIT_8                                         5851                          11611              

OP_WAIT_9                                         5709                          11205              

OP_WAIT_10                                        6111                          12060              

OP_WAIT_11                                        5759                          11300              

OP_WAIT_12                                        7092                          14021              

OP_WAIT_13                                        5131                          10231              

OP_WAIT_14                                        5065                          10036              

OP_WAIT_15                                        4491                           8820              

OP_WAIT_16                                        3233                           6417              

OP_WAIT_17                                        4926                           9859              

OP_WAIT_18                                        1807                           3692              

OP_WAIT_19                                        2330                           4930              

OP_WAIT_20                                        2022                           4177              

OP_WAIT_21                                        1530                           3051              

OP_WAIT_22                                         932                           1822              

OP_WAIT_23                                         947                           1888              

OP_WAIT_24                                         722                           1432              

OP_WAIT_25                                         703                           1324              

OP_WAIT_26                                         571                           1101              

OP_WAIT_27                                         648                           1281              

OP_WAIT_28                                         608                           1120              

OP_WAIT_29                                         458                            949              

OP_WAIT_30                                         455                            839              

OP_WAIT_31                                       53297                         105589              

ROW_SIZE_0                                     8182954                       16321710              

ROW_SIZE_1                                      480986                         965612              

ROW_SIZE_2                                      147959                         297804              

ROW_SIZE_3                                       95977                         192482              

ROW_SIZE_4                                       94579                         188090              

ROW_SIZE_5                                       82464                         164603              

ROW_SIZE_6                                     1841899                        3682826              

ROW_SIZE_7                                           0                              0              

ROW_SIZE_8                                           0                              0              

ROW_SIZE_9                                           0                              0              

ROW_SIZE_10                                          0                              0              

ROW_SIZE_11                                          0                              0              

ROW_SIZE_12                                          0                              0              

ROW_SIZE_13                                          0                              0              

ROW_SIZE_14                                          0                              0              

ROW_SIZE_15                                          0                              0              

ROW_SIZE_16                                          0                              0              

ROW_SIZE_17                                          0                              0              

ROW_SIZE_18                                          0                              0              

ROW_SIZE_19                                          0                              0              

ROW_SIZE_20                                          0                              0              

ROW_SIZE_21                                          0                              0              

ROW_SIZE_22                                          0                              0              

ROW_SIZE_23                                          0                              0              

ROW_SIZE_24                                          0                              0              

ROW_SIZE_25                                          0                              0              

ROW_SIZE_26                                          0                              0              

ROW_SIZE_27                                          0                              0              

ROW_SIZE_28                                          0                              0              

ROW_SIZE_29                                          0                              0              

ROW_SIZE_30                                          0                              0              

ROW_SIZE_31                                          0                              0              

RET_OP_EXEC_COUNT_0                                  0        0.000%                0        0.000%
RET_OP_EXEC_COUNT_1                           12906865      100.000%         25810997      100.000%
RET_OP_EXEC_COUNT_2                                  0        0.000%                0        0.000%
RET_OP_EXEC_COUNT_3                                  0        0.000%                0        0.000%
RET_OP_EXEC_COUNT_4                                  0        0.000%                0        0.000%
RET_OP_EXEC_COUNT_5                                  0        0.000%                0        0.000%
RET_OP_EXEC_COUNT_6                                  0        0.000%                0        0.000%
RET_OP_EXEC_COUNT_7                                  0        0.000%                0        0.000%
RET_OP_EXEC_COUNT_8                                  0        0.000%                0        0.000%
RET_OP_EXEC_COUNT_9                                  0        0.000%                0        0.000%
RET_OP_EXEC_COUNT_10                                 0        0.000%                0        0.000%
RET_OP_EXEC_COUNT_11                                 0        0.000%                0        0.000%
RET_OP_EXEC_COUNT_12                                 0        0.000%                0        0.000%
RET_OP_EXEC_COUNT_13                                 0        0.000%                0        0.000%
RET_OP_EXEC_COUNT_14                                 0        0.000%                0        0.000%
RET_OP_EXEC_COUNT_15                                 0        0.000%                0        0.000%
RET_OP_EXEC_COUNT_16                                 0        0.000%                0        0.000%
RET_OP_EXEC_COUNT_17                                 0        0.000%                0        0.000%
RET_OP_EXEC_COUNT_18                                 0        0.000%                0        0.000%
RET_OP_EXEC_COUNT_19                                 0        0.000%                0        0.000%
RET_OP_EXEC_COUNT_20                                 0        0.000%                0        0.000%
RET_OP_EXEC_COUNT_21                                 0        0.000%                0        0.000%
RET_OP_EXEC_COUNT_22                                 0        0.000%                0        0.000%
RET_OP_EXEC_COUNT_23                                 0        0.000%                0        0.000%
RET_OP_EXEC_COUNT_24                                 0        0.000%                0        0.000%
RET_OP_EXEC_COUNT_25                                 0        0.000%                0        0.000%
RET_OP_EXEC_COUNT_26                                 0        0.000%                0        0.000%
RET_OP_EXEC_COUNT_27                                 0        0.000%                0        0.000%
RET_OP_EXEC_COUNT_28                                 0        0.000%                0        0.000%
RET_OP_EXEC_COUNT_29                                 0        0.000%                0        0.000%
RET_OP_EXEC_COUNT_30                                 0        0.000%                0        0.000%
RET_OP_EXEC_COUNT_31                                 0        0.000%                0        0.000%
RET_OP_EXEC_COUNT_32                                 0        0.000%                0        0.000%
                                              12906865      100.000%         25810997      100.000%
                                                  1.00         0.00              1.00         0.00

RET_STALL_LENGTH_0                            12876594       99.765%         25749252       99.761%
RET_STALL_LENGTH_100                             27091        0.210%            55762        0.216%
RET_STALL_LENGTH_200                               943        0.007%             2060        0.008%
RET_STALL_LENGTH_300                               158        0.001%              354        0.001%
RET_STALL_LENGTH_400                               473        0.004%              805        0.003%
RET_STALL_LENGTH_500                               851        0.007%             1396        0.005%
RET_STALL_LENGTH_600                               281        0.002%              452        0.002%
RET_STALL_LENGTH_700                                63        0.000%              101        0.000%
RET_STALL_LENGTH_800                                21        0.000%               39        0.000%
RET_STALL_LENGTH_900                                20        0.000%               38        0.000%
RET_STALL_LENGTH_1000                               25        0.000%               51        0.000%
RET_STALL_LENGTH_1100                               49        0.000%               82        0.000%
RET_STALL_LENGTH_1200                              198        0.002%              414        0.002%
RET_STALL_LENGTH_1300                               53        0.000%              108        0.000%
RET_STALL_LENGTH_1400                                6        0.000%               16        0.000%
RET_STALL_LENGTH_1500                                1        0.000%                1        0.000%
RET_STALL_LENGTH_1600                                6        0.000%                7        0.000%
RET_STALL_LENGTH_1700                               18        0.000%               28        0.000%
RET_STALL_LENGTH_1800                               11        0.000%               26        0.000%
RET_STALL_LENGTH_1900                                3        0.000%                5        0.000%
RET_STALL_LENGTH_2000                                0        0.000%                0        0.000%
RET_STALL_LENGTH_2100                                0        0.000%                0        0.000%
RET_STALL_LENGTH_2200                                0        0.000%                0        0.000%
RET_STALL_LENGTH_2300                                0        0.000%                0        0.000%
RET_STALL_LENGTH_2400                                0        0.000%                0        0.000%
RET_STALL_LENGTH_2500                                0        0.000%                0        0.000%
RET_STALL_LENGTH_2600                                0        0.000%                0        0.000%
RET_STALL_LENGTH_2700                                0        0.000%                0        0.000%
RET_STALL_LENGTH_2800                                0        0.000%                0        0.000%
RET_STALL_LENGTH_2900                                0        0.000%                0        0.000%
RET_STALL_LENGTH_3000                                0        0.000%                0        0.000%
RET_STALL_LENGTH_3100                                0        0.000%                0        0.000%
RET_STALL_LENGTH_3200                                0        0.000%                0        0.000%
RET_STALL_LENGTH_3300                                0        0.000%                0        0.000%
RET_STALL_LENGTH_3400                                0        0.000%                0        0.000%
RET_STALL_LENGTH_3500                                0        0.000%                0        0.000%
RET_STALL_LENGTH_3600                                0        0.000%                0        0.000%
RET_STALL_LENGTH_3700                                0        0.000%                0        0.000%
RET_STALL_LENGTH_3800                                0        0.000%                0        0.000%
RET_STALL_LENGTH_3900                                0        0.000%                0        0.000%
RET_STALL_LENGTH_4000                                0        0.000%                0        0.000%
RET_STALL_LENGTH_4100                                0        0.000%                0        0.000%
RET_STALL_LENGTH_4200                                0        0.000%                0        0.000%
RET_STALL_LENGTH_4300                                0        0.000%                0        0.000%
RET_STALL_LENGTH_4400                                0        0.000%                0        0.000%
RET_STALL_LENGTH_4500                                0        0.000%                0        0.000%
RET_STALL_LENGTH_4600                                0        0.000%                0        0.000%
RET_STALL_LENGTH_4700                                0        0.000%                0        0.000%
RET_STALL_LENGTH_4800                                0        0.000%                0        0.000%
RET_STALL_LENGTH_4900                                0        0.000%                0        0.000%
RET_STALL_LENGTH_5000                                0        0.000%                0        0.000%
                                              12906865      100.000%         25810997      100.000%
                                                  0.00         0.10              0.00         0.10

MEM_BLOCK_LENGTH_0                                   1       50.000%                5       55.556%
MEM_BLOCK_LENGTH_100                                 1       50.000%                3       33.333%
MEM_BLOCK_LENGTH_200                                 0        0.000%                0        0.000%
MEM_BLOCK_LENGTH_300                                 0        0.000%                0        0.000%
MEM_BLOCK_LENGTH_400                                 0        0.000%                1       11.111%
MEM_BLOCK_LENGTH_500                                 0        0.000%                0        0.000%
MEM_BLOCK_LENGTH_600                                 0        0.000%                0        0.000%
MEM_BLOCK_LENGTH_700                                 0        0.000%                0        0.000%
MEM_BLOCK_LENGTH_800                                 0        0.000%                0        0.000%
MEM_BLOCK_LENGTH_900                                 0        0.000%                0        0.000%
MEM_BLOCK_LENGTH_1000                                0        0.000%                0        0.000%
MEM_BLOCK_LENGTH_1100                                0        0.000%                0        0.000%
MEM_BLOCK_LENGTH_1200                                0        0.000%                0        0.000%
MEM_BLOCK_LENGTH_1300                                0        0.000%                0        0.000%
MEM_BLOCK_LENGTH_1400                                0        0.000%                0        0.000%
MEM_BLOCK_LENGTH_1500                                0        0.000%                0        0.000%
MEM_BLOCK_LENGTH_1600                                0        0.000%                0        0.000%
MEM_BLOCK_LENGTH_1700                                0        0.000%                0        0.000%
MEM_BLOCK_LENGTH_1800                                0        0.000%                0        0.000%
MEM_BLOCK_LENGTH_1900                                0        0.000%                0        0.000%
MEM_BLOCK_LENGTH_2000                                0        0.000%                0        0.000%
MEM_BLOCK_LENGTH_2100                                0        0.000%                0        0.000%
MEM_BLOCK_LENGTH_2200                                0        0.000%                0        0.000%
MEM_BLOCK_LENGTH_2300                                0        0.000%                0        0.000%
MEM_BLOCK_LENGTH_2400                                0        0.000%                0        0.000%
MEM_BLOCK_LENGTH_2500                                0        0.000%                0        0.000%
MEM_BLOCK_LENGTH_2600                                0        0.000%                0        0.000%
MEM_BLOCK_LENGTH_2700                                0        0.000%                0        0.000%
MEM_BLOCK_LENGTH_2800                                0        0.000%                0        0.000%
MEM_BLOCK_LENGTH_2900                                0        0.000%                0        0.000%
MEM_BLOCK_LENGTH_3000                                0        0.000%                0        0.000%
MEM_BLOCK_LENGTH_3100                                0        0.000%                0        0.000%
MEM_BLOCK_LENGTH_3200                                0        0.000%                0        0.000%
MEM_BLOCK_LENGTH_3300                                0        0.000%                0        0.000%
MEM_BLOCK_LENGTH_3400                                0        0.000%                0        0.000%
MEM_BLOCK_LENGTH_3500                                0        0.000%                0        0.000%
MEM_BLOCK_LENGTH_3600                                0        0.000%                0        0.000%
MEM_BLOCK_LENGTH_3700                                0        0.000%                0        0.000%
MEM_BLOCK_LENGTH_3800                                0        0.000%                0        0.000%
MEM_BLOCK_LENGTH_3900                                0        0.000%                0        0.000%
MEM_BLOCK_LENGTH_4000                                0        0.000%                0        0.000%
MEM_BLOCK_LENGTH_4100                                0        0.000%                0        0.000%
MEM_BLOCK_LENGTH_4200                                0        0.000%                0        0.000%
MEM_BLOCK_LENGTH_4300                                0        0.000%                0        0.000%
MEM_BLOCK_LENGTH_4400                                0        0.000%                0        0.000%
MEM_BLOCK_LENGTH_4500                                0        0.000%                0        0.000%
MEM_BLOCK_LENGTH_4600                                0        0.000%                0        0.000%
MEM_BLOCK_LENGTH_4700                                0        0.000%                0        0.000%
MEM_BLOCK_LENGTH_4800                                0        0.000%                0        0.000%
MEM_BLOCK_LENGTH_4900                                0        0.000%                0        0.000%
MEM_BLOCK_LENGTH_5000                                0        0.000%                0        0.000%
                                                     2      100.000%                9      100.000%
                                                  0.50         0.50              0.78         1.15

FUS_BUSY_ON_PATH                              13278069        1.1962         26551284        1.1975

FUS_BUSY_OFF_PATH                              3007927        0.2710          6252329        0.2820

FU_BUSY_MEM_STALL                               339419        0.0306           682382        0.0308

FUS_EMPTY                                     72514116        6.5328        144580907        6.5206

FU_UNAVAILABLE                                  123397        0.0111           246733        0.0111

FU_MEM_UNAVAILABLE                              208313        0.0188           418715        0.0189

FU_REPLAY                                            0        0.0000                0        0.0000

FU_STARVED                                    72409955        6.5234        144368004        6.5110

CHIP_UTILIZATION                                     0        0.0000                0        0.0000

CYCLES_UNDER_MEM_REQ                                 0                              0              

CYCLES_UNDER_NO_MEM_REQ                              0                              0              

CYCLES_UNDER_CRITICAL_MEM_REQ                        0                              0              

CYCLES_UNDER_NONCRITICAL_MEM_REQ                     0                              0              

CHIP_UTILIZATION_UNDER_MEM_REQ                       0          -nan                0          -nan

CHIP_UTILIZATION_UNDER_NO_MEM_REQ                    0          -nan                0          -nan

CHIP_UTILIZATION_UNDER_CRITICAL_MEM_REQ              0          -nan                0          -nan

CHIP_UTILIZATION_UNDER_NONCRITICAL_MEM_REQ             0          -nan                0          -nan

CYCLES_NOT_WAITING_FOR_OFF_CHIP                      0        0.0000                0        0.0000

FUS_BUSY_NOT_WAITING_FOR_OFF_CHIP                    0          -nan                0          -nan

CYCLES_WAITING_FOR_OFF_CHIP                          0        0.0000                0        0.0000

FUS_BUSY_WAITING_FOR_OFF_CHIP                        0          -nan                0          -nan

TOTAL_OFF_CHIP_DELAYS_LEFT                           0                              0              

WRONG_IO_SCHED                                       0                              0              

DVFS_CONFIG_SWITCH                                   0                              0              

MAP_STAGE_RECEIVED_OPS_0                             0        0.000%                0        0.000%
MAP_STAGE_RECEIVED_OPS_1                        237858        5.634%           475355        5.631%
MAP_STAGE_RECEIVED_OPS_2                        304654        7.216%           609947        7.225%
MAP_STAGE_RECEIVED_OPS_3                       2672447       63.298%          5339441       63.251%
MAP_STAGE_RECEIVED_OPS_4                       1007039       23.852%          2016883       23.892%
MAP_STAGE_RECEIVED_OPS_5                             0        0.000%                0        0.000%
MAP_STAGE_RECEIVED_OPS_6                             0        0.000%                0        0.000%
MAP_STAGE_RECEIVED_OPS_7                             0        0.000%                0        0.000%
MAP_STAGE_RECEIVED_OPS_8                             0        0.000%                0        0.000%
MAP_STAGE_RECEIVED_OPS_MAX                           0        0.000%                0        0.000%
                                               4221998      100.000%          8441626      100.000%
                                                  3.05         0.73              3.05         0.73

MAP_STAGE_WAIT_FOR_DECODE                            0         -nan%                0         -nan%
MAP_STAGE_CONSUME_DECODE                             0         -nan%                0         -nan%
                                                     0         -nan%                0         -nan%
                                                  -nan         -nan              -nan         -nan

MAP_STAGE_WAIT_FOR_DECODE2                           0         -nan%                0         -nan%
MAP_STAGE_CONSUME_DECODE2                            0         -nan%                0         -nan%
                                                     0         -nan%                0         -nan%
                                                  -nan         -nan              -nan         -nan

FTQ_RECOVER_EXEC                                 36011                          73685              

FTQ_RECOVER_DECODE                                  46                            224              

FTQ_OFFPATH_CYCLES                             4305949                        8742986              

FTQ_CYCLES_OFFPATH                             5615236                       11369279              

FTQ_CYCLES_ONPATH                              5484778                       10803786              

FTQ_FETCHED_INS_OFFPATH                       14667458                       30201806              

FTQ_FETCHED_INS_ONPATH                        12870757                       25737088              

FTQ_BREAK_FULL_FT_ONPATH                       5260846       96.552%         10347735       96.439%
FTQ_BREAK_MAX_CFS_TAKEN_ONPATH                  176812        3.245%           359757        3.353%
FTQ_BREAK_MAX_BYTES_ONPATH                       11045        0.203%            22366        0.208%
FTQ_BREAK_PRED_BR_ONPATH                             0        0.000%                0        0.000%
FTQ_BREAK_BAR_FETCH_ONPATH                           0        0.000%                0        0.000%
                                               5448703      100.000%         10729858      100.000%
                                                  0.04         0.19              0.04         0.20

FTQ_BREAK_FULL_FT_OFFPATH                      5329565       94.307%         10778415       94.191%
FTQ_BREAK_MAX_CFS_TAKEN_OFFPATH                 295070        5.221%           608570        5.318%
FTQ_BREAK_MAX_BYTES_OFFPATH                      26654        0.472%            56200        0.491%
FTQ_BREAK_PRED_BR_OFFPATH                            0        0.000%                0        0.000%
FTQ_BREAK_BAR_FETCH_OFFPATH                          0        0.000%                0        0.000%
                                               5651289      100.000%         11443185      100.000%
                                                  0.06         0.25              0.06         0.26



