               ramulator.active_cycles_0             2126500                                      # Total active cycles for level _0
                 ramulator.busy_cycles_0             2126500                                      # (All-bank refresh only. busy cycles only include refresh time in rank level) The sum of cycles that the DRAM part is active or under refresh for level _0
            ramulator.serving_requests_0             3164964                                      # The sum of read and write requests that are served in this DRAM element per memory cycle for level _0
    ramulator.average_serving_requests_0            0.727165                                      # The average of read and write requests that are served in this DRAM element per memory cycle for level _0
             ramulator.active_cycles_0_0             2126500                                      # Total active cycles for level _0_0
               ramulator.busy_cycles_0_0             2279800                                      # (All-bank refresh only. busy cycles only include refresh time in rank level) The sum of cycles that the DRAM part is active or under refresh for level _0_0
          ramulator.serving_requests_0_0             3164964                                      # The sum of read and write requests that are served in this DRAM element per memory cycle for level _0_0
  ramulator.average_serving_requests_0_0            0.727165                                      # The average of read and write requests that are served in this DRAM element per memory cycle for level _0_0
           ramulator.active_cycles_0_0_0              723976                                      # Total active cycles for level _0_0_0
             ramulator.busy_cycles_0_0_0              723976                                      # (All-bank refresh only. busy cycles only include refresh time in rank level) The sum of cycles that the DRAM part is active or under refresh for level _0_0_0
        ramulator.serving_requests_0_0_0              864179                                      # The sum of read and write requests that are served in this DRAM element per memory cycle for level _0_0_0
ramulator.average_serving_requests_0_0_0            0.198549                                      # The average of read and write requests that are served in this DRAM element per memory cycle for level _0_0_0
         ramulator.active_cycles_0_0_0_0              260606                                      # Total active cycles for level _0_0_0_0
           ramulator.busy_cycles_0_0_0_0              260606                                      # (All-bank refresh only. busy cycles only include refresh time in rank level) The sum of cycles that the DRAM part is active or under refresh for level _0_0_0_0
      ramulator.serving_requests_0_0_0_0              286092                                      # The sum of read and write requests that are served in this DRAM element per memory cycle for level _0_0_0_0
ramulator.average_serving_requests_0_0_0_0            0.065731                                      # The average of read and write requests that are served in this DRAM element per memory cycle for level _0_0_0_0
         ramulator.active_cycles_0_0_0_1              157532                                      # Total active cycles for level _0_0_0_1
           ramulator.busy_cycles_0_0_0_1              157532                                      # (All-bank refresh only. busy cycles only include refresh time in rank level) The sum of cycles that the DRAM part is active or under refresh for level _0_0_0_1
      ramulator.serving_requests_0_0_0_1              177036                                      # The sum of read and write requests that are served in this DRAM element per memory cycle for level _0_0_0_1
ramulator.average_serving_requests_0_0_0_1            0.040675                                      # The average of read and write requests that are served in this DRAM element per memory cycle for level _0_0_0_1
         ramulator.active_cycles_0_0_0_2              167528                                      # Total active cycles for level _0_0_0_2
           ramulator.busy_cycles_0_0_0_2              167528                                      # (All-bank refresh only. busy cycles only include refresh time in rank level) The sum of cycles that the DRAM part is active or under refresh for level _0_0_0_2
      ramulator.serving_requests_0_0_0_2              200757                                      # The sum of read and write requests that are served in this DRAM element per memory cycle for level _0_0_0_2
ramulator.average_serving_requests_0_0_0_2            0.046125                                      # The average of read and write requests that are served in this DRAM element per memory cycle for level _0_0_0_2
         ramulator.active_cycles_0_0_0_3              176659                                      # Total active cycles for level _0_0_0_3
           ramulator.busy_cycles_0_0_0_3              176659                                      # (All-bank refresh only. busy cycles only include refresh time in rank level) The sum of cycles that the DRAM part is active or under refresh for level _0_0_0_3
      ramulator.serving_requests_0_0_0_3              200294                                      # The sum of read and write requests that are served in this DRAM element per memory cycle for level _0_0_0_3
ramulator.average_serving_requests_0_0_0_3            0.046018                                      # The average of read and write requests that are served in this DRAM element per memory cycle for level _0_0_0_3
           ramulator.active_cycles_0_0_1              715757                                      # Total active cycles for level _0_0_1
             ramulator.busy_cycles_0_0_1              715757                                      # (All-bank refresh only. busy cycles only include refresh time in rank level) The sum of cycles that the DRAM part is active or under refresh for level _0_0_1
        ramulator.serving_requests_0_0_1              877112                                      # The sum of read and write requests that are served in this DRAM element per memory cycle for level _0_0_1
ramulator.average_serving_requests_0_0_1            0.201521                                      # The average of read and write requests that are served in this DRAM element per memory cycle for level _0_0_1
         ramulator.active_cycles_0_0_1_0              163920                                      # Total active cycles for level _0_0_1_0
           ramulator.busy_cycles_0_0_1_0              163920                                      # (All-bank refresh only. busy cycles only include refresh time in rank level) The sum of cycles that the DRAM part is active or under refresh for level _0_0_1_0
      ramulator.serving_requests_0_0_1_0              188976                                      # The sum of read and write requests that are served in this DRAM element per memory cycle for level _0_0_1_0
ramulator.average_serving_requests_0_0_1_0            0.043418                                      # The average of read and write requests that are served in this DRAM element per memory cycle for level _0_0_1_0
         ramulator.active_cycles_0_0_1_1              206105                                      # Total active cycles for level _0_0_1_1
           ramulator.busy_cycles_0_0_1_1              206105                                      # (All-bank refresh only. busy cycles only include refresh time in rank level) The sum of cycles that the DRAM part is active or under refresh for level _0_0_1_1
      ramulator.serving_requests_0_0_1_1              240073                                      # The sum of read and write requests that are served in this DRAM element per memory cycle for level _0_0_1_1
ramulator.average_serving_requests_0_0_1_1            0.055158                                      # The average of read and write requests that are served in this DRAM element per memory cycle for level _0_0_1_1
         ramulator.active_cycles_0_0_1_2              238309                                      # Total active cycles for level _0_0_1_2
           ramulator.busy_cycles_0_0_1_2              238309                                      # (All-bank refresh only. busy cycles only include refresh time in rank level) The sum of cycles that the DRAM part is active or under refresh for level _0_0_1_2
      ramulator.serving_requests_0_0_1_2              267776                                      # The sum of read and write requests that are served in this DRAM element per memory cycle for level _0_0_1_2
ramulator.average_serving_requests_0_0_1_2            0.061523                                      # The average of read and write requests that are served in this DRAM element per memory cycle for level _0_0_1_2
         ramulator.active_cycles_0_0_1_3              153793                                      # Total active cycles for level _0_0_1_3
           ramulator.busy_cycles_0_0_1_3              153793                                      # (All-bank refresh only. busy cycles only include refresh time in rank level) The sum of cycles that the DRAM part is active or under refresh for level _0_0_1_3
      ramulator.serving_requests_0_0_1_3              180287                                      # The sum of read and write requests that are served in this DRAM element per memory cycle for level _0_0_1_3
ramulator.average_serving_requests_0_0_1_3            0.041422                                      # The average of read and write requests that are served in this DRAM element per memory cycle for level _0_0_1_3
           ramulator.active_cycles_0_0_2              538496                                      # Total active cycles for level _0_0_2
             ramulator.busy_cycles_0_0_2              538496                                      # (All-bank refresh only. busy cycles only include refresh time in rank level) The sum of cycles that the DRAM part is active or under refresh for level _0_0_2
        ramulator.serving_requests_0_0_2              702309                                      # The sum of read and write requests that are served in this DRAM element per memory cycle for level _0_0_2
ramulator.average_serving_requests_0_0_2            0.161359                                      # The average of read and write requests that are served in this DRAM element per memory cycle for level _0_0_2
         ramulator.active_cycles_0_0_2_0              231613                                      # Total active cycles for level _0_0_2_0
           ramulator.busy_cycles_0_0_2_0              231613                                      # (All-bank refresh only. busy cycles only include refresh time in rank level) The sum of cycles that the DRAM part is active or under refresh for level _0_0_2_0
      ramulator.serving_requests_0_0_2_0              271948                                      # The sum of read and write requests that are served in this DRAM element per memory cycle for level _0_0_2_0
ramulator.average_serving_requests_0_0_2_0            0.062481                                      # The average of read and write requests that are served in this DRAM element per memory cycle for level _0_0_2_0
         ramulator.active_cycles_0_0_2_1              112262                                      # Total active cycles for level _0_0_2_1
           ramulator.busy_cycles_0_0_2_1              112262                                      # (All-bank refresh only. busy cycles only include refresh time in rank level) The sum of cycles that the DRAM part is active or under refresh for level _0_0_2_1
      ramulator.serving_requests_0_0_2_1              134979                                      # The sum of read and write requests that are served in this DRAM element per memory cycle for level _0_0_2_1
ramulator.average_serving_requests_0_0_2_1            0.031012                                      # The average of read and write requests that are served in this DRAM element per memory cycle for level _0_0_2_1
         ramulator.active_cycles_0_0_2_2              137094                                      # Total active cycles for level _0_0_2_2
           ramulator.busy_cycles_0_0_2_2              137094                                      # (All-bank refresh only. busy cycles only include refresh time in rank level) The sum of cycles that the DRAM part is active or under refresh for level _0_0_2_2
      ramulator.serving_requests_0_0_2_2              164997                                      # The sum of read and write requests that are served in this DRAM element per memory cycle for level _0_0_2_2
ramulator.average_serving_requests_0_0_2_2            0.037909                                      # The average of read and write requests that are served in this DRAM element per memory cycle for level _0_0_2_2
         ramulator.active_cycles_0_0_2_3              107978                                      # Total active cycles for level _0_0_2_3
           ramulator.busy_cycles_0_0_2_3              107978                                      # (All-bank refresh only. busy cycles only include refresh time in rank level) The sum of cycles that the DRAM part is active or under refresh for level _0_0_2_3
      ramulator.serving_requests_0_0_2_3              130385                                      # The sum of read and write requests that are served in this DRAM element per memory cycle for level _0_0_2_3
ramulator.average_serving_requests_0_0_2_3            0.029957                                      # The average of read and write requests that are served in this DRAM element per memory cycle for level _0_0_2_3
           ramulator.active_cycles_0_0_3              562624                                      # Total active cycles for level _0_0_3
             ramulator.busy_cycles_0_0_3              562624                                      # (All-bank refresh only. busy cycles only include refresh time in rank level) The sum of cycles that the DRAM part is active or under refresh for level _0_0_3
        ramulator.serving_requests_0_0_3              721364                                      # The sum of read and write requests that are served in this DRAM element per memory cycle for level _0_0_3
ramulator.average_serving_requests_0_0_3            0.165737                                      # The average of read and write requests that are served in this DRAM element per memory cycle for level _0_0_3
         ramulator.active_cycles_0_0_3_0              123887                                      # Total active cycles for level _0_0_3_0
           ramulator.busy_cycles_0_0_3_0              123887                                      # (All-bank refresh only. busy cycles only include refresh time in rank level) The sum of cycles that the DRAM part is active or under refresh for level _0_0_3_0
      ramulator.serving_requests_0_0_3_0              146765                                      # The sum of read and write requests that are served in this DRAM element per memory cycle for level _0_0_3_0
ramulator.average_serving_requests_0_0_3_0            0.033720                                      # The average of read and write requests that are served in this DRAM element per memory cycle for level _0_0_3_0
         ramulator.active_cycles_0_0_3_1              153620                                      # Total active cycles for level _0_0_3_1
           ramulator.busy_cycles_0_0_3_1              153620                                      # (All-bank refresh only. busy cycles only include refresh time in rank level) The sum of cycles that the DRAM part is active or under refresh for level _0_0_3_1
      ramulator.serving_requests_0_0_3_1              180711                                      # The sum of read and write requests that are served in this DRAM element per memory cycle for level _0_0_3_1
ramulator.average_serving_requests_0_0_3_1            0.041519                                      # The average of read and write requests that are served in this DRAM element per memory cycle for level _0_0_3_1
         ramulator.active_cycles_0_0_3_2              178010                                      # Total active cycles for level _0_0_3_2
           ramulator.busy_cycles_0_0_3_2              178010                                      # (All-bank refresh only. busy cycles only include refresh time in rank level) The sum of cycles that the DRAM part is active or under refresh for level _0_0_3_2
      ramulator.serving_requests_0_0_3_2              211320                                      # The sum of read and write requests that are served in this DRAM element per memory cycle for level _0_0_3_2
ramulator.average_serving_requests_0_0_3_2            0.048552                                      # The average of read and write requests that are served in this DRAM element per memory cycle for level _0_0_3_2
         ramulator.active_cycles_0_0_3_3              154959                                      # Total active cycles for level _0_0_3_3
           ramulator.busy_cycles_0_0_3_3              154959                                      # (All-bank refresh only. busy cycles only include refresh time in rank level) The sum of cycles that the DRAM part is active or under refresh for level _0_0_3_3
      ramulator.serving_requests_0_0_3_3              182568                                      # The sum of read and write requests that are served in this DRAM element per memory cycle for level _0_0_3_3
ramulator.average_serving_requests_0_0_3_3            0.041946                                      # The average of read and write requests that are served in this DRAM element per memory cycle for level _0_0_3_3
      ramulator.read_transaction_bytes_0             5857792                                      # The total byte of read transaction per channel
     ramulator.write_transaction_bytes_0             2907072                                      # The total byte of write transaction per channel
       ramulator.row_hits_channel_0_core              120865                                      # Number of row hits per channel per core
     ramulator.row_misses_channel_0_core                5154                                      # Number of row misses per channel per core
  ramulator.row_conflicts_channel_0_core               10932                                      # Number of row conflicts per channel per core
  ramulator.read_row_hits_channel_0_core               84674                                      # Number of row hits for read requests per channel per core
                                     [0]             84674.0                                      # 
ramulator.read_row_misses_channel_0_core                2010                                      # Number of row misses for read requests per channel per core
                                     [0]              2010.0                                      # 
ramulator.read_row_conflicts_channel_0_core                4844                                      # Number of row conflicts for read requests per channel per core
                                     [0]              4844.0                                      # 
 ramulator.write_row_hits_channel_0_core               36191                                      # Number of row hits for write requests per channel per core
                                     [0]             36191.0                                      # 
ramulator.write_row_misses_channel_0_core                3144                                      # Number of row misses for write requests per channel per core
                                     [0]              3144.0                                      # 
ramulator.write_row_conflicts_channel_0_core                6088                                      # Number of row conflicts for write requests per channel per core
                                     [0]              6088.0                                      # 
      ramulator.useless_activates_0_core                  29                                      # Number of useless activations. E.g, ACT -> PRE w/o RD or WR
            ramulator.read_latency_avg_0           71.195685                                      # The average memory latency cycles (in memory time domain) per request for all read requests in this channel
            ramulator.read_latency_sum_0             6517253                                      # The memory latency cycles (in memory time domain) sum for all read requests in this channel
        ramulator.req_queue_length_avg_0           14.217761                                      # Average of read and write queue length per memory cycle per channel.
        ramulator.req_queue_length_sum_0            61882378                                      # Sum of read and write queue length per memory cycle per channel.
   ramulator.read_req_queue_length_avg_0            1.470796                                      # Read queue length average per memory cycle per channel.
   ramulator.read_req_queue_length_sum_0             6401595                                      # Read queue length sum per memory cycle per channel.
  ramulator.write_req_queue_length_avg_0           12.746965                                      # Write queue length average per memory cycle per channel.
  ramulator.write_req_queue_length_sum_0            55480783                                      # Write queue length sum per memory cycle per channel.
              ramulator.record_read_hits                 0.0                                      # record read hit count for this core when it reaches request limit or to the end
                                     [0]                 0.0                                      # 
            ramulator.record_read_misses                 0.0                                      # record_read_miss count for this core when it reaches request limit or to the end
                                     [0]                 0.0                                      # 
         ramulator.record_read_conflicts                 0.0                                      # record read conflict count for this core when it reaches request limit or to the end
                                     [0]                 0.0                                      # 
             ramulator.record_write_hits                 0.0                                      # record write hit count for this core when it reaches request limit or to the end
                                     [0]                 0.0                                      # 
           ramulator.record_write_misses                 0.0                                      # record write miss count for this core when it reaches request limit or to the end
                                     [0]                 0.0                                      # 
        ramulator.record_write_conflicts                 0.0                                      # record write conflict for this core when it reaches request limit or to the end
                                     [0]                 0.0                                      # 
                 ramulator.dram_capacity          8589934592                                      # Number of bytes in simulated DRAM
                   ramulator.dram_cycles             4352470                                      # Number of DRAM cycles simulated
             ramulator.incoming_requests              136979                                      # Number of incoming requests to DRAM
                 ramulator.read_requests               91540                                      # Number of incoming read requests to DRAM per core
                                     [0]             91540.0                                      # 
                ramulator.write_requests               45439                                      # Number of incoming write requests to DRAM per core
                                     [0]             45439.0                                      # 
       ramulator.ramulator_active_cycles             2126500                                      # The total number of cycles that the DRAM part is active (serving R/W)
 ramulator.incoming_requests_per_channel            136979.0                                      # Number of incoming requests to each DRAM channel
                                     [0]            136979.0                                      # 
ramulator.incoming_read_reqs_per_channel             91540.0                                      # Number of incoming read requests to each DRAM channel
                                     [0]             91540.0                                      # 
     ramulator.physical_page_replacement                   0                                      # The number of times that physical page replacement happens.
             ramulator.maximum_bandwidth         19200000000                                      # The theoretical maximum bandwidth (Bps)
          ramulator.in_queue_req_num_sum            61882378                                      # Sum of read/write queue length
     ramulator.in_queue_read_req_num_sum             6401595                                      # Sum of read queue length
    ramulator.in_queue_write_req_num_sum            55480783                                      # Sum of write queue length
          ramulator.in_queue_req_num_avg           14.217761                                      # Average of read/write queue length per memory cycle
     ramulator.in_queue_read_req_num_avg            1.470796                                      # Average of read queue length per memory cycle
    ramulator.in_queue_write_req_num_avg           12.746965                                      # Average of write queue length per memory cycle
          ramulator.record_read_requests                 0.0                                      # record read requests for this core when it reaches request limit or to the end
                                     [0]                 0.0                                      # 
         ramulator.record_write_requests                 0.0                                      # record write requests for this core when it reaches request limit or to the end
                                     [0]                 0.0                                      # 
