Scarab gitrev: 3541854
Scarab started at Sat Oct 12 01:24:12 2024

Initialized Ramulator. 
** Heartbeat:   5% -- { 1000005 } -- 0.00 KIPS (43.48 KIPS)
** Heartbeat:  10% -- { 2000005 } -- 45.45 KIPS (44.44 KIPS)
** Heartbeat:  15% -- { 3000014 } -- 45.45 KIPS (44.78 KIPS)
** Heartbeat:  20% -- { 4000014 } -- 38.46 KIPS (43.01 KIPS)
** Heartbeat:  25% -- { 5000017 } -- 41.67 KIPS (42.74 KIPS)
** Heartbeat:  30% -- { 6000024 } -- 33.33 KIPS (40.82 KIPS)
** Heartbeat:  35% -- { 7000030 } -- 33.33 KIPS (39.55 KIPS)
** Heartbeat:  40% -- { 8000037 } -- 37.04 KIPS (39.22 KIPS)
** Heartbeat:  45% -- { 9000037 } -- 34.48 KIPS (38.63 KIPS)
** Heartbeat:  50% -- { 10000043 } -- 41.67 KIPS (38.91 KIPS)
** Heartbeat:  55% -- { 11000043 } -- 25.00 KIPS (37.04 KIPS)
** Heartbeat:  60% -- { 12000046 } -- 47.62 KIPS (37.74 KIPS)
** Heartbeat:  65% -- { 13000046 } -- 41.67 KIPS (38.01 KIPS)
** Heartbeat:  70% -- { 14000046 } -- 37.04 KIPS (37.94 KIPS)
** Heartbeat:  75% -- { 15000049 } -- 43.48 KIPS (38.27 KIPS)
** Heartbeat:  80% -- { 16000054 } -- 37.04 KIPS (38.19 KIPS)
** Heartbeat:  85% -- { 17000054 } -- 43.48 KIPS (38.46 KIPS)
** Heartbeat:  90% -- { 18000054 } -- 31.25 KIPS (37.97 KIPS)
** Heartbeat:  95% -- { 19000055 } -- 37.04 KIPS (37.92 KIPS)
** Core 0 Finished:    insts:20000000    cycles:11606584    time:3627057500000       -- 1.72 IPC (1.72 IPC) --  N/A  KIPS (37.45 KIPS)
Scarab finished at Sat Oct 12 01:33:06 2024

