/* -*- Mode: c -*- */
####################################################################################################
Core 0
####################################################################################################
Cumulative:        Cycles: 14658141              Instructions: 20000000              IPC: 1.36443

Periodic:          Cycles: 7391273               Instructions: 10000000              IPC: 1.35295

PREF_DL0REQ_QUEUE_HIT_BY_DEMAND                      0                              0              

PREF_UMLC_REQ_QUEUE_HIT_BY_DEMAND                    0                              0              

PREF_UL1REQ_QUEUE_HIT_BY_DEMAND                      0                              0              

PREF_DL0REQ_QUEUE_FULL                               0                              0              

PREF_UMLC_REQ_QUEUE_FULL                             0                              0              

PREF_UL1REQ_QUEUE_FULL                           18979                          28258              

PREF_DC_HIT_NOSEND                                   0                              0              

PREF_WBQDC_HIT_NOSEND                                0                              0              

PREF_MLCQ_STALL                                      0                              0              

PREF_L1Q_STALL                                       0                              0              

PREF_UMLC_REQ_SEND_QUEUE_STALL                       0                              0              

PREF_UL1REQ_SEND_QUEUE_STALL                   1185357                        1941976              

PREF_UMLC_REQ_QUEUE_SENTREQ                          0                              0              

PREF_UL1REQ_QUEUE_SENTREQ                        86631                         157204              

PREF_NEWREQ_MATCHED                               1702                           4191              

PREF_UMLC_REQ_QUEUE_MATCHED_REQ                      0                              0              

PREF_UL1REQ_QUEUE_MATCHED_REQ                     4855                           8732              

PREF_DL0REQ_QUEUE_MATCHED_REQ                        0                              0              

L1_PREF_HIT                                      35769                          68211              

L1_PREF_UNIQUE_HIT                               31974                          59954              

L1_PREF_LATE                                      3267                           6452              

L1_LATE_PREF_CYCLES                            1020976                        1745522              

L1_LATE_PREF_CYCLES_DIST_0                         760       23.263%             1970       30.533%
L1_LATE_PREF_CYCLES_DIST_100                       728       22.283%             1548       23.993%
L1_LATE_PREF_CYCLES_DIST_200                       540       16.529%              906       14.042%
L1_LATE_PREF_CYCLES_DIST_300                       361       11.050%              537        8.323%
L1_LATE_PREF_CYCLES_DIST_400                       227        6.948%              395        6.122%
L1_LATE_PREF_CYCLES_DIST_500                       154        4.714%              344        5.332%
L1_LATE_PREF_CYCLES_DIST_600                       147        4.500%              227        3.518%
L1_LATE_PREF_CYCLES_DIST_700                       112        3.428%              163        2.526%
L1_LATE_PREF_CYCLES_DIST_800                        73        2.234%              109        1.689%
L1_LATE_PREF_CYCLES_DIST_900                        66        2.020%              113        1.751%
L1_LATE_PREF_CYCLES_DIST_1000                       27        0.826%               36        0.558%
L1_LATE_PREF_CYCLES_DIST_1100                        7        0.214%               15        0.232%
L1_LATE_PREF_CYCLES_DIST_1200                        4        0.122%                9        0.139%
L1_LATE_PREF_CYCLES_DIST_1300                       14        0.429%               17        0.263%
L1_LATE_PREF_CYCLES_DIST_1400                       23        0.704%               33        0.511%
L1_LATE_PREF_CYCLES_DIST_1500                       13        0.398%               14        0.217%
L1_LATE_PREF_CYCLES_DIST_1600                        4        0.122%                4        0.062%
L1_LATE_PREF_CYCLES_DIST_1700                        0        0.000%                0        0.000%
L1_LATE_PREF_CYCLES_DIST_1800                        2        0.061%                2        0.031%
L1_LATE_PREF_CYCLES_DIST_1900                        2        0.061%                4        0.062%
L1_LATE_PREF_CYCLES_DIST_2000                        3        0.092%                6        0.093%
                                                  3267      100.000%             6452      100.000%
                                                  2.66         2.67              2.25         2.47

MLC_PREF_HIT                                     52562                         111905              

MLC_PREF_UNIQUE_HIT                               3840                           8889              

MLC_PREF_LATE                                        0                              0              

PREF_HYBRID_SEL_0                                    0         -nan%                0         -nan%
PREF_HYBRID_SEL_1                                    0         -nan%                0         -nan%
PREF_HYBRID_SEL_2                                    0         -nan%                0         -nan%
PREF_HYBRID_SEL_3                                    0         -nan%                0         -nan%
PREF_HYBRID_SEL_4                                    0         -nan%                0         -nan%
PREF_HYBRID_SEL_5                                    0         -nan%                0         -nan%
PREF_HYBRID_SEL_6                                    0         -nan%                0         -nan%
                                                     0         -nan%                0         -nan%
                                                  -nan         -nan              -nan         -nan

PREF_DISTANCE_1                                      0        0.000%                0        0.000%
PREF_DISTANCE_2                                      0        0.000%                0        0.000%
PREF_DISTANCE_3                                      0        0.000%                0        0.000%
PREF_DISTANCE_4                                      0        0.000%                1        5.000%
PREF_DISTANCE_5                                     12      100.000%               19       95.000%
PREF_DISTANCE_6                                      0        0.000%                0        0.000%
PREF_DISTANCE_7                                      0        0.000%                0        0.000%
PREF_DISTANCE_8                                      0        0.000%                0        0.000%
PREF_DISTANCE_9                                      0        0.000%                0        0.000%
PREF_DISTANCE_10                                     0        0.000%                0        0.000%
                                                    12      100.000%               20      100.000%
                                                  4.00         0.00              3.95         0.22

PREF_REPL_MRU                                        0         -nan%                0         -nan%
PREF_REPL_MID                                        0         -nan%                0         -nan%
PREF_REPL_LOWQTR                                     0         -nan%                0         -nan%
PREF_REPL_LRU                                        0         -nan%                0         -nan%
                                                     0         -nan%                0         -nan%
                                                  -nan         -nan              -nan         -nan

PREF_REPL_MOVEDOWN                                   0         -nan%                0         -nan%
PREF_REPL_MOVEUP                                     0         -nan%                0         -nan%
                                                     0         -nan%                0         -nan%
                                                  -nan         -nan              -nan         -nan

PREF_COV_1                                           0         -nan%                0         -nan%
PREF_COV_2                                           0         -nan%                0         -nan%
PREF_COV_3                                           0         -nan%                0         -nan%
PREF_COV_4                                           0         -nan%                0         -nan%
PREF_COV_5                                           0         -nan%                0         -nan%
PREF_COV_6                                           0         -nan%                0         -nan%
PREF_COV_7                                           0         -nan%                0         -nan%
PREF_COV_8                                           0         -nan%                0         -nan%
PREF_COV_9                                           0         -nan%                0         -nan%
PREF_COV_10                                          0         -nan%                0         -nan%
                                                     0         -nan%                0         -nan%
                                                  -nan         -nan              -nan         -nan

PREF_POL_1                                           0        0.000%                0        0.000%
PREF_POL_2                                           0        0.000%                0        0.000%
PREF_POL_3                                           0        0.000%                0        0.000%
PREF_POL_4                                           0        0.000%                0        0.000%
PREF_POL_5                                           0        0.000%                0        0.000%
PREF_POL_6                                           0        0.000%                0        0.000%
PREF_POL_7                                           0        0.000%                0        0.000%
PREF_POL_8                                           0        0.000%                0        0.000%
PREF_POL_9                                           0        0.000%                0        0.000%
PREF_POL_10                                         12      100.000%               20      100.000%
                                                    12      100.000%               20      100.000%
                                                  9.00         9.40              9.00         9.23

PREF_ACC_1                                           0        0.000%                0        0.000%
PREF_ACC_2                                           1        8.333%                2       10.000%
PREF_ACC_3                                           2       16.667%                3       15.000%
PREF_ACC_4                                           2       16.667%                4       20.000%
PREF_ACC_5                                           3       25.000%                4       20.000%
PREF_ACC_6                                           4       33.333%                7       35.000%
PREF_ACC_7                                           0        0.000%                0        0.000%
PREF_ACC_8                                           0        0.000%                0        0.000%
PREF_ACC_9                                           0        0.000%                0        0.000%
PREF_ACC_10                                          0        0.000%                0        0.000%
                                                    12      100.000%               20      100.000%
                                                  3.58         1.38              3.55         1.39

PREF_TIMELY_1                                        0        0.000%                0        0.000%
PREF_TIMELY_2                                        0        0.000%                0        0.000%
PREF_TIMELY_3                                        0        0.000%                0        0.000%
PREF_TIMELY_4                                        0        0.000%                0        0.000%
PREF_TIMELY_5                                        0        0.000%                0        0.000%
PREF_TIMELY_6                                        0        0.000%                0        0.000%
PREF_TIMELY_7                                        0        0.000%                0        0.000%
PREF_TIMELY_8                                        0        0.000%                0        0.000%
PREF_TIMELY_9                                        3       25.000%                8       40.000%
PREF_TIMELY_10                                       9       75.000%               12       60.000%
                                                    12      100.000%               20      100.000%
                                                  8.75         7.93              8.60         6.85

PREF_UNUSED_EVICT                                35144                          56619              

PREF_REGION_SENT                                     0                              0              

PREF_REGION_USEFUL                                   0                              0              

PREF_REGION_EVICT                                    0                              0              

PREF_PFPOL                                           0                              0              

PREF_PHASE_NEWPHASE_DET                              0                              0              

PREF_PHASE_NEWPHASE_NOTVALID                         0                              0              

PREF_PHASE_SENTPREF                                  0                              0              

PREF_PHASE_OVERWRITE_PAGE                            0                              0              

PREF_UPDATE_COUNT                                   12                             20              

PREF_ACC1_HT_HP                                      0        0.000%                0        0.000%
PREF_ACC1_HT_LP                                      0        0.000%                0        0.000%
PREF_ACC1_LT_HP                                      0        0.000%                0        0.000%
PREF_ACC1_LT_LP                                      2       16.667%                3       15.000%
PREF_ACC2_HT_HP                                      0        0.000%                0        0.000%
PREF_ACC2_HT_LP                                      0        0.000%                0        0.000%
PREF_ACC2_LT_HP                                      0        0.000%                0        0.000%
PREF_ACC2_LT_LP                                     10       83.333%               17       85.000%
PREF_ACC3_HT_HP                                      0        0.000%                0        0.000%
PREF_ACC3_HT_LP                                      0        0.000%                0        0.000%
PREF_ACC3_LT_HP                                      0        0.000%                0        0.000%
PREF_ACC3_LT_LP                                      0        0.000%                0        0.000%
PREF_ACC4_HT_HP                                      0        0.000%                0        0.000%
PREF_ACC4_HT_LP                                      0        0.000%                0        0.000%
PREF_ACC4_LT_HP                                      0        0.000%                0        0.000%
PREF_ACC4_LT_LP                                      0        0.000%                0        0.000%
                                                    12      100.000%               20      100.000%
                                                  6.33         1.56              6.40         1.47

FDIP_DECIDE_PREF_ONPATH                        1174964                        2377618              

FDIP_DECIDE_PREF_OFFPATH                        204000                         707243              

FDIP_NEW_PREFETCHES_ONPATH                        6543                          10643              

FDIP_NEW_PREFETCHES_OFFPATH                       9500                          28285              

FDIP_PREF_ICACHE_PROBE_HIT_ONPATH              1162173                        2357600              

FDIP_PREF_ICACHE_PROBE_HIT_OFFPATH              188138                         650484              

FDIP_PREF_MSHR_PROBE_HIT_ONPATH                   6150                           8999              

FDIP_PREF_MSHR_PROBE_HIT_OFFPATH                  6321                          28280              

FDIP_PREF_FAILED_ONPATH                             98                            376              

FDIP_PREF_FAILED_OFFPATH                            41                            194              

FDIP_ATTEMPTED_PREF_ONPATH                     1187951                        2396966              

FDIP_ATTEMPTED_PREF_OFFPATH                     226895                         810868              

FDIP_ALT_PATH_PREFETCHES_IC_EMITTED                  0                              0              

FDIP_ALT_PATH_PREFETCHES_IC_TRIGGERED                0                              0              

FDIP_ALT_PATH_PREFETCHES_UOC_EMITTED_OFF_PATH             0         -nan%                0         -nan%
FDIP_ALT_PATH_PREFETCHES_UOC_EMITTED_ON_PATH             0         -nan%                0         -nan%
                                                     0         -nan%                0         -nan%
                                                  -nan         -nan              -nan         -nan

FDIP_ALT_PATH_PREFETCHES_UOC_TRIGGERED               0                              0              

FDIP_BREAK_REACH_FTQ_END                       7261354       98.242%         14235681       97.118%
FDIP_BREAK_FTQ_EMPTY                                 0        0.000%                0        0.000%
FDIP_BREAK_MAX_FTQ_ENTRY_CYC                     94037        1.272%           299487        2.043%
FDIP_BREAK_FULL_MEM_REQ_BUF                      35882        0.485%           122973        0.839%
                                               7391273      100.000%         14658141      100.000%
                                                  0.04         0.30              0.07         0.39

FDIP_CYCLE_COUNT                                     0                              0              

ICACHE_USEFUL_FETCHES                              766                           2856              

USEFUL_CACHELINES_RETIRED                            0                              0              

ICACHE_UNUSEFUL_FETCHES                              0                              0              

UNIQUE_MISSED_LINES                                766                           2856              

UNIQUE_HIT_LINES                                     0                              0              

UNIQUE_PREFETCHED_LINES                              0                              0              

FDIP_BTB_MISS_NT_RESTEER_ONPATH                   1018                           5599              

FDIP_BTB_MISS_NT_RESTEER_OFFPATH                  3190                           7520              

FDIP_UTILITY_HASH_HIT                                0         -nan%                0         -nan%
FDIP_UTILITY_HASH_MISS                               0         -nan%                0         -nan%
                                                     0         -nan%                0         -nan%
                                                  -nan         -nan              -nan         -nan

FDIP_UC_HIT                                          0         -nan%                0         -nan%
FDIP_UC_MISS                                         0         -nan%                0         -nan%
                                                     0         -nan%                0         -nan%
                                                  -nan         -nan              -nan         -nan

FDIP_UC_USEFUL_LINES                                 0                              0              

FDIP_UC_REPLACEMENT                                  0                              0              

FDIP_BLOOM_HIT                                       0         -nan%                0         -nan%
FDIP_BLOOM_MISS                                      0         -nan%                0         -nan%
                                                     0         -nan%                0         -nan%
                                                  -nan         -nan              -nan         -nan

FDIP_BLOOM_INSERTED                                  0                              0              

FDIP_BLOOM_CLEAR1                                    0                              0              

FDIP_BLOOM_CLEAR2                                    0                              0              

FDIP_BLOOM_CLEAR4                                    0                              0              

FDIP_BLOOM_1STREAM                                   0                              0              

FDIP_BLOOM_2STREAM                                   0                              0              

FDIP_BLOOM_3STREAM                                   0                              0              

FDIP_BLOOM_4STREAM                                   0                              0              

FDIP_BLOOM_5STREAM                                   0                              0              

FDIP_BLOOM_6STREAM                                   0                              0              

FDIP_BLOOM_7STREAM                                   0                              0              

FDIP_BLOOM_8STREAM                                   0                              0              

FDIP_BLOOM_1INSERT                                   0                              0              

FDIP_BLOOM_2INSERT                                   0                              0              

FDIP_BLOOM_4INSERT                                   0                              0              

FDIP_BLOOM_NOSTREAM                                  0                              0              

FDIP_AVG_FTQ_OCCUPANCY_OPS                         272                            272              

FDIP_AVG_FTQ_OCCUPANCY                              30                             30              

FDIP_FTQ_OCCUPANCY_OPS_ACCUMULATED          1987904009                     3990267048              

FDIP_FTQ_OCCUPANCY_BLOCKS_ACCUMULATED        232071708                      454059082              

FDIP_TRAINING_SAMPLE                                 0                              0              

FDIP_SENIORITY_FTQ_ACCUMULATED                       0                              0              

FDIP_SENIORITY_FTQ_HIT                               0                              0              

FDIP_SENIORITY_FTQ_MISS                              0                              0              

FDIP_UFTQ_STAY_SAME_FTQ_NUM                          0         -nan%                0         -nan%
FDIP_UFTQ_DEC_FTQ_NUM                                0         -nan%                0         -nan%
FDIP_UFTQ_INC_FTQ_NUM                                0         -nan%                0         -nan%
                                                     0         -nan%                0         -nan%
                                                  -nan         -nan              -nan         -nan

FDIP_OFF_CONF_ON_PREF_CANDIDATES                     0         -nan%                0         -nan%
FDIP_OFF_CONF_OFF_PREF_CANDIDATES                    0         -nan%                0         -nan%
FDIP_ON_CONF_ON_PREF_CANDIDATES                      0         -nan%                0         -nan%
FDIP_ON_CONF_OFF_PREF_CANDIDATES                     0         -nan%                0         -nan%
                                                     0         -nan%                0         -nan%
                                                  -nan         -nan              -nan         -nan

FDIP_ON_CONF_ON_EMITTED                              0         -nan%                0         -nan%
FDIP_ON_CONF_OFF_EMITTED                             0         -nan%                0         -nan%
FDIP_OFF_CONF_ON_EMITTED                             0         -nan%                0         -nan%
FDIP_OFF_CONF_OFF_EMITTED                            0         -nan%                0         -nan%
                                                     0         -nan%                0         -nan%
                                                  -nan         -nan              -nan         -nan

FDIP_OFF_CONF_ON_NUM_EVENTS                          0                              0              

FDIP_OFF_CONF_ON_BTB_MISS                            0         -nan%                0         -nan%
FDIP_OFF_CONF_ON_BP_INCORRECT                        0         -nan%                0         -nan%
FDIP_OFF_CONF_ON_MISFETCH                            0         -nan%                0         -nan%
FDIP_OFF_CONF_ON_NO_TARGET                           0         -nan%                0         -nan%
                                                     0         -nan%                0         -nan%
                                                  -nan         -nan              -nan         -nan

FDIP_OFF_CONF_ON_BTB_MISS_PREF_CANDIDATES             0         -nan%                0         -nan%
FDIP_OFF_CONF_ON_BP_INCORRECT_PREF_CANDIDATES             0         -nan%                0         -nan%
FDIP_OFF_CONF_ON_MISFETCH_PREF_CANDIDATES             0         -nan%                0         -nan%
FDIP_OFF_CONF_ON_NO_TARGET_PREF_CANDIDATES             0         -nan%                0         -nan%
                                                     0         -nan%                0         -nan%
                                                  -nan         -nan              -nan         -nan

FDIP_OFF_CONF_ON_BTB_MISS_EMITTED                    0         -nan%                0         -nan%
FDIP_OFF_CONF_ON_BP_INCORRECT_EMITTED                0         -nan%                0         -nan%
FDIP_OFF_CONF_ON_MISFETCH_EMITTED                    0         -nan%                0         -nan%
FDIP_OFF_CONF_ON_NO_TARGET_EMITTED                   0         -nan%                0         -nan%
                                                     0         -nan%                0         -nan%
                                                  -nan         -nan              -nan         -nan

FDIP_OFF_CONF_ON_BP_INCORRECT_0_CONF                 0         -nan%                0         -nan%
FDIP_OFF_CONF_ON_BP_INCORRECT_1_CONF                 0         -nan%                0         -nan%
FDIP_OFF_CONF_ON_BP_INCORRECT_2_CONF                 0         -nan%                0         -nan%
FDIP_OFF_CONF_ON_BP_INCORRECT_3_CONF                 0         -nan%                0         -nan%
                                                     0         -nan%                0         -nan%
                                                  -nan         -nan              -nan         -nan

FDIP_OFF_CONF_ON_BTB_MISS_CBR_0_CONF                 0         -nan%                0         -nan%
FDIP_OFF_CONF_ON_BTB_MISS_CBR_1_CONF                 0         -nan%                0         -nan%
FDIP_OFF_CONF_ON_BTB_MISS_CBR_2_CONF                 0         -nan%                0         -nan%
FDIP_OFF_CONF_ON_BTB_MISS_CBR_3_CONF                 0         -nan%                0         -nan%
                                                     0         -nan%                0         -nan%
                                                  -nan         -nan              -nan         -nan

FDIP_OFF_CONF_ON_BTB_MISS_NOT_CF                     0         -nan%                0         -nan%
FDIP_OFF_CONF_ON_BTB_MISS_CF_BR                      0         -nan%                0         -nan%
FDIP_OFF_CONF_ON_BTB_MISS_CF_CBR                     0         -nan%                0         -nan%
FDIP_OFF_CONF_ON_BTB_MISS_CF_CALL                    0         -nan%                0         -nan%
FDIP_OFF_CONF_ON_BTB_MISS_CF_IBR                     0         -nan%                0         -nan%
FDIP_OFF_CONF_ON_BTB_MISS_CF_ICALL                   0         -nan%                0         -nan%
FDIP_OFF_CONF_ON_BTB_MISS_CF_ICO                     0         -nan%                0         -nan%
FDIP_OFF_CONF_ON_BTB_MISS_CF_RET                     0         -nan%                0         -nan%
FDIP_OFF_CONF_ON_BTB_MISS_CF_SYS                     0         -nan%                0         -nan%
                                                     0         -nan%                0         -nan%
                                                  -nan         -nan              -nan         -nan

FDIP_ON_CONF_OFF_NUM_EVENTS                          0                              0              

FDIP_ON_CONF_OFF_NUM_BTB_MISS                        0                              0              

FDIP_ON_CONF_OFF_NUM_OP_DIST_INC                     0                              0              

FDIP_ON_CONF_OFF_NUM_CF_BR                           0         -nan%                0         -nan%
FDIP_ON_CONF_OFF_NUM_CF_CBR                          0         -nan%                0         -nan%
FDIP_ON_CONF_OFF_NUM_CF_CALL                         0         -nan%                0         -nan%
FDIP_ON_CONF_OFF_NUM_CF_IBR                          0         -nan%                0         -nan%
FDIP_ON_CONF_OFF_NUM_CF_ICALL                        0         -nan%                0         -nan%
FDIP_ON_CONF_OFF_NUM_CF_ICO                          0         -nan%                0         -nan%
FDIP_ON_CONF_OFF_NUM_CF_RET                          0         -nan%                0         -nan%
FDIP_ON_CONF_OFF_NUM_CF_SYS                          0         -nan%                0         -nan%
                                                     0         -nan%                0         -nan%
                                                  -nan         -nan              -nan         -nan

FDIP_ON_CONF_OFF_NUM_CONF_0_BR                       0         -nan%                0         -nan%
FDIP_ON_CONF_OFF_NUM_CONF_1_BR                       0         -nan%                0         -nan%
FDIP_ON_CONF_OFF_NUM_CONF_2_BR                       0         -nan%                0         -nan%
FDIP_ON_CONF_OFF_NUM_CONF_3_BR                       0         -nan%                0         -nan%
                                                     0         -nan%                0         -nan%
                                                  -nan         -nan              -nan         -nan

FDIP_BTB_NUM_CYCLES_OFF_PATH_EVENT                   0                              0              

FDIP_BP_CONF_0_MISPRED                             518        0.023%             1385        0.031%
FDIP_BP_CONF_1_MISPRED                            1873        0.085%             6943        0.157%
FDIP_BP_CONF_2_MISPRED                             422        0.019%             1169        0.026%
FDIP_BP_CONF_3_MISPRED                            3552        0.161%            10822        0.245%
FDIP_BP_CONF_0_CORRECT                           10290        0.466%            25721        0.582%
FDIP_BP_CONF_1_CORRECT                           17865        0.809%            58611        1.327%
FDIP_BP_CONF_2_CORRECT                           10880        0.493%            26506        0.600%
FDIP_BP_CONF_3_CORRECT                         2162491       97.944%          4286241       97.031%
                                               2207891      100.000%          4417398      100.000%
                                                  6.95         6.89              6.93         6.84

FDIP_ON_CONF_OFF_BTB_MISS_BP_TAKEN_CONF_0             0         -nan%                0         -nan%
FDIP_ON_CONF_OFF_BTB_MISS_BP_TAKEN_CONF_1             0         -nan%                0         -nan%
FDIP_ON_CONF_OFF_BTB_MISS_BP_TAKEN_CONF_2             0         -nan%                0         -nan%
FDIP_ON_CONF_OFF_BTB_MISS_BP_TAKEN_CONF_3             0         -nan%                0         -nan%
FDIP_ON_CONF_OFF_BTB_MISS_RATE                       0         -nan%                0         -nan%
FDIP_ON_CONF_OFF_INV_CONF_INC                        0         -nan%                0         -nan%
                                                     0         -nan%                0         -nan%
                                                  -nan         -nan              -nan         -nan

FDIP_ON_CONF_OFF_BTB_MISS_BP_TAKEN_CONF_0_PREF_CANDIDATES             0         -nan%                0         -nan%
FDIP_ON_CONF_OFF_BTB_MISS_BP_TAKEN_CONF_1_PREF_CANDIDATES             0         -nan%                0         -nan%
FDIP_ON_CONF_OFF_BTB_MISS_BP_TAKEN_CONF_2_PREF_CANDIDATES             0         -nan%                0         -nan%
FDIP_ON_CONF_OFF_BTB_MISS_BP_TAKEN_CONF_3_PREF_CANDIDATES             0         -nan%                0         -nan%
FDIP_ON_CONF_OFF_BTB_MISS_RATE_PREF_CANDIDATES             0         -nan%                0         -nan%
FDIP_ON_CONF_OFF_INV_CONF_INC_PREF_CANDIDATES             0         -nan%                0         -nan%
                                                     0         -nan%                0         -nan%
                                                  -nan         -nan              -nan         -nan

FDIP_ON_CONF_OFF_BTB_MISS_BP_TAKEN_CONF_0_EMITTED             0         -nan%                0         -nan%
FDIP_ON_CONF_OFF_BTB_MISS_BP_TAKEN_CONF_1_EMITTED             0         -nan%                0         -nan%
FDIP_ON_CONF_OFF_BTB_MISS_BP_TAKEN_CONF_2_EMITTED             0         -nan%                0         -nan%
FDIP_ON_CONF_OFF_BTB_MISS_BP_TAKEN_CONF_3_EMITTED             0         -nan%                0         -nan%
FDIP_ON_CONF_OFF_BTB_MISS_RATE_EMITTED               0         -nan%                0         -nan%
FDIP_ON_CONF_OFF_INV_CONF_INC_EMITTED                0         -nan%                0         -nan%
                                                     0         -nan%                0         -nan%
                                                  -nan         -nan              -nan         -nan

ICACHE_FIRST_MISS_AFTER_WARMUP_SEEN_DURING_WARMUP           766      100.000%              766      100.000%
ICACHE_FIRST_MISS_AFTER_WARMUP_NOT_SEEN_DURING_WARMUP             0        0.000%                0        0.000%
                                                   766      100.000%              766      100.000%
                                                  0.00         0.00              0.00         0.00

ICACHE_FIRST_MISS_AFTER_WARMUP_NO_PREF_DURING_WARMUP           759      100.000%              759      100.000%
ICACHE_FIRST_MISS_AFTER_WARMUP_TRAINED_UNUSEFUL_DURING_WARMUP             0        0.000%                0        0.000%
ICACHE_FIRST_MISS_AFTER_WARMUP_TRAINED_USEFUL_DURING_WARMUP             0        0.000%                0        0.000%
                                                   759      100.000%              759      100.000%
                                                  0.00         0.00              0.00         0.00

FDIP_PREFETCH_EVICT_NO_HIT_ONLY_ONCE                 0                              0              

FDIP_PREFETCH_HIT_ICACHE                       1350311       95.439%          3008084       93.773%
FDIP_PREFETCH_HIT_MLC                             7187        0.508%            18420        0.574%
FDIP_PREFETCH_HIT_L1                               801        0.057%             3179        0.099%
FDIP_PREFETCH_HIT_DRAM                           56547        3.997%           178151        5.554%
                                               1414846      100.000%          3207834      100.000%
                                                  0.13         0.58              0.17         0.67

FDIP_MEM_BUF_MISS                                    0         -nan%                0         -nan%
FDIP_MEM_BUF_FOUND                                   0         -nan%                0         -nan%
                                                     0         -nan%                0         -nan%
                                                  -nan         -nan              -nan         -nan

DJOLT_PREFETCH_ENTRY                                 0                              0              

DJOLT_PREFETCH_INITIAL                               0                              0              

DJOLT_PREFETCH_SIG                                   0                              0              

FNLMMA_PREFETCH_TYPE0                                0         -nan%                0         -nan%
FNLMMA_PREFETCH_TYPE1                                0         -nan%                0         -nan%
FNLMMA_PREFETCH_TYPE2                                0         -nan%                0         -nan%
FNLMMA_PREFETCH_TYPE3                                0         -nan%                0         -nan%
FNLMMA_PREFETCH_TYPE4                                0         -nan%                0         -nan%
                                                     0         -nan%                0         -nan%
                                                  -nan         -nan              -nan         -nan



