/* -*- Mode: c -*- */
####################################################################################################
Core 0
####################################################################################################
Cumulative:        Cycles: 8192027               Instructions: 20000000              IPC: 2.44140

Periodic:          Cycles: 3970993               Instructions: 10000000              IPC: 2.51826

ST_OP_INV                                            0        0.000%                0        0.000%
ST_OP_NOP                                       128669        0.864%           348783        1.139%
ST_OP_CF                                       2597915       17.449%          5318453       17.364%
ST_OP_MOV                                      1102962        7.408%          2249972        7.346%
ST_OP_CMOV                                        3385        0.023%             6905        0.023%
ST_OP_LDA                                       477056        3.204%           979635        3.198%
ST_OP_ILD                                      1891429       12.704%          3876733       12.657%
ST_OP_IST                                       377843        2.538%           769038        2.511%
ST_OP_IADD                                      519979        3.492%          1061931        3.467%
ST_OP_IMUL                                         140        0.001%              289        0.001%
ST_OP_IDIV                                        1864        0.013%             3743        0.012%
ST_OP_ICMP                                     1439081        9.666%          2948896        9.628%
ST_OP_LOGIC                                     980284        6.584%          2003624        6.542%
ST_OP_SHIFT                                      10053        0.068%            20711        0.068%
ST_OP_FLD                                      2604653       17.494%          5351273       17.471%
ST_OP_FST                                       101134        0.679%           208129        0.680%
ST_OP_FCVT                                       25323        0.170%            52856        0.173%
ST_OP_FADD                                     1248662        8.387%          2569853        8.390%
ST_OP_FMUL                                     1238401        8.318%          2556647        8.347%
ST_OP_FMA                                        83068        0.558%           184868        0.604%
ST_OP_FDIV                                       32177        0.216%            66240        0.216%
ST_OP_FCMP                                       23127        0.155%            47827        0.156%
ST_OP_FCMOV                                          0        0.000%                0        0.000%
ST_OP_GATHER                                         0        0.000%                0        0.000%
ST_OP_SCATTER                                        0        0.000%                0        0.000%
ST_OP_PIPELINED_FAST                                 0        0.000%                0        0.000%
ST_OP_PIPELINED_MEDIUM                            1315        0.009%             2716        0.009%
ST_OP_PIPELINED_SLOW                                 0        0.000%                0        0.000%
ST_OP_NOTPIPELINED_MEDIUM                            0        0.000%                0        0.000%
ST_OP_NOTPIPELINED_SLOW                              0        0.000%                0        0.000%
ST_OP_NOTPIPELINED_VERY_SLOW                         0        0.000%                0        0.000%
                                              14888520      100.000%         30629122      100.000%
                                                  9.51         5.67              9.50         5.69

ST_NOT_CF                                     12290605       82.551%         25310669       82.636%
ST_CF_BR                                        312911        2.102%           641452        2.094%
ST_CF_CBR                                      2221183       14.919%          4545910       14.842%
ST_CF_CALL                                       26689        0.179%            55321        0.181%
ST_CF_IBR                                         4108        0.028%             8402        0.027%
ST_CF_ICALL                                       2680        0.018%             5286        0.017%
ST_CF_ICO                                            0        0.000%                0        0.000%
ST_CF_RET                                        30344        0.204%            62082        0.203%
ST_CF_SYS                                            0        0.000%                0        0.000%
                                              14888520      100.000%         30629122      100.000%
                                                  0.34         0.73              0.34         0.73

ST_BAR_NONE                                   14888520      100.000%         30629122      100.000%
ST_BAR_FETCH                                         0        0.000%                0        0.000%
ST_BAR_ISSUE                                         0        0.000%                0        0.000%
ST_BAR_BOTH                                          0        0.000%                0        0.000%
                                              14888520      100.000%         30629122      100.000%
                                                  0.00         0.00              0.00         0.00

ST_NOT_MEM                                     9913461       66.585%         20423949       66.681%
ST_MEM_LD                                      4496082       30.198%          9228006       30.128%
ST_MEM_ST                                       478977        3.217%           977167        3.190%
ST_MEM_PF                                            0        0.000%                0        0.000%
ST_MEM_WH                                            0        0.000%                0        0.000%
ST_MEM_EVICT                                         0        0.000%                0        0.000%
                                              14888520      100.000%         30629122      100.000%
                                                  0.37         0.46              0.37         0.45

ST_NOT_MEM_OFFPATH                             2192538       65.536%          5046319       66.023%
ST_MEM_LD_OFFPATH                              1061260       31.721%          2386028       31.217%
ST_MEM_ST_OFFPATH                                91770        2.743%           210934        2.760%
ST_MEM_PF_OFFPATH                                    0        0.000%                0        0.000%
ST_MEM_WH_OFFPATH                                    0        0.000%                0        0.000%
ST_MEM_EVIC_OFFPATHT                                 0        0.000%                0        0.000%
                                               3345568      100.000%          7643281      100.000%
                                                  0.37         0.44              0.37         0.45

ST_OP_ONPATH                                  14888520                       30629122              

ST_OP_OFFPATH                                  3345568                        7643281              

ST_FAKE_OP_OFFPATH                               15884        0.475%           134937        1.765%
ST_NOT_FAKE_OP_OFFPATH                         3329684       99.525%          7508344       98.235%
                                               3345568      100.000%          7643281      100.000%
                                                  1.00         0.99              0.98         0.97

ST_FAKE_REASON_NOT_FAKE                        3329684       99.525%          7508344       98.235%
ST_FAKE_REASON_REDIRECT_TO_NOT_INSTRUMENTED         15884        0.475%           134937        1.765%
ST_FAKE_REASON_RETURN_TO_NOT_INSTRUMENTED             0        0.000%                0        0.000%
ST_FAKE_REASON_NONRET_CF_TO_NOT_INSTRUMENTED             0        0.000%                0        0.000%
ST_FAKE_REASON_NOT_TAKEN_TO_NOT_INSTRUMENTED             0        0.000%                0        0.000%
ST_FAKE_REASON_WRONG_PATH_STORE_TO_NEW_REGION             0        0.000%                0        0.000%
                                               3345568      100.000%          7643281      100.000%
                                                  0.00         0.07              0.02         0.13

ST_INST_ONPATH                                14266136                       29339644              

ST_INST_OFFPATH                                3185042                        7276760              

STATIC_PIN_NOP                                       0                              0              

DYNAMIC_PIN_REP_GREATER_256                          0                              0              

INST_MAP_UPDATE_JITTED                          549878       29.224%          1111377       29.437%
INST_MAP_UPDATE_NPC_INV                              0        0.000%                0        0.000%
INST_MAP_UPDATE_NPC_NOP                              0        0.000%                0        0.000%
INST_MAP_UPDATE_NPC_CF                               0        0.000%                0        0.000%
INST_MAP_UPDATE_NPC_MOV                              0        0.000%                0        0.000%
INST_MAP_UPDATE_NPC_CMOV                             0        0.000%                0        0.000%
INST_MAP_UPDATE_NPC_LDA                              0        0.000%                0        0.000%
INST_MAP_UPDATE_NPC_IMEM                             0        0.000%                0        0.000%
INST_MAP_UPDATE_NPC_IADD                             0        0.000%                0        0.000%
INST_MAP_UPDATE_NPC_IMUL                          1092        0.058%             2178        0.058%
INST_MAP_UPDATE_NPC_IDIV                             0        0.000%                0        0.000%
INST_MAP_UPDATE_NPC_ICMP                             0        0.000%                0        0.000%
INST_MAP_UPDATE_NPC_LOGIC                            0        0.000%                0        0.000%
INST_MAP_UPDATE_NPC_SHIFT                            0        0.000%                0        0.000%
INST_MAP_UPDATE_NPC_FMEM                             0        0.000%                0        0.000%
INST_MAP_UPDATE_NPC_FCVT                             0        0.000%                0        0.000%
INST_MAP_UPDATE_NPC_FADD                             0        0.000%                0        0.000%
INST_MAP_UPDATE_NPC_FMUL                             0        0.000%                0        0.000%
INST_MAP_UPDATE_NPC_FMA                              0        0.000%                0        0.000%
INST_MAP_UPDATE_NPC_FDIV                             0        0.000%                0        0.000%
INST_MAP_UPDATE_NPC_FCMP                             0        0.000%                0        0.000%
INST_MAP_UPDATE_NPC_FCMOV                            0        0.000%                0        0.000%
INST_MAP_UPDATE_NPC_GATHER                           0        0.000%                0        0.000%
INST_MAP_UPDATE_NPC_SCATTER                          0        0.000%                0        0.000%
INST_MAP_UPDATE_NPC_PIPELINED_FAST                   0        0.000%                0        0.000%
INST_MAP_UPDATE_NPC_PIPELINED_MEDIUM                 0        0.000%                0        0.000%
INST_MAP_UPDATE_NPC_PIPELINED_SLOW                   0        0.000%                0        0.000%
INST_MAP_UPDATE_NPC_NOTPIPELINED_MEDIUM              0        0.000%                0        0.000%
INST_MAP_UPDATE_NPC_NOTPIPELINED_SLOW                0        0.000%                0        0.000%
INST_MAP_UPDATE_NPC_NOTPIPELINED_VERY_SLOW             0        0.000%                0        0.000%
INST_MAP_UPDATE_MEM_INV                              0        0.000%                0        0.000%
INST_MAP_UPDATE_MEM_NOP                              0        0.000%                0        0.000%
INST_MAP_UPDATE_MEM_CF                               0        0.000%                0        0.000%
INST_MAP_UPDATE_MEM_MOV                        1223923       65.046%          2445087       64.763%
INST_MAP_UPDATE_MEM_CMOV                             0        0.000%                0        0.000%
INST_MAP_UPDATE_MEM_LDA                              0        0.000%                0        0.000%
INST_MAP_UPDATE_MEM_IMEM                             0        0.000%                0        0.000%
INST_MAP_UPDATE_MEM_IADD                             0        0.000%                0        0.000%
INST_MAP_UPDATE_MEM_IMUL                         55852        2.968%           110409        2.924%
INST_MAP_UPDATE_MEM_IDIV                             0        0.000%                0        0.000%
INST_MAP_UPDATE_MEM_ICMP                             0        0.000%                0        0.000%
INST_MAP_UPDATE_MEM_LOGIC                         5290        0.281%            11319        0.300%
INST_MAP_UPDATE_MEM_SHIFT                         3101        0.165%             6605        0.175%
INST_MAP_UPDATE_MEM_FMEM                             0        0.000%                0        0.000%
INST_MAP_UPDATE_MEM_FCVT                             0        0.000%                0        0.000%
INST_MAP_UPDATE_MEM_FADD                             0        0.000%                0        0.000%
INST_MAP_UPDATE_MEM_FMUL                            14        0.001%               26        0.001%
INST_MAP_UPDATE_MEM_FMA                          31383        1.668%            66308        1.756%
INST_MAP_UPDATE_MEM_FDIV                         10791        0.573%            21571        0.571%
INST_MAP_UPDATE_MEM_FCMP                             0        0.000%                0        0.000%
INST_MAP_UPDATE_MEM_FCMOV                           84        0.004%              159        0.004%
INST_MAP_UPDATE_MEM_GATHER                           0        0.000%                4        0.000%
INST_MAP_UPDATE_MEM_SCATTER                          0        0.000%                0        0.000%
INST_MAP_UPDATE_MEM_PIPELINED_FAST                   0        0.000%                0        0.000%
INST_MAP_UPDATE_MEM_PIPELINED_MEDIUM                 0        0.000%                0        0.000%
INST_MAP_UPDATE_MEM_PIPELINED_SLOW                 210        0.011%              401        0.011%
INST_MAP_UPDATE_MEM_NOTPIPELINED_MEDIUM              0        0.000%                0        0.000%
INST_MAP_UPDATE_MEM_NOTPIPELINED_SLOW                0        0.000%                0        0.000%
INST_MAP_UPDATE_MEM_NOTPIPELINED_VERY_SLOW             0        0.000%                0        0.000%
                                               1881618      100.000%          3775444      100.000%
                                                 23.85         8.62             23.79         8.68



