Scarab gitrev: 3541854
Scarab started at Sat Oct 12 01:07:57 2024

Initialized Ramulator. 
** Heartbeat:   5% -- { 1000000 } -- 0.00 KIPS (22.22 KIPS)
** Heartbeat:  10% -- { 2000000 } -- 26.32 KIPS (24.10 KIPS)
** Heartbeat:  15% -- { 3000000 } -- 28.57 KIPS (25.42 KIPS)
** Heartbeat:  20% -- { 4000000 } -- 28.57 KIPS (26.14 KIPS)
** Heartbeat:  25% -- { 5000000 } -- 27.78 KIPS (26.46 KIPS)
** Heartbeat:  30% -- { 6000000 } -- 29.41 KIPS (26.91 KIPS)
** Heartbeat:  35% -- { 7000000 } -- 27.78 KIPS (27.03 KIPS)
** Heartbeat:  40% -- { 8000000 } -- 27.78 KIPS (27.12 KIPS)
** Heartbeat:  45% -- { 9000000 } -- 28.57 KIPS (27.27 KIPS)
** Heartbeat:  50% -- { 10000000 } -- 27.78 KIPS (27.32 KIPS)
** Heartbeat:  55% -- { 11000000 } -- 26.32 KIPS (27.23 KIPS)
** Heartbeat:  60% -- { 12000000 } -- 27.78 KIPS (27.27 KIPS)
** Heartbeat:  65% -- { 13000000 } -- 27.03 KIPS (27.25 KIPS)
** Heartbeat:  70% -- { 14000000 } -- 28.57 KIPS (27.34 KIPS)
** Heartbeat:  75% -- { 15000000 } -- 27.03 KIPS (27.32 KIPS)
** Heartbeat:  80% -- { 16000000 } -- 25.64 KIPS (27.21 KIPS)
** Heartbeat:  85% -- { 17000000 } -- 21.74 KIPS (26.81 KIPS)
** Heartbeat:  90% -- { 18000000 } -- 14.08 KIPS (25.53 KIPS)
** Heartbeat:  95% -- { 19000000 } -- 20.00 KIPS (25.17 KIPS)
** Heartbeat: 100% -- { 20000000 } -- 21.28 KIPS (24.94 KIPS)
** Core 0 Finished:    insts:20000000    cycles:20834624    time:6510820000000       -- 0.96 IPC (0.96 IPC) --  N/A  KIPS (24.94 KIPS)
Scarab finished at Sat Oct 12 01:21:19 2024

