/* -*- Mode: c -*- */
####################################################################################################
Core 0
####################################################################################################
Cumulative:        Cycles: 14180542              Instructions: 20000000              IPC: 1.41038

Periodic:          Cycles: 7145658               Instructions: 10000000              IPC: 1.39945

ST_OP_INV                                            0        0.000%                0        0.000%
ST_OP_NOP                                       236900        1.544%          1631787        5.149%
ST_OP_CF                                       2293558       14.948%          4476730       14.127%
ST_OP_MOV                                      1104779        7.200%          2247677        7.093%
ST_OP_CMOV                                       41959        0.273%            84959        0.268%
ST_OP_LDA                                       293059        1.910%           600889        1.896%
ST_OP_ILD                                       795607        5.185%          1641824        5.181%
ST_OP_IST                                      1256666        8.190%          2370487        7.480%
ST_OP_IADD                                     3098535       20.194%          5932232       18.720%
ST_OP_IMUL                                       28953        0.189%            59365        0.187%
ST_OP_IDIV                                           7        0.000%               16        0.000%
ST_OP_ICMP                                      913036        5.951%          1849962        5.838%
ST_OP_LOGIC                                     382978        2.496%           786575        2.482%
ST_OP_SHIFT                                      86789        0.566%           177745        0.561%
ST_OP_FLD                                      1848060       12.045%          3775216       11.913%
ST_OP_FST                                       843964        5.500%          1725684        5.446%
ST_OP_FCVT                                       22427        0.146%            44979        0.142%
ST_OP_FADD                                      557926        3.636%          1133279        3.576%
ST_OP_FMUL                                      769931        5.018%          1569232        4.952%
ST_OP_FMA                                       484289        3.156%           997860        3.149%
ST_OP_FDIV                                      157943        1.029%           324251        1.023%
ST_OP_FCMP                                      122820        0.800%           251930        0.795%
ST_OP_FCMOV                                          0        0.000%                0        0.000%
ST_OP_GATHER                                         0        0.000%                0        0.000%
ST_OP_SCATTER                                        0        0.000%                0        0.000%
ST_OP_PIPELINED_FAST                              2867        0.019%             5876        0.019%
ST_OP_PIPELINED_MEDIUM                              24        0.000%               61        0.000%
ST_OP_PIPELINED_SLOW                                 0        0.000%                0        0.000%
ST_OP_NOTPIPELINED_MEDIUM                          492        0.003%             1002        0.003%
ST_OP_NOTPIPELINED_SLOW                              0        0.000%                0        0.000%
ST_OP_NOTPIPELINED_VERY_SLOW                         0        0.000%                0        0.000%
                                              15343569      100.000%         31689618      100.000%
                                                  9.22         5.46              9.00         5.62

ST_NOT_CF                                     13050011       85.052%         27212888       85.873%
ST_CF_BR                                         44220        0.288%            91679        0.289%
ST_CF_CBR                                      2017302       13.148%          3907736       12.331%
ST_CF_CALL                                       78309        0.510%           160875        0.508%
ST_CF_IBR                                        77531        0.505%           159100        0.502%
ST_CF_ICALL                                          0        0.000%                0        0.000%
ST_CF_ICO                                            0        0.000%                0        0.000%
ST_CF_RET                                        76196        0.497%           157340        0.497%
ST_CF_SYS                                            0        0.000%                0        0.000%
                                              15343569      100.000%         31689618      100.000%
                                                  0.34         0.83              0.32         0.82

ST_BAR_NONE                                   15343569      100.000%         31689618      100.000%
ST_BAR_FETCH                                         0        0.000%                0        0.000%
ST_BAR_ISSUE                                         0        0.000%                0        0.000%
ST_BAR_BOTH                                          0        0.000%                0        0.000%
                                              15343569      100.000%         31689618      100.000%
                                                  0.00         0.00              0.00         0.00

ST_NOT_MEM                                    10599272       69.080%         22176407       69.980%
ST_MEM_LD                                      2643667       17.230%          5417040       17.094%
ST_MEM_ST                                      2100630       13.691%          4096171       12.926%
ST_MEM_PF                                            0        0.000%                0        0.000%
ST_MEM_WH                                            0        0.000%                0        0.000%
ST_MEM_EVICT                                         0        0.000%                0        0.000%
                                              15343569      100.000%         31689618      100.000%
                                                  0.45         0.62              0.43         0.61

ST_NOT_MEM_OFFPATH                              777223       66.531%          4408444       78.420%
ST_MEM_LD_OFFPATH                               277420       23.747%           839511       14.934%
ST_MEM_ST_OFFPATH                               113576        9.722%           373595        6.646%
ST_MEM_PF_OFFPATH                                    0        0.000%                0        0.000%
ST_MEM_WH_OFFPATH                                    0        0.000%                0        0.000%
ST_MEM_EVIC_OFFPATHT                                 0        0.000%                0        0.000%
                                               1168219      100.000%          5621550      100.000%
                                                  0.43         0.56              0.28         0.52

ST_OP_ONPATH                                  15343569                       31689618              

ST_OP_OFFPATH                                  1168219                        5621550              

ST_FAKE_OP_OFFPATH                               30574        2.617%          2072223       36.862%
ST_NOT_FAKE_OP_OFFPATH                         1137645       97.383%          3549327       63.138%
                                               1168219      100.000%          5621550      100.000%
                                                  0.97         0.96              0.63         0.58

ST_FAKE_REASON_NOT_FAKE                        1137645       97.383%          3549327       63.138%
ST_FAKE_REASON_REDIRECT_TO_NOT_INSTRUMENTED         30574        2.617%          2072223       36.862%
ST_FAKE_REASON_RETURN_TO_NOT_INSTRUMENTED             0        0.000%                0        0.000%
ST_FAKE_REASON_NONRET_CF_TO_NOT_INSTRUMENTED             0        0.000%                0        0.000%
ST_FAKE_REASON_NOT_TAKEN_TO_NOT_INSTRUMENTED             0        0.000%                0        0.000%
ST_FAKE_REASON_WRONG_PATH_STORE_TO_NEW_REGION             0        0.000%                0        0.000%
                                               1168219      100.000%          5621550      100.000%
                                                  0.03         0.16              0.37         0.38

ST_INST_ONPATH                                10836032                       23093294              

ST_INST_OFFPATH                                1002873                        5102259              

STATIC_PIN_NOP                                       0                              0              

DYNAMIC_PIN_REP_GREATER_256                          0                              0              

INST_MAP_UPDATE_JITTED                          535384       15.230%          1069659       15.506%
INST_MAP_UPDATE_NPC_INV                              0        0.000%                0        0.000%
INST_MAP_UPDATE_NPC_NOP                              0        0.000%                0        0.000%
INST_MAP_UPDATE_NPC_CF                               0        0.000%                0        0.000%
INST_MAP_UPDATE_NPC_MOV                              0        0.000%                0        0.000%
INST_MAP_UPDATE_NPC_CMOV                             0        0.000%                0        0.000%
INST_MAP_UPDATE_NPC_LDA                              0        0.000%                0        0.000%
INST_MAP_UPDATE_NPC_IMEM                             0        0.000%                0        0.000%
INST_MAP_UPDATE_NPC_IADD                             0        0.000%                0        0.000%
INST_MAP_UPDATE_NPC_IMUL                          6428        0.183%            12843        0.186%
INST_MAP_UPDATE_NPC_IDIV                             0        0.000%                0        0.000%
INST_MAP_UPDATE_NPC_ICMP                             0        0.000%                0        0.000%
INST_MAP_UPDATE_NPC_LOGIC                            0        0.000%                0        0.000%
INST_MAP_UPDATE_NPC_SHIFT                            0        0.000%                0        0.000%
INST_MAP_UPDATE_NPC_FMEM                             0        0.000%                0        0.000%
INST_MAP_UPDATE_NPC_FCVT                             0        0.000%                0        0.000%
INST_MAP_UPDATE_NPC_FADD                             0        0.000%                0        0.000%
INST_MAP_UPDATE_NPC_FMUL                             0        0.000%                0        0.000%
INST_MAP_UPDATE_NPC_FMA                              0        0.000%                0        0.000%
INST_MAP_UPDATE_NPC_FDIV                             0        0.000%                0        0.000%
INST_MAP_UPDATE_NPC_FCMP                             0        0.000%                0        0.000%
INST_MAP_UPDATE_NPC_FCMOV                            0        0.000%                0        0.000%
INST_MAP_UPDATE_NPC_GATHER                           0        0.000%                0        0.000%
INST_MAP_UPDATE_NPC_SCATTER                          0        0.000%                0        0.000%
INST_MAP_UPDATE_NPC_PIPELINED_FAST                   0        0.000%                0        0.000%
INST_MAP_UPDATE_NPC_PIPELINED_MEDIUM                 0        0.000%                0        0.000%
INST_MAP_UPDATE_NPC_PIPELINED_SLOW                   0        0.000%                0        0.000%
INST_MAP_UPDATE_NPC_NOTPIPELINED_MEDIUM              0        0.000%                0        0.000%
INST_MAP_UPDATE_NPC_NOTPIPELINED_SLOW                0        0.000%                0        0.000%
INST_MAP_UPDATE_NPC_NOTPIPELINED_VERY_SLOW             0        0.000%                0        0.000%
INST_MAP_UPDATE_MEM_INV                              0        0.000%                0        0.000%
INST_MAP_UPDATE_MEM_NOP                              0        0.000%                0        0.000%
INST_MAP_UPDATE_MEM_CF                               0        0.000%                0        0.000%
INST_MAP_UPDATE_MEM_MOV                        2256490       64.191%          4377393       63.455%
INST_MAP_UPDATE_MEM_CMOV                            24        0.001%               35        0.001%
INST_MAP_UPDATE_MEM_LDA                              0        0.000%                0        0.000%
INST_MAP_UPDATE_MEM_IMEM                             0        0.000%                0        0.000%
INST_MAP_UPDATE_MEM_IADD                             0        0.000%                0        0.000%
INST_MAP_UPDATE_MEM_IMUL                         29736        0.846%            59123        0.857%
INST_MAP_UPDATE_MEM_IDIV                           282        0.008%              547        0.008%
INST_MAP_UPDATE_MEM_ICMP                             0        0.000%                0        0.000%
INST_MAP_UPDATE_MEM_LOGIC                        14801        0.421%            29221        0.424%
INST_MAP_UPDATE_MEM_SHIFT                           20        0.001%               37        0.001%
INST_MAP_UPDATE_MEM_FMEM                            46        0.001%               91        0.001%
INST_MAP_UPDATE_MEM_FCVT                             0        0.000%                0        0.000%
INST_MAP_UPDATE_MEM_FADD                             0        0.000%                0        0.000%
INST_MAP_UPDATE_MEM_FMUL                           232        0.007%              452        0.007%
INST_MAP_UPDATE_MEM_FMA                         255133        7.258%           509868        7.391%
INST_MAP_UPDATE_MEM_FDIV                        240535        6.843%           483793        7.013%
INST_MAP_UPDATE_MEM_FCMP                        148648        4.229%           300409        4.355%
INST_MAP_UPDATE_MEM_FCMOV                         6163        0.175%            12164        0.176%
INST_MAP_UPDATE_MEM_GATHER                        7047        0.200%            13987        0.203%
INST_MAP_UPDATE_MEM_SCATTER                          0        0.000%                0        0.000%
INST_MAP_UPDATE_MEM_PIPELINED_FAST                   0        0.000%                0        0.000%
INST_MAP_UPDATE_MEM_PIPELINED_MEDIUM                 0        0.000%                0        0.000%
INST_MAP_UPDATE_MEM_PIPELINED_SLOW               14308        0.407%            28806        0.418%
INST_MAP_UPDATE_MEM_NOTPIPELINED_MEDIUM              4        0.000%                7        0.000%
INST_MAP_UPDATE_MEM_NOTPIPELINED_SLOW                0        0.000%                0        0.000%
INST_MAP_UPDATE_MEM_NOTPIPELINED_VERY_SLOW            10        0.000%               18        0.000%
                                               3515291      100.000%          6898453      100.000%
                                                 30.88         7.83             30.86         7.92



