Scarab gitrev: 3541854
Scarab started at Tue Oct 29 20:11:58 2024

Initialized Ramulator. 
** Heartbeat:   5% -- { 1000005 } -- 0.00 KIPS (19.61 KIPS)
** Heartbeat:  10% -- { 2000008 } -- 25.64 KIPS (22.22 KIPS)
** Heartbeat:  15% -- { 3000009 } -- 23.26 KIPS (22.56 KIPS)
** Heartbeat:  20% -- { 4000013 } -- 22.73 KIPS (22.60 KIPS)
** Heartbeat:  25% -- { 5000014 } -- 27.78 KIPS (23.47 KIPS)
** Heartbeat:  30% -- { 6000016 } -- 26.32 KIPS (23.90 KIPS)
** Heartbeat:  35% -- { 7000019 } -- 0.21 KIPS (1.38 KIPS)
** Heartbeat:  40% -- { 8000019 } -- 26.32 KIPS (1.57 KIPS)
** Heartbeat:  45% -- { 9000023 } -- 24.39 KIPS (1.75 KIPS)
** Heartbeat:  50% -- { 10000028 } -- 20.83 KIPS (1.93 KIPS)
** Heartbeat:  55% -- { 11000032 } -- 25.64 KIPS (2.10 KIPS)
** Heartbeat:  60% -- { 12000033 } -- 24.39 KIPS (2.28 KIPS)
** Heartbeat:  65% -- { 13000033 } -- 25.00 KIPS (2.45 KIPS)
** Heartbeat:  70% -- { 14000037 } -- 25.00 KIPS (2.62 KIPS)
** Heartbeat:  75% -- { 15000040 } -- 27.78 KIPS (2.79 KIPS)
** Heartbeat:  80% -- { 16000042 } -- 27.03 KIPS (2.95 KIPS)
** Heartbeat:  85% -- { 17000043 } -- 25.64 KIPS (3.11 KIPS)
** Heartbeat:  90% -- { 18000043 } -- 27.03 KIPS (3.27 KIPS)
** Heartbeat:  95% -- { 19000046 } -- 22.73 KIPS (3.43 KIPS)
Warning could not fetch inst from frontend
Warning could not fetch inst from frontend
Warning could not fetch inst from frontend
Warning could not fetch inst from frontend
Warning could not fetch inst from frontend
Warning could not fetch inst from frontend
Warning could not fetch inst from frontend
Warning could not fetch inst from frontend
Warning could not fetch inst from frontend
Warning could not fetch inst from frontend
Warning could not fetch inst from frontend
Warning could not fetch inst from frontend
Warning could not fetch inst from frontend
Warning could not fetch inst from frontend
Warning could not fetch inst from frontend
Warning could not fetch inst from frontend
Warning could not fetch inst from frontend
Warning could not fetch inst from frontend
Warning could not fetch inst from frontend
Warning could not fetch inst from frontend
Warning could not fetch inst from frontend
Warning could not fetch inst from frontend
Warning could not fetch inst from frontend
Warning could not fetch inst from frontend
Warning could not fetch inst from frontend
Warning could not fetch inst from frontend
Warning could not fetch inst from frontend
Warning could not fetch inst from frontend
Warning could not fetch inst from frontend
Warning could not fetch inst from frontend
Warning could not fetch inst from frontend
Warning could not fetch inst from frontend
Warning could not fetch inst from frontend
Warning could not fetch inst from frontend
Warning could not fetch inst from frontend
Warning could not fetch inst from frontend
Warning could not fetch inst from frontend
Warning could not fetch inst from frontend
Warning could not fetch inst from frontend
Warning could not fetch inst from frontend
Warning could not fetch inst from frontend
Warning could not fetch inst from frontend
Warning could not fetch inst from frontend
Warning could not fetch inst from frontend
Warning could not fetch inst from frontend
Warning could not fetch inst from frontend
Warning could not fetch inst from frontend
Warning could not fetch inst from frontend
Warning could not fetch inst from frontend
Warning could not fetch inst from frontend
Warning could not fetch inst from frontend
Warning could not fetch inst from frontend
Warning could not fetch inst from frontend
Warning could not fetch inst from frontend
Warning could not fetch inst from frontend
Warning could not fetch inst from frontend
Warning could not fetch inst from frontend
Warning could not fetch inst from frontend
Warning could not fetch inst from frontend
Warning could not fetch inst from frontend
Warning could not fetch inst from frontend
Warning could not fetch inst from frontend
Warning could not fetch inst from frontend
Warning could not fetch inst from frontend
Warning could not fetch inst from frontend
Warning could not fetch inst from frontend
Warning could not fetch inst from frontend
Warning could not fetch inst from frontend
Warning could not fetch inst from frontend
Warning could not fetch inst from frontend
Warning could not fetch inst from frontend
Warning could not fetch inst from frontend
Warning could not fetch inst from frontend
Warning could not fetch inst from frontend
Warning could not fetch inst from frontend
Warning could not fetch inst from frontend
Warning could not fetch inst from frontend
Warning could not fetch inst from frontend
Warning could not fetch inst from frontend
Warning could not fetch inst from frontend
Warning could not fetch inst from frontend
Warning could not fetch inst from frontend
Warning could not fetch inst from frontend
Warning could not fetch inst from frontend
Warning could not fetch inst from frontend
Warning could not fetch inst from frontend
Warning could not fetch inst from frontend
Warning could not fetch inst from frontend
** Core 0 Finished:    insts:20000000    cycles:7066530     time:2208290625000       -- 2.83 IPC (2.83 IPC) --  N/A  KIPS (3.58 KIPS)
Scarab finished at Tue Oct 29 21:45:06 2024

