/* -*- Mode: c -*- */
####################################################################################################
Core 0
####################################################################################################
Cumulative:        Cycles: 12276068              Instructions: 20000000              IPC: 1.62919

Periodic:          Cycles: 6009428               Instructions: 9999995               IPC: 1.66405

EXECUTION_TIME                           1877946250000                  3836271250000              

NODE_CYCLE                                     6009428                       12276068              

NODE_INST_COUNT                                9999995                       20000000              

NODE_INST_COUNT_FETCHED                        9999995                       20000000              

NODE_UOP_COUNT                                12243018                       24482518              

FULL_WINDOW_STALL                               403396        6.713%           908789        7.403%

FULL_WINDOW_MEM_OP                               24117        7.736%           202850       27.569%
FULL_WINDOW_FP_OP                                    0        0.000%                0        0.000%
FULL_WINDOW_OTHER_OP                            287635       92.264%           532931       72.431%
                                                311752      100.000%           735781      100.000%
                                                  1.85         1.78              1.45         1.32

RET_BLOCKED_DC_MISS                             135259        2.251%           542039        4.415%

RET_BLOCKED_L1_MISS                              39067        0.650%           290259        2.364%

RET_BLOCKED_L1_MISS_BW_PREF                          0        0.000%             2736        0.022%

RET_BLOCKED_L1_ACCESS                            96192        1.601%           251790        2.051%

RET_BLOCKED_MEM_STALL                            39067        0.650%           290663        2.368%

RET_BLOCKED_OFFCHIP_DEMAND                           0        0.000%                0        0.000%

OP_ISSUED                                     19370239                       39104304              

OP_RETIRED                                    12243018                       24482518              

REPLAY_SIGNALED                                      0                              0              

REPLAY_COUNTED                                       0                              0              

OFF_CRITICAL_PATH                                    0         -nan%                0         -nan%
ON_CRITICAL_PATH                                     0         -nan%                0         -nan%
                                                     0         -nan%                0         -nan%
                                                  -nan         -nan              -nan         -nan

LD_NO_DEPENDENTS                                100583        3.746%           198478        3.685%
LD_DEPENDENTS                                  2584787       96.254%          5187974       96.315%
                                               2685370      100.000%          5386452      100.000%
                                                  0.96         0.95              0.96         0.95

LD_EXEC_CYCLES_0                                     0        0.000%                0        0.000%
LD_EXEC_CYCLES_1                                     0        0.000%                0        0.000%
LD_EXEC_CYCLES_2                                     0        0.000%                0        0.000%
LD_EXEC_CYCLES_3                                    16       69.565%               43       72.881%
LD_EXEC_CYCLES_4                                     7       30.435%               16       27.119%
                                                    23      100.000%               59      100.000%
                                                  3.30         1.92              3.27         1.78

ICACHE_STAGE_STARVED                               840        0.032%            31554        0.595%
ICACHE_STAGE_NOT_STARVED                       2636333       99.968%          5272455       99.405%
                                               2637173      100.000%          5304009      100.000%
                                                  1.00         1.00              0.99         0.99

ICACHE_STAGE_STALLED                            320379        5.331%           592807        4.829%
ICACHE_STAGE_NOT_STALLED                       2636789       43.878%          5288457       43.079%
ICACHE_STAGE_OFF_PATH                          3052260       50.791%          6394804       52.092%
                                               6009428      100.000%         12276068      100.000%
                                                  1.45         1.15              1.47         1.17

DECODE_STAGE_STARVED                           3688271       83.870%          7524471       84.314%
DECODE_STAGE_NOT_STARVED                        709315       16.130%          1399845       15.686%
                                               4397586      100.000%          8924316      100.000%
                                                  0.16         0.34              0.16         0.34

DECODE_STAGE_STALLED                             11912        0.198%            26542        0.216%
DECODE_STAGE_NOT_STALLED                       4385674       72.980%          8897774       72.481%
DECODE_STAGE_OFF_PATH                          1611842       26.822%          3351752       27.303%
                                               6009428      100.000%         12276068      100.000%
                                                  1.27         0.79              1.27         0.80

UOPQ_STAGE_STARVED                             2014194       57.854%          4109863       58.401%
UOPQ_STAGE_NOT_STARVED                         1467298       42.146%          2927396       41.599%
                                               3481492      100.000%          7037259      100.000%
                                                  0.42         0.46              0.42         0.46

UOPQ_STAGE_STALLED                              317533        5.284%           591399        4.817%
UOPQ_STAGE_NOT_STALLED                         3481492       57.934%          7037259       57.325%
UOPQ_STAGE_OFF_PATH                            2210403       36.782%          4647410       37.857%
                                               6009428      100.000%         12276068      100.000%
                                                  1.31         0.93              1.33         0.95

MAP_STAGE_STARVED                               686720       17.924%          1412038       18.391%
MAP_STAGE_NOT_STARVED                          3144566       82.076%          6265965       81.609%
                                               3831286      100.000%          7678003      100.000%
                                                  0.82         0.76              0.82         0.76

MAP_STAGE_STALLED                               333029        5.542%           635139        5.174%
MAP_STAGE_NOT_STALLED                          3498257       58.213%          7042864       57.371%
MAP_STAGE_OFF_PATH                             2178142       36.245%          4598065       37.456%
                                               6009428      100.000%         12276068      100.000%
                                                  1.31         0.92              1.32         0.94

EXEC_STAGE_STARVED                             4058616       67.537%          8277239       67.426%
EXEC_STAGE_NOT_STARVED                          571488        9.510%          1074240        8.751%
EXEC_STAGE_OFF_PATH                            1379324       22.953%          2924589       23.823%
                                               6009428      100.000%         12276068      100.000%
                                                  0.55         0.75              0.56         0.76

FU_BUSY_0                                      4152113                        8366631              

FU_BUSY_1                                      3400530                        6793594              

FU_BUSY_2                                      2083754                        4212601              

FU_BUSY_3                                      1695745                        3420805              

FU_BUSY_4                                      1927436                        3869552              

FU_BUSY_5                                      1905709                        3828168              

FU_BUSY_6                                       578126                        1162323              

FU_BUSY_7                                       711412                        1431466              

FU_BUSY_8                                            0                              0              

FU_BUSY_9                                            0                              0              

FU_BUSY_10                                           0                              0              

FU_BUSY_11                                           0                              0              

FU_BUSY_12                                           0                              0              

FU_BUSY_13                                           0                              0              

FU_BUSY_14                                           0                              0              

FU_BUSY_15                                           0                              0              

FU_BUSY_16                                           0                              0              

FU_BUSY_17                                           0                              0              

FU_BUSY_18                                           0                              0              

FU_BUSY_19                                           0                              0              

FU_BUSY_20                                           0                              0              

FU_BUSY_21                                           0                              0              

FU_BUSY_22                                           0                              0              

FU_BUSY_23                                           0                              0              

FU_BUSY_24                                           0                              0              

FU_BUSY_25                                           0                              0              

FU_BUSY_26                                           0                              0              

FU_BUSY_27                                           0                              0              

FU_BUSY_28                                           0                              0              

FU_BUSY_29                                           0                              0              

FU_BUSY_30                                           0                              0              

FU_BUSY_31                                           0                              0              

FU_REJECTED_OP_INV_NOT_SIMD                          0        0.000%                0        0.000%
FU_REJECTED_OP_NOP_NOT_SIMD                        166        0.033%              385        0.040%
FU_REJECTED_OP_CF_NOT_SIMD                        1812        0.359%             3981        0.415%
FU_REJECTED_OP_MOV_NOT_SIMD                      16761        3.325%            32460        3.388%
FU_REJECTED_OP_CMOV_NOT_SIMD                         1        0.000%                4        0.000%
FU_REJECTED_OP_LDA_NOT_SIMD                         23        0.005%               64        0.007%
FU_REJECTED_OP_IMEM_NOT_SIMD                       548        0.109%             1202        0.125%
FU_REJECTED_OP_IADD_NOT_SIMD                     32479        6.443%            63536        6.631%
FU_REJECTED_OP_IMUL_NOT_SIMD                     16135        3.201%            31286        3.265%
FU_REJECTED_OP_IDIV_NOT_SIMD                    167520       33.231%           312560       32.622%
FU_REJECTED_OP_ICMP_NOT_SIMD                    258105       51.200%           487647       50.896%
FU_REJECTED_OP_LOGIC_NOT_SIMD                     2652        0.526%             5664        0.591%
FU_REJECTED_OP_SHIFT_NOT_SIMD                     1014        0.201%             2194        0.229%
FU_REJECTED_OP_FMEM_NOT_SIMD                       386        0.077%              744        0.078%
FU_REJECTED_OP_FCVT_NOT_SIMD                         0        0.000%                0        0.000%
FU_REJECTED_OP_FADD_NOT_SIMD                         0        0.000%                0        0.000%
FU_REJECTED_OP_FMUL_NOT_SIMD                         0        0.000%                0        0.000%
FU_REJECTED_OP_FMA_NOT_SIMD                          0        0.000%                0        0.000%
FU_REJECTED_OP_FDIV_NOT_SIMD                         0        0.000%                0        0.000%
FU_REJECTED_OP_FCMP_NOT_SIMD                         0        0.000%                0        0.000%
FU_REJECTED_OP_FCMOV_NOT_SIMD                        0        0.000%                0        0.000%
FU_REJECTED_OP_GATHER_NOT_SIMD                       0        0.000%                0        0.000%
FU_REJECTED_OP_SCATTER_NOT_SIMD                      0        0.000%                0        0.000%
FU_REJECTED_OP_PIPELINED_FAST_NOT_SIMD               0        0.000%                0        0.000%
FU_REJECTED_OP_PIPELINED_MEDIUM_NOT_SIMD             0        0.000%                0        0.000%
FU_REJECTED_OP_PIPELINED_SLOW_NOT_SIMD               0        0.000%                0        0.000%
FU_REJECTED_OP_NOTPIPELINED_MEDIUM_NOT_SIMD             0        0.000%                0        0.000%
FU_REJECTED_OP_NOTPIPELINED_SLOW_NOT_SIMD             0        0.000%                0        0.000%
FU_REJECTED_OP_NOTPIPELINED_VERY_SLOW_NOT_SIMD             0        0.000%                0        0.000%
FU_REJECTED_OP_INV_SIMD                              0        0.000%                0        0.000%
FU_REJECTED_OP_NOP_SIMD                              0        0.000%                0        0.000%
FU_REJECTED_OP_CF_SIMD                               0        0.000%                0        0.000%
FU_REJECTED_OP_MOV_SIMD                              0        0.000%                0        0.000%
FU_REJECTED_OP_CMOV_SIMD                             0        0.000%                0        0.000%
FU_REJECTED_OP_LDA_SIMD                              0        0.000%                0        0.000%
FU_REJECTED_OP_IMEM_SIMD                             0        0.000%                0        0.000%
FU_REJECTED_OP_IADD_SIMD                             0        0.000%                0        0.000%
FU_REJECTED_OP_IMUL_SIMD                             0        0.000%                0        0.000%
FU_REJECTED_OP_IDIV_SIMD                             0        0.000%                0        0.000%
FU_REJECTED_OP_ICMP_SIMD                             0        0.000%                0        0.000%
FU_REJECTED_OP_LOGIC_SIMD                            0        0.000%                0        0.000%
FU_REJECTED_OP_SHIFT_SIMD                           37        0.007%               78        0.008%
FU_REJECTED_OP_FMEM_SIMD                             0        0.000%                0        0.000%
FU_REJECTED_OP_FCVT_SIMD                             0        0.000%             2032        0.212%
FU_REJECTED_OP_FADD_SIMD                          6446        1.279%            14235        1.486%
FU_REJECTED_OP_FMUL_SIMD                            27        0.005%               52        0.005%
FU_REJECTED_OP_FMA_SIMD                              0        0.000%                0        0.000%
FU_REJECTED_OP_FDIV_SIMD                             0        0.000%                0        0.000%
FU_REJECTED_OP_FCMP_SIMD                             0        0.000%                0        0.000%
FU_REJECTED_OP_FCMOV_SIMD                            0        0.000%                0        0.000%
FU_REJECTED_OP_GATHER_SIMD                           0        0.000%                0        0.000%
FU_REJECTED_OP_SCATTER_SIMD                          0        0.000%                0        0.000%
FU_REJECTED_OP_PIPELINED_FAST_SIMD                   0        0.000%                0        0.000%
FU_REJECTED_OP_PIPELINED_MEDIUM_SIMD                 0        0.000%                0        0.000%
FU_REJECTED_OP_PIPELINED_SLOW_SIMD                   0        0.000%                0        0.000%
FU_REJECTED_OP_NOTPIPELINED_MEDIUM_SIMD              0        0.000%                0        0.000%
FU_REJECTED_OP_NOTPIPELINED_SLOW_SIMD                0        0.000%                0        0.000%
FU_REJECTED_OP_NOTPIPELINED_VERY_SLOW_SIMD             0        0.000%                0        0.000%
                                                504112      100.000%           958124      100.000%
                                                  9.59         4.21              9.72         4.75

OP_WAIT_0                                      8398490                       16784571              

OP_WAIT_1                                      2631823                        5301174              

OP_WAIT_2                                       557235                        1125466              

OP_WAIT_3                                       216742                         434448              

OP_WAIT_4                                       116383                         227724              

OP_WAIT_5                                        74117                         143062              

OP_WAIT_6                                        52270                         103252              

OP_WAIT_7                                        23104                          43375              

OP_WAIT_8                                         9402                          17133              

OP_WAIT_9                                         6439                          12328              

OP_WAIT_10                                        6665                          11744              

OP_WAIT_11                                        4670                           8705              

OP_WAIT_12                                        4593                           7988              

OP_WAIT_13                                        2357                           4578              

OP_WAIT_14                                        2859                           5802              

OP_WAIT_15                                        1650                           3323              

OP_WAIT_16                                        1035                           2229              

OP_WAIT_17                                        5448                          10316              

OP_WAIT_18                                        6266                          11469              

OP_WAIT_19                                         930                           1849              

OP_WAIT_20                                        1607                           2543              

OP_WAIT_21                                         820                           1430              

OP_WAIT_22                                         817                           1438              

OP_WAIT_23                                         745                           1247              

OP_WAIT_24                                        1360                           2114              

OP_WAIT_25                                         739                           1939              

OP_WAIT_26                                         861                           2159              

OP_WAIT_27                                        1447                           3660              

OP_WAIT_28                                         439                            956              

OP_WAIT_29                                         758                           1397              

OP_WAIT_30                                         518                           1038              

OP_WAIT_31                                      110429                         202061              

ROW_SIZE_0                                     2152598                        4549411              

ROW_SIZE_1                                      874851                        1742759              

ROW_SIZE_2                                      321684                         638727              

ROW_SIZE_3                                      211357                         419385              

ROW_SIZE_4                                      263463                         525893              

ROW_SIZE_5                                      137040                         271176              

ROW_SIZE_6                                     1391946                        2790783              

ROW_SIZE_7                                           0                              0              

ROW_SIZE_8                                           0                              0              

ROW_SIZE_9                                           0                              0              

ROW_SIZE_10                                          0                              0              

ROW_SIZE_11                                          0                              0              

ROW_SIZE_12                                          0                              0              

ROW_SIZE_13                                          0                              0              

ROW_SIZE_14                                          0                              0              

ROW_SIZE_15                                          0                              0              

ROW_SIZE_16                                          0                              0              

ROW_SIZE_17                                          0                              0              

ROW_SIZE_18                                          0                              0              

ROW_SIZE_19                                          0                              0              

ROW_SIZE_20                                          0                              0              

ROW_SIZE_21                                          0                              0              

ROW_SIZE_22                                          0                              0              

ROW_SIZE_23                                          0                              0              

ROW_SIZE_24                                          0                              0              

ROW_SIZE_25                                          0                              0              

ROW_SIZE_26                                          0                              0              

ROW_SIZE_27                                          0                              0              

ROW_SIZE_28                                          0                              0              

ROW_SIZE_29                                          0                              0              

ROW_SIZE_30                                          0                              0              

ROW_SIZE_31                                          0                              0              

RET_OP_EXEC_COUNT_0                                  0        0.000%                0        0.000%
RET_OP_EXEC_COUNT_1                           12243018      100.000%         24482518      100.000%
RET_OP_EXEC_COUNT_2                                  0        0.000%                0        0.000%
RET_OP_EXEC_COUNT_3                                  0        0.000%                0        0.000%
RET_OP_EXEC_COUNT_4                                  0        0.000%                0        0.000%
RET_OP_EXEC_COUNT_5                                  0        0.000%                0        0.000%
RET_OP_EXEC_COUNT_6                                  0        0.000%                0        0.000%
RET_OP_EXEC_COUNT_7                                  0        0.000%                0        0.000%
RET_OP_EXEC_COUNT_8                                  0        0.000%                0        0.000%
RET_OP_EXEC_COUNT_9                                  0        0.000%                0        0.000%
RET_OP_EXEC_COUNT_10                                 0        0.000%                0        0.000%
RET_OP_EXEC_COUNT_11                                 0        0.000%                0        0.000%
RET_OP_EXEC_COUNT_12                                 0        0.000%                0        0.000%
RET_OP_EXEC_COUNT_13                                 0        0.000%                0        0.000%
RET_OP_EXEC_COUNT_14                                 0        0.000%                0        0.000%
RET_OP_EXEC_COUNT_15                                 0        0.000%                0        0.000%
RET_OP_EXEC_COUNT_16                                 0        0.000%                0        0.000%
RET_OP_EXEC_COUNT_17                                 0        0.000%                0        0.000%
RET_OP_EXEC_COUNT_18                                 0        0.000%                0        0.000%
RET_OP_EXEC_COUNT_19                                 0        0.000%                0        0.000%
RET_OP_EXEC_COUNT_20                                 0        0.000%                0        0.000%
RET_OP_EXEC_COUNT_21                                 0        0.000%                0        0.000%
RET_OP_EXEC_COUNT_22                                 0        0.000%                0        0.000%
RET_OP_EXEC_COUNT_23                                 0        0.000%                0        0.000%
RET_OP_EXEC_COUNT_24                                 0        0.000%                0        0.000%
RET_OP_EXEC_COUNT_25                                 0        0.000%                0        0.000%
RET_OP_EXEC_COUNT_26                                 0        0.000%                0        0.000%
RET_OP_EXEC_COUNT_27                                 0        0.000%                0        0.000%
RET_OP_EXEC_COUNT_28                                 0        0.000%                0        0.000%
RET_OP_EXEC_COUNT_29                                 0        0.000%                0        0.000%
RET_OP_EXEC_COUNT_30                                 0        0.000%                0        0.000%
RET_OP_EXEC_COUNT_31                                 0        0.000%                0        0.000%
RET_OP_EXEC_COUNT_32                                 0        0.000%                0        0.000%
                                              12243018      100.000%         24482518      100.000%
                                                  1.00         0.00              1.00         0.00

RET_STALL_LENGTH_0                            12242700       99.997%         24480439       99.992%
RET_STALL_LENGTH_100                               308        0.003%             1961        0.008%
RET_STALL_LENGTH_200                                 2        0.000%               41        0.000%
RET_STALL_LENGTH_300                                 0        0.000%                4        0.000%
RET_STALL_LENGTH_400                                 1        0.000%                4        0.000%
RET_STALL_LENGTH_500                                 0        0.000%                4        0.000%
RET_STALL_LENGTH_600                                 0        0.000%                7        0.000%
RET_STALL_LENGTH_700                                 1        0.000%                8        0.000%
RET_STALL_LENGTH_800                                 1        0.000%                4        0.000%
RET_STALL_LENGTH_900                                 3        0.000%                7        0.000%
RET_STALL_LENGTH_1000                                1        0.000%               15        0.000%
RET_STALL_LENGTH_1100                                0        0.000%                8        0.000%
RET_STALL_LENGTH_1200                                1        0.000%               12        0.000%
RET_STALL_LENGTH_1300                                0        0.000%                4        0.000%
RET_STALL_LENGTH_1400                                0        0.000%                0        0.000%
RET_STALL_LENGTH_1500                                0        0.000%                0        0.000%
RET_STALL_LENGTH_1600                                0        0.000%                0        0.000%
RET_STALL_LENGTH_1700                                0        0.000%                0        0.000%
RET_STALL_LENGTH_1800                                0        0.000%                0        0.000%
RET_STALL_LENGTH_1900                                0        0.000%                0        0.000%
RET_STALL_LENGTH_2000                                0        0.000%                0        0.000%
RET_STALL_LENGTH_2100                                0        0.000%                0        0.000%
RET_STALL_LENGTH_2200                                0        0.000%                0        0.000%
RET_STALL_LENGTH_2300                                0        0.000%                0        0.000%
RET_STALL_LENGTH_2400                                0        0.000%                0        0.000%
RET_STALL_LENGTH_2500                                0        0.000%                0        0.000%
RET_STALL_LENGTH_2600                                0        0.000%                0        0.000%
RET_STALL_LENGTH_2700                                0        0.000%                0        0.000%
RET_STALL_LENGTH_2800                                0        0.000%                0        0.000%
RET_STALL_LENGTH_2900                                0        0.000%                0        0.000%
RET_STALL_LENGTH_3000                                0        0.000%                0        0.000%
RET_STALL_LENGTH_3100                                0        0.000%                0        0.000%
RET_STALL_LENGTH_3200                                0        0.000%                0        0.000%
RET_STALL_LENGTH_3300                                0        0.000%                0        0.000%
RET_STALL_LENGTH_3400                                0        0.000%                0        0.000%
RET_STALL_LENGTH_3500                                0        0.000%                0        0.000%
RET_STALL_LENGTH_3600                                0        0.000%                0        0.000%
RET_STALL_LENGTH_3700                                0        0.000%                0        0.000%
RET_STALL_LENGTH_3800                                0        0.000%                0        0.000%
RET_STALL_LENGTH_3900                                0        0.000%                0        0.000%
RET_STALL_LENGTH_4000                                0        0.000%                0        0.000%
RET_STALL_LENGTH_4100                                0        0.000%                0        0.000%
RET_STALL_LENGTH_4200                                0        0.000%                0        0.000%
RET_STALL_LENGTH_4300                                0        0.000%                0        0.000%
RET_STALL_LENGTH_4400                                0        0.000%                0        0.000%
RET_STALL_LENGTH_4500                                0        0.000%                0        0.000%
RET_STALL_LENGTH_4600                                0        0.000%                0        0.000%
RET_STALL_LENGTH_4700                                0        0.000%                0        0.000%
RET_STALL_LENGTH_4800                                0        0.000%                0        0.000%
RET_STALL_LENGTH_4900                                0        0.000%                0        0.000%
RET_STALL_LENGTH_5000                                0        0.000%                0        0.000%
                                              12243018      100.000%         24482518      100.000%
                                                  0.00         0.01              0.00         0.02

MEM_BLOCK_LENGTH_0                                   0         -nan%               21       84.000%
MEM_BLOCK_LENGTH_100                                 0         -nan%                1        4.000%
MEM_BLOCK_LENGTH_200                                 0         -nan%                1        4.000%
MEM_BLOCK_LENGTH_300                                 0         -nan%                0        0.000%
MEM_BLOCK_LENGTH_400                                 0         -nan%                0        0.000%
MEM_BLOCK_LENGTH_500                                 0         -nan%                1        4.000%
MEM_BLOCK_LENGTH_600                                 0         -nan%                0        0.000%
MEM_BLOCK_LENGTH_700                                 0         -nan%                1        4.000%
MEM_BLOCK_LENGTH_800                                 0         -nan%                0        0.000%
MEM_BLOCK_LENGTH_900                                 0         -nan%                0        0.000%
MEM_BLOCK_LENGTH_1000                                0         -nan%                0        0.000%
MEM_BLOCK_LENGTH_1100                                0         -nan%                0        0.000%
MEM_BLOCK_LENGTH_1200                                0         -nan%                0        0.000%
MEM_BLOCK_LENGTH_1300                                0         -nan%                0        0.000%
MEM_BLOCK_LENGTH_1400                                0         -nan%                0        0.000%
MEM_BLOCK_LENGTH_1500                                0         -nan%                0        0.000%
MEM_BLOCK_LENGTH_1600                                0         -nan%                0        0.000%
MEM_BLOCK_LENGTH_1700                                0         -nan%                0        0.000%
MEM_BLOCK_LENGTH_1800                                0         -nan%                0        0.000%
MEM_BLOCK_LENGTH_1900                                0         -nan%                0        0.000%
MEM_BLOCK_LENGTH_2000                                0         -nan%                0        0.000%
MEM_BLOCK_LENGTH_2100                                0         -nan%                0        0.000%
MEM_BLOCK_LENGTH_2200                                0         -nan%                0        0.000%
MEM_BLOCK_LENGTH_2300                                0         -nan%                0        0.000%
MEM_BLOCK_LENGTH_2400                                0         -nan%                0        0.000%
MEM_BLOCK_LENGTH_2500                                0         -nan%                0        0.000%
MEM_BLOCK_LENGTH_2600                                0         -nan%                0        0.000%
MEM_BLOCK_LENGTH_2700                                0         -nan%                0        0.000%
MEM_BLOCK_LENGTH_2800                                0         -nan%                0        0.000%
MEM_BLOCK_LENGTH_2900                                0         -nan%                0        0.000%
MEM_BLOCK_LENGTH_3000                                0         -nan%                0        0.000%
MEM_BLOCK_LENGTH_3100                                0         -nan%                0        0.000%
MEM_BLOCK_LENGTH_3200                                0         -nan%                0        0.000%
MEM_BLOCK_LENGTH_3300                                0         -nan%                0        0.000%
MEM_BLOCK_LENGTH_3400                                0         -nan%                0        0.000%
MEM_BLOCK_LENGTH_3500                                0         -nan%                0        0.000%
MEM_BLOCK_LENGTH_3600                                0         -nan%                0        0.000%
MEM_BLOCK_LENGTH_3700                                0         -nan%                0        0.000%
MEM_BLOCK_LENGTH_3800                                0         -nan%                0        0.000%
MEM_BLOCK_LENGTH_3900                                0         -nan%                0        0.000%
MEM_BLOCK_LENGTH_4000                                0         -nan%                0        0.000%
MEM_BLOCK_LENGTH_4100                                0         -nan%                0        0.000%
MEM_BLOCK_LENGTH_4200                                0         -nan%                0        0.000%
MEM_BLOCK_LENGTH_4300                                0         -nan%                0        0.000%
MEM_BLOCK_LENGTH_4400                                0         -nan%                0        0.000%
MEM_BLOCK_LENGTH_4500                                0         -nan%                0        0.000%
MEM_BLOCK_LENGTH_4600                                0         -nan%                0        0.000%
MEM_BLOCK_LENGTH_4700                                0         -nan%                0        0.000%
MEM_BLOCK_LENGTH_4800                                0         -nan%                0        0.000%
MEM_BLOCK_LENGTH_4900                                0         -nan%                0        0.000%
MEM_BLOCK_LENGTH_5000                                0         -nan%                0        0.000%
                                                     0         -nan%               25      100.000%
                                                  -nan         -nan              0.60         1.61

FUS_BUSY_ON_PATH                              12775490        2.1259         25498022        2.0771

FUS_BUSY_OFF_PATH                              3679335        0.6123          7587118        0.6180

FU_BUSY_MEM_STALL                                84523        0.0141           171252        0.0140

FUS_EMPTY                                     31620599        5.2618         65123404        5.3049

FU_UNAVAILABLE                                  465508        0.0775           878900        0.0716

FU_MEM_UNAVAILABLE                               38604        0.0064            79224        0.0065

FU_REPLAY                                            0        0.0000                0        0.0000

FU_STARVED                                    31207835        5.1931         64285974        5.2367

CHIP_UTILIZATION                                     0        0.0000                0        0.0000

CYCLES_UNDER_MEM_REQ                                 0                              0              

CYCLES_UNDER_NO_MEM_REQ                              0                              0              

CYCLES_UNDER_CRITICAL_MEM_REQ                        0                              0              

CYCLES_UNDER_NONCRITICAL_MEM_REQ                     0                              0              

CHIP_UTILIZATION_UNDER_MEM_REQ                       0          -nan                0          -nan

CHIP_UTILIZATION_UNDER_NO_MEM_REQ                    0          -nan                0          -nan

CHIP_UTILIZATION_UNDER_CRITICAL_MEM_REQ              0          -nan                0          -nan

CHIP_UTILIZATION_UNDER_NONCRITICAL_MEM_REQ             0          -nan                0          -nan

CYCLES_NOT_WAITING_FOR_OFF_CHIP                      0        0.0000                0        0.0000

FUS_BUSY_NOT_WAITING_FOR_OFF_CHIP                    0          -nan                0          -nan

CYCLES_WAITING_FOR_OFF_CHIP                          0        0.0000                0        0.0000

FUS_BUSY_WAITING_FOR_OFF_CHIP                        0          -nan                0          -nan

TOTAL_OFF_CHIP_DELAYS_LEFT                           0                              0              

WRONG_IO_SCHED                                       0                              0              

DVFS_CONFIG_SWITCH                                   0                              0              

MAP_STAGE_RECEIVED_OPS_0                             0        0.000%                0        0.000%
MAP_STAGE_RECEIVED_OPS_1                        293177       10.854%           591837       10.948%
MAP_STAGE_RECEIVED_OPS_2                        185422        6.864%           381613        7.059%
MAP_STAGE_RECEIVED_OPS_3                        320190       11.854%           631952       11.690%
MAP_STAGE_RECEIVED_OPS_4                        168235        6.228%           336059        6.217%
MAP_STAGE_RECEIVED_OPS_5                        583774       21.612%          1148482       21.245%
MAP_STAGE_RECEIVED_OPS_6                       1150407       42.589%          2315828       42.840%
MAP_STAGE_RECEIVED_OPS_7                             0        0.000%                0        0.000%
MAP_STAGE_RECEIVED_OPS_8                             0        0.000%                0        0.000%
MAP_STAGE_RECEIVED_OPS_MAX                           0        0.000%                0        0.000%
                                               2701205      100.000%          5405771      100.000%
                                                  4.49         1.75              4.48         1.75

MAP_STAGE_WAIT_FOR_DECODE                            0         -nan%                0         -nan%
MAP_STAGE_CONSUME_DECODE                             0         -nan%                0         -nan%
                                                     0         -nan%                0         -nan%
                                                  -nan         -nan              -nan         -nan

MAP_STAGE_WAIT_FOR_DECODE2                           0         -nan%                0         -nan%
MAP_STAGE_CONSUME_DECODE2                            0         -nan%                0         -nan%
                                                     0         -nan%                0         -nan%
                                                  -nan         -nan              -nan         -nan

FTQ_RECOVER_EXEC                                110353                         225285              

FTQ_RECOVER_DECODE                                   2                            254              

FTQ_OFFPATH_CYCLES                             3683567                        7652782              

FTQ_CYCLES_OFFPATH                             4813420                        9951574              

FTQ_CYCLES_ONPATH                              1196008                        2324494              

FTQ_FETCHED_INS_OFFPATH                       41462889                       84843293              

FTQ_FETCHED_INS_ONPATH                        12132357                       24256979              

FTQ_BREAK_FULL_FT_ONPATH                        642779       59.212%          1214753       57.877%
FTQ_BREAK_MAX_CFS_TAKEN_ONPATH                  367911       33.891%           732577       34.904%
FTQ_BREAK_MAX_BYTES_ONPATH                       74866        6.897%           151527        7.220%
FTQ_BREAK_PRED_BR_ONPATH                             0        0.000%                0        0.000%
FTQ_BREAK_BAR_FETCH_ONPATH                           0        0.000%                0        0.000%
                                               1085556      100.000%          2098857      100.000%
                                                  0.48         0.50              0.49         0.50

FTQ_BREAK_FULL_FT_OFFPATH                      3735899       75.875%          7725981       75.915%
FTQ_BREAK_MAX_CFS_TAKEN_OFFPATH                 908426       18.450%          1870287       18.377%
FTQ_BREAK_MAX_BYTES_OFFPATH                     279449        5.676%           580845        5.707%
FTQ_BREAK_PRED_BR_OFFPATH                            0        0.000%                0        0.000%
FTQ_BREAK_BAR_FETCH_OFFPATH                          0        0.000%                0        0.000%
                                               4923774      100.000%         10177113      100.000%
                                                  0.30         0.51              0.30         0.51



