/* -*- Mode: c -*- */
####################################################################################################
Core 0
####################################################################################################
Cumulative:        Cycles: 12276068              Instructions: 20000000              IPC: 1.62919

Periodic:          Cycles: 6009428               Instructions: 9999995               IPC: 1.66405

ST_OP_INV                                            0        0.000%                0        0.000%
ST_OP_NOP                                       656961        2.247%          1385583        2.349%
ST_OP_CF                                       3820948       13.068%          7711241       13.071%
ST_OP_MOV                                      4526451       15.481%          9138171       15.490%
ST_OP_CMOV                                       29073        0.099%            57982        0.098%
ST_OP_LDA                                      1174549        4.017%          2378656        4.032%
ST_OP_ILD                                      6695012       22.897%         13513748       22.906%
ST_OP_IST                                      2336078        7.989%          4693193        7.955%
ST_OP_IADD                                     3896987       13.328%          7824418       13.263%
ST_OP_IMUL                                      197788        0.676%           395733        0.671%
ST_OP_IDIV                                       29279        0.100%            59576        0.101%
ST_OP_ICMP                                     1920162        6.567%          3837714        6.505%
ST_OP_LOGIC                                    2623706        8.973%          5345719        9.061%
ST_OP_SHIFT                                    1270854        4.346%          2529411        4.287%
ST_OP_FLD                                        25694        0.088%            52044        0.088%
ST_OP_FST                                         6200        0.021%            13775        0.023%
ST_OP_FCVT                                       19599        0.067%            38517        0.065%
ST_OP_FADD                                        9998        0.034%            19653        0.033%
ST_OP_FMUL                                           0        0.000%                0        0.000%
ST_OP_FMA                                            0        0.000%                0        0.000%
ST_OP_FDIV                                          83        0.000%              168        0.000%
ST_OP_FCMP                                           0        0.000%                0        0.000%
ST_OP_FCMOV                                          0        0.000%                0        0.000%
ST_OP_GATHER                                         0        0.000%                0        0.000%
ST_OP_SCATTER                                        0        0.000%                0        0.000%
ST_OP_PIPELINED_FAST                                 0        0.000%                0        0.000%
ST_OP_PIPELINED_MEDIUM                               0        0.000%                0        0.000%
ST_OP_PIPELINED_SLOW                                 0        0.000%                0        0.000%
ST_OP_NOTPIPELINED_MEDIUM                            0        0.000%                0        0.000%
ST_OP_NOTPIPELINED_SLOW                              0        0.000%                0        0.000%
ST_OP_NOTPIPELINED_VERY_SLOW                         0        0.000%                0        0.000%
                                              29239422      100.000%         58995302      100.000%
                                                  6.42         3.43              6.41         3.44

ST_NOT_CF                                     25418474       86.932%         51284061       86.929%
ST_CF_BR                                        217914        0.745%           439848        0.746%
ST_CF_CBR                                      2426056        8.297%          4900422        8.306%
ST_CF_CALL                                      575621        1.969%          1160370        1.967%
ST_CF_IBR                                          626        0.002%             1461        0.002%
ST_CF_ICALL                                          0        0.000%                0        0.000%
ST_CF_ICO                                            0        0.000%                0        0.000%
ST_CF_RET                                       600731        2.055%          1209140        2.050%
ST_CF_SYS                                            0        0.000%                0        0.000%
                                              29239422      100.000%         58995302      100.000%
                                                  0.38         1.12              0.38         1.12

ST_BAR_NONE                                   29239422      100.000%         58995302      100.000%
ST_BAR_FETCH                                         0        0.000%                0        0.000%
ST_BAR_ISSUE                                         0        0.000%                0        0.000%
ST_BAR_BOTH                                          0        0.000%                0        0.000%
                                              29239422      100.000%         58995302      100.000%
                                                  0.00         0.00              0.00         0.00

ST_NOT_MEM                                    20176438       69.004%         40722542       69.027%
ST_MEM_LD                                      6720706       22.985%         13565792       22.995%
ST_MEM_ST                                      2342278        8.011%          4706968        7.979%
ST_MEM_PF                                            0        0.000%                0        0.000%
ST_MEM_WH                                            0        0.000%                0        0.000%
ST_MEM_EVICT                                         0        0.000%                0        0.000%
                                              29239422      100.000%         58995302      100.000%
                                                  0.39         0.54              0.39         0.54

ST_NOT_MEM_OFFPATH                            16660478       68.404%         34315060       68.486%
ST_MEM_LD_OFFPATH                              5813154       23.868%         11937507       23.825%
ST_MEM_ST_OFFPATH                              1882192        7.728%          3852403        7.689%
ST_MEM_PF_OFFPATH                                    0        0.000%                0        0.000%
ST_MEM_WH_OFFPATH                                    0        0.000%                0        0.000%
ST_MEM_EVIC_OFFPATHT                                 0        0.000%                0        0.000%
                                              24355824      100.000%         50104970      100.000%
                                                  0.39         0.54              0.39         0.54

ST_OP_ONPATH                                  29239422                       58995302              

ST_OP_OFFPATH                                 24355824                       50104970              

ST_FAKE_OP_OFFPATH                                3927        0.016%           107018        0.214%
ST_NOT_FAKE_OP_OFFPATH                        24351897       99.984%         49997952       99.786%
                                              24355824      100.000%         50104970      100.000%
                                                  1.00         1.00              1.00         1.00

ST_FAKE_REASON_NOT_FAKE                       24351897       99.984%         49997952       99.786%
ST_FAKE_REASON_REDIRECT_TO_NOT_INSTRUMENTED          3927        0.016%           107018        0.214%
ST_FAKE_REASON_RETURN_TO_NOT_INSTRUMENTED             0        0.000%                0        0.000%
ST_FAKE_REASON_NONRET_CF_TO_NOT_INSTRUMENTED             0        0.000%                0        0.000%
ST_FAKE_REASON_NOT_TAKEN_TO_NOT_INSTRUMENTED             0        0.000%                0        0.000%
ST_FAKE_REASON_WRONG_PATH_STORE_TO_NEW_REGION             0        0.000%                0        0.000%
                                              24355824      100.000%         50104970      100.000%
                                                  0.00         0.01              0.00         0.05

ST_INST_ONPATH                                23892311                       48237008              

ST_INST_OFFPATH                               20165405                       41532870              

STATIC_PIN_NOP                                       0                              0              

DYNAMIC_PIN_REP_GREATER_256                          0                              0              

INST_MAP_UPDATE_JITTED                          588277       31.463%          1167921       31.370%
INST_MAP_UPDATE_NPC_INV                              0        0.000%                0        0.000%
INST_MAP_UPDATE_NPC_NOP                              0        0.000%                0        0.000%
INST_MAP_UPDATE_NPC_CF                               0        0.000%                0        0.000%
INST_MAP_UPDATE_NPC_MOV                              0        0.000%                0        0.000%
INST_MAP_UPDATE_NPC_CMOV                             0        0.000%                0        0.000%
INST_MAP_UPDATE_NPC_LDA                              0        0.000%                0        0.000%
INST_MAP_UPDATE_NPC_IMEM                             0        0.000%                0        0.000%
INST_MAP_UPDATE_NPC_IADD                             0        0.000%                0        0.000%
INST_MAP_UPDATE_NPC_IMUL                         22090        1.181%            43616        1.172%
INST_MAP_UPDATE_NPC_IDIV                             0        0.000%                0        0.000%
INST_MAP_UPDATE_NPC_ICMP                             0        0.000%                0        0.000%
INST_MAP_UPDATE_NPC_LOGIC                            0        0.000%                0        0.000%
INST_MAP_UPDATE_NPC_SHIFT                            0        0.000%                0        0.000%
INST_MAP_UPDATE_NPC_FMEM                             0        0.000%                0        0.000%
INST_MAP_UPDATE_NPC_FCVT                             0        0.000%                0        0.000%
INST_MAP_UPDATE_NPC_FADD                             0        0.000%                0        0.000%
INST_MAP_UPDATE_NPC_FMUL                             0        0.000%                0        0.000%
INST_MAP_UPDATE_NPC_FMA                              0        0.000%                0        0.000%
INST_MAP_UPDATE_NPC_FDIV                             0        0.000%                0        0.000%
INST_MAP_UPDATE_NPC_FCMP                             0        0.000%                0        0.000%
INST_MAP_UPDATE_NPC_FCMOV                            0        0.000%                0        0.000%
INST_MAP_UPDATE_NPC_GATHER                           0        0.000%                0        0.000%
INST_MAP_UPDATE_NPC_SCATTER                          0        0.000%                0        0.000%
INST_MAP_UPDATE_NPC_PIPELINED_FAST                   0        0.000%                0        0.000%
INST_MAP_UPDATE_NPC_PIPELINED_MEDIUM                 0        0.000%                0        0.000%
INST_MAP_UPDATE_NPC_PIPELINED_SLOW                   0        0.000%                0        0.000%
INST_MAP_UPDATE_NPC_NOTPIPELINED_MEDIUM              0        0.000%                0        0.000%
INST_MAP_UPDATE_NPC_NOTPIPELINED_SLOW                0        0.000%                0        0.000%
INST_MAP_UPDATE_NPC_NOTPIPELINED_VERY_SLOW             0        0.000%                0        0.000%
INST_MAP_UPDATE_MEM_INV                              0        0.000%                0        0.000%
INST_MAP_UPDATE_MEM_NOP                              0        0.000%                0        0.000%
INST_MAP_UPDATE_MEM_CF                               0        0.000%                0        0.000%
INST_MAP_UPDATE_MEM_MOV                         902336       48.259%          1810127       48.620%
INST_MAP_UPDATE_MEM_CMOV                             0        0.000%                0        0.000%
INST_MAP_UPDATE_MEM_LDA                              0        0.000%                0        0.000%
INST_MAP_UPDATE_MEM_IMEM                             0        0.000%                0        0.000%
INST_MAP_UPDATE_MEM_IADD                             0        0.000%                0        0.000%
INST_MAP_UPDATE_MEM_IMUL                         57656        3.084%           112752        3.029%
INST_MAP_UPDATE_MEM_IDIV                         27695        1.481%            52474        1.409%
INST_MAP_UPDATE_MEM_ICMP                             0        0.000%                0        0.000%
INST_MAP_UPDATE_MEM_LOGIC                       163617        8.751%           325740        8.749%
INST_MAP_UPDATE_MEM_SHIFT                        36415        1.948%            70190        1.885%
INST_MAP_UPDATE_MEM_FMEM                         71120        3.804%           139120        3.737%
INST_MAP_UPDATE_MEM_FCVT                             0        0.000%                0        0.000%
INST_MAP_UPDATE_MEM_FADD                             0        0.000%                0        0.000%
INST_MAP_UPDATE_MEM_FMUL                             0        0.000%                1        0.000%
INST_MAP_UPDATE_MEM_FMA                              0        0.000%                0        0.000%
INST_MAP_UPDATE_MEM_FDIV                             0        0.000%                0        0.000%
INST_MAP_UPDATE_MEM_FCMP                             0        0.000%                0        0.000%
INST_MAP_UPDATE_MEM_FCMOV                            0        0.000%                0        0.000%
INST_MAP_UPDATE_MEM_GATHER                           0        0.000%                0        0.000%
INST_MAP_UPDATE_MEM_SCATTER                          0        0.000%                0        0.000%
INST_MAP_UPDATE_MEM_PIPELINED_FAST                   0        0.000%                0        0.000%
INST_MAP_UPDATE_MEM_PIPELINED_MEDIUM                 0        0.000%                0        0.000%
INST_MAP_UPDATE_MEM_PIPELINED_SLOW                 564        0.030%             1077        0.029%
INST_MAP_UPDATE_MEM_NOTPIPELINED_MEDIUM              0        0.000%                0        0.000%
INST_MAP_UPDATE_MEM_NOTPIPELINED_SLOW                0        0.000%                0        0.000%
INST_MAP_UPDATE_MEM_NOTPIPELINED_VERY_SLOW             0        0.000%                0        0.000%
                                               1869770      100.000%          3723018      100.000%
                                                 23.84         9.96             23.85         9.92



