Scarab gitrev: 3541854
Scarab started at Tue Oct 29 20:00:09 2024

Initialized Ramulator. 
** Heartbeat:   5% -- { 1000000 } -- 0.00 KIPS (31.25 KIPS)
** Heartbeat:  10% -- { 2000000 } -- 33.33 KIPS (32.26 KIPS)
** Heartbeat:  15% -- { 3000003 } -- 26.32 KIPS (30.00 KIPS)
** Heartbeat:  20% -- { 4000004 } -- 28.57 KIPS (29.63 KIPS)
** Heartbeat:  25% -- { 5000008 } -- 34.48 KIPS (30.49 KIPS)
** Heartbeat:  30% -- { 6000008 } -- 32.26 KIPS (30.77 KIPS)
** Heartbeat:  35% -- { 7000011 } -- 25.64 KIPS (29.91 KIPS)
** Heartbeat:  40% -- { 8000013 } -- 38.46 KIPS (30.77 KIPS)
** Heartbeat:  45% -- { 9000017 } -- 37.04 KIPS (31.36 KIPS)
** Heartbeat:  50% -- { 10000018 } -- 34.48 KIPS (31.65 KIPS)
** Heartbeat:  55% -- { 11000018 } -- 21.28 KIPS (30.30 KIPS)
** Heartbeat:  60% -- { 12000018 } -- 32.26 KIPS (30.46 KIPS)
** Heartbeat:  65% -- { 13000018 } -- 32.26 KIPS (30.59 KIPS)
** Heartbeat:  70% -- { 14000019 } -- 25.00 KIPS (30.11 KIPS)
** Heartbeat:  75% -- { 15000023 } -- 26.32 KIPS (29.82 KIPS)
** Heartbeat:  80% -- { 16000026 } -- 29.41 KIPS (29.80 KIPS)
** Heartbeat:  85% -- { 17000026 } -- 32.26 KIPS (29.93 KIPS)
** Heartbeat:  90% -- { 18000026 } -- 27.03 KIPS (29.75 KIPS)
** Heartbeat:  95% -- { 19000026 } -- 27.78 KIPS (29.64 KIPS)
** Core 0 Finished:    insts:20000000    cycles:12175761    time:3804925312500       -- 1.64 IPC (1.64 IPC) --  N/A  KIPS (29.63 KIPS)
Scarab finished at Tue Oct 29 20:11:24 2024

