Scarab gitrev: 3541854
Scarab started at Sun Oct 13 21:38:43 2024

Initialized Ramulator. 
** Heartbeat:   5% -- { 1000000 } -- 0.00 KIPS (25.00 KIPS)
** Heartbeat:  10% -- { 2000000 } -- 27.03 KIPS (25.97 KIPS)
** Heartbeat:  15% -- { 3000000 } -- 26.32 KIPS (26.09 KIPS)
** Heartbeat:  20% -- { 4000000 } -- 27.03 KIPS (26.32 KIPS)
** Heartbeat:  25% -- { 5000000 } -- 27.03 KIPS (26.46 KIPS)
** Heartbeat:  30% -- { 6000000 } -- 25.00 KIPS (26.20 KIPS)
** Heartbeat:  35% -- { 7000000 } -- 25.00 KIPS (26.02 KIPS)
** Heartbeat:  40% -- { 8000000 } -- 25.64 KIPS (25.97 KIPS)
** Heartbeat:  45% -- { 9000000 } -- 25.64 KIPS (25.94 KIPS)
** Heartbeat:  50% -- { 10000000 } -- 25.64 KIPS (25.91 KIPS)
** Heartbeat:  55% -- { 11000000 } -- 25.64 KIPS (25.88 KIPS)
** Heartbeat:  60% -- { 12000000 } -- 23.81 KIPS (25.70 KIPS)
** Heartbeat:  65% -- { 13000000 } -- 22.22 KIPS (25.39 KIPS)
** Heartbeat:  70% -- { 14000000 } -- 27.78 KIPS (25.55 KIPS)
** Heartbeat:  75% -- { 15000000 } -- 25.00 KIPS (25.51 KIPS)
** Heartbeat:  80% -- { 16000000 } -- 25.64 KIPS (25.52 KIPS)
** Heartbeat:  85% -- { 17000000 } -- 26.32 KIPS (25.56 KIPS)
** Heartbeat:  90% -- { 18000005 } -- 25.64 KIPS (25.57 KIPS)
** Heartbeat:  95% -- { 19000009 } -- 24.39 KIPS (25.50 KIPS)
** Core 0 Finished:    insts:20000000    cycles:20781266    time:6494145625000       -- 0.96 IPC (0.96 IPC) --  N/A  KIPS (25.48 KIPS)
Scarab finished at Sun Oct 13 21:51:48 2024

