Scarab gitrev: 3541854
Scarab started at Wed Oct 23 01:12:38 2024

Initialized Ramulator. 
** Heartbeat:   5% -- { 1000003 } -- 0.00 KIPS (22.73 KIPS)
** Heartbeat:  10% -- { 2000006 } -- 26.32 KIPS (24.39 KIPS)
** Heartbeat:  15% -- { 3000007 } -- 25.64 KIPS (24.79 KIPS)
** Heartbeat:  20% -- { 4000008 } -- 22.73 KIPS (24.24 KIPS)
** Heartbeat:  25% -- { 5000008 } -- 27.78 KIPS (24.88 KIPS)
** Heartbeat:  30% -- { 6000009 } -- 23.26 KIPS (24.59 KIPS)
** Heartbeat:  35% -- { 7000011 } -- 28.57 KIPS (25.09 KIPS)
** Heartbeat:  40% -- { 8000013 } -- 27.03 KIPS (25.32 KIPS)
** Heartbeat:  45% -- { 9000015 } -- 25.64 KIPS (25.35 KIPS)
** Heartbeat:  50% -- { 10000018 } -- 23.26 KIPS (25.13 KIPS)
** Heartbeat:  55% -- { 11000020 } -- 22.22 KIPS (24.83 KIPS)
** Heartbeat:  60% -- { 12000023 } -- 20.41 KIPS (24.39 KIPS)
** Heartbeat:  65% -- { 13000023 } -- 17.54 KIPS (23.68 KIPS)
** Heartbeat:  70% -- { 14000024 } -- 25.64 KIPS (23.81 KIPS)
** Heartbeat:  75% -- { 15000024 } -- 22.73 KIPS (23.73 KIPS)
** Heartbeat:  80% -- { 16000027 } -- 27.78 KIPS (23.95 KIPS)
** Heartbeat:  85% -- { 17000027 } -- 17.86 KIPS (23.48 KIPS)
** Heartbeat:  90% -- { 18000027 } -- 18.52 KIPS (23.14 KIPS)
** Heartbeat:  95% -- { 19000029 } -- 21.74 KIPS (23.06 KIPS)
Warning could not fetch inst from frontend
Warning could not fetch inst from frontend
Warning could not fetch inst from frontend
Warning could not fetch inst from frontend
Warning could not fetch inst from frontend
Warning could not fetch inst from frontend
Warning could not fetch inst from frontend
Warning could not fetch inst from frontend
Warning could not fetch inst from frontend
Warning could not fetch inst from frontend
Warning could not fetch inst from frontend
Warning could not fetch inst from frontend
Warning could not fetch inst from frontend
Warning could not fetch inst from frontend
Warning could not fetch inst from frontend
Warning could not fetch inst from frontend
Warning could not fetch inst from frontend
Warning could not fetch inst from frontend
Warning could not fetch inst from frontend
Warning could not fetch inst from frontend
Warning could not fetch inst from frontend
Warning could not fetch inst from frontend
Warning could not fetch inst from frontend
Warning could not fetch inst from frontend
Warning could not fetch inst from frontend
Warning could not fetch inst from frontend
Warning could not fetch inst from frontend
** Core 0 Finished:    insts:20000000    cycles:24978249    time:7805702812500       -- 0.80 IPC (0.80 IPC) --  N/A  KIPS (23.12 KIPS)
Scarab finished at Wed Oct 23 01:27:05 2024

