/* -*- Mode: c -*- */
####################################################################################################
Core 0
####################################################################################################
Cumulative:        Cycles: 12137095              Instructions: 20000000              IPC: 1.64784

Periodic:          Cycles: 6143433               Instructions: 9999997               IPC: 1.62775

DCACHE_PREF_HIT                                      0                              0              

IFETCH_WB_FIRST_SCHEDULE                             0         -nan%                0         -nan%
PREFETCH_LAST_SCHEDULE                               0         -nan%                0         -nan%
DEMAND_PASS_PREF_SCHEDULE                            0         -nan%                0         -nan%
DEMAND_PASS_LOW_OP_SCHEDULE                          0         -nan%                0         -nan%
DEMAND_LAST_SCHEDULE                                 0         -nan%                0         -nan%
                                                     0         -nan%                0         -nan%
                                                  -nan         -nan              -nan         -nan

SEND_MISS_REQ_QUEUE                              32409                          90983              

L1_DATA_EVICT                                    32275                          58872              

STREAM_BUFFER_REQ                                    0                              0              

PREF_SEND_TO_MEM_REQ                                 0         -nan%                0         -nan%
PREF_SEND_TO_MEM_REQ_FAIL                            0         -nan%                0         -nan%
                                                     0         -nan%                0         -nan%
                                                  -nan         -nan              -nan         -nan

HIT_TRAIN_STREAM                                 66466       97.672%           132844       96.819%
MISS_TRAIN_STREAM                                 1584        2.328%             4364        3.181%
                                                 68050      100.000%           137208      100.000%
                                                  0.02         0.15              0.03         0.17

STREAM_TRAIN_CREATE                                820                           2252              

MEM_REQ_MISS_HWP_PREF_Q                              0         -nan%                0         -nan%
MEM_REQ_MISS_SW_PREF_Q                               0         -nan%                0         -nan%
MEM_REQ_MISS_IFETCH_Q                                0         -nan%                0         -nan%
MEM_REQ_MISS_DFETCH_Q                                0         -nan%                0         -nan%
MEM_REQ_MISS_DSTORE_Q                                0         -nan%                0         -nan%
MEM_REQ_MISS_DPRF_Q                                  0         -nan%                0         -nan%
MEM_REQ_MISS_WB_Q                                    0         -nan%                0         -nan%
                                                     0         -nan%                0         -nan%
                                                  -nan         -nan              -nan         -nan

PREF_HIT_BY_DEMAND_IFETCH                            0         -nan%                0         -nan%
PREF_HIT_BY_DEMAND_DFETCH                            0         -nan%                0         -nan%
PREF_HIT_BY_DEMAND_DSTORE                            0         -nan%                0         -nan%
PREF_HIT_BY_DEMAND_IPREF                             0         -nan%                0         -nan%
PREF_HIT_BY_DEMAND_DPRF                              0         -nan%                0         -nan%
PREF_HIT_BY_DEMAND_WB                                0         -nan%                0         -nan%
PREF_HIT_BY_PREF                                     0         -nan%                0         -nan%
                                                     0         -nan%                0         -nan%
                                                  -nan         -nan              -nan         -nan

PREF_HIT_DEMAND_IFETCH                               0         -nan%                0         -nan%
PREF_HIT_DEMAND_DFETCH                               0         -nan%                0         -nan%
PREF_HIT_DEMAND_DSTORE                               0         -nan%                0         -nan%
PREF_HIT_DEMAND_IPREF                                0         -nan%                0         -nan%
PREF_HIT_DEMAND_DPRF                                 0         -nan%                0         -nan%
PREF_HIT_DEMAND_WB                                   0         -nan%                0         -nan%
                                                     0         -nan%                0         -nan%
                                                  -nan         -nan              -nan         -nan

PREF_L1_FILL                                         0         -nan%                0         -nan%
DEMAND_L1_FILL                                       0         -nan%                0         -nan%
                                                     0         -nan%                0         -nan%
                                                  -nan         -nan              -nan         -nan

TOUCH_L1_REPLACE                                     0        0.000%                0        0.000%
NO_TOUCH_L1_REPLACE                              32275      100.000%            58872      100.000%
                                                 32275      100.000%            58872      100.000%
                                                  1.00         1.00              1.00         1.00

PREF_REQ_QUE_FULL                                    0                              0              

STREAM_REQ_QUEUE_HIT_BY_DEMAND                       0                              0              

L2HIT_STREAM_PREF_REQ_QUE_FULL                       0                              0              

L2HIT_HIT_TRAIN_STREAM                               0         -nan%                0         -nan%
L2HIT_MISS_TRAIN_STREAM                              0         -nan%                0         -nan%
                                                     0         -nan%                0         -nan%
                                                  -nan         -nan              -nan         -nan

L2HIT_STREAM_TRAIN_CREATE                            0                              0              

L2HIT_STREAM_BUFFER_REQ                              0                              0              

L2HIT_STREAM_PREF_DCACHE_HIT                         0         -nan%                0         -nan%
L2HIT_STREAM_PREF_DCACHE_INSERT                      0         -nan%                0         -nan%
L2HIT_STREAM_L2_MISS                                 0         -nan%                0         -nan%
                                                     0         -nan%                0         -nan%
                                                  -nan         -nan              -nan         -nan

L2HIT_STREAM_DCACHE_PORT_FULL                        0                              0              

L2HIT_STREAM_PREF_L1_PORT_FULL                       0                              0              

L2HIT_TRAIN_HIT_DEMAND                               0         -nan%                0         -nan%
L2HIT_TRAIN_MISS_REQ                                 0         -nan%                0         -nan%
                                                     0         -nan%                0         -nan%
                                                  -nan         -nan              -nan         -nan

L2HIT_TRAIN_FILTER_MISS                              0         -nan%                0         -nan%
L2HIT_TRAIN_FILTER_HIT                               0         -nan%                0         -nan%
                                                     0         -nan%                0         -nan%
                                                  -nan         -nan              -nan         -nan

L2HIT_PREF_REQ_DCACHE_HIT                            0         -nan%                0         -nan%
L2HIT_PREF_REQ_DCACHE_MISS                           0         -nan%                0         -nan%
                                                     0         -nan%                0         -nan%
                                                  -nan         -nan              -nan         -nan

L2HIT_L2SEND_Q_FULL                                  0         -nan%                0         -nan%
L2HIT_L2SEND_Q_ENTER                                 0         -nan%                0         -nan%
                                                     0         -nan%                0         -nan%
                                                  -nan         -nan              -nan         -nan

L2HIT_MEM_REQ                                        0                              0              

REMOVE_REDUNDANT_STREAM_STAT                         0                              0              

REPLACE_OLD_STREAM                                 820                           2236              

REQ_SEND_QUEUE_STALL                                 0                              0              

STREAM_ENTER_RA                                      0                              0              

CORE_STREAM_LENGTH_0                                17       12.782%               67       18.207%
CORE_STREAM_LENGTH_10                               35       26.316%              135       36.685%
CORE_STREAM_LENGTH_20                               17       12.782%               41       11.141%
CORE_STREAM_LENGTH_30                                7        5.263%               17        4.620%
CORE_STREAM_LENGTH_40                                2        1.504%                7        1.902%
CORE_STREAM_LENGTH_50                                1        0.752%                3        0.815%
CORE_STREAM_LENGTH_60                                1        0.752%                8        2.174%
CORE_STREAM_LENGTH_70                                1        0.752%                1        0.272%
CORE_STREAM_LENGTH_80                                6        4.511%                8        2.174%
CORE_STREAM_LENGTH_90                                6        4.511%                7        1.902%
CORE_STREAM_LENGTH_100_P                            40       30.075%               74       20.109%
                                                   133      100.000%              368      100.000%
                                                  4.65         4.61              3.35         3.84

CORE_CUM_STREAM_LENGTH_0                           141        0.164%              519        0.363%
CORE_CUM_STREAM_LENGTH_10                          477        0.554%             1832        1.282%
CORE_CUM_STREAM_LENGTH_20                          410        0.476%              977        0.684%
CORE_CUM_STREAM_LENGTH_30                          245        0.285%              589        0.412%
CORE_CUM_STREAM_LENGTH_40                           88        0.102%              310        0.217%
CORE_CUM_STREAM_LENGTH_50                           58        0.067%              161        0.113%
CORE_CUM_STREAM_LENGTH_60                           67        0.078%              514        0.360%
CORE_CUM_STREAM_LENGTH_70                           70        0.081%               70        0.049%
CORE_CUM_STREAM_LENGTH_80                          510        0.593%              673        0.471%
CORE_CUM_STREAM_LENGTH_90                          577        0.670%              676        0.473%
CORE_CUM_STREAM_LENGTH_100_P                     83421       96.929%           136612       95.578%
                                                 86064      100.000%           142933      100.000%
                                                  9.84         9.74              9.72         9.59

CORE_STREAM_TRAIN_HITS_0                            73       54.887%              237       64.402%
CORE_STREAM_TRAIN_HITS_10                            8        6.015%               30        8.152%
CORE_STREAM_TRAIN_HITS_20                           10        7.519%               18        4.891%
CORE_STREAM_TRAIN_HITS_30                            4        3.008%                8        2.174%
CORE_STREAM_TRAIN_HITS_40                            3        2.256%                7        1.902%
CORE_STREAM_TRAIN_HITS_50                            0        0.000%                0        0.000%
CORE_STREAM_TRAIN_HITS_60                            0        0.000%                0        0.000%
CORE_STREAM_TRAIN_HITS_70                            0        0.000%                0        0.000%
CORE_STREAM_TRAIN_HITS_80                            0        0.000%                0        0.000%
CORE_STREAM_TRAIN_HITS_90                            0        0.000%                0        0.000%
CORE_STREAM_TRAIN_HITS_100_P                        35       26.316%               68       18.478%
                                                   133      100.000%              368      100.000%
                                                  3.02         3.96              2.17         3.53

CORE_CUM_STREAM_TRAIN_HITS_0                       462        0.572%             1535        1.143%
CORE_CUM_STREAM_TRAIN_HITS_10                      107        0.132%              373        0.278%
CORE_CUM_STREAM_TRAIN_HITS_20                      254        0.314%              444        0.331%
CORE_CUM_STREAM_TRAIN_HITS_30                      125        0.155%              268        0.200%
CORE_CUM_STREAM_TRAIN_HITS_40                      137        0.169%              307        0.229%
CORE_CUM_STREAM_TRAIN_HITS_50                        0        0.000%                0        0.000%
CORE_CUM_STREAM_TRAIN_HITS_60                        0        0.000%                0        0.000%
CORE_CUM_STREAM_TRAIN_HITS_70                        0        0.000%                0        0.000%
CORE_CUM_STREAM_TRAIN_HITS_80                        0        0.000%                0        0.000%
CORE_CUM_STREAM_TRAIN_HITS_90                        0        0.000%                0        0.000%
CORE_CUM_STREAM_TRAIN_HITS_100_P                 79750       98.658%           131389       97.821%
                                                 80835      100.000%           134316      100.000%
                                                  9.88         9.84              9.81         9.73

CORE_STREAM_TRAIN_CREATE                           820                           2252              



