Scarab gitrev: 3541854
Scarab started at Sun Oct 13 22:22:20 2024

Initialized Ramulator. 
** Heartbeat:   5% -- { 1000001 } -- 0.00 KIPS (45.45 KIPS)
** Heartbeat:  10% -- { 2000001 } -- 43.48 KIPS (44.44 KIPS)
** Heartbeat:  15% -- { 3000002 } -- 52.63 KIPS (46.88 KIPS)
** Heartbeat:  20% -- { 4000002 } -- 62.50 KIPS (50.00 KIPS)
** Heartbeat:  25% -- { 5000002 } -- 38.46 KIPS (47.17 KIPS)
** Heartbeat:  30% -- { 6000002 } -- 40.00 KIPS (45.80 KIPS)
** Heartbeat:  35% -- { 7000003 } -- 34.48 KIPS (43.75 KIPS)
** Heartbeat:  40% -- { 8000003 } -- 40.00 KIPS (43.24 KIPS)
** Heartbeat:  45% -- { 9000003 } -- 41.67 KIPS (43.06 KIPS)
** Heartbeat:  50% -- { 10000003 } -- 35.71 KIPS (42.19 KIPS)
** Heartbeat:  55% -- { 11000003 } -- 32.26 KIPS (41.04 KIPS)
** Heartbeat:  60% -- { 12000003 } -- 45.45 KIPS (41.38 KIPS)
** Heartbeat:  65% -- { 13000003 } -- 50.00 KIPS (41.94 KIPS)
** Heartbeat:  70% -- { 14000004 } -- 62.50 KIPS (42.94 KIPS)
** Heartbeat:  75% -- { 15000005 } -- 43.48 KIPS (42.98 KIPS)
** Heartbeat:  80% -- { 16000005 } -- 34.48 KIPS (42.33 KIPS)
** Heartbeat:  85% -- { 17000005 } -- 47.62 KIPS (42.61 KIPS)
** Heartbeat:  90% -- { 18000006 } -- 52.63 KIPS (43.06 KIPS)
** Heartbeat:  95% -- { 19000007 } -- 66.67 KIPS (43.88 KIPS)
** Core 0 Finished:    insts:20000000    cycles:26081795    time:8150560937500       -- 0.77 IPC (0.77 IPC) --  N/A  KIPS (43.96 KIPS)
Scarab finished at Sun Oct 13 22:29:55 2024

