/* -*- Mode: c -*- */
####################################################################################################
Core 0
####################################################################################################
Cumulative:        Cycles: 7370367               Instructions: 20000000              IPC: 2.71357

Periodic:          Cycles: 3505815               Instructions: 10000000              IPC: 2.85240

EXECUTION_TIME                           1095567187500                  2303239687500              

NODE_CYCLE                                     3505815                        7370367              

NODE_INST_COUNT                               10000000                       20000000              

NODE_INST_COUNT_FETCHED                       10000000                       20000000              

NODE_UOP_COUNT                                12931172                       25864365              

FULL_WINDOW_STALL                               197503        5.634%           434366        5.893%

FULL_WINDOW_MEM_OP                               44960       29.580%           149938       43.162%
FULL_WINDOW_FP_OP                               103249       67.930%           189630       54.588%
FULL_WINDOW_OTHER_OP                              3784        2.490%             7815        2.250%
                                                151993      100.000%           347383      100.000%
                                                  0.73         0.32              0.59         0.38

RET_BLOCKED_DC_MISS                             133498        3.808%           388511        5.271%

RET_BLOCKED_L1_MISS                              12303        0.351%           105424        1.430%

RET_BLOCKED_L1_MISS_BW_PREF                         51        0.001%             1847        0.025%

RET_BLOCKED_L1_ACCESS                           121195        3.457%           283251        3.843%

RET_BLOCKED_MEM_STALL                            12303        0.351%           105427        1.430%

RET_BLOCKED_OFFCHIP_DEMAND                           0        0.000%                0        0.000%

OP_ISSUED                                     14230849                       29200308              

OP_RETIRED                                    12931172                       25864365              

REPLAY_SIGNALED                                      0                              0              

REPLAY_COUNTED                                       0                              0              

OFF_CRITICAL_PATH                                    0         -nan%                0         -nan%
ON_CRITICAL_PATH                                     0         -nan%                0         -nan%
                                                     0         -nan%                0         -nan%
                                                  -nan         -nan              -nan         -nan

LD_NO_DEPENDENTS                                116232        3.252%           234691        3.283%
LD_DEPENDENTS                                  3458472       96.748%          6914498       96.717%
                                               3574704      100.000%          7149189      100.000%
                                                  0.97         0.95              0.97         0.95

LD_EXEC_CYCLES_0                                     0        0.000%                0        0.000%
LD_EXEC_CYCLES_1                                     0        0.000%                0        0.000%
LD_EXEC_CYCLES_2                                     0        0.000%                0        0.000%
LD_EXEC_CYCLES_3                                  1029       38.933%             2002       40.160%
LD_EXEC_CYCLES_4                                  1614       61.067%             2983       59.840%
                                                  2643      100.000%             4985      100.000%
                                                  3.61         2.86              3.60         2.83

ICACHE_STAGE_STARVED                             32226        1.136%           122612        2.139%
ICACHE_STAGE_NOT_STARVED                       2805328       98.864%          5609440       97.861%
                                               2837554      100.000%          5732052      100.000%
                                                  0.99         0.98              0.98         0.97

ICACHE_STAGE_STALLED                            146097        4.167%           264456        3.588%
ICACHE_STAGE_NOT_STALLED                       2821956       80.494%          5671852       76.955%
ICACHE_STAGE_OFF_PATH                           537762       15.339%          1434059       19.457%
                                               3505815      100.000%          7370367      100.000%
                                                  1.11         0.57              1.16         0.65

DECODE_STAGE_STARVED                           2640718       81.642%          5433323       82.060%
DECODE_STAGE_NOT_STARVED                        593779       18.358%          1187804       17.940%
                                               3234497      100.000%          6621127      100.000%
                                                  0.18         0.36              0.18         0.36

DECODE_STAGE_STALLED                             77753        2.218%           147917        2.007%
DECODE_STAGE_NOT_STALLED                       3156744       90.043%          6473210       87.828%
DECODE_STAGE_OFF_PATH                           271318        7.739%           749240       10.166%
                                               3505815      100.000%          7370367      100.000%
                                                  1.06         0.40              1.08         0.46

UOPQ_STAGE_STARVED                              818314       27.494%          1813884       29.890%
UOPQ_STAGE_NOT_STARVED                         2157996       72.506%          4254666       70.110%
                                               2976310      100.000%          6068550      100.000%
                                                  0.73         0.66              0.70         0.64

UOPQ_STAGE_STALLED                               99437        2.836%           175712        2.384%
UOPQ_STAGE_NOT_STALLED                         2976310       84.896%          6068550       82.337%
UOPQ_STAGE_OFF_PATH                             430068       12.267%          1126105       15.279%
                                               3505815      100.000%          7370367      100.000%
                                                  1.09         0.51              1.13         0.57

MAP_STAGE_STARVED                                96518        3.132%           266363        4.283%
MAP_STAGE_NOT_STARVED                          2985018       96.868%          5952972       95.717%
                                               3081536      100.000%          6219335      100.000%
                                                  0.97         0.95              0.96         0.94

MAP_STAGE_STALLED                               159654        4.554%           292634        3.970%
MAP_STAGE_NOT_STALLED                          2921882       83.344%          5926701       80.413%
MAP_STAGE_OFF_PATH                              424279       12.102%          1151032       15.617%
                                               3505815      100.000%          7370367      100.000%
                                                  1.08         0.50              1.12         0.57

EXEC_STAGE_STARVED                             1756159       50.093%          3718613       50.454%
EXEC_STAGE_NOT_STARVED                         1494019       42.615%          2930018       39.754%
EXEC_STAGE_OFF_PATH                             255637        7.292%           721736        9.792%
                                               3505815      100.000%          7370367      100.000%
                                                  0.57         0.50              0.59         0.54

FU_BUSY_0                                      3131002                        6400339              

FU_BUSY_1                                      2470403                        5009166              

FU_BUSY_2                                      1973498                        4042374              

FU_BUSY_3                                      1845048                        3752350              

FU_BUSY_4                                      1659258                        3347379              

FU_BUSY_5                                      1594739                        3231284              

FU_BUSY_6                                       926351                        1890780              

FU_BUSY_7                                       910206                        1852575              

FU_BUSY_8                                            0                              0              

FU_BUSY_9                                            0                              0              

FU_BUSY_10                                           0                              0              

FU_BUSY_11                                           0                              0              

FU_BUSY_12                                           0                              0              

FU_BUSY_13                                           0                              0              

FU_BUSY_14                                           0                              0              

FU_BUSY_15                                           0                              0              

FU_BUSY_16                                           0                              0              

FU_BUSY_17                                           0                              0              

FU_BUSY_18                                           0                              0              

FU_BUSY_19                                           0                              0              

FU_BUSY_20                                           0                              0              

FU_BUSY_21                                           0                              0              

FU_BUSY_22                                           0                              0              

FU_BUSY_23                                           0                              0              

FU_BUSY_24                                           0                              0              

FU_BUSY_25                                           0                              0              

FU_BUSY_26                                           0                              0              

FU_BUSY_27                                           0                              0              

FU_BUSY_28                                           0                              0              

FU_BUSY_29                                           0                              0              

FU_BUSY_30                                           0                              0              

FU_BUSY_31                                           0                              0              

FU_REJECTED_OP_INV_NOT_SIMD                          0        0.000%                0        0.000%
FU_REJECTED_OP_NOP_NOT_SIMD                      21008        2.697%            42434        2.712%
FU_REJECTED_OP_CF_NOT_SIMD                      183973       23.615%           368291       23.538%
FU_REJECTED_OP_MOV_NOT_SIMD                      47579        6.107%            94784        6.058%
FU_REJECTED_OP_CMOV_NOT_SIMD                         9        0.001%               29        0.002%
FU_REJECTED_OP_LDA_NOT_SIMD                       9386        1.205%            18401        1.176%
FU_REJECTED_OP_IMEM_NOT_SIMD                        58        0.007%              174        0.011%
FU_REJECTED_OP_IADD_NOT_SIMD                    171050       21.956%           343833       21.975%
FU_REJECTED_OP_IMUL_NOT_SIMD                    122988       15.787%           249786       15.964%
FU_REJECTED_OP_IDIV_NOT_SIMD                         0        0.000%                3        0.000%
FU_REJECTED_OP_ICMP_NOT_SIMD                         0        0.000%                0        0.000%
FU_REJECTED_OP_LOGIC_NOT_SIMD                     4509        0.579%             9394        0.600%
FU_REJECTED_OP_SHIFT_NOT_SIMD                    30980        3.977%            62805        4.014%
FU_REJECTED_OP_FMEM_NOT_SIMD                      5254        0.674%            11139        0.712%
FU_REJECTED_OP_FCVT_NOT_SIMD                         0        0.000%                0        0.000%
FU_REJECTED_OP_FADD_NOT_SIMD                         0        0.000%                0        0.000%
FU_REJECTED_OP_FMUL_NOT_SIMD                         0        0.000%                0        0.000%
FU_REJECTED_OP_FMA_NOT_SIMD                          0        0.000%                0        0.000%
FU_REJECTED_OP_FDIV_NOT_SIMD                         0        0.000%                0        0.000%
FU_REJECTED_OP_FCMP_NOT_SIMD                         0        0.000%                0        0.000%
FU_REJECTED_OP_FCMOV_NOT_SIMD                        0        0.000%                0        0.000%
FU_REJECTED_OP_GATHER_NOT_SIMD                       0        0.000%                0        0.000%
FU_REJECTED_OP_SCATTER_NOT_SIMD                      0        0.000%                0        0.000%
FU_REJECTED_OP_PIPELINED_FAST_NOT_SIMD               0        0.000%                0        0.000%
FU_REJECTED_OP_PIPELINED_MEDIUM_NOT_SIMD             0        0.000%                0        0.000%
FU_REJECTED_OP_PIPELINED_SLOW_NOT_SIMD               0        0.000%                0        0.000%
FU_REJECTED_OP_NOTPIPELINED_MEDIUM_NOT_SIMD             0        0.000%                0        0.000%
FU_REJECTED_OP_NOTPIPELINED_SLOW_NOT_SIMD             0        0.000%                0        0.000%
FU_REJECTED_OP_NOTPIPELINED_VERY_SLOW_NOT_SIMD             0        0.000%                0        0.000%
FU_REJECTED_OP_INV_SIMD                              0        0.000%                0        0.000%
FU_REJECTED_OP_NOP_SIMD                              0        0.000%                0        0.000%
FU_REJECTED_OP_CF_SIMD                               0        0.000%                0        0.000%
FU_REJECTED_OP_MOV_SIMD                           1926        0.247%             3905        0.250%
FU_REJECTED_OP_CMOV_SIMD                             0        0.000%                0        0.000%
FU_REJECTED_OP_LDA_SIMD                              0        0.000%                0        0.000%
FU_REJECTED_OP_IMEM_SIMD                             0        0.000%                0        0.000%
FU_REJECTED_OP_IADD_SIMD                             0        0.000%                0        0.000%
FU_REJECTED_OP_IMUL_SIMD                             0        0.000%                0        0.000%
FU_REJECTED_OP_IDIV_SIMD                             0        0.000%                0        0.000%
FU_REJECTED_OP_ICMP_SIMD                             0        0.000%                0        0.000%
FU_REJECTED_OP_LOGIC_SIMD                         5036        0.646%             9816        0.627%
FU_REJECTED_OP_SHIFT_SIMD                         4304        0.552%             8895        0.568%
FU_REJECTED_OP_FMEM_SIMD                             0        0.000%                0        0.000%
FU_REJECTED_OP_FCVT_SIMD                           148        0.019%              432        0.028%
FU_REJECTED_OP_FADD_SIMD                         78289       10.049%           162351       10.376%
FU_REJECTED_OP_FMUL_SIMD                          1170        0.150%             2410        0.154%
FU_REJECTED_OP_FMA_SIMD                           5718        0.734%            12341        0.789%
FU_REJECTED_OP_FDIV_SIMD                          5591        0.718%            11198        0.716%
FU_REJECTED_OP_FCMP_SIMD                         15539        1.995%            30443        1.946%
FU_REJECTED_OP_FCMOV_SIMD                        64011        8.216%           120788        7.720%
FU_REJECTED_OP_GATHER_SIMD                         536        0.069%             1029        0.066%
FU_REJECTED_OP_SCATTER_SIMD                          0        0.000%                0        0.000%
FU_REJECTED_OP_PIPELINED_FAST_SIMD                   0        0.000%                0        0.000%
FU_REJECTED_OP_PIPELINED_MEDIUM_SIMD                 0        0.000%                0        0.000%
FU_REJECTED_OP_PIPELINED_SLOW_SIMD                   0        0.000%                0        0.000%
FU_REJECTED_OP_NOTPIPELINED_MEDIUM_SIMD              0        0.000%                0        0.000%
FU_REJECTED_OP_NOTPIPELINED_SLOW_SIMD                0        0.000%                0        0.000%
FU_REJECTED_OP_NOTPIPELINED_VERY_SLOW_SIMD             0        0.000%                0        0.000%
                                                779062      100.000%          1564681      100.000%
                                                 14.93        17.43             14.85        17.34

OP_WAIT_0                                      8192353                       16403578              

OP_WAIT_1                                      2278020                        4604011              

OP_WAIT_2                                       978686                        1958170              

OP_WAIT_3                                       509694                        1016930              

OP_WAIT_4                                       305041                         605312              

OP_WAIT_5                                       167804                         328906              

OP_WAIT_6                                        96368                         186196              

OP_WAIT_7                                        63647                         124609              

OP_WAIT_8                                        45296                          87115              

OP_WAIT_9                                        33839                          64709              

OP_WAIT_10                                       26449                          51200              

OP_WAIT_11                                       19952                          38355              

OP_WAIT_12                                       17433                          33263              

OP_WAIT_13                                       15285                          28859              

OP_WAIT_14                                       13587                          25464              

OP_WAIT_15                                       12234                          22732              

OP_WAIT_16                                       11624                          21011              

OP_WAIT_17                                       10205                          18541              

OP_WAIT_18                                        8665                          16002              

OP_WAIT_19                                        8244                          15382              

OP_WAIT_20                                        7719                          14425              

OP_WAIT_21                                        6368                          11873              

OP_WAIT_22                                        6006                          11217              

OP_WAIT_23                                        5114                           9802              

OP_WAIT_24                                        4796                           9121              

OP_WAIT_25                                        4449                           8499              

OP_WAIT_26                                        4145                           7969              

OP_WAIT_27                                        3897                           7340              

OP_WAIT_28                                        4066                           7386              

OP_WAIT_29                                        4121                           7308              

OP_WAIT_30                                        3778                           6745              

OP_WAIT_31                                       62287                         112335              

ROW_SIZE_0                                      957254                        2126221              

ROW_SIZE_1                                      205678                         448756              

ROW_SIZE_2                                      111418                         245009              

ROW_SIZE_3                                       66292                         146213              

ROW_SIZE_4                                       71863                         149982              

ROW_SIZE_5                                       51638                         109772              

ROW_SIZE_6                                     1959690                        3889694              

ROW_SIZE_7                                           0                              0              

ROW_SIZE_8                                           0                              0              

ROW_SIZE_9                                           0                              0              

ROW_SIZE_10                                          0                              0              

ROW_SIZE_11                                          0                              0              

ROW_SIZE_12                                          0                              0              

ROW_SIZE_13                                          0                              0              

ROW_SIZE_14                                          0                              0              

ROW_SIZE_15                                          0                              0              

ROW_SIZE_16                                          0                              0              

ROW_SIZE_17                                          0                              0              

ROW_SIZE_18                                          0                              0              

ROW_SIZE_19                                          0                              0              

ROW_SIZE_20                                          0                              0              

ROW_SIZE_21                                          0                              0              

ROW_SIZE_22                                          0                              0              

ROW_SIZE_23                                          0                              0              

ROW_SIZE_24                                          0                              0              

ROW_SIZE_25                                          0                              0              

ROW_SIZE_26                                          0                              0              

ROW_SIZE_27                                          0                              0              

ROW_SIZE_28                                          0                              0              

ROW_SIZE_29                                          0                              0              

ROW_SIZE_30                                          0                              0              

ROW_SIZE_31                                          0                              0              

RET_OP_EXEC_COUNT_0                                  0        0.000%                0        0.000%
RET_OP_EXEC_COUNT_1                           12931172      100.000%         25864365      100.000%
RET_OP_EXEC_COUNT_2                                  0        0.000%                0        0.000%
RET_OP_EXEC_COUNT_3                                  0        0.000%                0        0.000%
RET_OP_EXEC_COUNT_4                                  0        0.000%                0        0.000%
RET_OP_EXEC_COUNT_5                                  0        0.000%                0        0.000%
RET_OP_EXEC_COUNT_6                                  0        0.000%                0        0.000%
RET_OP_EXEC_COUNT_7                                  0        0.000%                0        0.000%
RET_OP_EXEC_COUNT_8                                  0        0.000%                0        0.000%
RET_OP_EXEC_COUNT_9                                  0        0.000%                0        0.000%
RET_OP_EXEC_COUNT_10                                 0        0.000%                0        0.000%
RET_OP_EXEC_COUNT_11                                 0        0.000%                0        0.000%
RET_OP_EXEC_COUNT_12                                 0        0.000%                0        0.000%
RET_OP_EXEC_COUNT_13                                 0        0.000%                0        0.000%
RET_OP_EXEC_COUNT_14                                 0        0.000%                0        0.000%
RET_OP_EXEC_COUNT_15                                 0        0.000%                0        0.000%
RET_OP_EXEC_COUNT_16                                 0        0.000%                0        0.000%
RET_OP_EXEC_COUNT_17                                 0        0.000%                0        0.000%
RET_OP_EXEC_COUNT_18                                 0        0.000%                0        0.000%
RET_OP_EXEC_COUNT_19                                 0        0.000%                0        0.000%
RET_OP_EXEC_COUNT_20                                 0        0.000%                0        0.000%
RET_OP_EXEC_COUNT_21                                 0        0.000%                0        0.000%
RET_OP_EXEC_COUNT_22                                 0        0.000%                0        0.000%
RET_OP_EXEC_COUNT_23                                 0        0.000%                0        0.000%
RET_OP_EXEC_COUNT_24                                 0        0.000%                0        0.000%
RET_OP_EXEC_COUNT_25                                 0        0.000%                0        0.000%
RET_OP_EXEC_COUNT_26                                 0        0.000%                0        0.000%
RET_OP_EXEC_COUNT_27                                 0        0.000%                0        0.000%
RET_OP_EXEC_COUNT_28                                 0        0.000%                0        0.000%
RET_OP_EXEC_COUNT_29                                 0        0.000%                0        0.000%
RET_OP_EXEC_COUNT_30                                 0        0.000%                0        0.000%
RET_OP_EXEC_COUNT_31                                 0        0.000%                0        0.000%
RET_OP_EXEC_COUNT_32                                 0        0.000%                0        0.000%
                                              12931172      100.000%         25864365      100.000%
                                                  1.00         0.00              1.00         0.00

RET_STALL_LENGTH_0                            12931084       99.999%         25863624       99.997%
RET_STALL_LENGTH_100                                85        0.001%              682        0.003%
RET_STALL_LENGTH_200                                 0        0.000%               34        0.000%
RET_STALL_LENGTH_300                                 1        0.000%                6        0.000%
RET_STALL_LENGTH_400                                 0        0.000%                3        0.000%
RET_STALL_LENGTH_500                                 0        0.000%                2        0.000%
RET_STALL_LENGTH_600                                 0        0.000%                3        0.000%
RET_STALL_LENGTH_700                                 0        0.000%                0        0.000%
RET_STALL_LENGTH_800                                 0        0.000%                1        0.000%
RET_STALL_LENGTH_900                                 0        0.000%                1        0.000%
RET_STALL_LENGTH_1000                                1        0.000%                1        0.000%
RET_STALL_LENGTH_1100                                0        0.000%                5        0.000%
RET_STALL_LENGTH_1200                                1        0.000%                2        0.000%
RET_STALL_LENGTH_1300                                0        0.000%                1        0.000%
RET_STALL_LENGTH_1400                                0        0.000%                0        0.000%
RET_STALL_LENGTH_1500                                0        0.000%                0        0.000%
RET_STALL_LENGTH_1600                                0        0.000%                0        0.000%
RET_STALL_LENGTH_1700                                0        0.000%                0        0.000%
RET_STALL_LENGTH_1800                                0        0.000%                0        0.000%
RET_STALL_LENGTH_1900                                0        0.000%                0        0.000%
RET_STALL_LENGTH_2000                                0        0.000%                0        0.000%
RET_STALL_LENGTH_2100                                0        0.000%                0        0.000%
RET_STALL_LENGTH_2200                                0        0.000%                0        0.000%
RET_STALL_LENGTH_2300                                0        0.000%                0        0.000%
RET_STALL_LENGTH_2400                                0        0.000%                0        0.000%
RET_STALL_LENGTH_2500                                0        0.000%                0        0.000%
RET_STALL_LENGTH_2600                                0        0.000%                0        0.000%
RET_STALL_LENGTH_2700                                0        0.000%                0        0.000%
RET_STALL_LENGTH_2800                                0        0.000%                0        0.000%
RET_STALL_LENGTH_2900                                0        0.000%                0        0.000%
RET_STALL_LENGTH_3000                                0        0.000%                0        0.000%
RET_STALL_LENGTH_3100                                0        0.000%                0        0.000%
RET_STALL_LENGTH_3200                                0        0.000%                0        0.000%
RET_STALL_LENGTH_3300                                0        0.000%                0        0.000%
RET_STALL_LENGTH_3400                                0        0.000%                0        0.000%
RET_STALL_LENGTH_3500                                0        0.000%                0        0.000%
RET_STALL_LENGTH_3600                                0        0.000%                0        0.000%
RET_STALL_LENGTH_3700                                0        0.000%                0        0.000%
RET_STALL_LENGTH_3800                                0        0.000%                0        0.000%
RET_STALL_LENGTH_3900                                0        0.000%                0        0.000%
RET_STALL_LENGTH_4000                                0        0.000%                0        0.000%
RET_STALL_LENGTH_4100                                0        0.000%                0        0.000%
RET_STALL_LENGTH_4200                                0        0.000%                0        0.000%
RET_STALL_LENGTH_4300                                0        0.000%                0        0.000%
RET_STALL_LENGTH_4400                                0        0.000%                0        0.000%
RET_STALL_LENGTH_4500                                0        0.000%                0        0.000%
RET_STALL_LENGTH_4600                                0        0.000%                0        0.000%
RET_STALL_LENGTH_4700                                0        0.000%                0        0.000%
RET_STALL_LENGTH_4800                                0        0.000%                0        0.000%
RET_STALL_LENGTH_4900                                0        0.000%                0        0.000%
RET_STALL_LENGTH_5000                                0        0.000%                0        0.000%
                                              12931172      100.000%         25864365      100.000%
                                                  0.00         0.01              0.00         0.01

MEM_BLOCK_LENGTH_0                                   0         -nan%               14       93.333%
MEM_BLOCK_LENGTH_100                                 0         -nan%                1        6.667%
MEM_BLOCK_LENGTH_200                                 0         -nan%                0        0.000%
MEM_BLOCK_LENGTH_300                                 0         -nan%                0        0.000%
MEM_BLOCK_LENGTH_400                                 0         -nan%                0        0.000%
MEM_BLOCK_LENGTH_500                                 0         -nan%                0        0.000%
MEM_BLOCK_LENGTH_600                                 0         -nan%                0        0.000%
MEM_BLOCK_LENGTH_700                                 0         -nan%                0        0.000%
MEM_BLOCK_LENGTH_800                                 0         -nan%                0        0.000%
MEM_BLOCK_LENGTH_900                                 0         -nan%                0        0.000%
MEM_BLOCK_LENGTH_1000                                0         -nan%                0        0.000%
MEM_BLOCK_LENGTH_1100                                0         -nan%                0        0.000%
MEM_BLOCK_LENGTH_1200                                0         -nan%                0        0.000%
MEM_BLOCK_LENGTH_1300                                0         -nan%                0        0.000%
MEM_BLOCK_LENGTH_1400                                0         -nan%                0        0.000%
MEM_BLOCK_LENGTH_1500                                0         -nan%                0        0.000%
MEM_BLOCK_LENGTH_1600                                0         -nan%                0        0.000%
MEM_BLOCK_LENGTH_1700                                0         -nan%                0        0.000%
MEM_BLOCK_LENGTH_1800                                0         -nan%                0        0.000%
MEM_BLOCK_LENGTH_1900                                0         -nan%                0        0.000%
MEM_BLOCK_LENGTH_2000                                0         -nan%                0        0.000%
MEM_BLOCK_LENGTH_2100                                0         -nan%                0        0.000%
MEM_BLOCK_LENGTH_2200                                0         -nan%                0        0.000%
MEM_BLOCK_LENGTH_2300                                0         -nan%                0        0.000%
MEM_BLOCK_LENGTH_2400                                0         -nan%                0        0.000%
MEM_BLOCK_LENGTH_2500                                0         -nan%                0        0.000%
MEM_BLOCK_LENGTH_2600                                0         -nan%                0        0.000%
MEM_BLOCK_LENGTH_2700                                0         -nan%                0        0.000%
MEM_BLOCK_LENGTH_2800                                0         -nan%                0        0.000%
MEM_BLOCK_LENGTH_2900                                0         -nan%                0        0.000%
MEM_BLOCK_LENGTH_3000                                0         -nan%                0        0.000%
MEM_BLOCK_LENGTH_3100                                0         -nan%                0        0.000%
MEM_BLOCK_LENGTH_3200                                0         -nan%                0        0.000%
MEM_BLOCK_LENGTH_3300                                0         -nan%                0        0.000%
MEM_BLOCK_LENGTH_3400                                0         -nan%                0        0.000%
MEM_BLOCK_LENGTH_3500                                0         -nan%                0        0.000%
MEM_BLOCK_LENGTH_3600                                0         -nan%                0        0.000%
MEM_BLOCK_LENGTH_3700                                0         -nan%                0        0.000%
MEM_BLOCK_LENGTH_3800                                0         -nan%                0        0.000%
MEM_BLOCK_LENGTH_3900                                0         -nan%                0        0.000%
MEM_BLOCK_LENGTH_4000                                0         -nan%                0        0.000%
MEM_BLOCK_LENGTH_4100                                0         -nan%                0        0.000%
MEM_BLOCK_LENGTH_4200                                0         -nan%                0        0.000%
MEM_BLOCK_LENGTH_4300                                0         -nan%                0        0.000%
MEM_BLOCK_LENGTH_4400                                0         -nan%                0        0.000%
MEM_BLOCK_LENGTH_4500                                0         -nan%                0        0.000%
MEM_BLOCK_LENGTH_4600                                0         -nan%                0        0.000%
MEM_BLOCK_LENGTH_4700                                0         -nan%                0        0.000%
MEM_BLOCK_LENGTH_4800                                0         -nan%                0        0.000%
MEM_BLOCK_LENGTH_4900                                0         -nan%                0        0.000%
MEM_BLOCK_LENGTH_5000                                0         -nan%                0        0.000%
                                                     0         -nan%               15      100.000%
                                                  -nan         -nan              0.07         0.25

FUS_BUSY_ON_PATH                              13806021        3.9380         27617554        3.7471

FUS_BUSY_OFF_PATH                               704484        0.2009          1908693        0.2590

FU_BUSY_MEM_STALL                               351236        0.1002           715613        0.0971

FUS_EMPTY                                     13536015        3.8610         29436689        3.9939

FU_UNAVAILABLE                                  529817        0.1511          1058549        0.1436

FU_MEM_UNAVAILABLE                              249245        0.0711           506132        0.0687

FU_REPLAY                                            0        0.0000                0        0.0000

FU_STARVED                                    13490958        3.8482         29320434        3.9782

CHIP_UTILIZATION                                     0        0.0000                0        0.0000

CYCLES_UNDER_MEM_REQ                                 0                              0              

CYCLES_UNDER_NO_MEM_REQ                              0                              0              

CYCLES_UNDER_CRITICAL_MEM_REQ                        0                              0              

CYCLES_UNDER_NONCRITICAL_MEM_REQ                     0                              0              

CHIP_UTILIZATION_UNDER_MEM_REQ                       0          -nan                0          -nan

CHIP_UTILIZATION_UNDER_NO_MEM_REQ                    0          -nan                0          -nan

CHIP_UTILIZATION_UNDER_CRITICAL_MEM_REQ              0          -nan                0          -nan

CHIP_UTILIZATION_UNDER_NONCRITICAL_MEM_REQ             0          -nan                0          -nan

CYCLES_NOT_WAITING_FOR_OFF_CHIP                      0        0.0000                0        0.0000

FUS_BUSY_NOT_WAITING_FOR_OFF_CHIP                    0          -nan                0          -nan

CYCLES_WAITING_FOR_OFF_CHIP                          0        0.0000                0        0.0000

FUS_BUSY_WAITING_FOR_OFF_CHIP                        0          -nan                0          -nan

TOTAL_OFF_CHIP_DELAYS_LEFT                           0                              0              

WRONG_IO_SCHED                                       0                              0              

DVFS_CONFIG_SWITCH                                   0                              0              

MAP_STAGE_RECEIVED_OPS_0                             0        0.000%                0        0.000%
MAP_STAGE_RECEIVED_OPS_1                        142294        5.057%           285111        5.064%
MAP_STAGE_RECEIVED_OPS_2                        230224        8.182%           465164        8.262%
MAP_STAGE_RECEIVED_OPS_3                        323254       11.488%           646281       11.479%
MAP_STAGE_RECEIVED_OPS_4                        302036       10.734%           603964       10.727%
MAP_STAGE_RECEIVED_OPS_5                        753857       26.791%          1508562       26.794%
MAP_STAGE_RECEIVED_OPS_6                       1062171       37.748%          2121118       37.674%
MAP_STAGE_RECEIVED_OPS_7                             0        0.000%                0        0.000%
MAP_STAGE_RECEIVED_OPS_8                             0        0.000%                0        0.000%
MAP_STAGE_RECEIVED_OPS_MAX                           0        0.000%                0        0.000%
                                               2813836      100.000%          5630200      100.000%
                                                  4.59         1.52              4.59         1.53

MAP_STAGE_WAIT_FOR_DECODE                            0         -nan%                0         -nan%
MAP_STAGE_CONSUME_DECODE                             0         -nan%                0         -nan%
                                                     0         -nan%                0         -nan%
                                                  -nan         -nan              -nan         -nan

MAP_STAGE_WAIT_FOR_DECODE2                           0         -nan%                0         -nan%
MAP_STAGE_CONSUME_DECODE2                            0         -nan%                0         -nan%
                                                     0         -nan%                0         -nan%
                                                  -nan         -nan              -nan         -nan

FTQ_RECOVER_EXEC                                 11548                          30174              

FTQ_RECOVER_DECODE                                   3                            258              

FTQ_OFFPATH_CYCLES                              525521                        1454429              

FTQ_CYCLES_OFFPATH                              955908                        2420776              

FTQ_CYCLES_ONPATH                              2549907                        4949591              

FTQ_FETCHED_INS_OFFPATH                        5298630                       13766780              

FTQ_FETCHED_INS_ONPATH                        12918967                       25833933              

FTQ_BREAK_FULL_FT_ONPATH                       2440128       96.134%          4690824       95.360%
FTQ_BREAK_MAX_CFS_TAKEN_ONPATH                   79038        3.114%           185570        3.772%
FTQ_BREAK_MAX_BYTES_ONPATH                       19097        0.752%            42672        0.867%
FTQ_BREAK_PRED_BR_ONPATH                             0        0.000%                0        0.000%
FTQ_BREAK_BAR_FETCH_ONPATH                           0        0.000%                0        0.000%
                                               2538263      100.000%          4919066      100.000%
                                                  0.05         0.24              0.06         0.26

FTQ_BREAK_FULL_FT_OFFPATH                       900473       93.076%          2241409       91.441%
FTQ_BREAK_MAX_CFS_TAKEN_OFFPATH                  52133        5.389%           165127        6.737%
FTQ_BREAK_MAX_BYTES_OFFPATH                      14853        1.535%            44672        1.822%
FTQ_BREAK_PRED_BR_OFFPATH                            0        0.000%                0        0.000%
FTQ_BREAK_BAR_FETCH_OFFPATH                          0        0.000%                0        0.000%
                                                967459      100.000%          2451208      100.000%
                                                  0.08         0.32              0.10         0.35



