Scarab gitrev: 3541854
Scarab started at Thu Oct 24 17:56:37 2024

Initialized Ramulator. 
** Heartbeat:   5% -- { 1000000 } -- 0.00 KIPS (21.74 KIPS)
** Heartbeat:  10% -- { 2000000 } -- 23.81 KIPS (22.73 KIPS)
** Heartbeat:  15% -- { 3000000 } -- 24.39 KIPS (23.26 KIPS)
** Heartbeat:  20% -- { 4000000 } -- 23.26 KIPS (23.26 KIPS)
** Heartbeat:  25% -- { 5000000 } -- 25.64 KIPS (23.70 KIPS)
** Heartbeat:  30% -- { 6000000 } -- 25.64 KIPS (24.00 KIPS)
** Heartbeat:  35% -- { 7000000 } -- 27.78 KIPS (24.48 KIPS)
** Heartbeat:  40% -- { 8000000 } -- 27.03 KIPS (24.77 KIPS)
** Heartbeat:  45% -- { 9000000 } -- 27.03 KIPS (25.00 KIPS)
** Heartbeat:  50% -- { 10000000 } -- 27.78 KIPS (25.25 KIPS)
** Heartbeat:  55% -- { 11000000 } -- 26.32 KIPS (25.35 KIPS)
** Heartbeat:  60% -- { 12000000 } -- 25.64 KIPS (25.37 KIPS)
** Heartbeat:  65% -- { 13000000 } -- 26.32 KIPS (25.44 KIPS)
** Heartbeat:  70% -- { 14000000 } -- 26.32 KIPS (25.50 KIPS)
** Heartbeat:  75% -- { 15000000 } -- 27.03 KIPS (25.60 KIPS)
** Heartbeat:  80% -- { 16000000 } -- 26.32 KIPS (25.64 KIPS)
** Heartbeat:  85% -- { 17000000 } -- 26.32 KIPS (25.68 KIPS)
** Heartbeat:  90% -- { 18000000 } -- 26.32 KIPS (25.71 KIPS)
** Heartbeat:  95% -- { 19000000 } -- 25.00 KIPS (25.68 KIPS)
** Heartbeat: 100% -- { 20000000 } -- 26.32 KIPS (25.71 KIPS)
** Core 0 Finished:    insts:20000000    cycles:20338041    time:6355637812500       -- 0.98 IPC (0.98 IPC) --  N/A  KIPS (25.71 KIPS)
Scarab finished at Thu Oct 24 18:09:35 2024

