               ramulator.active_cycles_0             3335462                                      # Total active cycles for level _0
                 ramulator.busy_cycles_0             3335462                                      # (All-bank refresh only. busy cycles only include refresh time in rank level) The sum of cycles that the DRAM part is active or under refresh for level _0
            ramulator.serving_requests_0             8743034                                      # The sum of read and write requests that are served in this DRAM element per memory cycle for level _0
    ramulator.average_serving_requests_0            1.595607                                      # The average of read and write requests that are served in this DRAM element per memory cycle for level _0
             ramulator.active_cycles_0_0             3335462                                      # Total active cycles for level _0_0
               ramulator.busy_cycles_0_0             3471962                                      # (All-bank refresh only. busy cycles only include refresh time in rank level) The sum of cycles that the DRAM part is active or under refresh for level _0_0
          ramulator.serving_requests_0_0             8743034                                      # The sum of read and write requests that are served in this DRAM element per memory cycle for level _0_0
  ramulator.average_serving_requests_0_0            1.595607                                      # The average of read and write requests that are served in this DRAM element per memory cycle for level _0_0
           ramulator.active_cycles_0_0_0             1266469                                      # Total active cycles for level _0_0_0
             ramulator.busy_cycles_0_0_0             1266469                                      # (All-bank refresh only. busy cycles only include refresh time in rank level) The sum of cycles that the DRAM part is active or under refresh for level _0_0_0
        ramulator.serving_requests_0_0_0             2060295                                      # The sum of read and write requests that are served in this DRAM element per memory cycle for level _0_0_0
ramulator.average_serving_requests_0_0_0            0.376005                                      # The average of read and write requests that are served in this DRAM element per memory cycle for level _0_0_0
         ramulator.active_cycles_0_0_0_0              323001                                      # Total active cycles for level _0_0_0_0
           ramulator.busy_cycles_0_0_0_0              323001                                      # (All-bank refresh only. busy cycles only include refresh time in rank level) The sum of cycles that the DRAM part is active or under refresh for level _0_0_0_0
      ramulator.serving_requests_0_0_0_0              435398                                      # The sum of read and write requests that are served in this DRAM element per memory cycle for level _0_0_0_0
ramulator.average_serving_requests_0_0_0_0            0.079460                                      # The average of read and write requests that are served in this DRAM element per memory cycle for level _0_0_0_0
         ramulator.active_cycles_0_0_0_1              369759                                      # Total active cycles for level _0_0_0_1
           ramulator.busy_cycles_0_0_0_1              369759                                      # (All-bank refresh only. busy cycles only include refresh time in rank level) The sum of cycles that the DRAM part is active or under refresh for level _0_0_0_1
      ramulator.serving_requests_0_0_0_1              494801                                      # The sum of read and write requests that are served in this DRAM element per memory cycle for level _0_0_0_1
ramulator.average_serving_requests_0_0_0_1            0.090301                                      # The average of read and write requests that are served in this DRAM element per memory cycle for level _0_0_0_1
         ramulator.active_cycles_0_0_0_2              434374                                      # Total active cycles for level _0_0_0_2
           ramulator.busy_cycles_0_0_0_2              434374                                      # (All-bank refresh only. busy cycles only include refresh time in rank level) The sum of cycles that the DRAM part is active or under refresh for level _0_0_0_2
      ramulator.serving_requests_0_0_0_2              567004                                      # The sum of read and write requests that are served in this DRAM element per memory cycle for level _0_0_0_2
ramulator.average_serving_requests_0_0_0_2            0.103478                                      # The average of read and write requests that are served in this DRAM element per memory cycle for level _0_0_0_2
         ramulator.active_cycles_0_0_0_3              430899                                      # Total active cycles for level _0_0_0_3
           ramulator.busy_cycles_0_0_0_3              430899                                      # (All-bank refresh only. busy cycles only include refresh time in rank level) The sum of cycles that the DRAM part is active or under refresh for level _0_0_0_3
      ramulator.serving_requests_0_0_0_3              563092                                      # The sum of read and write requests that are served in this DRAM element per memory cycle for level _0_0_0_3
ramulator.average_serving_requests_0_0_0_3            0.102764                                      # The average of read and write requests that are served in this DRAM element per memory cycle for level _0_0_0_3
           ramulator.active_cycles_0_0_1             1726417                                      # Total active cycles for level _0_0_1
             ramulator.busy_cycles_0_0_1             1726417                                      # (All-bank refresh only. busy cycles only include refresh time in rank level) The sum of cycles that the DRAM part is active or under refresh for level _0_0_1
        ramulator.serving_requests_0_0_1             2517264                                      # The sum of read and write requests that are served in this DRAM element per memory cycle for level _0_0_1
ramulator.average_serving_requests_0_0_1            0.459402                                      # The average of read and write requests that are served in this DRAM element per memory cycle for level _0_0_1
         ramulator.active_cycles_0_0_1_0              825651                                      # Total active cycles for level _0_0_1_0
           ramulator.busy_cycles_0_0_1_0              825651                                      # (All-bank refresh only. busy cycles only include refresh time in rank level) The sum of cycles that the DRAM part is active or under refresh for level _0_0_1_0
      ramulator.serving_requests_0_0_1_0              977258                                      # The sum of read and write requests that are served in this DRAM element per memory cycle for level _0_0_1_0
ramulator.average_serving_requests_0_0_1_0            0.178350                                      # The average of read and write requests that are served in this DRAM element per memory cycle for level _0_0_1_0
         ramulator.active_cycles_0_0_1_1              223568                                      # Total active cycles for level _0_0_1_1
           ramulator.busy_cycles_0_0_1_1              223568                                      # (All-bank refresh only. busy cycles only include refresh time in rank level) The sum of cycles that the DRAM part is active or under refresh for level _0_0_1_1
      ramulator.serving_requests_0_0_1_1              298296                                      # The sum of read and write requests that are served in this DRAM element per memory cycle for level _0_0_1_1
ramulator.average_serving_requests_0_0_1_1            0.054439                                      # The average of read and write requests that are served in this DRAM element per memory cycle for level _0_0_1_1
         ramulator.active_cycles_0_0_1_2              577821                                      # Total active cycles for level _0_0_1_2
           ramulator.busy_cycles_0_0_1_2              577821                                      # (All-bank refresh only. busy cycles only include refresh time in rank level) The sum of cycles that the DRAM part is active or under refresh for level _0_0_1_2
      ramulator.serving_requests_0_0_1_2              698082                                      # The sum of read and write requests that are served in this DRAM element per memory cycle for level _0_0_1_2
ramulator.average_serving_requests_0_0_1_2            0.127400                                      # The average of read and write requests that are served in this DRAM element per memory cycle for level _0_0_1_2
         ramulator.active_cycles_0_0_1_3              427280                                      # Total active cycles for level _0_0_1_3
           ramulator.busy_cycles_0_0_1_3              427280                                      # (All-bank refresh only. busy cycles only include refresh time in rank level) The sum of cycles that the DRAM part is active or under refresh for level _0_0_1_3
      ramulator.serving_requests_0_0_1_3              543628                                      # The sum of read and write requests that are served in this DRAM element per memory cycle for level _0_0_1_3
ramulator.average_serving_requests_0_0_1_3            0.099212                                      # The average of read and write requests that are served in this DRAM element per memory cycle for level _0_0_1_3
           ramulator.active_cycles_0_0_2             1424740                                      # Total active cycles for level _0_0_2
             ramulator.busy_cycles_0_0_2             1424740                                      # (All-bank refresh only. busy cycles only include refresh time in rank level) The sum of cycles that the DRAM part is active or under refresh for level _0_0_2
        ramulator.serving_requests_0_0_2             2127340                                      # The sum of read and write requests that are served in this DRAM element per memory cycle for level _0_0_2
ramulator.average_serving_requests_0_0_2            0.388240                                      # The average of read and write requests that are served in this DRAM element per memory cycle for level _0_0_2
         ramulator.active_cycles_0_0_2_0              338130                                      # Total active cycles for level _0_0_2_0
           ramulator.busy_cycles_0_0_2_0              338130                                      # (All-bank refresh only. busy cycles only include refresh time in rank level) The sum of cycles that the DRAM part is active or under refresh for level _0_0_2_0
      ramulator.serving_requests_0_0_2_0              443586                                      # The sum of read and write requests that are served in this DRAM element per memory cycle for level _0_0_2_0
ramulator.average_serving_requests_0_0_2_0            0.080955                                      # The average of read and write requests that are served in this DRAM element per memory cycle for level _0_0_2_0
         ramulator.active_cycles_0_0_2_1              296655                                      # Total active cycles for level _0_0_2_1
           ramulator.busy_cycles_0_0_2_1              296655                                      # (All-bank refresh only. busy cycles only include refresh time in rank level) The sum of cycles that the DRAM part is active or under refresh for level _0_0_2_1
      ramulator.serving_requests_0_0_2_1              392877                                      # The sum of read and write requests that are served in this DRAM element per memory cycle for level _0_0_2_1
ramulator.average_serving_requests_0_0_2_1            0.071700                                      # The average of read and write requests that are served in this DRAM element per memory cycle for level _0_0_2_1
         ramulator.active_cycles_0_0_2_2              492191                                      # Total active cycles for level _0_0_2_2
           ramulator.busy_cycles_0_0_2_2              492191                                      # (All-bank refresh only. busy cycles only include refresh time in rank level) The sum of cycles that the DRAM part is active or under refresh for level _0_0_2_2
      ramulator.serving_requests_0_0_2_2              604569                                      # The sum of read and write requests that are served in this DRAM element per memory cycle for level _0_0_2_2
ramulator.average_serving_requests_0_0_2_2            0.110334                                      # The average of read and write requests that are served in this DRAM element per memory cycle for level _0_0_2_2
         ramulator.active_cycles_0_0_2_3              573409                                      # Total active cycles for level _0_0_2_3
           ramulator.busy_cycles_0_0_2_3              573409                                      # (All-bank refresh only. busy cycles only include refresh time in rank level) The sum of cycles that the DRAM part is active or under refresh for level _0_0_2_3
      ramulator.serving_requests_0_0_2_3              686308                                      # The sum of read and write requests that are served in this DRAM element per memory cycle for level _0_0_2_3
ramulator.average_serving_requests_0_0_2_3            0.125251                                      # The average of read and write requests that are served in this DRAM element per memory cycle for level _0_0_2_3
           ramulator.active_cycles_0_0_3             1260388                                      # Total active cycles for level _0_0_3
             ramulator.busy_cycles_0_0_3             1260388                                      # (All-bank refresh only. busy cycles only include refresh time in rank level) The sum of cycles that the DRAM part is active or under refresh for level _0_0_3
        ramulator.serving_requests_0_0_3             2038135                                      # The sum of read and write requests that are served in this DRAM element per memory cycle for level _0_0_3
ramulator.average_serving_requests_0_0_3            0.371960                                      # The average of read and write requests that are served in this DRAM element per memory cycle for level _0_0_3
         ramulator.active_cycles_0_0_3_0              469852                                      # Total active cycles for level _0_0_3_0
           ramulator.busy_cycles_0_0_3_0              469852                                      # (All-bank refresh only. busy cycles only include refresh time in rank level) The sum of cycles that the DRAM part is active or under refresh for level _0_0_3_0
      ramulator.serving_requests_0_0_3_0              582632                                      # The sum of read and write requests that are served in this DRAM element per memory cycle for level _0_0_3_0
ramulator.average_serving_requests_0_0_3_0            0.106331                                      # The average of read and write requests that are served in this DRAM element per memory cycle for level _0_0_3_0
         ramulator.active_cycles_0_0_3_1              377644                                      # Total active cycles for level _0_0_3_1
           ramulator.busy_cycles_0_0_3_1              377644                                      # (All-bank refresh only. busy cycles only include refresh time in rank level) The sum of cycles that the DRAM part is active or under refresh for level _0_0_3_1
      ramulator.serving_requests_0_0_3_1              496084                                      # The sum of read and write requests that are served in this DRAM element per memory cycle for level _0_0_3_1
ramulator.average_serving_requests_0_0_3_1            0.090535                                      # The average of read and write requests that are served in this DRAM element per memory cycle for level _0_0_3_1
         ramulator.active_cycles_0_0_3_2              417849                                      # Total active cycles for level _0_0_3_2
           ramulator.busy_cycles_0_0_3_2              417849                                      # (All-bank refresh only. busy cycles only include refresh time in rank level) The sum of cycles that the DRAM part is active or under refresh for level _0_0_3_2
      ramulator.serving_requests_0_0_3_2              543924                                      # The sum of read and write requests that are served in this DRAM element per memory cycle for level _0_0_3_2
ramulator.average_serving_requests_0_0_3_2            0.099266                                      # The average of read and write requests that are served in this DRAM element per memory cycle for level _0_0_3_2
         ramulator.active_cycles_0_0_3_3              304107                                      # Total active cycles for level _0_0_3_3
           ramulator.busy_cycles_0_0_3_3              304107                                      # (All-bank refresh only. busy cycles only include refresh time in rank level) The sum of cycles that the DRAM part is active or under refresh for level _0_0_3_3
      ramulator.serving_requests_0_0_3_3              415495                                      # The sum of read and write requests that are served in this DRAM element per memory cycle for level _0_0_3_3
ramulator.average_serving_requests_0_0_3_3            0.075828                                      # The average of read and write requests that are served in this DRAM element per memory cycle for level _0_0_3_3
      ramulator.read_transaction_bytes_0            12844032                                      # The total byte of read transaction per channel
     ramulator.write_transaction_bytes_0             3089536                                      # The total byte of write transaction per channel
       ramulator.row_hits_channel_0_core              199131                                      # Number of row hits per channel per core
     ramulator.row_misses_channel_0_core                9097                                      # Number of row misses per channel per core
  ramulator.row_conflicts_channel_0_core               40734                                      # Number of row conflicts per channel per core
  ramulator.read_row_hits_channel_0_core              174950                                      # Number of row hits for read requests per channel per core
                                     [0]            174950.0                                      # 
ramulator.read_row_misses_channel_0_core                5590                                      # Number of row misses for read requests per channel per core
                                     [0]              5590.0                                      # 
ramulator.read_row_conflicts_channel_0_core               20148                                      # Number of row conflicts for read requests per channel per core
                                     [0]             20148.0                                      # 
 ramulator.write_row_hits_channel_0_core               24181                                      # Number of row hits for write requests per channel per core
                                     [0]             24181.0                                      # 
ramulator.write_row_misses_channel_0_core                3507                                      # Number of row misses for write requests per channel per core
                                     [0]              3507.0                                      # 
ramulator.write_row_conflicts_channel_0_core               20586                                      # Number of row conflicts for write requests per channel per core
                                     [0]             20586.0                                      # 
      ramulator.useless_activates_0_core                 436                                      # Number of useless activations. E.g, ACT -> PRE w/o RD or WR
            ramulator.read_latency_avg_0          128.209249                                      # The average memory latency cycles (in memory time domain) per request for all read requests in this channel
            ramulator.read_latency_sum_0            25735699                                      # The memory latency cycles (in memory time domain) sum for all read requests in this channel
        ramulator.req_queue_length_avg_0           16.829239                                      # Average of read and write queue length per memory cycle per channel.
        ramulator.req_queue_length_sum_0            92214838                                      # Sum of read and write queue length per memory cycle per channel.
   ramulator.read_req_queue_length_avg_0            4.612626                                      # Read queue length average per memory cycle per channel.
   ramulator.read_req_queue_length_sum_0            25274614                                      # Read queue length sum per memory cycle per channel.
  ramulator.write_req_queue_length_avg_0           12.216613                                      # Write queue length average per memory cycle per channel.
  ramulator.write_req_queue_length_sum_0            66940224                                      # Write queue length sum per memory cycle per channel.
              ramulator.record_read_hits                 0.0                                      # record read hit count for this core when it reaches request limit or to the end
                                     [0]                 0.0                                      # 
            ramulator.record_read_misses                 0.0                                      # record_read_miss count for this core when it reaches request limit or to the end
                                     [0]                 0.0                                      # 
         ramulator.record_read_conflicts                 0.0                                      # record read conflict count for this core when it reaches request limit or to the end
                                     [0]                 0.0                                      # 
             ramulator.record_write_hits                 0.0                                      # record write hit count for this core when it reaches request limit or to the end
                                     [0]                 0.0                                      # 
           ramulator.record_write_misses                 0.0                                      # record write miss count for this core when it reaches request limit or to the end
                                     [0]                 0.0                                      # 
        ramulator.record_write_conflicts                 0.0                                      # record write conflict for this core when it reaches request limit or to the end
                                     [0]                 0.0                                      # 
                 ramulator.dram_capacity          8589934592                                      # Number of bytes in simulated DRAM
                   ramulator.dram_cycles             5479442                                      # Number of DRAM cycles simulated
             ramulator.incoming_requests              249012                                      # Number of incoming requests to DRAM
                 ramulator.read_requests              200732                                      # Number of incoming read requests to DRAM per core
                                     [0]            200732.0                                      # 
                ramulator.write_requests               48280                                      # Number of incoming write requests to DRAM per core
                                     [0]             48280.0                                      # 
       ramulator.ramulator_active_cycles             3335462                                      # The total number of cycles that the DRAM part is active (serving R/W)
 ramulator.incoming_requests_per_channel            249012.0                                      # Number of incoming requests to each DRAM channel
                                     [0]            249012.0                                      # 
ramulator.incoming_read_reqs_per_channel            200732.0                                      # Number of incoming read requests to each DRAM channel
                                     [0]            200732.0                                      # 
     ramulator.physical_page_replacement                   0                                      # The number of times that physical page replacement happens.
             ramulator.maximum_bandwidth         19200000000                                      # The theoretical maximum bandwidth (Bps)
          ramulator.in_queue_req_num_sum            92214838                                      # Sum of read/write queue length
     ramulator.in_queue_read_req_num_sum            25274614                                      # Sum of read queue length
    ramulator.in_queue_write_req_num_sum            66940224                                      # Sum of write queue length
          ramulator.in_queue_req_num_avg           16.829239                                      # Average of read/write queue length per memory cycle
     ramulator.in_queue_read_req_num_avg            4.612626                                      # Average of read queue length per memory cycle
    ramulator.in_queue_write_req_num_avg           12.216613                                      # Average of write queue length per memory cycle
          ramulator.record_read_requests                 0.0                                      # record read requests for this core when it reaches request limit or to the end
                                     [0]                 0.0                                      # 
         ramulator.record_write_requests                 0.0                                      # record write requests for this core when it reaches request limit or to the end
                                     [0]                 0.0                                      # 
