Scarab gitrev: 3541854
Scarab started at Wed Oct 23 01:35:05 2024

Initialized Ramulator. 
** Heartbeat:   5% -- { 1000000 } -- 0.00 KIPS (40.00 KIPS)
** Heartbeat:  10% -- { 2000000 } -- 37.04 KIPS (38.46 KIPS)
** Heartbeat:  15% -- { 3000003 } -- 40.00 KIPS (38.96 KIPS)
** Heartbeat:  20% -- { 4000007 } -- 31.25 KIPS (36.70 KIPS)
** Heartbeat:  25% -- { 5000008 } -- 29.41 KIPS (34.97 KIPS)
** Heartbeat:  30% -- { 6000008 } -- 27.78 KIPS (33.52 KIPS)
** Heartbeat:  35% -- { 7000011 } -- 22.22 KIPS (31.25 KIPS)
** Heartbeat:  40% -- { 8000013 } -- 41.67 KIPS (32.26 KIPS)
** Heartbeat:  45% -- { 9000017 } -- 38.46 KIPS (32.85 KIPS)
** Heartbeat:  50% -- { 10000018 } -- 37.04 KIPS (33.22 KIPS)
** Heartbeat:  55% -- { 11000018 } -- 32.26 KIPS (33.13 KIPS)
** Heartbeat:  60% -- { 12000021 } -- 52.63 KIPS (34.19 KIPS)
** Heartbeat:  65% -- { 13000021 } -- 35.71 KIPS (34.30 KIPS)
** Heartbeat:  70% -- { 14000021 } -- 35.71 KIPS (34.40 KIPS)
** Heartbeat:  75% -- { 15000023 } -- 0.52 KIPS (6.46 KIPS)
** Heartbeat:  80% -- { 16000026 } -- 23.26 KIPS (6.77 KIPS)
** Heartbeat:  85% -- { 17000026 } -- 41.67 KIPS (7.12 KIPS)
** Heartbeat:  90% -- { 18000026 } -- 37.04 KIPS (7.45 KIPS)
** Heartbeat:  95% -- { 19000026 } -- 37.04 KIPS (7.78 KIPS)
** Core 0 Finished:    insts:20000000    cycles:12136341    time:3792606562500       -- 1.65 IPC (1.65 IPC) --  N/A  KIPS (8.09 KIPS)
Scarab finished at Wed Oct 23 02:16:18 2024

