/* -*- Mode: c -*- */
####################################################################################################
Core 0
####################################################################################################
Cumulative:        Cycles: 12298445              Instructions: 20000000              IPC: 1.62622

Periodic:          Cycles: 6031521               Instructions: 9999996               IPC: 1.65796

EXECUTION_TIME                           1884850312500                  3843264062500              

NODE_CYCLE                                     6031521                       12298445              

NODE_INST_COUNT                                9999996                       20000000              

NODE_INST_COUNT_FETCHED                        9999996                       20000000              

NODE_UOP_COUNT                                12243019                       24482518              

FULL_WINDOW_STALL                               418966        6.946%           916023        7.448%

FULL_WINDOW_MEM_OP                               34556       10.673%           200740       27.274%
FULL_WINDOW_FP_OP                                    0        0.000%                0        0.000%
FULL_WINDOW_OTHER_OP                            289229       89.327%           535270       72.726%
                                                323785      100.000%           736010      100.000%
                                                  1.79         1.70              1.45         1.32

RET_BLOCKED_DC_MISS                             179279        2.972%           607328        4.938%

RET_BLOCKED_L1_MISS                              43811        0.726%           276351        2.247%

RET_BLOCKED_L1_MISS_BW_PREF                          0        0.000%             1744        0.014%

RET_BLOCKED_L1_ACCESS                           135468        2.246%           330995        2.691%

RET_BLOCKED_MEM_STALL                            43811        0.726%           276748        2.250%

RET_BLOCKED_OFFCHIP_DEMAND                           0        0.000%                0        0.000%

OP_ISSUED                                     19402867                       39178379              

OP_RETIRED                                    12243019                       24482518              

REPLAY_SIGNALED                                      0                              0              

REPLAY_COUNTED                                       0                              0              

OFF_CRITICAL_PATH                                    0         -nan%                0         -nan%
ON_CRITICAL_PATH                                     0         -nan%                0         -nan%
                                                     0         -nan%                0         -nan%
                                                  -nan         -nan              -nan         -nan

LD_NO_DEPENDENTS                                100232        3.733%           197838        3.673%
LD_DEPENDENTS                                  2585139       96.267%          5188614       96.327%
                                               2685371      100.000%          5386452      100.000%
                                                  0.96         0.95              0.96         0.95

LD_EXEC_CYCLES_0                                     0        0.000%                0        0.000%
LD_EXEC_CYCLES_1                                     0        0.000%                0        0.000%
LD_EXEC_CYCLES_2                                     0        0.000%                0        0.000%
LD_EXEC_CYCLES_3                                    26       49.057%               80       56.338%
LD_EXEC_CYCLES_4                                    27       50.943%               62       43.662%
                                                    53      100.000%              142      100.000%
                                                  3.51         2.58              3.44         2.33

ICACHE_STAGE_STARVED                               840        0.032%            31150        0.587%
ICACHE_STAGE_NOT_STARVED                       2636309       99.968%          5272421       99.413%
                                               2637149      100.000%          5303571      100.000%
                                                  1.00         1.00              0.99         0.99

ICACHE_STAGE_STALLED                            327717        5.433%           603773        4.909%
ICACHE_STAGE_NOT_STALLED                       2636765       43.716%          5288230       42.999%
ICACHE_STAGE_OFF_PATH                          3067039       50.850%          6406442       52.091%
                                               6031521      100.000%         12298445      100.000%
                                                  1.45         1.15              1.47         1.17

DECODE_STAGE_STARVED                           3705038       83.928%          7552176       84.362%
DECODE_STAGE_NOT_STARVED                        709500       16.072%          1399906       15.638%
                                               4414538      100.000%          8952082      100.000%
                                                  0.16         0.34              0.16         0.34

DECODE_STAGE_STALLED                             12838        0.213%            26987        0.219%
DECODE_STAGE_NOT_STALLED                       4401700       72.978%          8925095       72.571%
DECODE_STAGE_OFF_PATH                          1616983       26.809%          3346363       27.210%
                                               6031521      100.000%         12298445      100.000%
                                                  1.27         0.79              1.27         0.80

UOPQ_STAGE_STARVED                             2012990       57.790%          4106843       58.329%
UOPQ_STAGE_NOT_STARVED                         1470319       42.210%          2933988       41.671%
                                               3483309      100.000%          7040831      100.000%
                                                  0.42         0.46              0.42         0.46

UOPQ_STAGE_STALLED                              324723        5.384%           601309        4.889%
UOPQ_STAGE_NOT_STALLED                         3483309       57.752%          7040831       57.250%
UOPQ_STAGE_OFF_PATH                            2223489       36.864%          4656305       37.861%
                                               6031521      100.000%         12298445      100.000%
                                                  1.31         0.93              1.33         0.95

MAP_STAGE_STARVED                               686726       17.893%          1411826       18.378%
MAP_STAGE_NOT_STARVED                          3151216       82.107%          6270283       81.622%
                                               3837942      100.000%          7682109      100.000%
                                                  0.82         0.76              0.82         0.76

MAP_STAGE_STALLED                               339696        5.632%           639491        5.200%
MAP_STAGE_NOT_STALLED                          3498246       57.999%          7042618       57.264%
MAP_STAGE_OFF_PATH                             2193579       36.369%          4616336       37.536%
                                               6031521      100.000%         12298445      100.000%
                                                  1.31         0.92              1.32         0.94

EXEC_STAGE_STARVED                             4067968       67.445%          8285302       67.369%
EXEC_STAGE_NOT_STARVED                          573863        9.514%          1078497        8.769%
EXEC_STAGE_OFF_PATH                            1389690       23.040%          2934646       23.862%
                                               6031521      100.000%         12298445      100.000%
                                                  0.56         0.76              0.56         0.76

FU_BUSY_0                                      4154741                        8374119              

FU_BUSY_1                                      3404393                        6801518              

FU_BUSY_2                                      2085845                        4217418              

FU_BUSY_3                                      1696754                        3422338              

FU_BUSY_4                                      1928860                        3871684              

FU_BUSY_5                                      1908321                        3833516              

FU_BUSY_6                                       580366                        1167144              

FU_BUSY_7                                       713783                        1435976              

FU_BUSY_8                                            0                              0              

FU_BUSY_9                                            0                              0              

FU_BUSY_10                                           0                              0              

FU_BUSY_11                                           0                              0              

FU_BUSY_12                                           0                              0              

FU_BUSY_13                                           0                              0              

FU_BUSY_14                                           0                              0              

FU_BUSY_15                                           0                              0              

FU_BUSY_16                                           0                              0              

FU_BUSY_17                                           0                              0              

FU_BUSY_18                                           0                              0              

FU_BUSY_19                                           0                              0              

FU_BUSY_20                                           0                              0              

FU_BUSY_21                                           0                              0              

FU_BUSY_22                                           0                              0              

FU_BUSY_23                                           0                              0              

FU_BUSY_24                                           0                              0              

FU_BUSY_25                                           0                              0              

FU_BUSY_26                                           0                              0              

FU_BUSY_27                                           0                              0              

FU_BUSY_28                                           0                              0              

FU_BUSY_29                                           0                              0              

FU_BUSY_30                                           0                              0              

FU_BUSY_31                                           0                              0              

FU_REJECTED_OP_INV_NOT_SIMD                          0        0.000%                0        0.000%
FU_REJECTED_OP_NOP_NOT_SIMD                        122        0.024%              294        0.031%
FU_REJECTED_OP_CF_NOT_SIMD                        1812        0.358%             3957        0.411%
FU_REJECTED_OP_MOV_NOT_SIMD                      15873        3.135%            30748        3.195%
FU_REJECTED_OP_CMOV_NOT_SIMD                         2        0.000%                3        0.000%
FU_REJECTED_OP_LDA_NOT_SIMD                         34        0.007%               70        0.007%
FU_REJECTED_OP_IMEM_NOT_SIMD                       548        0.108%             1195        0.124%
FU_REJECTED_OP_IADD_NOT_SIMD                     32947        6.507%            64652        6.719%
FU_REJECTED_OP_IMUL_NOT_SIMD                     17167        3.391%            33288        3.459%
FU_REJECTED_OP_IDIV_NOT_SIMD                    177778       35.112%           330970       34.394%
FU_REJECTED_OP_ICMP_NOT_SIMD                    247104       48.805%           468098       48.644%
FU_REJECTED_OP_LOGIC_NOT_SIMD                     3279        0.648%             6540        0.680%
FU_REJECTED_OP_SHIFT_NOT_SIMD                     1097        0.217%             2395        0.249%
FU_REJECTED_OP_FMEM_NOT_SIMD                       389        0.077%              756        0.079%
FU_REJECTED_OP_FCVT_NOT_SIMD                         0        0.000%                0        0.000%
FU_REJECTED_OP_FADD_NOT_SIMD                         0        0.000%                0        0.000%
FU_REJECTED_OP_FMUL_NOT_SIMD                         0        0.000%                0        0.000%
FU_REJECTED_OP_FMA_NOT_SIMD                          0        0.000%                0        0.000%
FU_REJECTED_OP_FDIV_NOT_SIMD                         0        0.000%                0        0.000%
FU_REJECTED_OP_FCMP_NOT_SIMD                         0        0.000%                0        0.000%
FU_REJECTED_OP_FCMOV_NOT_SIMD                        0        0.000%                0        0.000%
FU_REJECTED_OP_GATHER_NOT_SIMD                       0        0.000%                0        0.000%
FU_REJECTED_OP_SCATTER_NOT_SIMD                      0        0.000%                0        0.000%
FU_REJECTED_OP_PIPELINED_FAST_NOT_SIMD               0        0.000%                0        0.000%
FU_REJECTED_OP_PIPELINED_MEDIUM_NOT_SIMD             0        0.000%                0        0.000%
FU_REJECTED_OP_PIPELINED_SLOW_NOT_SIMD               0        0.000%                0        0.000%
FU_REJECTED_OP_NOTPIPELINED_MEDIUM_NOT_SIMD             0        0.000%                0        0.000%
FU_REJECTED_OP_NOTPIPELINED_SLOW_NOT_SIMD             0        0.000%                0        0.000%
FU_REJECTED_OP_NOTPIPELINED_VERY_SLOW_NOT_SIMD             0        0.000%                0        0.000%
FU_REJECTED_OP_INV_SIMD                              0        0.000%                0        0.000%
FU_REJECTED_OP_NOP_SIMD                              0        0.000%                0        0.000%
FU_REJECTED_OP_CF_SIMD                               0        0.000%                0        0.000%
FU_REJECTED_OP_MOV_SIMD                              0        0.000%                0        0.000%
FU_REJECTED_OP_CMOV_SIMD                             0        0.000%                0        0.000%
FU_REJECTED_OP_LDA_SIMD                              0        0.000%                0        0.000%
FU_REJECTED_OP_IMEM_SIMD                             0        0.000%                0        0.000%
FU_REJECTED_OP_IADD_SIMD                             0        0.000%                0        0.000%
FU_REJECTED_OP_IMUL_SIMD                             0        0.000%                0        0.000%
FU_REJECTED_OP_IDIV_SIMD                             0        0.000%                0        0.000%
FU_REJECTED_OP_ICMP_SIMD                             0        0.000%                0        0.000%
FU_REJECTED_OP_LOGIC_SIMD                            0        0.000%                0        0.000%
FU_REJECTED_OP_SHIFT_SIMD                           25        0.005%               42        0.004%
FU_REJECTED_OP_FMEM_SIMD                             0        0.000%                0        0.000%
FU_REJECTED_OP_FCVT_SIMD                             0        0.000%             2011        0.209%
FU_REJECTED_OP_FADD_SIMD                          8115        1.603%            17239        1.791%
FU_REJECTED_OP_FMUL_SIMD                            21        0.004%               39        0.004%
FU_REJECTED_OP_FMA_SIMD                              0        0.000%                0        0.000%
FU_REJECTED_OP_FDIV_SIMD                             0        0.000%                0        0.000%
FU_REJECTED_OP_FCMP_SIMD                             0        0.000%                0        0.000%
FU_REJECTED_OP_FCMOV_SIMD                            0        0.000%                0        0.000%
FU_REJECTED_OP_GATHER_SIMD                           0        0.000%                0        0.000%
FU_REJECTED_OP_SCATTER_SIMD                          0        0.000%                0        0.000%
FU_REJECTED_OP_PIPELINED_FAST_SIMD                   0        0.000%                0        0.000%
FU_REJECTED_OP_PIPELINED_MEDIUM_SIMD                 0        0.000%                0        0.000%
FU_REJECTED_OP_PIPELINED_SLOW_SIMD                   0        0.000%                0        0.000%
FU_REJECTED_OP_NOTPIPELINED_MEDIUM_SIMD              0        0.000%                0        0.000%
FU_REJECTED_OP_NOTPIPELINED_SLOW_SIMD                0        0.000%                0        0.000%
FU_REJECTED_OP_NOTPIPELINED_VERY_SLOW_SIMD             0        0.000%                0        0.000%
                                                506313      100.000%           962297      100.000%
                                                  9.69         4.63              9.82         5.10

OP_WAIT_0                                      8397927                       16782372              

OP_WAIT_1                                      2627196                        5291712              

OP_WAIT_2                                       555152                        1120697              

OP_WAIT_3                                       218053                         436135              

OP_WAIT_4                                       116066                         227560              

OP_WAIT_5                                        73577                         142174              

OP_WAIT_6                                        50959                         100871              

OP_WAIT_7                                        22446                          42242              

OP_WAIT_8                                         9676                          17794              

OP_WAIT_9                                         7233                          14038              

OP_WAIT_10                                        7122                          12785              

OP_WAIT_11                                        4336                           8134              

OP_WAIT_12                                        4492                           7781              

OP_WAIT_13                                        2396                           4559              

OP_WAIT_14                                        2758                           5629              

OP_WAIT_15                                        3065                           5817              

OP_WAIT_16                                        1090                           2437              

OP_WAIT_17                                        4766                           8941              

OP_WAIT_18                                        7420                          13628              

OP_WAIT_19                                        1059                           2174              

OP_WAIT_20                                        1477                           2413              

OP_WAIT_21                                         901                           1686              

OP_WAIT_22                                        1078                           1827              

OP_WAIT_23                                         925                           1598              

OP_WAIT_24                                        2403                           4024              

OP_WAIT_25                                         714                           1859              

OP_WAIT_26                                         681                           1808              

OP_WAIT_27                                        1436                           3471              

OP_WAIT_28                                         400                            785              

OP_WAIT_29                                         744                           1444              

OP_WAIT_30                                         544                           1164              

OP_WAIT_31                                      114927                         212959              

ROW_SIZE_0                                     2183493                        4588884              

ROW_SIZE_1                                      873009                        1739574              

ROW_SIZE_2                                      320993                         637603              

ROW_SIZE_3                                      211021                         419069              

ROW_SIZE_4                                      262798                         525159              

ROW_SIZE_5                                      135865                         268477              

ROW_SIZE_6                                     1394074                        2794585              

ROW_SIZE_7                                           0                              0              

ROW_SIZE_8                                           0                              0              

ROW_SIZE_9                                           0                              0              

ROW_SIZE_10                                          0                              0              

ROW_SIZE_11                                          0                              0              

ROW_SIZE_12                                          0                              0              

ROW_SIZE_13                                          0                              0              

ROW_SIZE_14                                          0                              0              

ROW_SIZE_15                                          0                              0              

ROW_SIZE_16                                          0                              0              

ROW_SIZE_17                                          0                              0              

ROW_SIZE_18                                          0                              0              

ROW_SIZE_19                                          0                              0              

ROW_SIZE_20                                          0                              0              

ROW_SIZE_21                                          0                              0              

ROW_SIZE_22                                          0                              0              

ROW_SIZE_23                                          0                              0              

ROW_SIZE_24                                          0                              0              

ROW_SIZE_25                                          0                              0              

ROW_SIZE_26                                          0                              0              

ROW_SIZE_27                                          0                              0              

ROW_SIZE_28                                          0                              0              

ROW_SIZE_29                                          0                              0              

ROW_SIZE_30                                          0                              0              

ROW_SIZE_31                                          0                              0              

RET_OP_EXEC_COUNT_0                                  0        0.000%                0        0.000%
RET_OP_EXEC_COUNT_1                           12243019      100.000%         24482518      100.000%
RET_OP_EXEC_COUNT_2                                  0        0.000%                0        0.000%
RET_OP_EXEC_COUNT_3                                  0        0.000%                0        0.000%
RET_OP_EXEC_COUNT_4                                  0        0.000%                0        0.000%
RET_OP_EXEC_COUNT_5                                  0        0.000%                0        0.000%
RET_OP_EXEC_COUNT_6                                  0        0.000%                0        0.000%
RET_OP_EXEC_COUNT_7                                  0        0.000%                0        0.000%
RET_OP_EXEC_COUNT_8                                  0        0.000%                0        0.000%
RET_OP_EXEC_COUNT_9                                  0        0.000%                0        0.000%
RET_OP_EXEC_COUNT_10                                 0        0.000%                0        0.000%
RET_OP_EXEC_COUNT_11                                 0        0.000%                0        0.000%
RET_OP_EXEC_COUNT_12                                 0        0.000%                0        0.000%
RET_OP_EXEC_COUNT_13                                 0        0.000%                0        0.000%
RET_OP_EXEC_COUNT_14                                 0        0.000%                0        0.000%
RET_OP_EXEC_COUNT_15                                 0        0.000%                0        0.000%
RET_OP_EXEC_COUNT_16                                 0        0.000%                0        0.000%
RET_OP_EXEC_COUNT_17                                 0        0.000%                0        0.000%
RET_OP_EXEC_COUNT_18                                 0        0.000%                0        0.000%
RET_OP_EXEC_COUNT_19                                 0        0.000%                0        0.000%
RET_OP_EXEC_COUNT_20                                 0        0.000%                0        0.000%
RET_OP_EXEC_COUNT_21                                 0        0.000%                0        0.000%
RET_OP_EXEC_COUNT_22                                 0        0.000%                0        0.000%
RET_OP_EXEC_COUNT_23                                 0        0.000%                0        0.000%
RET_OP_EXEC_COUNT_24                                 0        0.000%                0        0.000%
RET_OP_EXEC_COUNT_25                                 0        0.000%                0        0.000%
RET_OP_EXEC_COUNT_26                                 0        0.000%                0        0.000%
RET_OP_EXEC_COUNT_27                                 0        0.000%                0        0.000%
RET_OP_EXEC_COUNT_28                                 0        0.000%                0        0.000%
RET_OP_EXEC_COUNT_29                                 0        0.000%                0        0.000%
RET_OP_EXEC_COUNT_30                                 0        0.000%                0        0.000%
RET_OP_EXEC_COUNT_31                                 0        0.000%                0        0.000%
RET_OP_EXEC_COUNT_32                                 0        0.000%                0        0.000%
                                              12243019      100.000%         24482518      100.000%
                                                  1.00         0.00              1.00         0.00

RET_STALL_LENGTH_0                            12242701       99.997%         24480442       99.992%
RET_STALL_LENGTH_100                               298        0.002%             1969        0.008%
RET_STALL_LENGTH_200                                 5        0.000%               43        0.000%
RET_STALL_LENGTH_300                                 2        0.000%                5        0.000%
RET_STALL_LENGTH_400                                 2        0.000%                4        0.000%
RET_STALL_LENGTH_500                                 0        0.000%                4        0.000%
RET_STALL_LENGTH_600                                 1        0.000%                6        0.000%
RET_STALL_LENGTH_700                                 0        0.000%                7        0.000%
RET_STALL_LENGTH_800                                 2        0.000%                6        0.000%
RET_STALL_LENGTH_900                                 2        0.000%                6        0.000%
RET_STALL_LENGTH_1000                                2        0.000%                9        0.000%
RET_STALL_LENGTH_1100                                2        0.000%                6        0.000%
RET_STALL_LENGTH_1200                                2        0.000%                9        0.000%
RET_STALL_LENGTH_1300                                0        0.000%                2        0.000%
RET_STALL_LENGTH_1400                                0        0.000%                0        0.000%
RET_STALL_LENGTH_1500                                0        0.000%                0        0.000%
RET_STALL_LENGTH_1600                                0        0.000%                0        0.000%
RET_STALL_LENGTH_1700                                0        0.000%                0        0.000%
RET_STALL_LENGTH_1800                                0        0.000%                0        0.000%
RET_STALL_LENGTH_1900                                0        0.000%                0        0.000%
RET_STALL_LENGTH_2000                                0        0.000%                0        0.000%
RET_STALL_LENGTH_2100                                0        0.000%                0        0.000%
RET_STALL_LENGTH_2200                                0        0.000%                0        0.000%
RET_STALL_LENGTH_2300                                0        0.000%                0        0.000%
RET_STALL_LENGTH_2400                                0        0.000%                0        0.000%
RET_STALL_LENGTH_2500                                0        0.000%                0        0.000%
RET_STALL_LENGTH_2600                                0        0.000%                0        0.000%
RET_STALL_LENGTH_2700                                0        0.000%                0        0.000%
RET_STALL_LENGTH_2800                                0        0.000%                0        0.000%
RET_STALL_LENGTH_2900                                0        0.000%                0        0.000%
RET_STALL_LENGTH_3000                                0        0.000%                0        0.000%
RET_STALL_LENGTH_3100                                0        0.000%                0        0.000%
RET_STALL_LENGTH_3200                                0        0.000%                0        0.000%
RET_STALL_LENGTH_3300                                0        0.000%                0        0.000%
RET_STALL_LENGTH_3400                                0        0.000%                0        0.000%
RET_STALL_LENGTH_3500                                0        0.000%                0        0.000%
RET_STALL_LENGTH_3600                                0        0.000%                0        0.000%
RET_STALL_LENGTH_3700                                0        0.000%                0        0.000%
RET_STALL_LENGTH_3800                                0        0.000%                0        0.000%
RET_STALL_LENGTH_3900                                0        0.000%                0        0.000%
RET_STALL_LENGTH_4000                                0        0.000%                0        0.000%
RET_STALL_LENGTH_4100                                0        0.000%                0        0.000%
RET_STALL_LENGTH_4200                                0        0.000%                0        0.000%
RET_STALL_LENGTH_4300                                0        0.000%                0        0.000%
RET_STALL_LENGTH_4400                                0        0.000%                0        0.000%
RET_STALL_LENGTH_4500                                0        0.000%                0        0.000%
RET_STALL_LENGTH_4600                                0        0.000%                0        0.000%
RET_STALL_LENGTH_4700                                0        0.000%                0        0.000%
RET_STALL_LENGTH_4800                                0        0.000%                0        0.000%
RET_STALL_LENGTH_4900                                0        0.000%                0        0.000%
RET_STALL_LENGTH_5000                                0        0.000%                0        0.000%
                                              12243019      100.000%         24482518      100.000%
                                                  0.00         0.01              0.00         0.02

MEM_BLOCK_LENGTH_0                                   0         -nan%               21       87.500%
MEM_BLOCK_LENGTH_100                                 0         -nan%                0        0.000%
MEM_BLOCK_LENGTH_200                                 0         -nan%                1        4.167%
MEM_BLOCK_LENGTH_300                                 0         -nan%                0        0.000%
MEM_BLOCK_LENGTH_400                                 0         -nan%                0        0.000%
MEM_BLOCK_LENGTH_500                                 0         -nan%                1        4.167%
MEM_BLOCK_LENGTH_600                                 0         -nan%                0        0.000%
MEM_BLOCK_LENGTH_700                                 0         -nan%                1        4.167%
MEM_BLOCK_LENGTH_800                                 0         -nan%                0        0.000%
MEM_BLOCK_LENGTH_900                                 0         -nan%                0        0.000%
MEM_BLOCK_LENGTH_1000                                0         -nan%                0        0.000%
MEM_BLOCK_LENGTH_1100                                0         -nan%                0        0.000%
MEM_BLOCK_LENGTH_1200                                0         -nan%                0        0.000%
MEM_BLOCK_LENGTH_1300                                0         -nan%                0        0.000%
MEM_BLOCK_LENGTH_1400                                0         -nan%                0        0.000%
MEM_BLOCK_LENGTH_1500                                0         -nan%                0        0.000%
MEM_BLOCK_LENGTH_1600                                0         -nan%                0        0.000%
MEM_BLOCK_LENGTH_1700                                0         -nan%                0        0.000%
MEM_BLOCK_LENGTH_1800                                0         -nan%                0        0.000%
MEM_BLOCK_LENGTH_1900                                0         -nan%                0        0.000%
MEM_BLOCK_LENGTH_2000                                0         -nan%                0        0.000%
MEM_BLOCK_LENGTH_2100                                0         -nan%                0        0.000%
MEM_BLOCK_LENGTH_2200                                0         -nan%                0        0.000%
MEM_BLOCK_LENGTH_2300                                0         -nan%                0        0.000%
MEM_BLOCK_LENGTH_2400                                0         -nan%                0        0.000%
MEM_BLOCK_LENGTH_2500                                0         -nan%                0        0.000%
MEM_BLOCK_LENGTH_2600                                0         -nan%                0        0.000%
MEM_BLOCK_LENGTH_2700                                0         -nan%                0        0.000%
MEM_BLOCK_LENGTH_2800                                0         -nan%                0        0.000%
MEM_BLOCK_LENGTH_2900                                0         -nan%                0        0.000%
MEM_BLOCK_LENGTH_3000                                0         -nan%                0        0.000%
MEM_BLOCK_LENGTH_3100                                0         -nan%                0        0.000%
MEM_BLOCK_LENGTH_3200                                0         -nan%                0        0.000%
MEM_BLOCK_LENGTH_3300                                0         -nan%                0        0.000%
MEM_BLOCK_LENGTH_3400                                0         -nan%                0        0.000%
MEM_BLOCK_LENGTH_3500                                0         -nan%                0        0.000%
MEM_BLOCK_LENGTH_3600                                0         -nan%                0        0.000%
MEM_BLOCK_LENGTH_3700                                0         -nan%                0        0.000%
MEM_BLOCK_LENGTH_3800                                0         -nan%                0        0.000%
MEM_BLOCK_LENGTH_3900                                0         -nan%                0        0.000%
MEM_BLOCK_LENGTH_4000                                0         -nan%                0        0.000%
MEM_BLOCK_LENGTH_4100                                0         -nan%                0        0.000%
MEM_BLOCK_LENGTH_4200                                0         -nan%                0        0.000%
MEM_BLOCK_LENGTH_4300                                0         -nan%                0        0.000%
MEM_BLOCK_LENGTH_4400                                0         -nan%                0        0.000%
MEM_BLOCK_LENGTH_4500                                0         -nan%                0        0.000%
MEM_BLOCK_LENGTH_4600                                0         -nan%                0        0.000%
MEM_BLOCK_LENGTH_4700                                0         -nan%                0        0.000%
MEM_BLOCK_LENGTH_4800                                0         -nan%                0        0.000%
MEM_BLOCK_LENGTH_4900                                0         -nan%                0        0.000%
MEM_BLOCK_LENGTH_5000                                0         -nan%                0        0.000%
                                                     0         -nan%               24      100.000%
                                                  -nan         -nan              0.58         1.65

FUS_BUSY_ON_PATH                              12777733        2.1185         25502380        2.0736

FUS_BUSY_OFF_PATH                              3695330        0.6127          7621333        0.6197

FU_BUSY_MEM_STALL                                87192        0.0145           176441        0.0143

FUS_EMPTY                                     31779105        5.2688         65263847        5.3067

FU_UNAVAILABLE                                  465575        0.0772           878984        0.0715

FU_MEM_UNAVAILABLE                               40738        0.0068            83313        0.0068

FU_REPLAY                                            0        0.0000                0        0.0000

FU_STARVED                                    31366276        5.2004         64426299        5.2386

CHIP_UTILIZATION                                     0        0.0000                0        0.0000

CYCLES_UNDER_MEM_REQ                                 0                              0              

CYCLES_UNDER_NO_MEM_REQ                              0                              0              

CYCLES_UNDER_CRITICAL_MEM_REQ                        0                              0              

CYCLES_UNDER_NONCRITICAL_MEM_REQ                     0                              0              

CHIP_UTILIZATION_UNDER_MEM_REQ                       0          -nan                0          -nan

CHIP_UTILIZATION_UNDER_NO_MEM_REQ                    0          -nan                0          -nan

CHIP_UTILIZATION_UNDER_CRITICAL_MEM_REQ              0          -nan                0          -nan

CHIP_UTILIZATION_UNDER_NONCRITICAL_MEM_REQ             0          -nan                0          -nan

CYCLES_NOT_WAITING_FOR_OFF_CHIP                      0        0.0000                0        0.0000

FUS_BUSY_NOT_WAITING_FOR_OFF_CHIP                    0          -nan                0          -nan

CYCLES_WAITING_FOR_OFF_CHIP                          0        0.0000                0        0.0000

FUS_BUSY_WAITING_FOR_OFF_CHIP                        0          -nan                0          -nan

TOTAL_OFF_CHIP_DELAYS_LEFT                           0                              0              

WRONG_IO_SCHED                                       0                              0              

DVFS_CONFIG_SWITCH                                   0                              0              

MAP_STAGE_RECEIVED_OPS_0                             0        0.000%                0        0.000%
MAP_STAGE_RECEIVED_OPS_1                        293157       10.853%           591809       10.948%
MAP_STAGE_RECEIVED_OPS_2                        185423        6.865%           381620        7.060%
MAP_STAGE_RECEIVED_OPS_3                        320193       11.854%           631963       11.691%
MAP_STAGE_RECEIVED_OPS_4                        168233        6.228%           336079        6.217%
MAP_STAGE_RECEIVED_OPS_5                        583755       21.611%          1148317       21.243%
MAP_STAGE_RECEIVED_OPS_6                       1150421       42.590%          2315948       42.842%
MAP_STAGE_RECEIVED_OPS_7                             0        0.000%                0        0.000%
MAP_STAGE_RECEIVED_OPS_8                             0        0.000%                0        0.000%
MAP_STAGE_RECEIVED_OPS_MAX                           0        0.000%                0        0.000%
                                               2701182      100.000%          5405736      100.000%
                                                  4.49         1.75              4.48         1.75

MAP_STAGE_WAIT_FOR_DECODE                            0         -nan%                0         -nan%
MAP_STAGE_CONSUME_DECODE                             0         -nan%                0         -nan%
                                                     0         -nan%                0         -nan%
                                                  -nan         -nan              -nan         -nan

MAP_STAGE_WAIT_FOR_DECODE2                           0         -nan%                0         -nan%
MAP_STAGE_CONSUME_DECODE2                            0         -nan%                0         -nan%
                                                     0         -nan%                0         -nan%
                                                  -nan         -nan              -nan         -nan

FTQ_RECOVER_EXEC                                110353                         225285              

FTQ_RECOVER_DECODE                                   2                            254              

FTQ_OFFPATH_CYCLES                             3696992                        7665432              

FTQ_CYCLES_OFFPATH                             4831396                        9968159              

FTQ_CYCLES_ONPATH                              1200125                        2330286              

FTQ_FETCHED_INS_OFFPATH                       41498197                       84922755              

FTQ_FETCHED_INS_ONPATH                        12132357                       24256979              

FTQ_BREAK_FULL_FT_ONPATH                        646898       59.366%          1220547       57.993%
FTQ_BREAK_MAX_CFS_TAKEN_ONPATH                  367909       33.763%           732575       34.807%
FTQ_BREAK_MAX_BYTES_ONPATH                       74866        6.871%           151527        7.200%
FTQ_BREAK_PRED_BR_ONPATH                             0        0.000%                0        0.000%
FTQ_BREAK_BAR_FETCH_ONPATH                           0        0.000%                0        0.000%
                                               1089673      100.000%          2104649      100.000%
                                                  0.48         0.50              0.49         0.50

FTQ_BREAK_FULL_FT_OFFPATH                      3753878       75.963%          7742558       75.954%
FTQ_BREAK_MAX_CFS_TAKEN_OFFPATH                 908424       18.383%          1870290       18.348%
FTQ_BREAK_MAX_BYTES_OFFPATH                     279448        5.655%           580850        5.698%
FTQ_BREAK_PRED_BR_OFFPATH                            0        0.000%                0        0.000%
FTQ_BREAK_BAR_FETCH_OFFPATH                          0        0.000%                0        0.000%
                                               4941750      100.000%         10193698      100.000%
                                                  0.30         0.50              0.30         0.51



