Scarab gitrev: 3541854
Scarab started at Wed Oct 23 02:42:15 2024

Initialized Ramulator. 
** Heartbeat:   5% -- { 1000004 } -- 0.00 KIPS (43.48 KIPS)
** Heartbeat:  10% -- { 2000007 } -- 43.48 KIPS (43.48 KIPS)
** Heartbeat:  15% -- { 3000009 } -- 52.63 KIPS (46.15 KIPS)
** Heartbeat:  20% -- { 4000011 } -- 76.92 KIPS (51.28 KIPS)
** Heartbeat:  25% -- { 5000011 } -- 38.46 KIPS (48.08 KIPS)
** Heartbeat:  30% -- { 6000011 } -- 41.67 KIPS (46.88 KIPS)
** Heartbeat:  35% -- { 7000011 } -- 43.48 KIPS (46.36 KIPS)
** Heartbeat:  40% -- { 8000014 } -- 55.56 KIPS (47.34 KIPS)
** Heartbeat:  45% -- { 9000015 } -- 66.67 KIPS (48.91 KIPS)
** Heartbeat:  50% -- { 10000015 } -- 47.62 KIPS (48.78 KIPS)
** Heartbeat:  55% -- { 11000020 } -- 37.04 KIPS (47.41 KIPS)
** Heartbeat:  60% -- { 12000022 } -- 47.62 KIPS (47.43 KIPS)
** Heartbeat:  65% -- { 13000022 } -- 52.63 KIPS (47.79 KIPS)
** Heartbeat:  70% -- { 14000024 } -- 76.92 KIPS (49.12 KIPS)
** Heartbeat:  75% -- { 15000029 } -- 55.56 KIPS (49.51 KIPS)
** Heartbeat:  80% -- { 16000031 } -- 33.33 KIPS (48.05 KIPS)
** Heartbeat:  85% -- { 17000031 } -- 52.63 KIPS (48.30 KIPS)
** Heartbeat:  90% -- { 18000032 } -- 52.63 KIPS (48.52 KIPS)
** Heartbeat:  95% -- { 19000035 } -- 76.92 KIPS (49.48 KIPS)
** Core 0 Finished:    insts:20000000    cycles:14632927    time:4572789687500       -- 1.37 IPC (1.37 IPC) --  N/A  KIPS (49.75 KIPS)
Scarab finished at Wed Oct 23 02:48:57 2024

